[2.474s] Invoking command in '/home/andrewwhong/classes/16833/iSAM2_SLAM/eufs/eufs_sim/eufs_racecar': PYTHONPATH=/home/andrewwhong/classes/16833/iSAM2_SLAM/eufs/build/eufs_racecar/prefix_override:/home/andrewwhong/classes/16833/iSAM2_SLAM/eufs/install/eufs_racecar/lib/python3.8/site-packages:${PYTHONPATH} /usr/bin/python3 setup.py egg_info --egg-base ../../build/eufs_racecar build --build-base /home/andrewwhong/classes/16833/iSAM2_SLAM/eufs/build/eufs_racecar/build install --record /home/andrewwhong/classes/16833/iSAM2_SLAM/eufs/build/eufs_racecar/install.log --single-version-externally-managed
[2.951s] running egg_info
[2.951s] creating ../../build/eufs_racecar/eufs_racecar.egg-info
[2.979s] writing ../../build/eufs_racecar/eufs_racecar.egg-info/PKG-INFO
[2.980s] writing dependency_links to ../../build/eufs_racecar/eufs_racecar.egg-info/dependency_links.txt
[2.980s] writing requirements to ../../build/eufs_racecar/eufs_racecar.egg-info/requires.txt
[2.980s] writing top-level names to ../../build/eufs_racecar/eufs_racecar.egg-info/top_level.txt
[3.268s] writing manifest file '../../build/eufs_racecar/eufs_racecar.egg-info/SOURCES.txt'
[3.308s] reading manifest file '../../build/eufs_racecar/eufs_racecar.egg-info/SOURCES.txt'
[3.309s] writing manifest file '../../build/eufs_racecar/eufs_racecar.egg-info/SOURCES.txt'
[3.309s] running build
[3.310s] running install
[3.310s] /home/andrewwhong/.local/lib/python3.8/site-packages/setuptools/_distutils/cmd.py:66: SetuptoolsDeprecationWarning: setup.py install is deprecated.
[3.311s] !!
[3.311s] 
[3.311s]         ********************************************************************************
[3.311s]         Please avoid running ``setup.py`` directly.
[3.311s]         Instead, use pypa/build, pypa/installer or other
[3.311s]         standards-based tools.
[3.311s] 
[3.312s]         See https://blog.ganssle.io/articles/2021/10/setup-py-deprecated.html for details.
[3.312s]         ********************************************************************************
[3.312s] 
[3.312s] !!
[3.312s]   self.initialize_options()
[3.322s] running install_data
[3.361s] creating /home/andrewwhong/classes/16833/iSAM2_SLAM/eufs/install/eufs_racecar/share/ament_index
[3.362s] creating /home/andrewwhong/classes/16833/iSAM2_SLAM/eufs/install/eufs_racecar/share/ament_index/resource_index
[3.362s] creating /home/andrewwhong/classes/16833/iSAM2_SLAM/eufs/install/eufs_racecar/share/ament_index/resource_index/packages
[3.363s] copying resource/eufs_racecar -> /home/andrewwhong/classes/16833/iSAM2_SLAM/eufs/install/eufs_racecar/share/ament_index/resource_index/packages
[3.363s] copying package.xml -> /home/andrewwhong/classes/16833/iSAM2_SLAM/eufs/install/eufs_racecar/share/eufs_racecar
[3.363s] creating /home/andrewwhong/classes/16833/iSAM2_SLAM/eufs/install/eufs_racecar/share/eufs_racecar/meshes
[3.363s] copying meshes/ads_wheel_left.dae -> /home/andrewwhong/classes/16833/iSAM2_SLAM/eufs/install/eufs_racecar/share/eufs_racecar/meshes
[3.382s] copying meshes/ads_dv_chassis.dae -> /home/andrewwhong/classes/16833/iSAM2_SLAM/eufs/install/eufs_racecar/share/eufs_racecar/meshes
[3.396s] copying meshes/wheel_left.dae -> /home/andrewwhong/classes/16833/iSAM2_SLAM/eufs/install/eufs_racecar/share/eufs_racecar/meshes
[3.399s] copying meshes/wheel_right.dae -> /home/andrewwhong/classes/16833/iSAM2_SLAM/eufs/install/eufs_racecar/share/eufs_racecar/meshes
[3.403s] copying meshes/sisu-20d.dae -> /home/andrewwhong/classes/16833/iSAM2_SLAM/eufs/install/eufs_racecar/share/eufs_racecar/meshes
[3.459s] copying meshes/ads_wheel_right.dae -> /home/andrewwhong/classes/16833/iSAM2_SLAM/eufs/install/eufs_racecar/share/eufs_racecar/meshes
[3.471s] creating /home/andrewwhong/classes/16833/iSAM2_SLAM/eufs/install/eufs_racecar/share/eufs_racecar/urdf
[3.471s] copying urdf/wheels.urdf.xacro -> /home/andrewwhong/classes/16833/iSAM2_SLAM/eufs/install/eufs_racecar/share/eufs_racecar/urdf
[3.472s] copying urdf/eufs_base.urdf.xacro -> /home/andrewwhong/classes/16833/iSAM2_SLAM/eufs/install/eufs_racecar/share/eufs_racecar/urdf
[3.473s] creating /home/andrewwhong/classes/16833/iSAM2_SLAM/eufs/install/eufs_racecar/share/eufs_racecar/launch
[3.473s] copying launch/load_car.launch.py -> /home/andrewwhong/classes/16833/iSAM2_SLAM/eufs/install/eufs_racecar/share/eufs_racecar/launch
[3.474s] creating /home/andrewwhong/classes/16833/iSAM2_SLAM/eufs/install/eufs_racecar/share/eufs_racecar/robots
[3.476s] creating /home/andrewwhong/classes/16833/iSAM2_SLAM/eufs/install/eufs_racecar/share/eufs_racecar/robots/eufs
[3.477s] copying robots/eufs/configDry.yaml -> /home/andrewwhong/classes/16833/iSAM2_SLAM/eufs/install/eufs_racecar/share/eufs_racecar/robots/eufs
[3.477s] copying robots/eufs/configWet.yaml -> /home/andrewwhong/classes/16833/iSAM2_SLAM/eufs/install/eufs_racecar/share/eufs_racecar/robots/eufs
[3.478s] copying robots/eufs/robot.urdf.xacro -> /home/andrewwhong/classes/16833/iSAM2_SLAM/eufs/install/eufs_racecar/share/eufs_racecar/robots/eufs
[3.478s] creating /home/andrewwhong/classes/16833/iSAM2_SLAM/eufs/install/eufs_racecar/share/eufs_racecar/robots/ads-dv
[3.479s] copying robots/ads-dv/configDry.yaml -> /home/andrewwhong/classes/16833/iSAM2_SLAM/eufs/install/eufs_racecar/share/eufs_racecar/robots/ads-dv
[3.479s] copying robots/ads-dv/configWet.yaml -> /home/andrewwhong/classes/16833/iSAM2_SLAM/eufs/install/eufs_racecar/share/eufs_racecar/robots/ads-dv
[3.479s] copying robots/ads-dv/robot.urdf.xacro -> /home/andrewwhong/classes/16833/iSAM2_SLAM/eufs/install/eufs_racecar/share/eufs_racecar/robots/ads-dv
[3.479s] copying robots/ads-dv/ADS-DV Sensor Position.pdf -> /home/andrewwhong/classes/16833/iSAM2_SLAM/eufs/install/eufs_racecar/share/eufs_racecar/robots/ads-dv
[3.483s] running install_egg_info
[3.555s] Copying ../../build/eufs_racecar/eufs_racecar.egg-info to /home/andrewwhong/classes/16833/iSAM2_SLAM/eufs/install/eufs_racecar/lib/python3.8/site-packages/eufs_racecar-2.0.0-py3.8.egg-info
[3.557s] running install_scripts
[3.722s] writing list of installed files to '/home/andrewwhong/classes/16833/iSAM2_SLAM/eufs/build/eufs_racecar/install.log'
[3.786s] Invoked command in '/home/andrewwhong/classes/16833/iSAM2_SLAM/eufs/eufs_sim/eufs_racecar' returned '0': PYTHONPATH=/home/andrewwhong/classes/16833/iSAM2_SLAM/eufs/build/eufs_racecar/prefix_override:/home/andrewwhong/classes/16833/iSAM2_SLAM/eufs/install/eufs_racecar/lib/python3.8/site-packages:${PYTHONPATH} /usr/bin/python3 setup.py egg_info --egg-base ../../build/eufs_racecar build --build-base /home/andrewwhong/classes/16833/iSAM2_SLAM/eufs/build/eufs_racecar/build install --record /home/andrewwhong/classes/16833/iSAM2_SLAM/eufs/build/eufs_racecar/install.log --single-version-externally-managed
