[1.133s] Invoking command in '/home/andrewwhong/classes/16833/iSAM2_SLAM/workspace/build/isam2': CMAKE_PREFIX_PATH=/home/andrewwhong/classes/16833/iSAM2_SLAM/workspace/install/eufs_msgs:/home/andrewwhong/classes/16833/iSAM2_SLAM/workspace/install/isam2:/opt/ros/foxy LD_LIBRARY_PATH=/home/andrewwhong/classes/16833/iSAM2_SLAM/workspace/install/eufs_msgs/lib:/usr/lib/x86_64-linux-gnu/gazebo-11/plugins:/opt/ros/foxy/opt/yaml_cpp_vendor/lib:/opt/ros/foxy/opt/rviz_ogre_vendor/lib:/opt/ros/foxy/lib/x86_64-linux-gnu:/opt/ros/foxy/lib WSLENV=ELECTRON_RUN_AS_NODE/w: /usr/bin/cmake --build /home/andrewwhong/classes/16833/iSAM2_SLAM/workspace/build/isam2 -- -j12 -l12
[1.559s] [35m[1mScanning dependencies of target isam_test[0m
[1.673s] [ 50%] [32mBuilding CXX object CMakeFiles/isam_test.dir/isam2Node.cpp.o[0m
[3.571s] In file included from [01m[K/home/andrewwhong/classes/16833/iSAM2_SLAM/workspace/src/isam2/isam2.cpp:29[m[K,
[3.571s]                  from [01m[K/home/andrewwhong/classes/16833/iSAM2_SLAM/workspace/src/isam2/isam2Node.cpp:14[m[K:
[3.571s] [01m[K/usr/local/include/gtsam/slam/BearingRangeFactor.h:18:2:[m[K [01;35m[Kwarning: [m[K#warning "BearingRangeFactor is now an ExpressionFactor in SAM directory" [[01;35m[K-Wcpp[m[K]
[3.572s]    18 | #[01;35m[Kwarning[m[K "BearingRangeFactor is now an ExpressionFactor in SAM directory"
[3.572s]       |  [01;35m[K^~~~~~~[m[K
[121.400s] [100%] [32m[1mLinking CXX executable isam_test[0m
[123.833s] [100%] Built target isam_test
[124.113s] Invoked command in '/home/andrewwhong/classes/16833/iSAM2_SLAM/workspace/build/isam2' returned '0': CMAKE_PREFIX_PATH=/home/andrewwhong/classes/16833/iSAM2_SLAM/workspace/install/eufs_msgs:/home/andrewwhong/classes/16833/iSAM2_SLAM/workspace/install/isam2:/opt/ros/foxy LD_LIBRARY_PATH=/home/andrewwhong/classes/16833/iSAM2_SLAM/workspace/install/eufs_msgs/lib:/usr/lib/x86_64-linux-gnu/gazebo-11/plugins:/opt/ros/foxy/opt/yaml_cpp_vendor/lib:/opt/ros/foxy/opt/rviz_ogre_vendor/lib:/opt/ros/foxy/lib/x86_64-linux-gnu:/opt/ros/foxy/lib WSLENV=ELECTRON_RUN_AS_NODE/w: /usr/bin/cmake --build /home/andrewwhong/classes/16833/iSAM2_SLAM/workspace/build/isam2 -- -j12 -l12
[124.322s] Invoking command in '/home/andrewwhong/classes/16833/iSAM2_SLAM/workspace/build/isam2': CMAKE_PREFIX_PATH=/home/andrewwhong/classes/16833/iSAM2_SLAM/workspace/install/eufs_msgs:/home/andrewwhong/classes/16833/iSAM2_SLAM/workspace/install/isam2:/opt/ros/foxy LD_LIBRARY_PATH=/home/andrewwhong/classes/16833/iSAM2_SLAM/workspace/install/eufs_msgs/lib:/usr/lib/x86_64-linux-gnu/gazebo-11/plugins:/opt/ros/foxy/opt/yaml_cpp_vendor/lib:/opt/ros/foxy/opt/rviz_ogre_vendor/lib:/opt/ros/foxy/lib/x86_64-linux-gnu:/opt/ros/foxy/lib WSLENV=ELECTRON_RUN_AS_NODE/w: /usr/bin/cmake --install /home/andrewwhong/classes/16833/iSAM2_SLAM/workspace/build/isam2
[124.347s] -- Install configuration: "RelWithDebInfo"
[124.350s] -- Execute custom install script
[124.354s] -- Up-to-date symlink: /home/andrewwhong/classes/16833/iSAM2_SLAM/workspace/install/isam2/lib/isam2/isam_test
[124.364s] -- Up-to-date symlink: /home/andrewwhong/classes/16833/iSAM2_SLAM/workspace/install/isam2/share/ament_index/resource_index/package_run_dependencies/isam2
[124.367s] -- Up-to-date symlink: /home/andrewwhong/classes/16833/iSAM2_SLAM/workspace/install/isam2/share/ament_index/resource_index/parent_prefix_path/isam2
[124.376s] -- Up-to-date symlink: /home/andrewwhong/classes/16833/iSAM2_SLAM/workspace/install/isam2/share/isam2/environment/ament_prefix_path.sh
[124.378s] -- Up-to-date symlink: /home/andrewwhong/classes/16833/iSAM2_SLAM/workspace/install/isam2/share/isam2/environment/ament_prefix_path.dsv
[124.380s] -- Up-to-date symlink: /home/andrewwhong/classes/16833/iSAM2_SLAM/workspace/install/isam2/share/isam2/environment/path.sh
[124.385s] -- Up-to-date symlink: /home/andrewwhong/classes/16833/iSAM2_SLAM/workspace/install/isam2/share/isam2/environment/path.dsv
[124.386s] -- Up-to-date symlink: /home/andrewwhong/classes/16833/iSAM2_SLAM/workspace/install/isam2/share/isam2/local_setup.bash
[124.387s] -- Up-to-date symlink: /home/andrewwhong/classes/16833/iSAM2_SLAM/workspace/install/isam2/share/isam2/local_setup.sh
[124.388s] -- Up-to-date symlink: /home/andrewwhong/classes/16833/iSAM2_SLAM/workspace/install/isam2/share/isam2/local_setup.zsh
[124.390s] -- Up-to-date symlink: /home/andrewwhong/classes/16833/iSAM2_SLAM/workspace/install/isam2/share/isam2/local_setup.dsv
[124.398s] -- Symlinking: /home/andrewwhong/classes/16833/iSAM2_SLAM/workspace/install/isam2/share/isam2/package.dsv
[124.428s] -- Up-to-date symlink: /home/andrewwhong/classes/16833/iSAM2_SLAM/workspace/install/isam2/share/ament_index/resource_index/packages/isam2
[124.431s] -- Up-to-date symlink: /home/andrewwhong/classes/16833/iSAM2_SLAM/workspace/install/isam2/share/isam2/cmake/ament_cmake_export_include_directories-extras.cmake
[124.433s] -- Up-to-date symlink: /home/andrewwhong/classes/16833/iSAM2_SLAM/workspace/install/isam2/share/isam2/cmake/isam2Config.cmake
[124.434s] -- Up-to-date symlink: /home/andrewwhong/classes/16833/iSAM2_SLAM/workspace/install/isam2/share/isam2/cmake/isam2Config-version.cmake
[124.435s] -- Up-to-date symlink: /home/andrewwhong/classes/16833/iSAM2_SLAM/workspace/install/isam2/share/isam2/package.xml
[124.455s] Invoked command in '/home/andrewwhong/classes/16833/iSAM2_SLAM/workspace/build/isam2' returned '0': CMAKE_PREFIX_PATH=/home/andrewwhong/classes/16833/iSAM2_SLAM/workspace/install/eufs_msgs:/home/andrewwhong/classes/16833/iSAM2_SLAM/workspace/install/isam2:/opt/ros/foxy LD_LIBRARY_PATH=/home/andrewwhong/classes/16833/iSAM2_SLAM/workspace/install/eufs_msgs/lib:/usr/lib/x86_64-linux-gnu/gazebo-11/plugins:/opt/ros/foxy/opt/yaml_cpp_vendor/lib:/opt/ros/foxy/opt/rviz_ogre_vendor/lib:/opt/ros/foxy/lib/x86_64-linux-gnu:/opt/ros/foxy/lib WSLENV=ELECTRON_RUN_AS_NODE/w: /usr/bin/cmake --install /home/andrewwhong/classes/16833/iSAM2_SLAM/workspace/build/isam2
