[0.698s] Invoking command in '/home/andrewwhong/classes/16833/iSAM2_SLAM/workspace/build/isam2': CMAKE_PREFIX_PATH=/home/andrewwhong/classes/16833/iSAM2_SLAM/workspace/install/eufs_msgs:/home/andrewwhong/classes/16833/iSAM2_SLAM/workspace/install/isam2:/opt/ros/foxy /usr/bin/cmake --build /home/andrewwhong/classes/16833/iSAM2_SLAM/workspace/build/isam2 -- -j12 -l12
[0.791s] [35m[1mScanning dependencies of target isam_test[0m
[0.875s] [ 50%] [32mBuilding CXX object CMakeFiles/isam_test.dir/isam2Node.cpp.o[0m
[1.779s] In file included from [01m[K/home/andrewwhong/classes/16833/iSAM2_SLAM/workspace/src/isam2/isam2.cpp:29[m[K,
[1.780s]                  from [01m[K/home/andrewwhong/classes/16833/iSAM2_SLAM/workspace/src/isam2/isam2Node.cpp:14[m[K:
[1.780s] [01m[K/usr/local/include/gtsam/slam/BearingRangeFactor.h:18:2:[m[K [01;35m[Kwarning: [m[K#warning "BearingRangeFactor is now an ExpressionFactor in SAM directory" [[01;35m[K-Wcpp[m[K]
[1.780s]    18 | #[01;35m[Kwarning[m[K "BearingRangeFactor is now an ExpressionFactor in SAM directory"
[1.780s]       |  [01;35m[K^~~~~~~[m[K
[77.408s] [100%] [32m[1mLinking CXX executable isam_test[0m
[79.115s] [100%] Built target isam_test
[79.135s] Invoked command in '/home/andrewwhong/classes/16833/iSAM2_SLAM/workspace/build/isam2' returned '0': CMAKE_PREFIX_PATH=/home/andrewwhong/classes/16833/iSAM2_SLAM/workspace/install/eufs_msgs:/home/andrewwhong/classes/16833/iSAM2_SLAM/workspace/install/isam2:/opt/ros/foxy /usr/bin/cmake --build /home/andrewwhong/classes/16833/iSAM2_SLAM/workspace/build/isam2 -- -j12 -l12
[79.176s] Invoking command in '/home/andrewwhong/classes/16833/iSAM2_SLAM/workspace/build/isam2': CMAKE_PREFIX_PATH=/home/andrewwhong/classes/16833/iSAM2_SLAM/workspace/install/eufs_msgs:/home/andrewwhong/classes/16833/iSAM2_SLAM/workspace/install/isam2:/opt/ros/foxy /usr/bin/cmake --install /home/andrewwhong/classes/16833/iSAM2_SLAM/workspace/build/isam2
[79.190s] -- Install configuration: "RelWithDebInfo"
[79.191s] -- Execute custom install script
[79.194s] -- Up-to-date symlink: /home/andrewwhong/classes/16833/iSAM2_SLAM/workspace/install/isam2/lib/isam2/isam_test
[79.197s] -- Up-to-date symlink: /home/andrewwhong/classes/16833/iSAM2_SLAM/workspace/install/isam2/share/ament_index/resource_index/package_run_dependencies/isam2
[79.198s] -- Up-to-date symlink: /home/andrewwhong/classes/16833/iSAM2_SLAM/workspace/install/isam2/share/ament_index/resource_index/parent_prefix_path/isam2
[79.202s] -- Up-to-date symlink: /home/andrewwhong/classes/16833/iSAM2_SLAM/workspace/install/isam2/share/isam2/environment/ament_prefix_path.sh
[79.203s] -- Up-to-date symlink: /home/andrewwhong/classes/16833/iSAM2_SLAM/workspace/install/isam2/share/isam2/environment/ament_prefix_path.dsv
[79.204s] -- Up-to-date symlink: /home/andrewwhong/classes/16833/iSAM2_SLAM/workspace/install/isam2/share/isam2/environment/path.sh
[79.205s] -- Up-to-date symlink: /home/andrewwhong/classes/16833/iSAM2_SLAM/workspace/install/isam2/share/isam2/environment/path.dsv
[79.205s] -- Up-to-date symlink: /home/andrewwhong/classes/16833/iSAM2_SLAM/workspace/install/isam2/share/isam2/local_setup.bash
[79.206s] -- Up-to-date symlink: /home/andrewwhong/classes/16833/iSAM2_SLAM/workspace/install/isam2/share/isam2/local_setup.sh
[79.207s] -- Up-to-date symlink: /home/andrewwhong/classes/16833/iSAM2_SLAM/workspace/install/isam2/share/isam2/local_setup.zsh
[79.208s] -- Up-to-date symlink: /home/andrewwhong/classes/16833/iSAM2_SLAM/workspace/install/isam2/share/isam2/local_setup.dsv
[79.209s] -- Symlinking: /home/andrewwhong/classes/16833/iSAM2_SLAM/workspace/install/isam2/share/isam2/package.dsv
[79.228s] -- Up-to-date symlink: /home/andrewwhong/classes/16833/iSAM2_SLAM/workspace/install/isam2/share/ament_index/resource_index/packages/isam2
[79.230s] -- Up-to-date symlink: /home/andrewwhong/classes/16833/iSAM2_SLAM/workspace/install/isam2/share/isam2/cmake/ament_cmake_export_include_directories-extras.cmake
[79.231s] -- Up-to-date symlink: /home/andrewwhong/classes/16833/iSAM2_SLAM/workspace/install/isam2/share/isam2/cmake/isam2Config.cmake
[79.231s] -- Up-to-date symlink: /home/andrewwhong/classes/16833/iSAM2_SLAM/workspace/install/isam2/share/isam2/cmake/isam2Config-version.cmake
[79.233s] -- Up-to-date symlink: /home/andrewwhong/classes/16833/iSAM2_SLAM/workspace/install/isam2/share/isam2/package.xml
[79.238s] Invoked command in '/home/andrewwhong/classes/16833/iSAM2_SLAM/workspace/build/isam2' returned '0': CMAKE_PREFIX_PATH=/home/andrewwhong/classes/16833/iSAM2_SLAM/workspace/install/eufs_msgs:/home/andrewwhong/classes/16833/iSAM2_SLAM/workspace/install/isam2:/opt/ros/foxy /usr/bin/cmake --install /home/andrewwhong/classes/16833/iSAM2_SLAM/workspace/build/isam2
