[0.923s] Invoking command in '/home/andrewwhong/classes/16833/iSAM2_SLAM/eufs/build/eufs_rviz_plugins': AMENT_PREFIX_PATH=/home/andrewwhong/classes/16833/iSAM2_SLAM/eufs/install/eufs_msgs:${AMENT_PREFIX_PATH} CMAKE_PREFIX_PATH=/home/andrewwhong/classes/16833/iSAM2_SLAM/eufs/install/eufs_msgs:/home/andrewwhong/classes/16833/iSAM2_SLAM/workspace/install/isam2:/home/andrewwhong/classes/16833/iSAM2_SLAM/workspace/install/eufs_msgs:/opt/ros/foxy LD_LIBRARY_PATH=/home/andrewwhong/classes/16833/iSAM2_SLAM/eufs/install/eufs_msgs/lib:${LD_LIBRARY_PATH} PYTHONPATH=/home/andrewwhong/classes/16833/iSAM2_SLAM/eufs/install/eufs_msgs/lib/python3.8/site-packages:${PYTHONPATH} /usr/bin/cmake --build /home/andrewwhong/classes/16833/iSAM2_SLAM/eufs/build/eufs_rviz_plugins -- -j12 -l12
[1.607s] [ 14%] [34m[1mGenerating include/eufs_rviz_plugins/displays/waypoint_array_stamped/moc_waypoint_array_stamped_display.cpp[0m
[1.609s] [ 28%] [34m[1mGenerating include/eufs_rviz_plugins/displays/cone_array_with_covariance/moc_cone_array_with_covariance_display.cpp[0m
[1.613s] [35m[1mScanning dependencies of target eufs_rviz_plugins[0m
[2.042s] [ 42%] [32mBuilding CXX object CMakeFiles/eufs_rviz_plugins.dir/include/eufs_rviz_plugins/displays/cone_array_with_covariance/moc_cone_array_with_covariance_display.cpp.o[0m
[2.062s] [ 57%] [32mBuilding CXX object CMakeFiles/eufs_rviz_plugins.dir/include/eufs_rviz_plugins/displays/waypoint_array_stamped/moc_waypoint_array_stamped_display.cpp.o[0m
[2.070s] [ 71%] [32mBuilding CXX object CMakeFiles/eufs_rviz_plugins.dir/src/eufs_rviz_plugins/displays/waypoint_array_stamped/waypoint_array_stamped_display.cpp.o[0m
[2.082s] [ 85%] [32mBuilding CXX object CMakeFiles/eufs_rviz_plugins.dir/src/eufs_rviz_plugins/displays/cone_array_with_covariance/cone_array_with_covariance_display.cpp.o[0m
[30.725s] [100%] [32m[1mLinking CXX shared library libeufs_rviz_plugins.so[0m
[34.748s] [100%] Built target eufs_rviz_plugins
[34.999s] Invoked command in '/home/andrewwhong/classes/16833/iSAM2_SLAM/eufs/build/eufs_rviz_plugins' returned '0': AMENT_PREFIX_PATH=/home/andrewwhong/classes/16833/iSAM2_SLAM/eufs/install/eufs_msgs:${AMENT_PREFIX_PATH} CMAKE_PREFIX_PATH=/home/andrewwhong/classes/16833/iSAM2_SLAM/eufs/install/eufs_msgs:/home/andrewwhong/classes/16833/iSAM2_SLAM/workspace/install/isam2:/home/andrewwhong/classes/16833/iSAM2_SLAM/workspace/install/eufs_msgs:/opt/ros/foxy LD_LIBRARY_PATH=/home/andrewwhong/classes/16833/iSAM2_SLAM/eufs/install/eufs_msgs/lib:${LD_LIBRARY_PATH} PYTHONPATH=/home/andrewwhong/classes/16833/iSAM2_SLAM/eufs/install/eufs_msgs/lib/python3.8/site-packages:${PYTHONPATH} /usr/bin/cmake --build /home/andrewwhong/classes/16833/iSAM2_SLAM/eufs/build/eufs_rviz_plugins -- -j12 -l12
[35.151s] Invoking command in '/home/andrewwhong/classes/16833/iSAM2_SLAM/eufs/build/eufs_rviz_plugins': AMENT_PREFIX_PATH=/home/andrewwhong/classes/16833/iSAM2_SLAM/eufs/install/eufs_msgs:${AMENT_PREFIX_PATH} CMAKE_PREFIX_PATH=/home/andrewwhong/classes/16833/iSAM2_SLAM/eufs/install/eufs_msgs:/home/andrewwhong/classes/16833/iSAM2_SLAM/workspace/install/isam2:/home/andrewwhong/classes/16833/iSAM2_SLAM/workspace/install/eufs_msgs:/opt/ros/foxy LD_LIBRARY_PATH=/home/andrewwhong/classes/16833/iSAM2_SLAM/eufs/install/eufs_msgs/lib:${LD_LIBRARY_PATH} PYTHONPATH=/home/andrewwhong/classes/16833/iSAM2_SLAM/eufs/install/eufs_msgs/lib/python3.8/site-packages:${PYTHONPATH} /usr/bin/cmake --install /home/andrewwhong/classes/16833/iSAM2_SLAM/eufs/build/eufs_rviz_plugins
[35.162s] -- Install configuration: ""
[35.163s] -- Installing: /home/andrewwhong/classes/16833/iSAM2_SLAM/eufs/install/eufs_rviz_plugins/lib/libeufs_rviz_plugins.so
[35.173s] -- Set runtime path of "/home/andrewwhong/classes/16833/iSAM2_SLAM/eufs/install/eufs_rviz_plugins/lib/libeufs_rviz_plugins.so" to ""
[35.175s] -- Installing: /home/andrewwhong/classes/16833/iSAM2_SLAM/eufs/install/eufs_rviz_plugins/share/eufs_rviz_plugins/icons
[35.176s] -- Installing: /home/andrewwhong/classes/16833/iSAM2_SLAM/eufs/install/eufs_rviz_plugins/share/eufs_rviz_plugins/icons/classes
[35.177s] -- Installing: /home/andrewwhong/classes/16833/iSAM2_SLAM/eufs/install/eufs_rviz_plugins/share/eufs_rviz_plugins/icons/classes/ConeArrayWithCovariance.png
[35.177s] -- Installing: /home/andrewwhong/classes/16833/iSAM2_SLAM/eufs/install/eufs_rviz_plugins/share/eufs_rviz_plugins/meshes
[35.178s] -- Installing: /home/andrewwhong/classes/16833/iSAM2_SLAM/eufs/install/eufs_rviz_plugins/share/eufs_rviz_plugins/meshes/cone.dae
[35.178s] -- Installing: /home/andrewwhong/classes/16833/iSAM2_SLAM/eufs/install/eufs_rviz_plugins/share/eufs_rviz_plugins/meshes/big_cone.dae
[35.179s] -- Installing: /home/andrewwhong/classes/16833/iSAM2_SLAM/eufs/install/eufs_rviz_plugins/share/eufs_rviz_plugins/plugins.xml
[35.182s] -- Installing: /home/andrewwhong/classes/16833/iSAM2_SLAM/eufs/install/eufs_rviz_plugins/share/ament_index/resource_index/package_run_dependencies/eufs_rviz_plugins
[35.183s] -- Installing: /home/andrewwhong/classes/16833/iSAM2_SLAM/eufs/install/eufs_rviz_plugins/share/ament_index/resource_index/parent_prefix_path/eufs_rviz_plugins
[35.187s] -- Installing: /home/andrewwhong/classes/16833/iSAM2_SLAM/eufs/install/eufs_rviz_plugins/share/eufs_rviz_plugins/environment/ament_prefix_path.sh
[35.188s] -- Installing: /home/andrewwhong/classes/16833/iSAM2_SLAM/eufs/install/eufs_rviz_plugins/share/eufs_rviz_plugins/environment/ament_prefix_path.dsv
[35.189s] -- Installing: /home/andrewwhong/classes/16833/iSAM2_SLAM/eufs/install/eufs_rviz_plugins/share/eufs_rviz_plugins/environment/path.sh
[35.189s] -- Installing: /home/andrewwhong/classes/16833/iSAM2_SLAM/eufs/install/eufs_rviz_plugins/share/eufs_rviz_plugins/environment/path.dsv
[35.190s] -- Installing: /home/andrewwhong/classes/16833/iSAM2_SLAM/eufs/install/eufs_rviz_plugins/share/eufs_rviz_plugins/local_setup.bash
[35.190s] -- Installing: /home/andrewwhong/classes/16833/iSAM2_SLAM/eufs/install/eufs_rviz_plugins/share/eufs_rviz_plugins/local_setup.sh
[35.191s] -- Installing: /home/andrewwhong/classes/16833/iSAM2_SLAM/eufs/install/eufs_rviz_plugins/share/eufs_rviz_plugins/local_setup.zsh
[35.191s] -- Installing: /home/andrewwhong/classes/16833/iSAM2_SLAM/eufs/install/eufs_rviz_plugins/share/eufs_rviz_plugins/local_setup.dsv
[35.192s] -- Installing: /home/andrewwhong/classes/16833/iSAM2_SLAM/eufs/install/eufs_rviz_plugins/share/eufs_rviz_plugins/package.dsv
[35.193s] -- Installing: /home/andrewwhong/classes/16833/iSAM2_SLAM/eufs/install/eufs_rviz_plugins/share/ament_index/resource_index/packages/eufs_rviz_plugins
[35.193s] -- Installing: /home/andrewwhong/classes/16833/iSAM2_SLAM/eufs/install/eufs_rviz_plugins/share/ament_index/resource_index/rviz_common__pluginlib__plugin/eufs_rviz_plugins
[35.195s] -- Installing: /home/andrewwhong/classes/16833/iSAM2_SLAM/eufs/install/eufs_rviz_plugins/share/eufs_rviz_plugins/cmake/export_eufs_rviz_pluginsExport.cmake
[35.196s] -- Installing: /home/andrewwhong/classes/16833/iSAM2_SLAM/eufs/install/eufs_rviz_plugins/share/eufs_rviz_plugins/cmake/export_eufs_rviz_pluginsExport-noconfig.cmake
[35.197s] -- Installing: /home/andrewwhong/classes/16833/iSAM2_SLAM/eufs/install/eufs_rviz_plugins/share/eufs_rviz_plugins/cmake/ament_cmake_export_include_directories-extras.cmake
[35.197s] -- Installing: /home/andrewwhong/classes/16833/iSAM2_SLAM/eufs/install/eufs_rviz_plugins/share/eufs_rviz_plugins/cmake/ament_cmake_export_dependencies-extras.cmake
[35.198s] -- Installing: /home/andrewwhong/classes/16833/iSAM2_SLAM/eufs/install/eufs_rviz_plugins/share/eufs_rviz_plugins/cmake/ament_cmake_export_targets-extras.cmake
[35.199s] -- Installing: /home/andrewwhong/classes/16833/iSAM2_SLAM/eufs/install/eufs_rviz_plugins/share/eufs_rviz_plugins/cmake/eufs_rviz_pluginsConfig.cmake
[35.200s] -- Installing: /home/andrewwhong/classes/16833/iSAM2_SLAM/eufs/install/eufs_rviz_plugins/share/eufs_rviz_plugins/cmake/eufs_rviz_pluginsConfig-version.cmake
[35.200s] -- Installing: /home/andrewwhong/classes/16833/iSAM2_SLAM/eufs/install/eufs_rviz_plugins/share/eufs_rviz_plugins/package.xml
[35.220s] Invoked command in '/home/andrewwhong/classes/16833/iSAM2_SLAM/eufs/build/eufs_rviz_plugins' returned '0': AMENT_PREFIX_PATH=/home/andrewwhong/classes/16833/iSAM2_SLAM/eufs/install/eufs_msgs:${AMENT_PREFIX_PATH} CMAKE_PREFIX_PATH=/home/andrewwhong/classes/16833/iSAM2_SLAM/eufs/install/eufs_msgs:/home/andrewwhong/classes/16833/iSAM2_SLAM/workspace/install/isam2:/home/andrewwhong/classes/16833/iSAM2_SLAM/workspace/install/eufs_msgs:/opt/ros/foxy LD_LIBRARY_PATH=/home/andrewwhong/classes/16833/iSAM2_SLAM/eufs/install/eufs_msgs/lib:${LD_LIBRARY_PATH} PYTHONPATH=/home/andrewwhong/classes/16833/iSAM2_SLAM/eufs/install/eufs_msgs/lib/python3.8/site-packages:${PYTHONPATH} /usr/bin/cmake --install /home/andrewwhong/classes/16833/iSAM2_SLAM/eufs/build/eufs_rviz_plugins
