[0.331s] Invoking command in '/home/andrewwhong/classes/16833/iSAM2_SLAM/workspace/build/isam2': AMENT_PREFIX_PATH=/home/andrewwhong/classes/16833/iSAM2_SLAM/workspace/install/eufs_msgs:${AMENT_PREFIX_PATH} CMAKE_PREFIX_PATH=/home/andrewwhong/classes/16833/iSAM2_SLAM/workspace/install/eufs_msgs:/opt/ros/foxy LD_LIBRARY_PATH=/home/andrewwhong/classes/16833/iSAM2_SLAM/workspace/install/eufs_msgs/lib:${LD_LIBRARY_PATH} PYTHONPATH=/home/andrewwhong/classes/16833/iSAM2_SLAM/workspace/install/eufs_msgs/lib/python3.8/site-packages:${PYTHONPATH} WSLENV=ELECTRON_RUN_AS_NODE/w: /usr/bin/cmake --build /home/andrewwhong/classes/16833/iSAM2_SLAM/workspace/build/isam2 -- -j12 -l12
[0.354s] -- Found ament_cmake: 0.9.12 (/opt/ros/foxy/share/ament_cmake/cmake)
[0.377s] -- Using PYTHON_EXECUTABLE: /usr/local/bin/python3
[0.582s] -- Found rclcpp: 2.4.3 (/opt/ros/foxy/share/rclcpp/cmake)
[0.912s] -- Using all available rosidl_typesupport_c: rosidl_typesupport_fastrtps_c;rosidl_typesupport_introspection_c
[0.916s] -- Found rosidl_adapter: 1.3.1 (/opt/ros/foxy/share/rosidl_adapter/cmake)
[11.080s] -- Using all available rosidl_typesupport_cpp: rosidl_typesupport_fastrtps_cpp;rosidl_typesupport_introspection_cpp
[11.133s] -- Found rmw_implementation_cmake: 1.0.4 (/opt/ros/foxy/share/rmw_implementation_cmake/cmake)
[11.135s] -- Using RMW implementation 'rmw_fastrtps_cpp' as default
[11.350s] -- Found message_filters: 3.2.7 (/opt/ros/foxy/share/message_filters/cmake)
[11.353s] -- Found eufs_msgs: 2.0.0 (/home/andrewwhong/classes/16833/iSAM2_SLAM/workspace/install/eufs_msgs/share/eufs_msgs/cmake)
[11.811s] -- GTSAM include directory:  /usr/local/lib/cmake/GTSAM/../../../include
[11.934s] -- Configuring done
[11.944s] -- Generating done
[11.946s] -- Build files have been written to: /home/andrewwhong/classes/16833/iSAM2_SLAM/workspace/build/isam2
[11.995s] [ 50%] [32m[1mLinking CXX executable isam_test[0m
[12.799s] /usr/bin/ld: CMakeFiles/isam_test.dir/isam2Node.cpp.o: in function `__static_initialization_and_destruction_0(int, int)':
[12.799s] isam2Node.cpp:(.text+0x322): undefined reference to `gtsam::_multirobotKeyFormatter[abi:cxx11](unsigned long)'
[12.800s] /usr/bin/ld: CMakeFiles/isam_test.dir/isam2Node.cpp.o: in function `void gtsam::internal::PrintJacobianAndTrace<gtsam::BearingRange<gtsam::Pose2, gtsam::Pose2, gtsam::Rot2, double>, gtsam::Pose2>(std::__cxx11::basic_string<char, std::char_traits<char>, std::allocator<char> > const&, gtsam::internal::Jacobian<gtsam::BearingRange<gtsam::Pose2, gtsam::Pose2, gtsam::Rot2, double>, gtsam::Pose2>::type const&, gtsam::internal::ExecutionTrace<gtsam::Pose2>)':
[12.800s] isam2Node.cpp:(.text+0x80c): undefined reference to `gtsam::demangle[abi:cxx11](char const*)'
[12.800s] /usr/bin/ld: isam2Node.cpp:(.text+0x851): undefined reference to `gtsam::demangle[abi:cxx11](char const*)'
[12.800s] /usr/bin/ld: CMakeFiles/isam_test.dir/isam2Node.cpp.o: in function `gtsam::Factor::Factor()':
[12.801s] isam2Node.cpp:(.text._ZN5gtsam6FactorC2Ev[_ZN5gtsam6FactorC5Ev]+0x13): undefined reference to `vtable for gtsam::Factor'
[12.801s] /usr/bin/ld: CMakeFiles/isam_test.dir/isam2Node.cpp.o: in function `gtsam::Factor::~Factor()':
[12.801s] isam2Node.cpp:(.text._ZN5gtsam6FactorD2Ev[_ZN5gtsam6FactorD5Ev]+0x13): undefined reference to `vtable for gtsam::Factor'
[12.802s] /usr/bin/ld: CMakeFiles/isam_test.dir/isam2Node.cpp.o: in function `gtsam::GaussianFactor::~GaussianFactor()':
[12.802s] isam2Node.cpp:(.text._ZN5gtsam14GaussianFactorD2Ev[_ZN5gtsam14GaussianFactorD5Ev]+0x13): undefined reference to `vtable for gtsam::GaussianFactor'
[12.802s] /usr/bin/ld: CMakeFiles/isam_test.dir/isam2Node.cpp.o: in function `gtsam::Rot2::operator*(gtsam::Rot2 const&) const':
[12.803s] isam2Node.cpp:(.text._ZNK5gtsam4Rot2mlERKS0_[_ZNK5gtsam4Rot2mlERKS0_]+0x93): undefined reference to `gtsam::Rot2::fromCosSin(double, double)'
[12.803s] /usr/bin/ld: CMakeFiles/isam_test.dir/isam2Node.cpp.o: in function `gtsam::Rot2::ChartAtOrigin::Local(gtsam::Rot2 const&, gtsam::OptionalJacobian<1, 1>)':
[12.803s] isam2Node.cpp:(.text._ZN5gtsam4Rot213ChartAtOrigin5LocalERKS0_NS_16OptionalJacobianILi1ELi1EEE[_ZN5gtsam4Rot213ChartAtOrigin5LocalERKS0_NS_16OptionalJacobianILi1ELi1EEE]+0x4d): undefined reference to `gtsam::Rot2::Logmap(gtsam::Rot2 const&, gtsam::OptionalJacobian<1, 1>)'
[12.803s] /usr/bin/ld: CMakeFiles/isam_test.dir/isam2Node.cpp.o: in function `gtsam::Rot2::operator*(Eigen::Matrix<double, 2, 1, 0, 2, 1> const&) const':
[12.804s] isam2Node.cpp:(.text._ZNK5gtsam4Rot2mlERKN5Eigen6MatrixIdLi2ELi1ELi0ELi2ELi1EEE[_ZNK5gtsam4Rot2mlERKN5Eigen6MatrixIdLi2ELi1ELi0ELi2ELi1EEE]+0x5a): undefined reference to `gtsam::Rot2::rotate(Eigen::Matrix<double, 2, 1, 0, 2, 1> const&, gtsam::OptionalJacobian<2, 1>, gtsam::OptionalJacobian<2, 2>) const'
[12.804s] /usr/bin/ld: CMakeFiles/isam_test.dir/isam2Node.cpp.o: in function `gtsam::Symbol::operator unsigned long() const':
[12.804s] isam2Node.cpp:(.text._ZNK5gtsam6SymbolcvmEv[_ZNK5gtsam6SymbolcvmEv]+0x18): undefined reference to `gtsam::Symbol::key() const'
[12.804s] /usr/bin/ld: CMakeFiles/isam_test.dir/isam2Node.cpp.o: in function `gtsam::ValuesKeyDoesNotExist::ValuesKeyDoesNotExist(char const*, unsigned long)':
[12.805s] isam2Node.cpp:(.text._ZN5gtsam21ValuesKeyDoesNotExistC2EPKcm[_ZN5gtsam21ValuesKeyDoesNotExistC5EPKcm]+0x27): undefined reference to `vtable for gtsam::ValuesKeyDoesNotExist'
[12.805s] /usr/bin/ld: CMakeFiles/isam_test.dir/isam2Node.cpp.o: in function `gtsam::ValuesKeyDoesNotExist::~ValuesKeyDoesNotExist()':
[12.805s] isam2Node.cpp:(.text._ZN5gtsam21ValuesKeyDoesNotExistD2Ev[_ZN5gtsam21ValuesKeyDoesNotExistD5Ev]+0x13): undefined reference to `vtable for gtsam::ValuesKeyDoesNotExist'
[12.806s] /usr/bin/ld: CMakeFiles/isam_test.dir/isam2Node.cpp.o: in function `gtsam::ValuesIncorrectType::ValuesIncorrectType(unsigned long, std::type_info const&, std::type_info const&)':
[12.806s] isam2Node.cpp:(.text._ZN5gtsam19ValuesIncorrectTypeC2EmRKSt9type_infoS3_[_ZN5gtsam19ValuesIncorrectTypeC5EmRKSt9type_infoS3_]+0x2b): undefined reference to `vtable for gtsam::ValuesIncorrectType'
[12.806s] /usr/bin/ld: CMakeFiles/isam_test.dir/isam2Node.cpp.o: in function `gtsam::ValuesIncorrectType::~ValuesIncorrectType()':
[12.806s] isam2Node.cpp:(.text._ZN5gtsam19ValuesIncorrectTypeD2Ev[_ZN5gtsam19ValuesIncorrectTypeD5Ev]+0x13): undefined reference to `vtable for gtsam::ValuesIncorrectType'
[12.807s] /usr/bin/ld: CMakeFiles/isam_test.dir/isam2Node.cpp.o: in function `gtsam::NonlinearFactor::NonlinearFactor()':
[12.807s] isam2Node.cpp:(.text._ZN5gtsam15NonlinearFactorC2Ev[_ZN5gtsam15NonlinearFactorC5Ev]+0x1f): undefined reference to `vtable for gtsam::NonlinearFactor'
[12.807s] /usr/bin/ld: CMakeFiles/isam_test.dir/isam2Node.cpp.o: in function `gtsam::NonlinearFactor::~NonlinearFactor()':
[12.807s] isam2Node.cpp:(.text._ZN5gtsam15NonlinearFactorD2Ev[_ZN5gtsam15NonlinearFactorD5Ev]+0x13): undefined reference to `vtable for gtsam::NonlinearFactor'
[12.807s] /usr/bin/ld: CMakeFiles/isam_test.dir/isam2Node.cpp.o: in function `gtsam::NoiseModelFactor::~NoiseModelFactor()':
[12.808s] isam2Node.cpp:(.text._ZN5gtsam16NoiseModelFactorD2Ev[_ZN5gtsam16NoiseModelFactorD5Ev]+0x13): undefined reference to `vtable for gtsam::NoiseModelFactor'
[12.808s] /usr/bin/ld: CMakeFiles/isam_test.dir/isam2Node.cpp.o: in function `gtsam::NoiseModelFactor::NoiseModelFactor(std::shared_ptr<gtsam::noiseModel::Base> const&)':
[12.808s] isam2Node.cpp:(.text._ZN5gtsam16NoiseModelFactorC2ERKSt10shared_ptrINS_10noiseModel4BaseEE[_ZN5gtsam16NoiseModelFactorC5ERKSt10shared_ptrINS_10noiseModel4BaseEE]+0x23): undefined reference to `vtable for gtsam::NoiseModelFactor'
[12.808s] /usr/bin/ld: CMakeFiles/isam_test.dir/isam2Node.cpp.o: in function `gtsam::NonlinearFactorGraph::NonlinearFactorGraph()':
[12.809s] isam2Node.cpp:(.text._ZN5gtsam20NonlinearFactorGraphC2Ev[_ZN5gtsam20NonlinearFactorGraphC5Ev]+0x1f): undefined reference to `vtable for gtsam::NonlinearFactorGraph'
[12.809s] /usr/bin/ld: CMakeFiles/isam_test.dir/isam2Node.cpp.o: in function `gtsam::ISAM2::~ISAM2()':
[12.809s] isam2Node.cpp:(.text._ZN5gtsam5ISAM2D2Ev[_ZN5gtsam5ISAM2D5Ev]+0x13): undefined reference to `vtable for gtsam::ISAM2'
[12.810s] /usr/bin/ld: isam2Node.cpp:(.text._ZN5gtsam5ISAM2D2Ev[_ZN5gtsam5ISAM2D5Ev]+0xde): undefined reference to `gtsam::BayesTree<gtsam::ISAM2Clique>::~BayesTree()'
[12.810s] /usr/bin/ld: CMakeFiles/isam_test.dir/isam2Node.cpp.o: in function `gtsam::ISAM2::operator=(gtsam::ISAM2 const&)':
[12.811s] isam2Node.cpp:(.text._ZN5gtsam5ISAM2aSERKS0_[_ZN5gtsam5ISAM2aSERKS0_]+0x2b): undefined reference to `gtsam::BayesTree<gtsam::ISAM2Clique>::operator=(gtsam::BayesTree<gtsam::ISAM2Clique> const&)'
[12.811s] /usr/bin/ld: isam2Node.cpp:(.text._ZN5gtsam5ISAM2aSERKS0_[_ZN5gtsam5ISAM2aSERKS0_]+0x4b): undefined reference to `gtsam::Values::operator=(gtsam::Values const&)'
[12.812s] /usr/bin/ld: CMakeFiles/isam_test.dir/isam2Node.cpp.o: in function `slamISAM::slamISAM()':
[12.812s] isam2Node.cpp:(.text._ZN8slamISAMC2Ev[_ZN8slamISAMC5Ev]+0x9a): undefined reference to `gtsam::DefaultKeyFormatter[abi:cxx11]'
[12.812s] /usr/bin/ld: isam2Node.cpp:(.text._ZN8slamISAMC2Ev[_ZN8slamISAMC5Ev]+0xfe): undefined reference to `gtsam::ISAM2::ISAM2()'
[12.813s] /usr/bin/ld: isam2Node.cpp:(.text._ZN8slamISAMC2Ev[_ZN8slamISAMC5Ev]+0x176): undefined reference to `gtsam::ISAM2::ISAM2()'
[12.813s] /usr/bin/ld: isam2Node.cpp:(.text._ZN8slamISAMC2Ev[_ZN8slamISAMC5Ev]+0x254): undefined reference to `gtsam::Values::operator=(gtsam::Values const&)'
[12.813s] /usr/bin/ld: CMakeFiles/isam_test.dir/isam2Node.cpp.o: in function `slamISAM::mahalanobisDist(gtsam::Pose2, gtsam::Pose2, unsigned long)':
[12.813s] isam2Node.cpp:(.text._ZN8slamISAM15mahalanobisDistEN5gtsam5Pose2ES1_m[_ZN8slamISAM15mahalanobisDistEN5gtsam5Pose2ES1_m]+0x5e): undefined reference to `gtsam::ISAM2::marginalCovariance(unsigned long) const'
[12.814s] /usr/bin/ld: CMakeFiles/isam_test.dir/isam2Node.cpp.o: in function `slamISAM::associate(gtsam::Pose2)':
[12.814s] isam2Node.cpp:(.text._ZN8slamISAM9associateEN5gtsam5Pose2E[_ZN8slamISAM9associateEN5gtsam5Pose2E]+0xa2): undefined reference to `gtsam::Values::at(unsigned long) const'
[12.814s] /usr/bin/ld: CMakeFiles/isam_test.dir/isam2Node.cpp.o: in function `slamISAM::step(gtsam::Pose2, std::vector<Eigen::Matrix<double, 2, 1, 0, 2, 1>, std::allocator<Eigen::Matrix<double, 2, 1, 0, 2, 1> > >&)':
[12.815s] isam2Node.cpp:(.text._ZN8slamISAM4stepEN5gtsam5Pose2ERSt6vectorIN5Eigen6MatrixIdLi2ELi1ELi0ELi2ELi1EEESaIS5_EE[_ZN8slamISAM4stepEN5gtsam5Pose2ERSt6vectorIN5Eigen6MatrixIdLi2ELi1ELi0ELi2ELi1EEESaIS5_EE]+0x142): undefined reference to `gtsam::noiseModel::Diagonal::Sigmas(Eigen::Matrix<double, -1, 1, 0, -1, 1> const&, bool)'
[12.815s] /usr/bin/ld: isam2Node.cpp:(.text._ZN8slamISAM4stepEN5gtsam5Pose2ERSt6vectorIN5Eigen6MatrixIdLi2ELi1ELi0ELi2ELi1EEESaIS5_EE[_ZN8slamISAM4stepEN5gtsam5Pose2ERSt6vectorIN5Eigen6MatrixIdLi2ELi1ELi0ELi2ELi1EEESaIS5_EE]+0x296): undefined reference to `gtsam::noiseModel::Diagonal::Sigmas(Eigen::Matrix<double, -1, 1, 0, -1, 1> const&, bool)'
[12.815s] /usr/bin/ld: isam2Node.cpp:(.text._ZN8slamISAM4stepEN5gtsam5Pose2ERSt6vectorIN5Eigen6MatrixIdLi2ELi1ELi0ELi2ELi1EEESaIS5_EE[_ZN8slamISAM4stepEN5gtsam5Pose2ERSt6vectorIN5Eigen6MatrixIdLi2ELi1ELi0ELi2ELi1EEESaIS5_EE]+0x2e7): undefined reference to `gtsam::ISAM2::calculateEstimate(unsigned long) const'
[12.815s] /usr/bin/ld: isam2Node.cpp:(.text._ZN8slamISAM4stepEN5gtsam5Pose2ERSt6vectorIN5Eigen6MatrixIdLi2ELi1ELi0ELi2ELi1EEESaIS5_EE[_ZN8slamISAM4stepEN5gtsam5Pose2ERSt6vectorIN5Eigen6MatrixIdLi2ELi1ELi0ELi2ELi1EEESaIS5_EE]+0x69f): undefined reference to `gtsam::ISAM2::update(gtsam::NonlinearFactorGraph const&, gtsam::Values const&, std::vector<unsigned long, tbb::tbb_allocator<unsigned long> > const&, std::optional<gtsam::FastMap<unsigned long, int> > const&, std::optional<gtsam::FastList<unsigned long> > const&, std::optional<gtsam::FastList<unsigned long> > const&, bool)'
[12.816s] /usr/bin/ld: isam2Node.cpp:(.text._ZN8slamISAM4stepEN5gtsam5Pose2ERSt6vectorIN5Eigen6MatrixIdLi2ELi1ELi0ELi2ELi1EEESaIS5_EE[_ZN8slamISAM4stepEN5gtsam5Pose2ERSt6vectorIN5Eigen6MatrixIdLi2ELi1ELi0ELi2ELi1EEESaIS5_EE]+0x76b): undefined reference to `gtsam::ISAM2::calculateEstimate(unsigned long) const'
[12.816s] /usr/bin/ld: isam2Node.cpp:(.text._ZN8slamISAM4stepEN5gtsam5Pose2ERSt6vectorIN5Eigen6MatrixIdLi2ELi1ELi0ELi2ELi1EEESaIS5_EE[_ZN8slamISAM4stepEN5gtsam5Pose2ERSt6vectorIN5Eigen6MatrixIdLi2ELi1ELi0ELi2ELi1EEESaIS5_EE]+0x952): undefined reference to `gtsam::norm2(Eigen::Matrix<double, 2, 1, 0, 2, 1> const&, gtsam::OptionalJacobian<1, 2>)'
[12.816s] /usr/bin/ld: isam2Node.cpp:(.text._ZN8slamISAM4stepEN5gtsam5Pose2ERSt6vectorIN5Eigen6MatrixIdLi2ELi1ELi0ELi2ELi1EEESaIS5_EE[_ZN8slamISAM4stepEN5gtsam5Pose2ERSt6vectorIN5Eigen6MatrixIdLi2ELi1ELi0ELi2ELi1EEESaIS5_EE]+0xa13): undefined reference to `gtsam::noiseModel::Diagonal::Sigmas(Eigen::Matrix<double, -1, 1, 0, -1, 1> const&, bool)'
[12.817s] /usr/bin/ld: isam2Node.cpp:(.text._ZN8slamISAM4stepEN5gtsam5Pose2ERSt6vectorIN5Eigen6MatrixIdLi2ELi1ELi0ELi2ELi1EEESaIS5_EE[_ZN8slamISAM4stepEN5gtsam5Pose2ERSt6vectorIN5Eigen6MatrixIdLi2ELi1ELi0ELi2ELi1EEESaIS5_EE]+0xbba): undefined reference to `gtsam::norm2(Eigen::Matrix<double, 2, 1, 0, 2, 1> const&, gtsam::OptionalJacobian<1, 2>)'
[12.817s] /usr/bin/ld: isam2Node.cpp:(.text._ZN8slamISAM4stepEN5gtsam5Pose2ERSt6vectorIN5Eigen6MatrixIdLi2ELi1ELi0ELi2ELi1EEESaIS5_EE[_ZN8slamISAM4stepEN5gtsam5Pose2ERSt6vectorIN5Eigen6MatrixIdLi2ELi1ELi0ELi2ELi1EEESaIS5_EE]+0xc7b): undefined reference to `gtsam::noiseModel::Diagonal::Sigmas(Eigen::Matrix<double, -1, 1, 0, -1, 1> const&, bool)'
[12.817s] /usr/bin/ld: isam2Node.cpp:(.text._ZN8slamISAM4stepEN5gtsam5Pose2ERSt6vectorIN5Eigen6MatrixIdLi2ELi1ELi0ELi2ELi1EEESaIS5_EE[_ZN8slamISAM4stepEN5gtsam5Pose2ERSt6vectorIN5Eigen6MatrixIdLi2ELi1ELi0ELi2ELi1EEESaIS5_EE]+0xee8): undefined reference to `gtsam::ISAM2::update(gtsam::NonlinearFactorGraph const&, gtsam::Values const&, std::vector<unsigned long, tbb::tbb_allocator<unsigned long> > const&, std::optional<gtsam::FastMap<unsigned long, int> > const&, std::optional<gtsam::FastList<unsigned long> > const&, std::optional<gtsam::FastList<unsigned long> > const&, bool)'
[12.817s] /usr/bin/ld: isam2Node.cpp:(.text._ZN8slamISAM4stepEN5gtsam5Pose2ERSt6vectorIN5Eigen6MatrixIdLi2ELi1ELi0ELi2ELi1EEESaIS5_EE[_ZN8slamISAM4stepEN5gtsam5Pose2ERSt6vectorIN5Eigen6MatrixIdLi2ELi1ELi0ELi2ELi1EEESaIS5_EE]+0xfb4): undefined reference to `gtsam::ISAM2::calculateEstimate(unsigned long) const'
[12.817s] /usr/bin/ld: isam2Node.cpp:(.text._ZN8slamISAM4stepEN5gtsam5Pose2ERSt6vectorIN5Eigen6MatrixIdLi2ELi1ELi0ELi2ELi1EEESaIS5_EE[_ZN8slamISAM4stepEN5gtsam5Pose2ERSt6vectorIN5Eigen6MatrixIdLi2ELi1ELi0ELi2ELi1EEESaIS5_EE]+0x1077): undefined reference to `gtsam::ISAM2::calculateEstimate(unsigned long) const'
[12.818s] /usr/bin/ld: CMakeFiles/isam_test.dir/isam2Node.cpp.o: in function `void gtsam::Values::insert<gtsam::Pose2>(unsigned long, gtsam::Pose2 const&)':
[12.818s] isam2Node.cpp:(.text._ZN5gtsam6Values6insertINS_5Pose2EEEvmRKT_[_ZN5gtsam6Values6insertINS_5Pose2EEEvmRKT_]+0x4e): undefined reference to `gtsam::Values::insert(unsigned long, gtsam::Value const&)'
[12.818s] /usr/bin/ld: CMakeFiles/isam_test.dir/isam2Node.cpp.o: in function `tbb::tbb_allocator<tbb::interface5::internal::flist_iterator<tbb::interface5::internal::split_ordered_list<std::pair<unsigned long const, Eigen::Matrix<double, -1, 1, 0, -1, 1> >, tbb::tbb_allocator<std::pair<unsigned long const, Eigen::Matrix<double, -1, 1, 0, -1, 1> > > >, std::pair<unsigned long const, Eigen::Matrix<double, -1, 1, 0, -1, 1> > > >::deallocate(tbb::interface5::internal::flist_iterator<tbb::interface5::internal::split_ordered_list<std::pair<unsigned long const, Eigen::Matrix<double, -1, 1, 0, -1, 1> >, tbb::tbb_allocator<std::pair<unsigned long const, Eigen::Matrix<double, -1, 1, 0, -1, 1> > > >, std::pair<unsigned long const, Eigen::Matrix<double, -1, 1, 0, -1, 1> > >*, unsigned long)':
[12.818s] isam2Node.cpp:(.text._ZN3tbb13tbb_allocatorINS_10interface58internal14flist_iteratorINS2_18split_ordered_listISt4pairIKmN5Eigen6MatrixIdLin1ELi1ELi0ELin1ELi1EEEENS0_ISA_EEEESA_EEE10deallocateEPSD_m[_ZN3tbb13tbb_allocatorINS_10interface58internal14flist_iteratorINS2_18split_ordered_listISt4pairIKmN5Eigen6MatrixIdLin1ELi1ELi0ELin1ELi1EEEENS0_ISA_EEEESA_EEE10deallocateEPSD_m]+0x20): undefined reference to `tbb::internal::deallocate_via_handler_v3(void*)'
[12.819s] /usr/bin/ld: CMakeFiles/isam_test.dir/isam2Node.cpp.o: in function `tbb::tbb_allocator<tbb::interface5::internal::split_ordered_list<std::pair<unsigned long const, Eigen::Matrix<double, -1, 1, 0, -1, 1> >, tbb::tbb_allocator<std::pair<unsigned long const, Eigen::Matrix<double, -1, 1, 0, -1, 1> > > >::node>::allocate(unsigned long, void const*)':
[12.819s] isam2Node.cpp:(.text._ZN3tbb13tbb_allocatorINS_10interface58internal18split_ordered_listISt4pairIKmN5Eigen6MatrixIdLin1ELi1ELi0ELin1ELi1EEEENS0_IS9_EEE4nodeEE8allocateEmPKv[_ZN3tbb13tbb_allocatorINS_10interface58internal18split_ordered_listISt4pairIKmN5Eigen6MatrixIdLin1ELi1ELi0ELin1ELi1EEEENS0_IS9_EEE4nodeEE8allocateEmPKv]+0x2e): undefined reference to `tbb::internal::allocate_via_handler_v3(unsigned long)'
[12.819s] /usr/bin/ld: CMakeFiles/isam_test.dir/isam2Node.cpp.o: in function `tbb::tbb_allocator<tbb::interface5::internal::split_ordered_list<std::pair<unsigned long const, Eigen::Matrix<double, -1, 1, 0, -1, 1> >, tbb::tbb_allocator<std::pair<unsigned long const, Eigen::Matrix<double, -1, 1, 0, -1, 1> > > >::node>::deallocate(tbb::interface5::internal::split_ordered_list<std::pair<unsigned long const, Eigen::Matrix<double, -1, 1, 0, -1, 1> >, tbb::tbb_allocator<std::pair<unsigned long const, Eigen::Matrix<double, -1, 1, 0, -1, 1> > > >::node*, unsigned long)':
[12.819s] isam2Node.cpp:(.text._ZN3tbb13tbb_allocatorINS_10interface58internal18split_ordered_listISt4pairIKmN5Eigen6MatrixIdLin1ELi1ELi0ELin1ELi1EEEENS0_IS9_EEE4nodeEE10deallocateEPSC_m[_ZN3tbb13tbb_allocatorINS_10interface58internal18split_ordered_listISt4pairIKmN5Eigen6MatrixIdLin1ELi1ELi0ELin1ELi1EEEENS0_IS9_EEE4nodeEE10deallocateEPSC_m]+0x20): undefined reference to `tbb::internal::deallocate_via_handler_v3(void*)'
[12.820s] /usr/bin/ld: CMakeFiles/isam_test.dir/isam2Node.cpp.o: in function `gtsam::NoiseModelFactor::NoiseModelFactor<std::array<unsigned long, 1ul> >(std::shared_ptr<gtsam::noiseModel::Base> const&, std::array<unsigned long, 1ul> const&)':
[12.820s] isam2Node.cpp:(.text._ZN5gtsam16NoiseModelFactorC2ISt5arrayImLm1EEEERKSt10shared_ptrINS_10noiseModel4BaseEERKT_[_ZN5gtsam16NoiseModelFactorC5ISt5arrayImLm1EEEERKSt10shared_ptrINS_10noiseModel4BaseEERKT_]+0x2e): undefined reference to `vtable for gtsam::NoiseModelFactor'
[12.820s] /usr/bin/ld: CMakeFiles/isam_test.dir/isam2Node.cpp.o: in function `gtsam::NoiseModelFactor::NoiseModelFactor<std::array<unsigned long, 2ul> >(std::shared_ptr<gtsam::noiseModel::Base> const&, std::array<unsigned long, 2ul> const&)':
[12.820s] isam2Node.cpp:(.text._ZN5gtsam16NoiseModelFactorC2ISt5arrayImLm2EEEERKSt10shared_ptrINS_10noiseModel4BaseEERKT_[_ZN5gtsam16NoiseModelFactorC5ISt5arrayImLm2EEEERKSt10shared_ptrINS_10noiseModel4BaseEERKT_]+0x2e): undefined reference to `vtable for gtsam::NoiseModelFactor'
[12.821s] /usr/bin/ld: CMakeFiles/isam_test.dir/isam2Node.cpp.o: in function `tbb::tbb_allocator<unsigned long>::deallocate(unsigned long*, unsigned long)':
[12.821s] isam2Node.cpp:(.text._ZN3tbb13tbb_allocatorImE10deallocateEPmm[_ZN3tbb13tbb_allocatorImE10deallocateEPmm]+0x20): undefined reference to `tbb::internal::deallocate_via_handler_v3(void*)'
[12.821s] /usr/bin/ld: CMakeFiles/isam_test.dir/isam2Node.cpp.o: in function `tbb::tbb_allocator<long>::deallocate(long*, unsigned long)':
[12.821s] isam2Node.cpp:(.text._ZN3tbb13tbb_allocatorIlE10deallocateEPlm[_ZN3tbb13tbb_allocatorIlE10deallocateEPlm]+0x20): undefined reference to `tbb::internal::deallocate_via_handler_v3(void*)'
[12.821s] /usr/bin/ld: CMakeFiles/isam_test.dir/isam2Node.cpp.o: in function `tbb::tbb_allocator<std::shared_ptr<gtsam::NonlinearFactor> >::deallocate(std::shared_ptr<gtsam::NonlinearFactor>*, unsigned long)':
[12.822s] isam2Node.cpp:(.text._ZN3tbb13tbb_allocatorISt10shared_ptrIN5gtsam15NonlinearFactorEEE10deallocateEPS4_m[_ZN3tbb13tbb_allocatorISt10shared_ptrIN5gtsam15NonlinearFactorEEE10deallocateEPS4_m]+0x20): undefined reference to `tbb::internal::deallocate_via_handler_v3(void*)'
[12.822s] /usr/bin/ld: CMakeFiles/isam_test.dir/isam2Node.cpp.o: in function `tbb::tbb_allocator<std::shared_ptr<gtsam::GaussianFactor> >::deallocate(std::shared_ptr<gtsam::GaussianFactor>*, unsigned long)':
[12.822s] isam2Node.cpp:(.text._ZN3tbb13tbb_allocatorISt10shared_ptrIN5gtsam14GaussianFactorEEE10deallocateEPS4_m[_ZN3tbb13tbb_allocatorISt10shared_ptrIN5gtsam14GaussianFactorEEE10deallocateEPS4_m]+0x20): undefined reference to `tbb::internal::deallocate_via_handler_v3(void*)'
[12.822s] /usr/bin/ld: CMakeFiles/isam_test.dir/isam2Node.cpp.o: in function `gtsam::NonlinearFactor::NonlinearFactor<std::array<unsigned long, 1ul> >(std::array<unsigned long, 1ul> const&)':
[12.822s] isam2Node.cpp:(.text._ZN5gtsam15NonlinearFactorC2ISt5arrayImLm1EEEERKT_[_ZN5gtsam15NonlinearFactorC5ISt5arrayImLm1EEEERKT_]+0x2a): undefined reference to `vtable for gtsam::NonlinearFactor'
[12.823s] /usr/bin/ld: CMakeFiles/isam_test.dir/isam2Node.cpp.o: in function `gtsam::NonlinearFactor::NonlinearFactor<std::array<unsigned long, 2ul> >(std::array<unsigned long, 2ul> const&)':
[12.823s] isam2Node.cpp:(.text._ZN5gtsam15NonlinearFactorC2ISt5arrayImLm2EEEERKT_[_ZN5gtsam15NonlinearFactorC5ISt5arrayImLm2EEEERKT_]+0x2a): undefined reference to `vtable for gtsam::NonlinearFactor'
[12.823s] /usr/bin/ld: CMakeFiles/isam_test.dir/isam2Node.cpp.o: in function `gtsam::HasBearing<gtsam::Pose2, gtsam::Pose2, gtsam::Rot2>::operator()(gtsam::Pose2 const&, gtsam::Pose2 const&, gtsam::OptionalJacobian<1, 3>, gtsam::OptionalJacobian<1, 3>)':
[12.823s] isam2Node.cpp:(.text._ZN5gtsam10HasBearingINS_5Pose2ES1_NS_4Rot2EEclERKS1_S5_NS_16OptionalJacobianILi1ELi3EEES7_[_ZN5gtsam10HasBearingINS_5Pose2ES1_NS_4Rot2EEclERKS1_S5_NS_16OptionalJacobianILi1ELi3EEES7_]+0x74): undefined reference to `gtsam::Pose2::bearing(gtsam::Pose2 const&, gtsam::OptionalJacobian<1, 3>, gtsam::OptionalJacobian<1, 3>) const'
[12.823s] /usr/bin/ld: CMakeFiles/isam_test.dir/isam2Node.cpp.o: in function `gtsam::HasRange<gtsam::Pose2, gtsam::Pose2, double>::operator()(gtsam::Pose2 const&, gtsam::Pose2 const&, gtsam::OptionalJacobian<1, 3>, gtsam::OptionalJacobian<1, 3>)':
[12.824s] isam2Node.cpp:(.text._ZN5gtsam8HasRangeINS_5Pose2ES1_dEclERKS1_S4_NS_16OptionalJacobianILi1ELi3EEES6_[_ZN5gtsam8HasRangeINS_5Pose2ES1_dEclERKS1_S4_NS_16OptionalJacobianILi1ELi3EEES6_]+0x69): undefined reference to `gtsam::Pose2::range(gtsam::Pose2 const&, gtsam::OptionalJacobian<1, 3>, gtsam::OptionalJacobian<1, 3>) const'
[12.824s] /usr/bin/ld: CMakeFiles/isam_test.dir/isam2Node.cpp.o: in function `tbb::tbb_allocator<tbb::interface5::internal::flist_iterator<tbb::interface5::internal::split_ordered_list<std::pair<unsigned long const, Eigen::Matrix<double, -1, 1, 0, -1, 1> >, tbb::tbb_allocator<std::pair<unsigned long const, Eigen::Matrix<double, -1, 1, 0, -1, 1> > > >, std::pair<unsigned long const, Eigen::Matrix<double, -1, 1, 0, -1, 1> > > >::allocate(unsigned long, void const*)':
[12.824s] isam2Node.cpp:(.text._ZN3tbb13tbb_allocatorINS_10interface58internal14flist_iteratorINS2_18split_ordered_listISt4pairIKmN5Eigen6MatrixIdLin1ELi1ELi0ELin1ELi1EEEENS0_ISA_EEEESA_EEE8allocateEmPKv[_ZN3tbb13tbb_allocatorINS_10interface58internal14flist_iteratorINS2_18split_ordered_listISt4pairIKmN5Eigen6MatrixIdLin1ELi1ELi0ELin1ELi1EEEENS0_ISA_EEEESA_EEE8allocateEmPKv]+0x24): undefined reference to `tbb::internal::allocate_via_handler_v3(unsigned long)'
[12.824s] /usr/bin/ld: CMakeFiles/isam_test.dir/isam2Node.cpp.o: in function `tbb::tbb_allocator<std::shared_ptr<gtsam::NonlinearFactor> >::allocate(unsigned long, void const*)':
[12.824s] isam2Node.cpp:(.text._ZN3tbb13tbb_allocatorISt10shared_ptrIN5gtsam15NonlinearFactorEEE8allocateEmPKv[_ZN3tbb13tbb_allocatorISt10shared_ptrIN5gtsam15NonlinearFactorEEE8allocateEmPKv]+0x24): undefined reference to `tbb::internal::allocate_via_handler_v3(unsigned long)'
[12.824s] /usr/bin/ld: CMakeFiles/isam_test.dir/isam2Node.cpp.o: in function `tbb::tbb_allocator<std::shared_ptr<gtsam::GaussianFactor> >::allocate(unsigned long, void const*)':
[12.824s] isam2Node.cpp:(.text._ZN3tbb13tbb_allocatorISt10shared_ptrIN5gtsam14GaussianFactorEEE8allocateEmPKv[_ZN3tbb13tbb_allocatorISt10shared_ptrIN5gtsam14GaussianFactorEEE8allocateEmPKv]+0x24): undefined reference to `tbb::internal::allocate_via_handler_v3(unsigned long)'
[12.824s] /usr/bin/ld: CMakeFiles/isam_test.dir/isam2Node.cpp.o: in function `gtsam::Factor::Factor<std::array<unsigned long, 1ul> >(std::array<unsigned long, 1ul> const&)':
[12.824s] isam2Node.cpp:(.text._ZN5gtsam6FactorC2ISt5arrayImLm1EEEERKT_[_ZN5gtsam6FactorC5ISt5arrayImLm1EEEERKT_]+0x29): undefined reference to `vtable for gtsam::Factor'
[12.824s] /usr/bin/ld: CMakeFiles/isam_test.dir/isam2Node.cpp.o: in function `gtsam::Factor::Factor<std::array<unsigned long, 2ul> >(std::array<unsigned long, 2ul> const&)':
[12.824s] isam2Node.cpp:(.text._ZN5gtsam6FactorC2ISt5arrayImLm2EEEERKT_[_ZN5gtsam6FactorC5ISt5arrayImLm2EEEERKT_]+0x29): undefined reference to `vtable for gtsam::Factor'
[12.824s] /usr/bin/ld: CMakeFiles/isam_test.dir/isam2Node.cpp.o: in function `tbb::tbb_allocator<std::_Rb_tree_node<std::pair<unsigned long const, std::vector<unsigned long, tbb::tbb_allocator<unsigned long> > > > >::deallocate(std::_Rb_tree_node<std::pair<unsigned long const, std::vector<unsigned long, tbb::tbb_allocator<unsigned long> > > >*, unsigned long)':
[12.824s] isam2Node.cpp:(.text._ZN3tbb13tbb_allocatorISt13_Rb_tree_nodeISt4pairIKmSt6vectorImNS0_ImEEEEEE10deallocateEPS8_m[_ZN3tbb13tbb_allocatorISt13_Rb_tree_nodeISt4pairIKmSt6vectorImNS0_ImEEEEEE10deallocateEPS8_m]+0x20): undefined reference to `tbb::internal::deallocate_via_handler_v3(void*)'
[12.824s] /usr/bin/ld: CMakeFiles/isam_test.dir/isam2Node.cpp.o: in function `tbb::tbb_allocator<long>::allocate(unsigned long, void const*)':
[12.825s] isam2Node.cpp:(.text._ZN3tbb13tbb_allocatorIlE8allocateEmPKv[_ZN3tbb13tbb_allocatorIlE8allocateEmPKv]+0x24): undefined reference to `tbb::internal::allocate_via_handler_v3(unsigned long)'
[12.825s] /usr/bin/ld: CMakeFiles/isam_test.dir/isam2Node.cpp.o: in function `tbb::tbb_allocator<std::_Rb_tree_node<unsigned long> >::deallocate(std::_Rb_tree_node<unsigned long>*, unsigned long)':
[12.825s] isam2Node.cpp:(.text._ZN3tbb13tbb_allocatorISt13_Rb_tree_nodeImEE10deallocateEPS2_m[_ZN3tbb13tbb_allocatorISt13_Rb_tree_nodeImEE10deallocateEPS2_m]+0x20): undefined reference to `tbb::internal::deallocate_via_handler_v3(void*)'
[12.825s] /usr/bin/ld: CMakeFiles/isam_test.dir/isam2Node.cpp.o: in function `tbb::tbb_allocator<std::_Rb_tree_node<std::pair<unsigned long const, gtsam::ISAM2Result::DetailedResults::VariableStatus> > >::deallocate(std::_Rb_tree_node<std::pair<unsigned long const, gtsam::ISAM2Result::DetailedResults::VariableStatus> >*, unsigned long)':
[12.825s] isam2Node.cpp:(.text._ZN3tbb13tbb_allocatorISt13_Rb_tree_nodeISt4pairIKmN5gtsam11ISAM2Result15DetailedResults14VariableStatusEEEE10deallocateEPS9_m[_ZN3tbb13tbb_allocatorISt13_Rb_tree_nodeISt4pairIKmN5gtsam11ISAM2Result15DetailedResults14VariableStatusEEEE10deallocateEPS9_m]+0x20): undefined reference to `tbb::internal::deallocate_via_handler_v3(void*)'
[12.825s] /usr/bin/ld: CMakeFiles/isam_test.dir/isam2Node.cpp.o: in function `tbb::tbb_allocator<unsigned long>::allocate(unsigned long, void const*)':
[12.825s] isam2Node.cpp:(.text._ZN3tbb13tbb_allocatorImE8allocateEmPKv[_ZN3tbb13tbb_allocatorImE8allocateEmPKv]+0x24): undefined reference to `tbb::internal::allocate_via_handler_v3(unsigned long)'
[12.826s] /usr/bin/ld: CMakeFiles/isam_test.dir/isam2Node.cpp.o: in function `tbb::tbb_allocator<int>::deallocate(int*, unsigned long)':
[12.826s] isam2Node.cpp:(.text._ZN3tbb13tbb_allocatorIiE10deallocateEPim[_ZN3tbb13tbb_allocatorIiE10deallocateEPim]+0x20): undefined reference to `tbb::internal::deallocate_via_handler_v3(void*)'
[12.826s] /usr/bin/ld: CMakeFiles/isam_test.dir/isam2Node.cpp.o: in function `tbb::tbb_allocator<int>::allocate(unsigned long, void const*)':
[12.826s] isam2Node.cpp:(.text._ZN3tbb13tbb_allocatorIiE8allocateEmPKv[_ZN3tbb13tbb_allocatorIiE8allocateEmPKv]+0x24): undefined reference to `tbb::internal::allocate_via_handler_v3(unsigned long)'
[12.826s] /usr/bin/ld: CMakeFiles/isam_test.dir/isam2Node.cpp.o: in function `gtsam::Factor::Factor(gtsam::Factor const&)':
[12.826s] isam2Node.cpp:(.text._ZN5gtsam6FactorC2ERKS0_[_ZN5gtsam6FactorC5ERKS0_]+0x17): undefined reference to `vtable for gtsam::Factor'
[12.826s] /usr/bin/ld: CMakeFiles/isam_test.dir/isam2Node.cpp.o: in function `tbb::tbb_allocator<std::_List_node<unsigned long> >::deallocate(std::_List_node<unsigned long>*, unsigned long)':
[12.827s] isam2Node.cpp:(.text._ZN3tbb13tbb_allocatorISt10_List_nodeImEE10deallocateEPS2_m[_ZN3tbb13tbb_allocatorISt10_List_nodeImEE10deallocateEPS2_m]+0x20): undefined reference to `tbb::internal::deallocate_via_handler_v3(void*)'
[12.827s] /usr/bin/ld: CMakeFiles/isam_test.dir/isam2Node.cpp.o: in function `tbb::tbb_allocator<std::_Rb_tree_node<std::pair<unsigned long const, std::vector<unsigned long, tbb::tbb_allocator<unsigned long> > > > >::allocate(unsigned long, void const*)':
[12.827s] isam2Node.cpp:(.text._ZN3tbb13tbb_allocatorISt13_Rb_tree_nodeISt4pairIKmSt6vectorImNS0_ImEEEEEE8allocateEmPKv[_ZN3tbb13tbb_allocatorISt13_Rb_tree_nodeISt4pairIKmSt6vectorImNS0_ImEEEEEE8allocateEmPKv]+0x24): undefined reference to `tbb::internal::allocate_via_handler_v3(unsigned long)'
[12.827s] /usr/bin/ld: CMakeFiles/isam_test.dir/isam2Node.cpp.o: in function `tbb::tbb_allocator<std::_Rb_tree_node<unsigned long> >::allocate(unsigned long, void const*)':
[12.827s] isam2Node.cpp:(.text._ZN3tbb13tbb_allocatorISt13_Rb_tree_nodeImEE8allocateEmPKv[_ZN3tbb13tbb_allocatorISt13_Rb_tree_nodeImEE8allocateEmPKv]+0x2e): undefined reference to `tbb::internal::allocate_via_handler_v3(unsigned long)'
[12.828s] /usr/bin/ld: CMakeFiles/isam_test.dir/isam2Node.cpp.o: in function `tbb::tbb_allocator<std::_Rb_tree_node<std::pair<unsigned long const, int> > >::deallocate(std::_Rb_tree_node<std::pair<unsigned long const, int> >*, unsigned long)':
[12.828s] isam2Node.cpp:(.text._ZN3tbb13tbb_allocatorISt13_Rb_tree_nodeISt4pairIKmiEEE10deallocateEPS5_m[_ZN3tbb13tbb_allocatorISt13_Rb_tree_nodeISt4pairIKmiEEE10deallocateEPS5_m]+0x20): undefined reference to `tbb::internal::deallocate_via_handler_v3(void*)'
[12.828s] /usr/bin/ld: CMakeFiles/isam_test.dir/isam2Node.cpp.o: in function `gtsam::NonlinearFactor::NonlinearFactor(gtsam::NonlinearFactor const&)':
[12.829s] isam2Node.cpp:(.text._ZN5gtsam15NonlinearFactorC2ERKS0_[_ZN5gtsam15NonlinearFactorC5ERKS0_]+0x2a): undefined reference to `vtable for gtsam::NonlinearFactor'
[12.829s] /usr/bin/ld: CMakeFiles/isam_test.dir/isam2Node.cpp.o: in function `gtsam::NoiseModelFactor::NoiseModelFactor(gtsam::NoiseModelFactor const&)':
[12.829s] isam2Node.cpp:(.text._ZN5gtsam16NoiseModelFactorC2ERKS0_[_ZN5gtsam16NoiseModelFactorC5ERKS0_]+0x2a): undefined reference to `vtable for gtsam::NoiseModelFactor'
[12.829s] /usr/bin/ld: CMakeFiles/isam_test.dir/isam2Node.cpp.o: in function `tbb::tbb_allocator<std::_Rb_tree_node<std::pair<char const, Eigen::Matrix<double, -1, 1, 0, -1, 1> > > >::deallocate(std::_Rb_tree_node<std::pair<char const, Eigen::Matrix<double, -1, 1, 0, -1, 1> > >*, unsigned long)':
[12.830s] isam2Node.cpp:(.text._ZN3tbb13tbb_allocatorISt13_Rb_tree_nodeISt4pairIKcN5Eigen6MatrixIdLin1ELi1ELi0ELin1ELi1EEEEEE10deallocateEPS8_m[_ZN3tbb13tbb_allocatorISt13_Rb_tree_nodeISt4pairIKcN5Eigen6MatrixIdLin1ELi1ELi0ELin1ELi1EEEEEE10deallocateEPS8_m]+0x20): undefined reference to `tbb::internal::deallocate_via_handler_v3(void*)'
[12.830s] /usr/bin/ld: CMakeFiles/isam_test.dir/isam2Node.cpp.o: in function `tbb::tbb_allocator<std::_Rb_tree_node<std::pair<char const, Eigen::Matrix<double, -1, 1, 0, -1, 1> > > >::allocate(unsigned long, void const*)':
[12.830s] isam2Node.cpp:(.text._ZN3tbb13tbb_allocatorISt13_Rb_tree_nodeISt4pairIKcN5Eigen6MatrixIdLin1ELi1ELi0ELin1ELi1EEEEEE8allocateEmPKv[_ZN3tbb13tbb_allocatorISt13_Rb_tree_nodeISt4pairIKcN5Eigen6MatrixIdLin1ELi1ELi0ELin1ELi1EEEEEE8allocateEmPKv]+0x2e): undefined reference to `tbb::internal::allocate_via_handler_v3(unsigned long)'
[12.830s] /usr/bin/ld: CMakeFiles/isam_test.dir/isam2Node.cpp.o:(.data.rel.ro._ZTVN5gtsam18BearingRangeFactorINS_5Pose2ES1_NS_4Rot2EdEE[_ZTVN5gtsam18BearingRangeFactorINS_5Pose2ES1_NS_4Rot2EdEE]+0x20): undefined reference to `gtsam::NonlinearFactor::error(gtsam::HybridValues const&) const'
[12.831s] /usr/bin/ld: CMakeFiles/isam_test.dir/isam2Node.cpp.o:(.data.rel.ro._ZTVN5gtsam18BearingRangeFactorINS_5Pose2ES1_NS_4Rot2EdEE[_ZTVN5gtsam18BearingRangeFactorINS_5Pose2ES1_NS_4Rot2EdEE]+0x30): undefined reference to `gtsam::Factor::printKeys(std::__cxx11::basic_string<char, std::char_traits<char>, std::allocator<char> > const&, std::function<std::__cxx11::basic_string<char, std::char_traits<char>, std::allocator<char> > (unsigned long)> const&) const'
[12.831s] /usr/bin/ld: CMakeFiles/isam_test.dir/isam2Node.cpp.o:(.data.rel.ro._ZTVN5gtsam18BearingRangeFactorINS_5Pose2ES1_NS_4Rot2EdEE[_ZTVN5gtsam18BearingRangeFactorINS_5Pose2ES1_NS_4Rot2EdEE]+0x40): undefined reference to `gtsam::NoiseModelFactor::error(gtsam::Values const&) const'
[12.831s] /usr/bin/ld: CMakeFiles/isam_test.dir/isam2Node.cpp.o:(.data.rel.ro._ZTVN5gtsam18BearingRangeFactorINS_5Pose2ES1_NS_4Rot2EdEE[_ZTVN5gtsam18BearingRangeFactorINS_5Pose2ES1_NS_4Rot2EdEE]+0x68): undefined reference to `gtsam::NonlinearFactor::rekey(std::map<unsigned long, unsigned long, std::less<unsigned long>, std::allocator<std::pair<unsigned long const, unsigned long> > > const&) const'
[12.832s] /usr/bin/ld: CMakeFiles/isam_test.dir/isam2Node.cpp.o:(.data.rel.ro._ZTVN5gtsam18BearingRangeFactorINS_5Pose2ES1_NS_4Rot2EdEE[_ZTVN5gtsam18BearingRangeFactorINS_5Pose2ES1_NS_4Rot2EdEE]+0x70): undefined reference to `gtsam::NonlinearFactor::rekey(std::vector<unsigned long, tbb::tbb_allocator<unsigned long> > const&) const'
[12.833s] /usr/bin/ld: CMakeFiles/isam_test.dir/isam2Node.cpp.o:(.data.rel.ro._ZTVN5gtsam17ExpressionFactorNINS_12BearingRangeINS_5Pose2ES2_NS_4Rot2EdEEJS2_S2_EEE[_ZTVN5gtsam17ExpressionFactorNINS_12BearingRangeINS_5Pose2ES2_NS_4Rot2EdEEJS2_S2_EEE]+0x20): undefined reference to `gtsam::NonlinearFactor::error(gtsam::HybridValues const&) const'
[12.834s] /usr/bin/ld: CMakeFiles/isam_test.dir/isam2Node.cpp.o:(.data.rel.ro._ZTVN5gtsam17ExpressionFactorNINS_12BearingRangeINS_5Pose2ES2_NS_4Rot2EdEEJS2_S2_EEE[_ZTVN5gtsam17ExpressionFactorNINS_12BearingRangeINS_5Pose2ES2_NS_4Rot2EdEEJS2_S2_EEE]+0x30): undefined reference to `gtsam::Factor::printKeys(std::__cxx11::basic_string<char, std::char_traits<char>, std::allocator<char> > const&, std::function<std::__cxx11::basic_string<char, std::char_traits<char>, std::allocator<char> > (unsigned long)> const&) const'
[12.835s] /usr/bin/ld: CMakeFiles/isam_test.dir/isam2Node.cpp.o:(.data.rel.ro._ZTVN5gtsam17ExpressionFactorNINS_12BearingRangeINS_5Pose2ES2_NS_4Rot2EdEEJS2_S2_EEE[_ZTVN5gtsam17ExpressionFactorNINS_12BearingRangeINS_5Pose2ES2_NS_4Rot2EdEEJS2_S2_EEE]+0x40): undefined reference to `gtsam::NoiseModelFactor::error(gtsam::Values const&) const'
[12.835s] /usr/bin/ld: CMakeFiles/isam_test.dir/isam2Node.cpp.o:(.data.rel.ro._ZTVN5gtsam17ExpressionFactorNINS_12BearingRangeINS_5Pose2ES2_NS_4Rot2EdEEJS2_S2_EEE[_ZTVN5gtsam17ExpressionFactorNINS_12BearingRangeINS_5Pose2ES2_NS_4Rot2EdEEJS2_S2_EEE]+0x68): undefined reference to `gtsam::NonlinearFactor::rekey(std::map<unsigned long, unsigned long, std::less<unsigned long>, std::allocator<std::pair<unsigned long const, unsigned long> > > const&) const'
[12.835s] /usr/bin/ld: CMakeFiles/isam_test.dir/isam2Node.cpp.o:(.data.rel.ro._ZTVN5gtsam17ExpressionFactorNINS_12BearingRangeINS_5Pose2ES2_NS_4Rot2EdEEJS2_S2_EEE[_ZTVN5gtsam17ExpressionFactorNINS_12BearingRangeINS_5Pose2ES2_NS_4Rot2EdEEJS2_S2_EEE]+0x70): undefined reference to `gtsam::NonlinearFactor::rekey(std::vector<unsigned long, tbb::tbb_allocator<unsigned long> > const&) const'
[12.835s] /usr/bin/ld: CMakeFiles/isam_test.dir/isam2Node.cpp.o:(.data.rel.ro._ZTVN5gtsam16ExpressionFactorINS_12BearingRangeINS_5Pose2ES2_NS_4Rot2EdEEEE[_ZTVN5gtsam16ExpressionFactorINS_12BearingRangeINS_5Pose2ES2_NS_4Rot2EdEEEE]+0x20): undefined reference to `gtsam::NonlinearFactor::error(gtsam::HybridValues const&) const'
[12.835s] /usr/bin/ld: CMakeFiles/isam_test.dir/isam2Node.cpp.o:(.data.rel.ro._ZTVN5gtsam16ExpressionFactorINS_12BearingRangeINS_5Pose2ES2_NS_4Rot2EdEEEE[_ZTVN5gtsam16ExpressionFactorINS_12BearingRangeINS_5Pose2ES2_NS_4Rot2EdEEEE]+0x30): undefined reference to `gtsam::Factor::printKeys(std::__cxx11::basic_string<char, std::char_traits<char>, std::allocator<char> > const&, std::function<std::__cxx11::basic_string<char, std::char_traits<char>, std::allocator<char> > (unsigned long)> const&) const'
[12.835s] /usr/bin/ld: CMakeFiles/isam_test.dir/isam2Node.cpp.o:(.data.rel.ro._ZTVN5gtsam16ExpressionFactorINS_12BearingRangeINS_5Pose2ES2_NS_4Rot2EdEEEE[_ZTVN5gtsam16ExpressionFactorINS_12BearingRangeINS_5Pose2ES2_NS_4Rot2EdEEEE]+0x40): undefined reference to `gtsam::NoiseModelFactor::error(gtsam::Values const&) const'
[12.835s] /usr/bin/ld: CMakeFiles/isam_test.dir/isam2Node.cpp.o:(.data.rel.ro._ZTVN5gtsam16ExpressionFactorINS_12BearingRangeINS_5Pose2ES2_NS_4Rot2EdEEEE[_ZTVN5gtsam16ExpressionFactorINS_12BearingRangeINS_5Pose2ES2_NS_4Rot2EdEEEE]+0x68): undefined reference to `gtsam::NonlinearFactor::rekey(std::map<unsigned long, unsigned long, std::less<unsigned long>, std::allocator<std::pair<unsigned long const, unsigned long> > > const&) const'
[12.836s] /usr/bin/ld: CMakeFiles/isam_test.dir/isam2Node.cpp.o:(.data.rel.ro._ZTVN5gtsam16ExpressionFactorINS_12BearingRangeINS_5Pose2ES2_NS_4Rot2EdEEEE[_ZTVN5gtsam16ExpressionFactorINS_12BearingRangeINS_5Pose2ES2_NS_4Rot2EdEEEE]+0x70): undefined reference to `gtsam::NonlinearFactor::rekey(std::vector<unsigned long, tbb::tbb_allocator<unsigned long> > const&) const'
[12.836s] /usr/bin/ld: CMakeFiles/isam_test.dir/isam2Node.cpp.o:(.data.rel.ro._ZTVN5gtsam13BetweenFactorINS_5Pose2EEE[_ZTVN5gtsam13BetweenFactorINS_5Pose2EEE]+0x20): undefined reference to `gtsam::NonlinearFactor::error(gtsam::HybridValues const&) const'
[12.836s] /usr/bin/ld: CMakeFiles/isam_test.dir/isam2Node.cpp.o:(.data.rel.ro._ZTVN5gtsam13BetweenFactorINS_5Pose2EEE[_ZTVN5gtsam13BetweenFactorINS_5Pose2EEE]+0x30): undefined reference to `gtsam::Factor::printKeys(std::__cxx11::basic_string<char, std::char_traits<char>, std::allocator<char> > const&, std::function<std::__cxx11::basic_string<char, std::char_traits<char>, std::allocator<char> > (unsigned long)> const&) const'
[12.836s] /usr/bin/ld: CMakeFiles/isam_test.dir/isam2Node.cpp.o:(.data.rel.ro._ZTVN5gtsam13BetweenFactorINS_5Pose2EEE[_ZTVN5gtsam13BetweenFactorINS_5Pose2EEE]+0x40): undefined reference to `gtsam::NoiseModelFactor::error(gtsam::Values const&) const'
[12.836s] /usr/bin/ld: CMakeFiles/isam_test.dir/isam2Node.cpp.o:(.data.rel.ro._ZTVN5gtsam13BetweenFactorINS_5Pose2EEE[_ZTVN5gtsam13BetweenFactorINS_5Pose2EEE]+0x58): undefined reference to `gtsam::NoiseModelFactor::linearize(gtsam::Values const&) const'
[12.836s] /usr/bin/ld: CMakeFiles/isam_test.dir/isam2Node.cpp.o:(.data.rel.ro._ZTVN5gtsam13BetweenFactorINS_5Pose2EEE[_ZTVN5gtsam13BetweenFactorINS_5Pose2EEE]+0x68): undefined reference to `gtsam::NonlinearFactor::rekey(std::map<unsigned long, unsigned long, std::less<unsigned long>, std::allocator<std::pair<unsigned long const, unsigned long> > > const&) const'
[12.836s] /usr/bin/ld: CMakeFiles/isam_test.dir/isam2Node.cpp.o:(.data.rel.ro._ZTVN5gtsam13BetweenFactorINS_5Pose2EEE[_ZTVN5gtsam13BetweenFactorINS_5Pose2EEE]+0x70): undefined reference to `gtsam::NonlinearFactor::rekey(std::vector<unsigned long, tbb::tbb_allocator<unsigned long> > const&) const'
[12.836s] /usr/bin/ld: CMakeFiles/isam_test.dir/isam2Node.cpp.o:(.data.rel.ro._ZTVN5gtsam17NoiseModelFactorNIJNS_5Pose2ES1_EEE[_ZTVN5gtsam17NoiseModelFactorNIJNS_5Pose2ES1_EEE]+0x20): undefined reference to `gtsam::NonlinearFactor::error(gtsam::HybridValues const&) const'
[12.836s] /usr/bin/ld: CMakeFiles/isam_test.dir/isam2Node.cpp.o:(.data.rel.ro._ZTVN5gtsam17NoiseModelFactorNIJNS_5Pose2ES1_EEE[_ZTVN5gtsam17NoiseModelFactorNIJNS_5Pose2ES1_EEE]+0x28): undefined reference to `gtsam::NoiseModelFactor::print(std::__cxx11::basic_string<char, std::char_traits<char>, std::allocator<char> > const&, std::function<std::__cxx11::basic_string<char, std::char_traits<char>, std::allocator<char> > (unsigned long)> const&) const'
[12.836s] /usr/bin/ld: CMakeFiles/isam_test.dir/isam2Node.cpp.o:(.data.rel.ro._ZTVN5gtsam17NoiseModelFactorNIJNS_5Pose2ES1_EEE[_ZTVN5gtsam17NoiseModelFactorNIJNS_5Pose2ES1_EEE]+0x30): undefined reference to `gtsam::Factor::printKeys(std::__cxx11::basic_string<char, std::char_traits<char>, std::allocator<char> > const&, std::function<std::__cxx11::basic_string<char, std::char_traits<char>, std::allocator<char> > (unsigned long)> const&) const'
[12.836s] /usr/bin/ld: CMakeFiles/isam_test.dir/isam2Node.cpp.o:(.data.rel.ro._ZTVN5gtsam17NoiseModelFactorNIJNS_5Pose2ES1_EEE[_ZTVN5gtsam17NoiseModelFactorNIJNS_5Pose2ES1_EEE]+0x38): undefined reference to `gtsam::NoiseModelFactor::equals(gtsam::NonlinearFactor const&, double) const'
[12.836s] /usr/bin/ld: CMakeFiles/isam_test.dir/isam2Node.cpp.o:(.data.rel.ro._ZTVN5gtsam17NoiseModelFactorNIJNS_5Pose2ES1_EEE[_ZTVN5gtsam17NoiseModelFactorNIJNS_5Pose2ES1_EEE]+0x40): undefined reference to `gtsam::NoiseModelFactor::error(gtsam::Values const&) const'
[12.836s] /usr/bin/ld: CMakeFiles/isam_test.dir/isam2Node.cpp.o:(.data.rel.ro._ZTVN5gtsam17NoiseModelFactorNIJNS_5Pose2ES1_EEE[_ZTVN5gtsam17NoiseModelFactorNIJNS_5Pose2ES1_EEE]+0x58): undefined reference to `gtsam::NoiseModelFactor::linearize(gtsam::Values const&) const'
[12.836s] /usr/bin/ld: CMakeFiles/isam_test.dir/isam2Node.cpp.o:(.data.rel.ro._ZTVN5gtsam17NoiseModelFactorNIJNS_5Pose2ES1_EEE[_ZTVN5gtsam17NoiseModelFactorNIJNS_5Pose2ES1_EEE]+0x68): undefined reference to `gtsam::NonlinearFactor::rekey(std::map<unsigned long, unsigned long, std::less<unsigned long>, std::allocator<std::pair<unsigned long const, unsigned long> > > const&) const'
[12.837s] /usr/bin/ld: CMakeFiles/isam_test.dir/isam2Node.cpp.o:(.data.rel.ro._ZTVN5gtsam17NoiseModelFactorNIJNS_5Pose2ES1_EEE[_ZTVN5gtsam17NoiseModelFactorNIJNS_5Pose2ES1_EEE]+0x70): undefined reference to `gtsam::NonlinearFactor::rekey(std::vector<unsigned long, tbb::tbb_allocator<unsigned long> > const&) const'
[12.837s] /usr/bin/ld: CMakeFiles/isam_test.dir/isam2Node.cpp.o:(.data.rel.ro._ZTVN5gtsam11PriorFactorINS_5Pose2EEE[_ZTVN5gtsam11PriorFactorINS_5Pose2EEE]+0x20): undefined reference to `gtsam::NonlinearFactor::error(gtsam::HybridValues const&) const'
[12.837s] /usr/bin/ld: CMakeFiles/isam_test.dir/isam2Node.cpp.o:(.data.rel.ro._ZTVN5gtsam11PriorFactorINS_5Pose2EEE[_ZTVN5gtsam11PriorFactorINS_5Pose2EEE]+0x30): undefined reference to `gtsam::Factor::printKeys(std::__cxx11::basic_string<char, std::char_traits<char>, std::allocator<char> > const&, std::function<std::__cxx11::basic_string<char, std::char_traits<char>, std::allocator<char> > (unsigned long)> const&) const'
[12.837s] /usr/bin/ld: CMakeFiles/isam_test.dir/isam2Node.cpp.o:(.data.rel.ro._ZTVN5gtsam11PriorFactorINS_5Pose2EEE[_ZTVN5gtsam11PriorFactorINS_5Pose2EEE]+0x40): undefined reference to `gtsam::NoiseModelFactor::error(gtsam::Values const&) const'
[12.837s] /usr/bin/ld: CMakeFiles/isam_test.dir/isam2Node.cpp.o:(.data.rel.ro._ZTVN5gtsam11PriorFactorINS_5Pose2EEE[_ZTVN5gtsam11PriorFactorINS_5Pose2EEE]+0x58): undefined reference to `gtsam::NoiseModelFactor::linearize(gtsam::Values const&) const'
[12.837s] /usr/bin/ld: CMakeFiles/isam_test.dir/isam2Node.cpp.o:(.data.rel.ro._ZTVN5gtsam11PriorFactorINS_5Pose2EEE[_ZTVN5gtsam11PriorFactorINS_5Pose2EEE]+0x68): undefined reference to `gtsam::NonlinearFactor::rekey(std::map<unsigned long, unsigned long, std::less<unsigned long>, std::allocator<std::pair<unsigned long const, unsigned long> > > const&) const'
[12.837s] /usr/bin/ld: CMakeFiles/isam_test.dir/isam2Node.cpp.o:(.data.rel.ro._ZTVN5gtsam11PriorFactorINS_5Pose2EEE[_ZTVN5gtsam11PriorFactorINS_5Pose2EEE]+0x70): undefined reference to `gtsam::NonlinearFactor::rekey(std::vector<unsigned long, tbb::tbb_allocator<unsigned long> > const&) const'
[12.837s] /usr/bin/ld: CMakeFiles/isam_test.dir/isam2Node.cpp.o:(.data.rel.ro._ZTVN5gtsam17NoiseModelFactorNIJNS_5Pose2EEEE[_ZTVN5gtsam17NoiseModelFactorNIJNS_5Pose2EEEE]+0x20): undefined reference to `gtsam::NonlinearFactor::error(gtsam::HybridValues const&) const'
[12.837s] /usr/bin/ld: CMakeFiles/isam_test.dir/isam2Node.cpp.o:(.data.rel.ro._ZTVN5gtsam17NoiseModelFactorNIJNS_5Pose2EEEE[_ZTVN5gtsam17NoiseModelFactorNIJNS_5Pose2EEEE]+0x28): undefined reference to `gtsam::NoiseModelFactor::print(std::__cxx11::basic_string<char, std::char_traits<char>, std::allocator<char> > const&, std::function<std::__cxx11::basic_string<char, std::char_traits<char>, std::allocator<char> > (unsigned long)> const&) const'
[12.837s] /usr/bin/ld: CMakeFiles/isam_test.dir/isam2Node.cpp.o:(.data.rel.ro._ZTVN5gtsam17NoiseModelFactorNIJNS_5Pose2EEEE[_ZTVN5gtsam17NoiseModelFactorNIJNS_5Pose2EEEE]+0x30): undefined reference to `gtsam::Factor::printKeys(std::__cxx11::basic_string<char, std::char_traits<char>, std::allocator<char> > const&, std::function<std::__cxx11::basic_string<char, std::char_traits<char>, std::allocator<char> > (unsigned long)> const&) const'
[12.837s] /usr/bin/ld: CMakeFiles/isam_test.dir/isam2Node.cpp.o:(.data.rel.ro._ZTVN5gtsam17NoiseModelFactorNIJNS_5Pose2EEEE[_ZTVN5gtsam17NoiseModelFactorNIJNS_5Pose2EEEE]+0x38): undefined reference to `gtsam::NoiseModelFactor::equals(gtsam::NonlinearFactor const&, double) const'
[12.837s] /usr/bin/ld: CMakeFiles/isam_test.dir/isam2Node.cpp.o:(.data.rel.ro._ZTVN5gtsam17NoiseModelFactorNIJNS_5Pose2EEEE[_ZTVN5gtsam17NoiseModelFactorNIJNS_5Pose2EEEE]+0x40): undefined reference to `gtsam::NoiseModelFactor::error(gtsam::Values const&) const'
[12.837s] /usr/bin/ld: CMakeFiles/isam_test.dir/isam2Node.cpp.o:(.data.rel.ro._ZTVN5gtsam17NoiseModelFactorNIJNS_5Pose2EEEE[_ZTVN5gtsam17NoiseModelFactorNIJNS_5Pose2EEEE]+0x58): undefined reference to `gtsam::NoiseModelFactor::linearize(gtsam::Values const&) const'
[12.838s] /usr/bin/ld: CMakeFiles/isam_test.dir/isam2Node.cpp.o:(.data.rel.ro._ZTVN5gtsam17NoiseModelFactorNIJNS_5Pose2EEEE[_ZTVN5gtsam17NoiseModelFactorNIJNS_5Pose2EEEE]+0x68): undefined reference to `gtsam::NonlinearFactor::rekey(std::map<unsigned long, unsigned long, std::less<unsigned long>, std::allocator<std::pair<unsigned long const, unsigned long> > > const&) const'
[12.838s] /usr/bin/ld: CMakeFiles/isam_test.dir/isam2Node.cpp.o:(.data.rel.ro._ZTVN5gtsam17NoiseModelFactorNIJNS_5Pose2EEEE[_ZTVN5gtsam17NoiseModelFactorNIJNS_5Pose2EEEE]+0x70): undefined reference to `gtsam::NonlinearFactor::rekey(std::vector<unsigned long, tbb::tbb_allocator<unsigned long> > const&) const'
[12.838s] /usr/bin/ld: CMakeFiles/isam_test.dir/isam2Node.cpp.o:(.data.rel.ro._ZTIN5gtsam16ExpressionFactorINS_12BearingRangeINS_5Pose2ES2_NS_4Rot2EdEEEE[_ZTIN5gtsam16ExpressionFactorINS_12BearingRangeINS_5Pose2ES2_NS_4Rot2EdEEEE]+0x10): undefined reference to `typeinfo for gtsam::NoiseModelFactor'
[12.838s] /usr/bin/ld: CMakeFiles/isam_test.dir/isam2Node.cpp.o:(.data.rel.ro._ZTIN5gtsam17NoiseModelFactorNIJNS_5Pose2ES1_EEE[_ZTIN5gtsam17NoiseModelFactorNIJNS_5Pose2ES1_EEE]+0x18): undefined reference to `typeinfo for gtsam::NoiseModelFactor'
[12.838s] /usr/bin/ld: CMakeFiles/isam_test.dir/isam2Node.cpp.o:(.data.rel.ro._ZTIN5gtsam17NoiseModelFactorNIJNS_5Pose2EEEE[_ZTIN5gtsam17NoiseModelFactorNIJNS_5Pose2EEEE]+0x18): undefined reference to `typeinfo for gtsam::NoiseModelFactor'
[12.838s] /usr/bin/ld: CMakeFiles/isam_test.dir/isam2Node.cpp.o: in function `gtsam::NonlinearFactorGraph::~NonlinearFactorGraph()':
[12.838s] isam2Node.cpp:(.text._ZN5gtsam20NonlinearFactorGraphD2Ev[_ZN5gtsam20NonlinearFactorGraphD5Ev]+0x13): undefined reference to `vtable for gtsam::NonlinearFactorGraph'
[12.838s] /usr/bin/ld: CMakeFiles/isam_test.dir/isam2Node.cpp.o: in function `gtsam::GaussianFactorGraph::~GaussianFactorGraph()':
[12.838s] isam2Node.cpp:(.text._ZN5gtsam19GaussianFactorGraphD2Ev[_ZN5gtsam19GaussianFactorGraphD5Ev]+0x13): undefined reference to `vtable for gtsam::GaussianFactorGraph'
[12.838s] /usr/bin/ld: CMakeFiles/isam_test.dir/isam2Node.cpp.o: in function `gtsam::internal::LeafExpression<gtsam::Pose2>::print(std::__cxx11::basic_string<char, std::char_traits<char>, std::allocator<char> > const&) const':
[12.838s] isam2Node.cpp:(.text._ZNK5gtsam8internal14LeafExpressionINS_5Pose2EE5printERKNSt7__cxx1112basic_stringIcSt11char_traitsIcESaIcEEE[_ZNK5gtsam8internal14LeafExpressionINS_5Pose2EE5printERKNSt7__cxx1112basic_stringIcSt11char_traitsIcESaIcEEE]+0x58): undefined reference to `gtsam::DefaultKeyFormatter[abi:cxx11]'
[12.838s] /usr/bin/ld: CMakeFiles/isam_test.dir/isam2Node.cpp.o: in function `gtsam::GenericValue<gtsam::Pose2>::print(std::__cxx11::basic_string<char, std::char_traits<char>, std::allocator<char> > const&) const':
[12.838s] isam2Node.cpp:(.text._ZNK5gtsam12GenericValueINS_5Pose2EE5printERKNSt7__cxx1112basic_stringIcSt11char_traitsIcESaIcEEE[_ZNK5gtsam12GenericValueINS_5Pose2EE5printERKNSt7__cxx1112basic_stringIcSt11char_traitsIcESaIcEEE]+0x54): undefined reference to `gtsam::demangle[abi:cxx11](char const*)'
[12.838s] /usr/bin/ld: CMakeFiles/isam_test.dir/isam2Node.cpp.o: in function `gtsam::ExpressionFactor<gtsam::BearingRange<gtsam::Pose2, gtsam::Pose2, gtsam::Rot2, double> >::equals(gtsam::NonlinearFactor const&, double) const':
[12.838s] isam2Node.cpp:(.text._ZNK5gtsam16ExpressionFactorINS_12BearingRangeINS_5Pose2ES2_NS_4Rot2EdEEE6equalsERKNS_15NonlinearFactorEd[_ZNK5gtsam16ExpressionFactorINS_12BearingRangeINS_5Pose2ES2_NS_4Rot2EdEEE6equalsERKNS_15NonlinearFactorEd]+0x33): undefined reference to `typeinfo for gtsam::NonlinearFactor'
[12.839s] /usr/bin/ld: isam2Node.cpp:(.text._ZNK5gtsam16ExpressionFactorINS_12BearingRangeINS_5Pose2ES2_NS_4Rot2EdEEE6equalsERKNS_15NonlinearFactorEd[_ZNK5gtsam16ExpressionFactorINS_12BearingRangeINS_5Pose2ES2_NS_4Rot2EdEEE6equalsERKNS_15NonlinearFactorEd]+0x69): undefined reference to `gtsam::NoiseModelFactor::equals(gtsam::NonlinearFactor const&, double) const'
[12.839s] /usr/bin/ld: CMakeFiles/isam_test.dir/isam2Node.cpp.o: in function `gtsam::ExpressionFactor<gtsam::BearingRange<gtsam::Pose2, gtsam::Pose2, gtsam::Rot2, double> >::linearize(gtsam::Values const&) const':
[12.839s] isam2Node.cpp:(.text._ZNK5gtsam16ExpressionFactorINS_12BearingRangeINS_5Pose2ES2_NS_4Rot2EdEEE9linearizeERKNS_6ValuesE[_ZNK5gtsam16ExpressionFactorINS_12BearingRangeINS_5Pose2ES2_NS_4Rot2EdEEE9linearizeERKNS_6ValuesE]+0x140): undefined reference to `gtsam::noiseModel::Constrained::unit() const'
[12.839s] /usr/bin/ld: CMakeFiles/isam_test.dir/isam2Node.cpp.o: in function `gtsam::ExpressionFactor<gtsam::BearingRange<gtsam::Pose2, gtsam::Pose2, gtsam::Rot2, double> >::print(std::__cxx11::basic_string<char, std::char_traits<char>, std::allocator<char> > const&, std::function<std::__cxx11::basic_string<char, std::char_traits<char>, std::allocator<char> > (unsigned long)> const&) const':
[12.839s] isam2Node.cpp:(.text._ZNK5gtsam16ExpressionFactorINS_12BearingRangeINS_5Pose2ES2_NS_4Rot2EdEEE5printERKNSt7__cxx1112basic_stringIcSt11char_traitsIcESaIcEEERKSt8functionIFSB_mEE[_ZNK5gtsam16ExpressionFactorINS_12BearingRangeINS_5Pose2ES2_NS_4Rot2EdEEE5printERKNSt7__cxx1112basic_stringIcSt11char_traitsIcESaIcEEERKSt8functionIFSB_mEE]+0x3b): undefined reference to `gtsam::NoiseModelFactor::print(std::__cxx11::basic_string<char, std::char_traits<char>, std::allocator<char> > const&, std::function<std::__cxx11::basic_string<char, std::char_traits<char>, std::allocator<char> > (unsigned long)> const&) const'
[12.839s] /usr/bin/ld: CMakeFiles/isam_test.dir/isam2Node.cpp.o: in function `gtsam::BetweenFactor<gtsam::Pose2>::equals(gtsam::NonlinearFactor const&, double) const':
[12.839s] isam2Node.cpp:(.text._ZNK5gtsam13BetweenFactorINS_5Pose2EE6equalsERKNS_15NonlinearFactorEd[_ZNK5gtsam13BetweenFactorINS_5Pose2EE6equalsERKNS_15NonlinearFactorEd]+0x33): undefined reference to `typeinfo for gtsam::NonlinearFactor'
[12.839s] /usr/bin/ld: isam2Node.cpp:(.text._ZNK5gtsam13BetweenFactorINS_5Pose2EE6equalsERKNS_15NonlinearFactorEd[_ZNK5gtsam13BetweenFactorINS_5Pose2EE6equalsERKNS_15NonlinearFactorEd]+0x69): undefined reference to `gtsam::NoiseModelFactor::equals(gtsam::NonlinearFactor const&, double) const'
[12.839s] /usr/bin/ld: CMakeFiles/isam_test.dir/isam2Node.cpp.o: in function `gtsam::PriorFactor<gtsam::Pose2>::equals(gtsam::NonlinearFactor const&, double) const':
[12.839s] isam2Node.cpp:(.text._ZNK5gtsam11PriorFactorINS_5Pose2EE6equalsERKNS_15NonlinearFactorEd[_ZNK5gtsam11PriorFactorINS_5Pose2EE6equalsERKNS_15NonlinearFactorEd]+0x33): undefined reference to `typeinfo for gtsam::NonlinearFactor'
[12.839s] /usr/bin/ld: isam2Node.cpp:(.text._ZNK5gtsam11PriorFactorINS_5Pose2EE6equalsERKNS_15NonlinearFactorEd[_ZNK5gtsam11PriorFactorINS_5Pose2EE6equalsERKNS_15NonlinearFactorEd]+0x69): undefined reference to `gtsam::NoiseModelFactor::equals(gtsam::NonlinearFactor const&, double) const'
[12.839s] /usr/bin/ld: CMakeFiles/isam_test.dir/isam2Node.cpp.o: in function `gtsam::Pose2 const gtsam::Values::at<gtsam::Pose2>(unsigned long) const':
[12.839s] isam2Node.cpp:(.text._ZNK5gtsam6Values2atINS_5Pose2EEEKT_m[_ZNK5gtsam6Values2atINS_5Pose2EEEKT_m]+0x93): undefined reference to `typeinfo for gtsam::ValuesKeyDoesNotExist'
[12.839s] /usr/bin/ld: CMakeFiles/isam_test.dir/isam2Node.cpp.o: in function `gtsam::Testable<gtsam::Pose2>::Equals(gtsam::Pose2 const&, gtsam::Pose2 const&, double)':
[12.840s] isam2Node.cpp:(.text._ZN5gtsam8TestableINS_5Pose2EE6EqualsERKS1_S4_d[_ZN5gtsam8TestableINS_5Pose2EE6EqualsERKS1_S4_d]+0x31): undefined reference to `gtsam::Pose2::equals(gtsam::Pose2 const&, double) const'
[12.840s] /usr/bin/ld: CMakeFiles/isam_test.dir/isam2Node.cpp.o: in function `gtsam::Testable<gtsam::Pose2>::Print(gtsam::Pose2 const&, std::__cxx11::basic_string<char, std::char_traits<char>, std::allocator<char> > const&)':
[12.840s] isam2Node.cpp:(.text._ZN5gtsam8TestableINS_5Pose2EE5PrintERKS1_RKNSt7__cxx1112basic_stringIcSt11char_traitsIcESaIcEEE[_ZN5gtsam8TestableINS_5Pose2EE5PrintERKS1_RKNSt7__cxx1112basic_stringIcSt11char_traitsIcESaIcEEE]+0x23): undefined reference to `gtsam::Pose2::print(std::__cxx11::basic_string<char, std::char_traits<char>, std::allocator<char> > const&) const'
[12.840s] /usr/bin/ld: CMakeFiles/isam_test.dir/isam2Node.cpp.o: in function `gtsam::JacobianFactor::JacobianFactor<std::vector<unsigned long, tbb::tbb_allocator<unsigned long> >, std::vector<int, tbb::tbb_allocator<int> > >(std::vector<unsigned long, tbb::tbb_allocator<unsigned long> > const&, std::vector<int, tbb::tbb_allocator<int> > const&, long, std::shared_ptr<gtsam::noiseModel::Diagonal> const&)':
[12.840s] isam2Node.cpp:(.text._ZN5gtsam14JacobianFactorC2ISt6vectorImN3tbb13tbb_allocatorImEEES2_IiNS4_IiEEEEERKT_RKT0_lRKSt10shared_ptrINS_10noiseModel8DiagonalEE[_ZN5gtsam14JacobianFactorC5ISt6vectorImN3tbb13tbb_allocatorImEEES2_IiNS4_IiEEEEERKT_RKT0_lRKSt10shared_ptrINS_10noiseModel8DiagonalEE]+0x39): undefined reference to `vtable for gtsam::JacobianFactor'
[12.840s] /usr/bin/ld: CMakeFiles/isam_test.dir/isam2Node.cpp.o: in function `gtsam::internal::handle<gtsam::Pose2>::operator()(unsigned long, gtsam::Value const*)':
[12.840s] isam2Node.cpp:(.text._ZN5gtsam8internal6handleINS_5Pose2EEclEmPKNS_5ValueE[_ZN5gtsam8internal6handleINS_5Pose2EEclEmPKNS_5ValueE]+0xb6): undefined reference to `typeinfo for gtsam::ValuesIncorrectType'
[12.840s] /usr/bin/ld: CMakeFiles/isam_test.dir/isam2Node.cpp.o: in function `gtsam::LieGroup<gtsam::Pose2, 3>::retract(Eigen::Matrix<double, 3, 1, 0, 3, 1> const&, gtsam::OptionalJacobian<3, 3>, gtsam::OptionalJacobian<3, 3>) const':
[12.840s] isam2Node.cpp:(.text._ZNK5gtsam8LieGroupINS_5Pose2ELi3EE7retractERKN5Eigen6MatrixIdLi3ELi1ELi0ELi3ELi1EEENS_16OptionalJacobianILi3ELi3EEES9_[_ZNK5gtsam8LieGroupINS_5Pose2ELi3EE7retractERKN5Eigen6MatrixIdLi3ELi1ELi0ELi3ELi1EEENS_16OptionalJacobianILi3ELi3EEES9_]+0x9f): undefined reference to `gtsam::Pose2::ChartAtOrigin::Retract(Eigen::Matrix<double, 3, 1, 0, 3, 1> const&, gtsam::OptionalJacobian<3, 3>)'
[12.840s] /usr/bin/ld: isam2Node.cpp:(.text._ZNK5gtsam8LieGroupINS_5Pose2ELi3EE7retractERKN5Eigen6MatrixIdLi3ELi1ELi0ELi3ELi1EEENS_16OptionalJacobianILi3ELi3EEES9_[_ZNK5gtsam8LieGroupINS_5Pose2ELi3EE7retractERKN5Eigen6MatrixIdLi3ELi1ELi0ELi3ELi1EEENS_16OptionalJacobianILi3ELi3EEES9_]+0xeb): undefined reference to `gtsam::Pose2::inverse() const'
[12.840s] /usr/bin/ld: isam2Node.cpp:(.text._ZNK5gtsam8LieGroupINS_5Pose2ELi3EE7retractERKN5Eigen6MatrixIdLi3ELi1ELi0ELi3ELi1EEENS_16OptionalJacobianILi3ELi3EEES9_[_ZNK5gtsam8LieGroupINS_5Pose2ELi3EE7retractERKN5Eigen6MatrixIdLi3ELi1ELi0ELi3ELi1EEENS_16OptionalJacobianILi3ELi3EEES9_]+0x101): undefined reference to `gtsam::Pose2::AdjointMap() const'
[12.840s] /usr/bin/ld: CMakeFiles/isam_test.dir/isam2Node.cpp.o: in function `gtsam::LieGroup<gtsam::Pose2, 3>::localCoordinates(gtsam::Pose2 const&, gtsam::OptionalJacobian<3, 3>, gtsam::OptionalJacobian<3, 3>) const':
[12.840s] isam2Node.cpp:(.text._ZNK5gtsam8LieGroupINS_5Pose2ELi3EE16localCoordinatesERKS1_NS_16OptionalJacobianILi3ELi3EEES6_[_ZNK5gtsam8LieGroupINS_5Pose2ELi3EE16localCoordinatesERKS1_NS_16OptionalJacobianILi3ELi3EEES6_]+0xd2): undefined reference to `gtsam::Pose2::ChartAtOrigin::Local(gtsam::Pose2 const&, gtsam::OptionalJacobian<3, 3>)'
[12.840s] /usr/bin/ld: isam2Node.cpp:(.text._ZNK5gtsam8LieGroupINS_5Pose2ELi3EE16localCoordinatesERKS1_NS_16OptionalJacobianILi3ELi3EEES6_[_ZNK5gtsam8LieGroupINS_5Pose2ELi3EE16localCoordinatesERKS1_NS_16OptionalJacobianILi3ELi3EEES6_]+0x102): undefined reference to `gtsam::Pose2::inverse() const'
[12.841s] /usr/bin/ld: isam2Node.cpp:(.text._ZNK5gtsam8LieGroupINS_5Pose2ELi3EE16localCoordinatesERKS1_NS_16OptionalJacobianILi3ELi3EEES6_[_ZNK5gtsam8LieGroupINS_5Pose2ELi3EE16localCoordinatesERKS1_NS_16OptionalJacobianILi3ELi3EEES6_]+0x118): undefined reference to `gtsam::Pose2::AdjointMap() const'
[12.841s] /usr/bin/ld: CMakeFiles/isam_test.dir/isam2Node.cpp.o: in function `gtsam::GaussianFactor::GaussianFactor<std::vector<unsigned long, tbb::tbb_allocator<unsigned long> > >(std::vector<unsigned long, tbb::tbb_allocator<unsigned long> > const&)':
[12.841s] isam2Node.cpp:(.text._ZN5gtsam14GaussianFactorC2ISt6vectorImN3tbb13tbb_allocatorImEEEEERKT_[_ZN5gtsam14GaussianFactorC5ISt6vectorImN3tbb13tbb_allocatorImEEEEERKT_]+0x2a): undefined reference to `vtable for gtsam::GaussianFactor'
[12.841s] /usr/bin/ld: CMakeFiles/isam_test.dir/isam2Node.cpp.o: in function `gtsam::LieGroup<gtsam::Pose2, 3>::between(gtsam::Pose2 const&, gtsam::OptionalJacobian<3, 3>, gtsam::OptionalJacobian<3, 3>) const':
[12.841s] isam2Node.cpp:(.text._ZNK5gtsam8LieGroupINS_5Pose2ELi3EE7betweenERKS1_NS_16OptionalJacobianILi3ELi3EEES6_[_ZNK5gtsam8LieGroupINS_5Pose2ELi3EE7betweenERKS1_NS_16OptionalJacobianILi3ELi3EEES6_]+0x5e): undefined reference to `gtsam::Pose2::inverse() const'
[12.841s] /usr/bin/ld: isam2Node.cpp:(.text._ZNK5gtsam8LieGroupINS_5Pose2ELi3EE7betweenERKS1_NS_16OptionalJacobianILi3ELi3EEES6_[_ZNK5gtsam8LieGroupINS_5Pose2ELi3EE7betweenERKS1_NS_16OptionalJacobianILi3ELi3EEES6_]+0xa4): undefined reference to `gtsam::Pose2::inverse() const'
[12.841s] /usr/bin/ld: isam2Node.cpp:(.text._ZNK5gtsam8LieGroupINS_5Pose2ELi3EE7betweenERKS1_NS_16OptionalJacobianILi3ELi3EEES6_[_ZNK5gtsam8LieGroupINS_5Pose2ELi3EE7betweenERKS1_NS_16OptionalJacobianILi3ELi3EEES6_]+0xb7): undefined reference to `gtsam::Pose2::AdjointMap() const'
[12.841s] /usr/bin/ld: CMakeFiles/isam_test.dir/isam2Node.cpp.o: in function `gtsam::LieGroup<gtsam::Pose2, 3>::between(gtsam::Pose2 const&) const':
[12.841s] isam2Node.cpp:(.text._ZNK5gtsam8LieGroupINS_5Pose2ELi3EE7betweenERKS1_[_ZNK5gtsam8LieGroupINS_5Pose2ELi3EE7betweenERKS1_]+0x41): undefined reference to `gtsam::Pose2::inverse() const'
[12.841s] /usr/bin/ld: CMakeFiles/isam_test.dir/isam2Node.cpp.o: in function `gtsam::Testable<gtsam::Rot2>::Equals(gtsam::Rot2 const&, gtsam::Rot2 const&, double)':
[12.841s] isam2Node.cpp:(.text._ZN5gtsam8TestableINS_4Rot2EE6EqualsERKS1_S4_d[_ZN5gtsam8TestableINS_4Rot2EE6EqualsERKS1_S4_d]+0x31): undefined reference to `gtsam::Rot2::equals(gtsam::Rot2 const&, double) const'
[12.841s] /usr/bin/ld: CMakeFiles/isam_test.dir/isam2Node.cpp.o: in function `gtsam::Factor::Factor<std::vector<unsigned long, tbb::tbb_allocator<unsigned long> > >(std::vector<unsigned long, tbb::tbb_allocator<unsigned long> > const&)':
[12.841s] isam2Node.cpp:(.text._ZN5gtsam6FactorC2ISt6vectorImN3tbb13tbb_allocatorImEEEEERKT_[_ZN5gtsam6FactorC5ISt6vectorImN3tbb13tbb_allocatorImEEEEERKT_]+0x29): undefined reference to `vtable for gtsam::Factor'
[12.841s] /usr/bin/ld: CMakeFiles/isam_test.dir/isam2Node.cpp.o: in function `gtsam::Testable<gtsam::Rot2>::Print(gtsam::Rot2 const&, std::__cxx11::basic_string<char, std::char_traits<char>, std::allocator<char> > const&)':
[12.841s] isam2Node.cpp:(.text._ZN5gtsam8TestableINS_4Rot2EE5PrintERKS1_RKNSt7__cxx1112basic_stringIcSt11char_traitsIcESaIcEEE[_ZN5gtsam8TestableINS_4Rot2EE5PrintERKS1_RKNSt7__cxx1112basic_stringIcSt11char_traitsIcESaIcEEE]+0x23): undefined reference to `gtsam::Rot2::print(std::__cxx11::basic_string<char, std::char_traits<char>, std::allocator<char> > const&) const'
[12.842s] collect2: error: ld returned 1 exit status
[12.842s] make[2]: *** [CMakeFiles/isam_test.dir/build.make:157: isam_test] Error 1
[12.842s] make[1]: *** [CMakeFiles/Makefile2:78: CMakeFiles/isam_test.dir/all] Error 2
[12.842s] make: *** [Makefile:141: all] Error 2
[12.842s] Invoked command in '/home/andrewwhong/classes/16833/iSAM2_SLAM/workspace/build/isam2' returned '2': AMENT_PREFIX_PATH=/home/andrewwhong/classes/16833/iSAM2_SLAM/workspace/install/eufs_msgs:${AMENT_PREFIX_PATH} CMAKE_PREFIX_PATH=/home/andrewwhong/classes/16833/iSAM2_SLAM/workspace/install/eufs_msgs:/opt/ros/foxy LD_LIBRARY_PATH=/home/andrewwhong/classes/16833/iSAM2_SLAM/workspace/install/eufs_msgs/lib:${LD_LIBRARY_PATH} PYTHONPATH=/home/andrewwhong/classes/16833/iSAM2_SLAM/workspace/install/eufs_msgs/lib/python3.8/site-packages:${PYTHONPATH} WSLENV=ELECTRON_RUN_AS_NODE/w: /usr/bin/cmake --build /home/andrewwhong/classes/16833/iSAM2_SLAM/workspace/build/isam2 -- -j12 -l12
