[1.383s] Invoking command in '/home/andrewwhong/classes/16833/iSAM2_SLAM/workspace/src/build/isam2': AMENT_PREFIX_PATH=/home/andrewwhong/classes/16833/iSAM2_SLAM/workspace/src/install/eufs_msgs:${AMENT_PREFIX_PATH} CMAKE_PREFIX_PATH=/home/andrewwhong/classes/16833/iSAM2_SLAM/workspace/src/install/eufs_msgs:/home/andrewwhong/classes/16833/iSAM2_SLAM/workspace/install/isam2:/home/andrewwhong/classes/16833/iSAM2_SLAM/workspace/install/eufs_msgs:/opt/ros/foxy LD_LIBRARY_PATH=/home/andrewwhong/classes/16833/iSAM2_SLAM/workspace/src/install/eufs_msgs/lib:${LD_LIBRARY_PATH} PYTHONPATH=/home/andrewwhong/classes/16833/iSAM2_SLAM/workspace/src/install/eufs_msgs/lib/python3.8/site-packages:${PYTHONPATH} /usr/bin/cmake /home/andrewwhong/classes/16833/iSAM2_SLAM/workspace/src/isam2 -DCMAKE_INSTALL_PREFIX=/home/andrewwhong/classes/16833/iSAM2_SLAM/workspace/src/install/isam2
[2.780s] -- The C compiler identification is GNU 9.4.0
[5.503s] -- The CXX compiler identification is GNU 9.4.0
[6.509s] -- Check for working C compiler: /usr/bin/cc
[7.370s] -- Check for working C compiler: /usr/bin/cc -- works
[7.376s] -- Detecting C compiler ABI info
[8.267s] -- Detecting C compiler ABI info - done
[8.305s] -- Detecting C compile features
[8.306s] -- Detecting C compile features - done
[8.315s] -- Check for working CXX compiler: /usr/bin/c++
[9.197s] -- Check for working CXX compiler: /usr/bin/c++ -- works
[9.199s] -- Detecting CXX compiler ABI info
[10.163s] -- Detecting CXX compiler ABI info - done
[10.210s] -- Detecting CXX compile features
[10.212s] -- Detecting CXX compile features - done
[10.255s] -- Found ament_cmake: 0.9.12 (/opt/ros/foxy/share/ament_cmake/cmake)
[10.353s] -- Found PythonInterp: /usr/local/bin/python3 (found suitable version "3.8.10", minimum required is "3") 
[10.354s] -- Using PYTHON_EXECUTABLE: /usr/local/bin/python3
[11.705s] -- Found rclcpp: 2.4.3 (/opt/ros/foxy/share/rclcpp/cmake)
[13.162s] -- Using all available rosidl_typesupport_c: rosidl_typesupport_fastrtps_c;rosidl_typesupport_introspection_c
[13.210s] -- Found rosidl_adapter: 1.3.1 (/opt/ros/foxy/share/rosidl_adapter/cmake)
[23.261s] -- Found OpenSSL: /usr/lib/x86_64-linux-gnu/libcrypto.so (found version "1.1.1f")  
[33.827s] -- Found FastRTPS: /opt/ros/foxy/include  
[46.263s] -- Using all available rosidl_typesupport_cpp: rosidl_typesupport_fastrtps_cpp;rosidl_typesupport_introspection_cpp
[46.457s] -- Found rmw_implementation_cmake: 1.0.4 (/opt/ros/foxy/share/rmw_implementation_cmake/cmake)
[46.465s] -- Using RMW implementation 'rmw_fastrtps_cpp' as default
[46.470s] -- Looking for pthread.h
[47.673s] -- Looking for pthread.h - found
[47.674s] -- Performing Test CMAKE_HAVE_LIBC_PTHREAD
[49.249s] -- Performing Test CMAKE_HAVE_LIBC_PTHREAD - Failed
[49.250s] -- Looking for pthread_create in pthreads
[50.149s] -- Looking for pthread_create in pthreads - not found
[50.150s] -- Looking for pthread_create in pthread
[51.559s] -- Looking for pthread_create in pthread - found
[51.562s] -- Found Threads: TRUE  
[52.254s] -- Found message_filters: 3.2.7 (/opt/ros/foxy/share/message_filters/cmake)
[52.267s] -- Found eufs_msgs: 2.0.0 (/home/andrewwhong/classes/16833/iSAM2_SLAM/workspace/src/install/eufs_msgs/share/eufs_msgs/cmake)
[54.061s] -- Found Boost: /usr/lib/x86_64-linux-gnu/cmake/Boost-1.71.0/BoostConfig.cmake (found suitable version "1.71.0", minimum required is "1.65") found components: serialization system filesystem thread program_options date_time timer chrono regex 
[54.108s] -- GTSAM include directory:  /usr/local/lib/cmake/GTSAM/../../../include
[54.650s] -- Configuring done
[54.766s] -- Generating done
[54.779s] -- Build files have been written to: /home/andrewwhong/classes/16833/iSAM2_SLAM/workspace/src/build/isam2
[54.823s] Invoked command in '/home/andrewwhong/classes/16833/iSAM2_SLAM/workspace/src/build/isam2' returned '0': AMENT_PREFIX_PATH=/home/andrewwhong/classes/16833/iSAM2_SLAM/workspace/src/install/eufs_msgs:${AMENT_PREFIX_PATH} CMAKE_PREFIX_PATH=/home/andrewwhong/classes/16833/iSAM2_SLAM/workspace/src/install/eufs_msgs:/home/andrewwhong/classes/16833/iSAM2_SLAM/workspace/install/isam2:/home/andrewwhong/classes/16833/iSAM2_SLAM/workspace/install/eufs_msgs:/opt/ros/foxy LD_LIBRARY_PATH=/home/andrewwhong/classes/16833/iSAM2_SLAM/workspace/src/install/eufs_msgs/lib:${LD_LIBRARY_PATH} PYTHONPATH=/home/andrewwhong/classes/16833/iSAM2_SLAM/workspace/src/install/eufs_msgs/lib/python3.8/site-packages:${PYTHONPATH} /usr/bin/cmake /home/andrewwhong/classes/16833/iSAM2_SLAM/workspace/src/isam2 -DCMAKE_INSTALL_PREFIX=/home/andrewwhong/classes/16833/iSAM2_SLAM/workspace/src/install/isam2
[54.833s] Invoking command in '/home/andrewwhong/classes/16833/iSAM2_SLAM/workspace/src/build/isam2': AMENT_PREFIX_PATH=/home/andrewwhong/classes/16833/iSAM2_SLAM/workspace/src/install/eufs_msgs:${AMENT_PREFIX_PATH} CMAKE_PREFIX_PATH=/home/andrewwhong/classes/16833/iSAM2_SLAM/workspace/src/install/eufs_msgs:/home/andrewwhong/classes/16833/iSAM2_SLAM/workspace/install/isam2:/home/andrewwhong/classes/16833/iSAM2_SLAM/workspace/install/eufs_msgs:/opt/ros/foxy LD_LIBRARY_PATH=/home/andrewwhong/classes/16833/iSAM2_SLAM/workspace/src/install/eufs_msgs/lib:${LD_LIBRARY_PATH} PYTHONPATH=/home/andrewwhong/classes/16833/iSAM2_SLAM/workspace/src/install/eufs_msgs/lib/python3.8/site-packages:${PYTHONPATH} /usr/bin/cmake --build /home/andrewwhong/classes/16833/iSAM2_SLAM/workspace/src/build/isam2 -- -j12 -l12
[54.990s] [35m[1mScanning dependencies of target isam_test[0m
[55.813s] [ 50%] [32mBuilding CXX object CMakeFiles/isam_test.dir/isam2Node.cpp.o[0m
[56.978s] In file included from [01m[K/home/andrewwhong/classes/16833/iSAM2_SLAM/workspace/src/isam2/isam2.cpp:29[m[K,
[56.978s]                  from [01m[K/home/andrewwhong/classes/16833/iSAM2_SLAM/workspace/src/isam2/isam2Node.cpp:14[m[K:
[56.979s] [01m[K/usr/local/include/gtsam/slam/BearingRangeFactor.h:18:2:[m[K [01;35m[Kwarning: [m[K#warning "BearingRangeFactor is now an ExpressionFactor in SAM directory" [[01;35m[K-Wcpp[m[K]
[56.979s]    18 | #[01;35m[Kwarning[m[K "BearingRangeFactor is now an ExpressionFactor in SAM directory"
[56.979s]       |  [01;35m[K^~~~~~~[m[K
[118.878s] [100%] [32m[1mLinking CXX executable isam_test[0m
[121.953s] [100%] Built target isam_test
[121.993s] Invoked command in '/home/andrewwhong/classes/16833/iSAM2_SLAM/workspace/src/build/isam2' returned '0': AMENT_PREFIX_PATH=/home/andrewwhong/classes/16833/iSAM2_SLAM/workspace/src/install/eufs_msgs:${AMENT_PREFIX_PATH} CMAKE_PREFIX_PATH=/home/andrewwhong/classes/16833/iSAM2_SLAM/workspace/src/install/eufs_msgs:/home/andrewwhong/classes/16833/iSAM2_SLAM/workspace/install/isam2:/home/andrewwhong/classes/16833/iSAM2_SLAM/workspace/install/eufs_msgs:/opt/ros/foxy LD_LIBRARY_PATH=/home/andrewwhong/classes/16833/iSAM2_SLAM/workspace/src/install/eufs_msgs/lib:${LD_LIBRARY_PATH} PYTHONPATH=/home/andrewwhong/classes/16833/iSAM2_SLAM/workspace/src/install/eufs_msgs/lib/python3.8/site-packages:${PYTHONPATH} /usr/bin/cmake --build /home/andrewwhong/classes/16833/iSAM2_SLAM/workspace/src/build/isam2 -- -j12 -l12
[122.070s] Invoking command in '/home/andrewwhong/classes/16833/iSAM2_SLAM/workspace/src/build/isam2': AMENT_PREFIX_PATH=/home/andrewwhong/classes/16833/iSAM2_SLAM/workspace/src/install/eufs_msgs:${AMENT_PREFIX_PATH} CMAKE_PREFIX_PATH=/home/andrewwhong/classes/16833/iSAM2_SLAM/workspace/src/install/eufs_msgs:/home/andrewwhong/classes/16833/iSAM2_SLAM/workspace/install/isam2:/home/andrewwhong/classes/16833/iSAM2_SLAM/workspace/install/eufs_msgs:/opt/ros/foxy LD_LIBRARY_PATH=/home/andrewwhong/classes/16833/iSAM2_SLAM/workspace/src/install/eufs_msgs/lib:${LD_LIBRARY_PATH} PYTHONPATH=/home/andrewwhong/classes/16833/iSAM2_SLAM/workspace/src/install/eufs_msgs/lib/python3.8/site-packages:${PYTHONPATH} /usr/bin/cmake --install /home/andrewwhong/classes/16833/iSAM2_SLAM/workspace/src/build/isam2
[122.093s] -- Install configuration: ""
[122.100s] -- Installing: /home/andrewwhong/classes/16833/iSAM2_SLAM/workspace/src/install/isam2/lib/isam2/isam_test
[122.114s] -- Set runtime path of "/home/andrewwhong/classes/16833/iSAM2_SLAM/workspace/src/install/isam2/lib/isam2/isam_test" to ""
[122.119s] -- Installing: /home/andrewwhong/classes/16833/iSAM2_SLAM/workspace/src/install/isam2/share/ament_index/resource_index/package_run_dependencies/isam2
[122.120s] -- Installing: /home/andrewwhong/classes/16833/iSAM2_SLAM/workspace/src/install/isam2/share/ament_index/resource_index/parent_prefix_path/isam2
[122.134s] -- Installing: /home/andrewwhong/classes/16833/iSAM2_SLAM/workspace/src/install/isam2/share/isam2/environment/ament_prefix_path.sh
[122.135s] -- Installing: /home/andrewwhong/classes/16833/iSAM2_SLAM/workspace/src/install/isam2/share/isam2/environment/ament_prefix_path.dsv
[122.136s] -- Installing: /home/andrewwhong/classes/16833/iSAM2_SLAM/workspace/src/install/isam2/share/isam2/environment/path.sh
[122.137s] -- Installing: /home/andrewwhong/classes/16833/iSAM2_SLAM/workspace/src/install/isam2/share/isam2/environment/path.dsv
[122.138s] -- Installing: /home/andrewwhong/classes/16833/iSAM2_SLAM/workspace/src/install/isam2/share/isam2/local_setup.bash
[122.139s] -- Installing: /home/andrewwhong/classes/16833/iSAM2_SLAM/workspace/src/install/isam2/share/isam2/local_setup.sh
[122.140s] -- Installing: /home/andrewwhong/classes/16833/iSAM2_SLAM/workspace/src/install/isam2/share/isam2/local_setup.zsh
[122.142s] -- Installing: /home/andrewwhong/classes/16833/iSAM2_SLAM/workspace/src/install/isam2/share/isam2/local_setup.dsv
[122.143s] -- Installing: /home/andrewwhong/classes/16833/iSAM2_SLAM/workspace/src/install/isam2/share/isam2/package.dsv
[122.150s] -- Installing: /home/andrewwhong/classes/16833/iSAM2_SLAM/workspace/src/install/isam2/share/ament_index/resource_index/packages/isam2
[122.154s] -- Installing: /home/andrewwhong/classes/16833/iSAM2_SLAM/workspace/src/install/isam2/share/isam2/cmake/ament_cmake_export_include_directories-extras.cmake
[122.156s] -- Installing: /home/andrewwhong/classes/16833/iSAM2_SLAM/workspace/src/install/isam2/share/isam2/cmake/isam2Config.cmake
[122.157s] -- Installing: /home/andrewwhong/classes/16833/iSAM2_SLAM/workspace/src/install/isam2/share/isam2/cmake/isam2Config-version.cmake
[122.158s] -- Installing: /home/andrewwhong/classes/16833/iSAM2_SLAM/workspace/src/install/isam2/share/isam2/package.xml
[122.167s] Invoked command in '/home/andrewwhong/classes/16833/iSAM2_SLAM/workspace/src/build/isam2' returned '0': AMENT_PREFIX_PATH=/home/andrewwhong/classes/16833/iSAM2_SLAM/workspace/src/install/eufs_msgs:${AMENT_PREFIX_PATH} CMAKE_PREFIX_PATH=/home/andrewwhong/classes/16833/iSAM2_SLAM/workspace/src/install/eufs_msgs:/home/andrewwhong/classes/16833/iSAM2_SLAM/workspace/install/isam2:/home/andrewwhong/classes/16833/iSAM2_SLAM/workspace/install/eufs_msgs:/opt/ros/foxy LD_LIBRARY_PATH=/home/andrewwhong/classes/16833/iSAM2_SLAM/workspace/src/install/eufs_msgs/lib:${LD_LIBRARY_PATH} PYTHONPATH=/home/andrewwhong/classes/16833/iSAM2_SLAM/workspace/src/install/eufs_msgs/lib/python3.8/site-packages:${PYTHONPATH} /usr/bin/cmake --install /home/andrewwhong/classes/16833/iSAM2_SLAM/workspace/src/build/isam2
