[1.179s] DEBUG:colcon:Command line arguments: ['/usr/bin/colcon', 'build']
[1.180s] DEBUG:colcon:Parsed command line arguments: Namespace(allow_overriding=[], ament_cmake_args=None, base_paths=['.'], build_base='build', catkin_cmake_args=None, catkin_skip_building_tests=False, cmake_args=None, cmake_clean_cache=False, cmake_clean_first=False, cmake_force_configure=False, cmake_target=None, cmake_target_skip_unavailable=False, continue_on_error=False, event_handlers=None, executor='parallel', ignore_user_meta=False, install_base='install', log_base=None, log_level=None, main=<bound method BuildVerb.main of <colcon_core.verb.build.BuildVerb object at 0x7f6fd329ba90>>, merge_install=False, metas=['./colcon.meta'], packages_above=None, packages_above_and_dependencies=None, packages_above_depth=None, packages_end=None, packages_ignore=None, packages_ignore_regex=None, packages_select=None, packages_select_build_failed=False, packages_select_by_dep=None, packages_select_regex=None, packages_select_test_failures=False, packages_skip=None, packages_skip_build_finished=False, packages_skip_by_dep=None, packages_skip_regex=None, packages_skip_test_passed=False, packages_skip_up_to=None, packages_start=None, packages_up_to=None, packages_up_to_regex=None, parallel_workers=24, paths=None, symlink_install=False, test_result_base=None, verb_extension=<colcon_core.verb.build.BuildVerb object at 0x7f6fd329ba90>, verb_name='build', verb_parser=<colcon_defaults.argument_parser.defaults.DefaultArgumentsDecorator object at 0x7f6fd2fd3850>)
[1.225s] Level 1:colcon.colcon_core.package_discovery:discover_packages(colcon_meta) check parameters
[1.225s] Level 1:colcon.colcon_core.package_discovery:discover_packages(recursive) check parameters
[1.225s] Level 1:colcon.colcon_core.package_discovery:discover_packages(ignore) check parameters
[1.225s] Level 1:colcon.colcon_core.package_discovery:discover_packages(path) check parameters
[1.225s] Level 1:colcon.colcon_core.package_discovery:discover_packages(colcon_meta) discover
[1.225s] Level 1:colcon.colcon_core.package_discovery:discover_packages(recursive) discover
[1.225s] INFO:colcon.colcon_core.package_discovery:Crawling recursively for packages in '/home/dale/Documents/isam2/iSAM2_SLAM/workspace'
[1.225s] Level 1:colcon.colcon_core.package_identification:_identify(.) by extensions ['ignore', 'ignore_ament_install']
[1.225s] Level 1:colcon.colcon_core.package_identification:_identify(.) by extension 'ignore'
[1.225s] Level 1:colcon.colcon_core.package_identification:_identify(.) by extension 'ignore_ament_install'
[1.225s] Level 1:colcon.colcon_core.package_identification:_identify(.) by extensions ['colcon_pkg']
[1.225s] Level 1:colcon.colcon_core.package_identification:_identify(.) by extension 'colcon_pkg'
[1.226s] Level 1:colcon.colcon_core.package_identification:_identify(.) by extensions ['colcon_meta']
[1.226s] Level 1:colcon.colcon_core.package_identification:_identify(.) by extension 'colcon_meta'
[1.226s] Level 1:colcon.colcon_core.package_identification:_identify(.) by extensions ['ros']
[1.226s] Level 1:colcon.colcon_core.package_identification:_identify(.) by extension 'ros'
[1.232s] Level 1:colcon.colcon_core.package_identification:_identify(.) by extensions ['cmake', 'python']
[1.232s] Level 1:colcon.colcon_core.package_identification:_identify(.) by extension 'cmake'
[1.232s] Level 1:colcon.colcon_core.package_identification:_identify(.) by extension 'python'
[1.232s] Level 1:colcon.colcon_core.package_identification:_identify(.) by extensions ['python_setup_py']
[1.232s] Level 1:colcon.colcon_core.package_identification:_identify(.) by extension 'python_setup_py'
[1.232s] Level 1:colcon.colcon_core.package_identification:_identify(build) by extensions ['ignore', 'ignore_ament_install']
[1.232s] Level 1:colcon.colcon_core.package_identification:_identify(build) by extension 'ignore'
[1.232s] Level 1:colcon.colcon_core.package_identification:_identify(build) ignored
[1.232s] Level 1:colcon.colcon_core.package_identification:_identify(install) by extensions ['ignore', 'ignore_ament_install']
[1.232s] Level 1:colcon.colcon_core.package_identification:_identify(install) by extension 'ignore'
[1.232s] Level 1:colcon.colcon_core.package_identification:_identify(install) ignored
[1.232s] Level 1:colcon.colcon_core.package_identification:_identify(log) by extensions ['ignore', 'ignore_ament_install']
[1.232s] Level 1:colcon.colcon_core.package_identification:_identify(log) by extension 'ignore'
[1.232s] Level 1:colcon.colcon_core.package_identification:_identify(log) ignored
[1.232s] Level 1:colcon.colcon_core.package_identification:_identify(src) by extensions ['ignore', 'ignore_ament_install']
[1.233s] Level 1:colcon.colcon_core.package_identification:_identify(src) by extension 'ignore'
[1.233s] Level 1:colcon.colcon_core.package_identification:_identify(src) by extension 'ignore_ament_install'
[1.233s] Level 1:colcon.colcon_core.package_identification:_identify(src) by extensions ['colcon_pkg']
[1.233s] Level 1:colcon.colcon_core.package_identification:_identify(src) by extension 'colcon_pkg'
[1.233s] Level 1:colcon.colcon_core.package_identification:_identify(src) by extensions ['colcon_meta']
[1.233s] Level 1:colcon.colcon_core.package_identification:_identify(src) by extension 'colcon_meta'
[1.233s] Level 1:colcon.colcon_core.package_identification:_identify(src) by extensions ['ros']
[1.233s] Level 1:colcon.colcon_core.package_identification:_identify(src) by extension 'ros'
[1.233s] Level 1:colcon.colcon_core.package_identification:_identify(src) by extensions ['cmake', 'python']
[1.233s] Level 1:colcon.colcon_core.package_identification:_identify(src) by extension 'cmake'
[1.233s] Level 1:colcon.colcon_core.package_identification:_identify(src) by extension 'python'
[1.233s] Level 1:colcon.colcon_core.package_identification:_identify(src) by extensions ['python_setup_py']
[1.233s] Level 1:colcon.colcon_core.package_identification:_identify(src) by extension 'python_setup_py'
[1.233s] Level 1:colcon.colcon_core.package_identification:_identify(src/eufs_msgs) by extensions ['ignore', 'ignore_ament_install']
[1.233s] Level 1:colcon.colcon_core.package_identification:_identify(src/eufs_msgs) by extension 'ignore'
[1.233s] Level 1:colcon.colcon_core.package_identification:_identify(src/eufs_msgs) by extension 'ignore_ament_install'
[1.233s] Level 1:colcon.colcon_core.package_identification:_identify(src/eufs_msgs) by extensions ['colcon_pkg']
[1.233s] Level 1:colcon.colcon_core.package_identification:_identify(src/eufs_msgs) by extension 'colcon_pkg'
[1.233s] Level 1:colcon.colcon_core.package_identification:_identify(src/eufs_msgs) by extensions ['colcon_meta']
[1.233s] Level 1:colcon.colcon_core.package_identification:_identify(src/eufs_msgs) by extension 'colcon_meta'
[1.233s] Level 1:colcon.colcon_core.package_identification:_identify(src/eufs_msgs) by extensions ['ros']
[1.233s] Level 1:colcon.colcon_core.package_identification:_identify(src/eufs_msgs) by extension 'ros'
[1.234s] DEBUG:colcon.colcon_core.package_identification:Package 'src/eufs_msgs' with type 'ros.ament_cmake' and name 'eufs_msgs'
[1.234s] Level 1:colcon.colcon_core.package_identification:_identify(src/isam2) by extensions ['ignore', 'ignore_ament_install']
[1.234s] Level 1:colcon.colcon_core.package_identification:_identify(src/isam2) by extension 'ignore'
[1.234s] Level 1:colcon.colcon_core.package_identification:_identify(src/isam2) by extension 'ignore_ament_install'
[1.234s] Level 1:colcon.colcon_core.package_identification:_identify(src/isam2) by extensions ['colcon_pkg']
[1.234s] Level 1:colcon.colcon_core.package_identification:_identify(src/isam2) by extension 'colcon_pkg'
[1.234s] Level 1:colcon.colcon_core.package_identification:_identify(src/isam2) by extensions ['colcon_meta']
[1.234s] Level 1:colcon.colcon_core.package_identification:_identify(src/isam2) by extension 'colcon_meta'
[1.234s] Level 1:colcon.colcon_core.package_identification:_identify(src/isam2) by extensions ['ros']
[1.234s] Level 1:colcon.colcon_core.package_identification:_identify(src/isam2) by extension 'ros'
[1.235s] DEBUG:colcon.colcon_core.package_identification:Package 'src/isam2' with type 'ros.ament_cmake' and name 'isam2'
[1.235s] Level 1:colcon.colcon_core.package_discovery:discover_packages(recursive) using defaults
[1.235s] Level 1:colcon.colcon_core.package_discovery:discover_packages(ignore) discover
[1.235s] Level 1:colcon.colcon_core.package_discovery:discover_packages(ignore) using defaults
[1.235s] Level 1:colcon.colcon_core.package_discovery:discover_packages(path) discover
[1.235s] Level 1:colcon.colcon_core.package_discovery:discover_packages(path) using defaults
[1.267s] Level 1:colcon.colcon_core.package_discovery:discover_packages(prefix_path) check parameters
[1.267s] Level 1:colcon.colcon_core.package_discovery:discover_packages(prefix_path) discover
[1.277s] DEBUG:colcon.colcon_installed_package_information.package_discovery:Found 275 installed packages in /opt/ros/foxy
[1.277s] Level 1:colcon.colcon_core.package_discovery:discover_packages(prefix_path) using defaults
[1.304s] Level 5:colcon.colcon_core.verb:set package 'eufs_msgs' build argument 'cmake_args' from command line to 'None'
[1.304s] Level 5:colcon.colcon_core.verb:set package 'eufs_msgs' build argument 'cmake_target' from command line to 'None'
[1.304s] Level 5:colcon.colcon_core.verb:set package 'eufs_msgs' build argument 'cmake_target_skip_unavailable' from command line to 'False'
[1.304s] Level 5:colcon.colcon_core.verb:set package 'eufs_msgs' build argument 'cmake_clean_cache' from command line to 'False'
[1.304s] Level 5:colcon.colcon_core.verb:set package 'eufs_msgs' build argument 'cmake_clean_first' from command line to 'False'
[1.304s] Level 5:colcon.colcon_core.verb:set package 'eufs_msgs' build argument 'cmake_force_configure' from command line to 'False'
[1.304s] Level 5:colcon.colcon_core.verb:set package 'eufs_msgs' build argument 'ament_cmake_args' from command line to 'None'
[1.304s] Level 5:colcon.colcon_core.verb:set package 'eufs_msgs' build argument 'catkin_cmake_args' from command line to 'None'
[1.305s] Level 5:colcon.colcon_core.verb:set package 'eufs_msgs' build argument 'catkin_skip_building_tests' from command line to 'False'
[1.305s] DEBUG:colcon.colcon_core.verb:Building package 'eufs_msgs' with the following arguments: {'ament_cmake_args': None, 'build_base': '/home/dale/Documents/isam2/iSAM2_SLAM/workspace/build/eufs_msgs', 'catkin_cmake_args': None, 'catkin_skip_building_tests': False, 'cmake_args': None, 'cmake_clean_cache': False, 'cmake_clean_first': False, 'cmake_force_configure': False, 'cmake_target': None, 'cmake_target_skip_unavailable': False, 'install_base': '/home/dale/Documents/isam2/iSAM2_SLAM/workspace/install/eufs_msgs', 'merge_install': False, 'path': '/home/dale/Documents/isam2/iSAM2_SLAM/workspace/src/eufs_msgs', 'symlink_install': False, 'test_result_base': None}
[1.309s] Level 5:colcon.colcon_core.verb:set package 'isam2' build argument 'cmake_args' from command line to 'None'
[1.309s] Level 5:colcon.colcon_core.verb:set package 'isam2' build argument 'cmake_target' from command line to 'None'
[1.309s] Level 5:colcon.colcon_core.verb:set package 'isam2' build argument 'cmake_target_skip_unavailable' from command line to 'False'
[1.309s] Level 5:colcon.colcon_core.verb:set package 'isam2' build argument 'cmake_clean_cache' from command line to 'False'
[1.309s] Level 5:colcon.colcon_core.verb:set package 'isam2' build argument 'cmake_clean_first' from command line to 'False'
[1.309s] Level 5:colcon.colcon_core.verb:set package 'isam2' build argument 'cmake_force_configure' from command line to 'False'
[1.309s] Level 5:colcon.colcon_core.verb:set package 'isam2' build argument 'ament_cmake_args' from command line to 'None'
[1.309s] Level 5:colcon.colcon_core.verb:set package 'isam2' build argument 'catkin_cmake_args' from command line to 'None'
[1.309s] Level 5:colcon.colcon_core.verb:set package 'isam2' build argument 'catkin_skip_building_tests' from command line to 'False'
[1.309s] DEBUG:colcon.colcon_core.verb:Building package 'isam2' with the following arguments: {'ament_cmake_args': None, 'build_base': '/home/dale/Documents/isam2/iSAM2_SLAM/workspace/build/isam2', 'catkin_cmake_args': None, 'catkin_skip_building_tests': False, 'cmake_args': None, 'cmake_clean_cache': False, 'cmake_clean_first': False, 'cmake_force_configure': False, 'cmake_target': None, 'cmake_target_skip_unavailable': False, 'install_base': '/home/dale/Documents/isam2/iSAM2_SLAM/workspace/install/isam2', 'merge_install': False, 'path': '/home/dale/Documents/isam2/iSAM2_SLAM/workspace/src/isam2', 'symlink_install': False, 'test_result_base': None}
[1.314s] INFO:colcon.colcon_core.executor:Executing jobs using 'parallel' executor
[1.319s] DEBUG:colcon.colcon_parallel_executor.executor.parallel:run_until_complete
[1.319s] INFO:colcon.colcon_ros.task.ament_cmake.build:Building ROS package in '/home/dale/Documents/isam2/iSAM2_SLAM/workspace/src/eufs_msgs' with build type 'ament_cmake'
[1.319s] INFO:colcon.colcon_cmake.task.cmake.build:Building CMake package in '/home/dale/Documents/isam2/iSAM2_SLAM/workspace/src/eufs_msgs'
[1.324s] INFO:colcon.colcon_core.plugin_system:Skipping extension 'colcon_core.shell.bat': Not used on non-Windows systems
[1.325s] INFO:colcon.colcon_core.shell:Skip shell extension 'powershell' for command environment: Not usable outside of PowerShell
[1.325s] DEBUG:colcon.colcon_core.shell:Skip shell extension 'dsv' for command environment
[1.338s] DEBUG:colcon.colcon_core.event_handler.log_command:Invoking command in '/home/dale/Documents/isam2/iSAM2_SLAM/workspace/build/eufs_msgs': CMAKE_PREFIX_PATH=/opt/ros/foxy CONDA_PROMPT_MODIFIER=(base) /home/dale/miniconda3/bin/cmake /home/dale/Documents/isam2/iSAM2_SLAM/workspace/src/eufs_msgs -DCMAKE_INSTALL_PREFIX=/home/dale/Documents/isam2/iSAM2_SLAM/workspace/install/eufs_msgs
[2.439s] DEBUG:colcon.colcon_core.event_handler.log_command:Invoked command in '/home/dale/Documents/isam2/iSAM2_SLAM/workspace/build/eufs_msgs' returned '0': CMAKE_PREFIX_PATH=/opt/ros/foxy CONDA_PROMPT_MODIFIER=(base) /home/dale/miniconda3/bin/cmake /home/dale/Documents/isam2/iSAM2_SLAM/workspace/src/eufs_msgs -DCMAKE_INSTALL_PREFIX=/home/dale/Documents/isam2/iSAM2_SLAM/workspace/install/eufs_msgs
[2.440s] DEBUG:colcon.colcon_core.event_handler.log_command:Invoking command in '/home/dale/Documents/isam2/iSAM2_SLAM/workspace/build/eufs_msgs': CMAKE_PREFIX_PATH=/opt/ros/foxy CONDA_PROMPT_MODIFIER=(base) /home/dale/miniconda3/bin/cmake --build /home/dale/Documents/isam2/iSAM2_SLAM/workspace/build/eufs_msgs -- -j24 -l24
[12.328s] DEBUG:colcon.colcon_core.event_handler.log_command:Invoked command in '/home/dale/Documents/isam2/iSAM2_SLAM/workspace/build/eufs_msgs' returned '0': CMAKE_PREFIX_PATH=/opt/ros/foxy CONDA_PROMPT_MODIFIER=(base) /home/dale/miniconda3/bin/cmake --build /home/dale/Documents/isam2/iSAM2_SLAM/workspace/build/eufs_msgs -- -j24 -l24
[12.611s] DEBUG:colcon.colcon_core.event_handler.log_command:Invoking command in '/home/dale/Documents/isam2/iSAM2_SLAM/workspace/build/eufs_msgs': CMAKE_PREFIX_PATH=/opt/ros/foxy CONDA_PROMPT_MODIFIER=(base) /home/dale/miniconda3/bin/cmake --install /home/dale/Documents/isam2/iSAM2_SLAM/workspace/build/eufs_msgs
[12.677s] Level 1:colcon.colcon_core.environment:create_environment_scripts_only(eufs_msgs)
[12.677s] DEBUG:colcon.colcon_core.event_handler.log_command:Invoked command in '/home/dale/Documents/isam2/iSAM2_SLAM/workspace/build/eufs_msgs' returned '0': CMAKE_PREFIX_PATH=/opt/ros/foxy CONDA_PROMPT_MODIFIER=(base) /home/dale/miniconda3/bin/cmake --install /home/dale/Documents/isam2/iSAM2_SLAM/workspace/build/eufs_msgs
[12.683s] Level 1:colcon.colcon_core.environment:checking '/home/dale/Documents/isam2/iSAM2_SLAM/workspace/install/eufs_msgs' for CMake module files
[12.683s] Level 1:colcon.colcon_core.environment:checking '/home/dale/Documents/isam2/iSAM2_SLAM/workspace/install/eufs_msgs' for CMake config files
[12.684s] Level 1:colcon.colcon_core.shell:create_environment_hook('eufs_msgs', 'cmake_prefix_path')
[12.689s] INFO:colcon.colcon_core.shell:Creating environment hook '/home/dale/Documents/isam2/iSAM2_SLAM/workspace/install/eufs_msgs/share/eufs_msgs/hook/cmake_prefix_path.ps1'
[12.690s] INFO:colcon.colcon_core.shell:Creating environment descriptor '/home/dale/Documents/isam2/iSAM2_SLAM/workspace/install/eufs_msgs/share/eufs_msgs/hook/cmake_prefix_path.dsv'
[12.690s] INFO:colcon.colcon_core.shell:Creating environment hook '/home/dale/Documents/isam2/iSAM2_SLAM/workspace/install/eufs_msgs/share/eufs_msgs/hook/cmake_prefix_path.sh'
[12.690s] Level 1:colcon.colcon_core.environment:checking '/home/dale/Documents/isam2/iSAM2_SLAM/workspace/install/eufs_msgs/lib'
[12.690s] Level 1:colcon.colcon_core.shell:create_environment_hook('eufs_msgs', 'ld_library_path_lib')
[12.695s] INFO:colcon.colcon_core.shell:Creating environment hook '/home/dale/Documents/isam2/iSAM2_SLAM/workspace/install/eufs_msgs/share/eufs_msgs/hook/ld_library_path_lib.ps1'
[12.695s] INFO:colcon.colcon_core.shell:Creating environment descriptor '/home/dale/Documents/isam2/iSAM2_SLAM/workspace/install/eufs_msgs/share/eufs_msgs/hook/ld_library_path_lib.dsv'
[12.695s] INFO:colcon.colcon_core.shell:Creating environment hook '/home/dale/Documents/isam2/iSAM2_SLAM/workspace/install/eufs_msgs/share/eufs_msgs/hook/ld_library_path_lib.sh'
[12.695s] Level 1:colcon.colcon_core.environment:checking '/home/dale/Documents/isam2/iSAM2_SLAM/workspace/install/eufs_msgs/bin'
[12.695s] Level 1:colcon.colcon_core.environment:checking '/home/dale/Documents/isam2/iSAM2_SLAM/workspace/install/eufs_msgs/lib/pkgconfig/eufs_msgs.pc'
[12.696s] Level 1:colcon.colcon_core.environment:checking '/home/dale/Documents/isam2/iSAM2_SLAM/workspace/install/eufs_msgs/lib/python3.8/site-packages'
[12.696s] Level 1:colcon.colcon_core.shell:create_environment_hook('eufs_msgs', 'pythonpath')
[12.700s] INFO:colcon.colcon_core.shell:Creating environment hook '/home/dale/Documents/isam2/iSAM2_SLAM/workspace/install/eufs_msgs/share/eufs_msgs/hook/pythonpath.ps1'
[12.700s] INFO:colcon.colcon_core.shell:Creating environment descriptor '/home/dale/Documents/isam2/iSAM2_SLAM/workspace/install/eufs_msgs/share/eufs_msgs/hook/pythonpath.dsv'
[12.700s] INFO:colcon.colcon_core.shell:Creating environment hook '/home/dale/Documents/isam2/iSAM2_SLAM/workspace/install/eufs_msgs/share/eufs_msgs/hook/pythonpath.sh'
[12.700s] Level 1:colcon.colcon_core.environment:checking '/home/dale/Documents/isam2/iSAM2_SLAM/workspace/install/eufs_msgs/bin'
[12.705s] INFO:colcon.colcon_core.shell:Creating package script '/home/dale/Documents/isam2/iSAM2_SLAM/workspace/install/eufs_msgs/share/eufs_msgs/package.ps1'
[12.705s] INFO:colcon.colcon_core.shell:Creating package descriptor '/home/dale/Documents/isam2/iSAM2_SLAM/workspace/install/eufs_msgs/share/eufs_msgs/package.dsv'
[12.706s] INFO:colcon.colcon_core.shell:Creating package script '/home/dale/Documents/isam2/iSAM2_SLAM/workspace/install/eufs_msgs/share/eufs_msgs/package.sh'
[12.706s] INFO:colcon.colcon_core.shell:Creating package script '/home/dale/Documents/isam2/iSAM2_SLAM/workspace/install/eufs_msgs/share/eufs_msgs/package.bash'
[12.706s] INFO:colcon.colcon_core.shell:Creating package script '/home/dale/Documents/isam2/iSAM2_SLAM/workspace/install/eufs_msgs/share/eufs_msgs/package.zsh'
[12.706s] Level 1:colcon.colcon_core.environment:create_file_with_runtime_dependencies(/home/dale/Documents/isam2/iSAM2_SLAM/workspace/install/eufs_msgs/share/colcon-core/packages/eufs_msgs)
[12.976s] Level 1:colcon.colcon_core.environment:create_environment_scripts_only(eufs_msgs)
[12.981s] Level 1:colcon.colcon_core.environment:checking '/home/dale/Documents/isam2/iSAM2_SLAM/workspace/install/eufs_msgs' for CMake module files
[12.981s] Level 1:colcon.colcon_core.environment:checking '/home/dale/Documents/isam2/iSAM2_SLAM/workspace/install/eufs_msgs' for CMake config files
[12.982s] Level 1:colcon.colcon_core.shell:create_environment_hook('eufs_msgs', 'cmake_prefix_path')
[12.987s] INFO:colcon.colcon_core.shell:Creating environment hook '/home/dale/Documents/isam2/iSAM2_SLAM/workspace/install/eufs_msgs/share/eufs_msgs/hook/cmake_prefix_path.ps1'
[12.987s] INFO:colcon.colcon_core.shell:Creating environment descriptor '/home/dale/Documents/isam2/iSAM2_SLAM/workspace/install/eufs_msgs/share/eufs_msgs/hook/cmake_prefix_path.dsv'
[12.987s] INFO:colcon.colcon_core.shell:Creating environment hook '/home/dale/Documents/isam2/iSAM2_SLAM/workspace/install/eufs_msgs/share/eufs_msgs/hook/cmake_prefix_path.sh'
[12.987s] Level 1:colcon.colcon_core.environment:checking '/home/dale/Documents/isam2/iSAM2_SLAM/workspace/install/eufs_msgs/lib'
[12.987s] Level 1:colcon.colcon_core.shell:create_environment_hook('eufs_msgs', 'ld_library_path_lib')
[12.992s] INFO:colcon.colcon_core.shell:Creating environment hook '/home/dale/Documents/isam2/iSAM2_SLAM/workspace/install/eufs_msgs/share/eufs_msgs/hook/ld_library_path_lib.ps1'
[12.992s] INFO:colcon.colcon_core.shell:Creating environment descriptor '/home/dale/Documents/isam2/iSAM2_SLAM/workspace/install/eufs_msgs/share/eufs_msgs/hook/ld_library_path_lib.dsv'
[12.992s] INFO:colcon.colcon_core.shell:Creating environment hook '/home/dale/Documents/isam2/iSAM2_SLAM/workspace/install/eufs_msgs/share/eufs_msgs/hook/ld_library_path_lib.sh'
[12.992s] Level 1:colcon.colcon_core.environment:checking '/home/dale/Documents/isam2/iSAM2_SLAM/workspace/install/eufs_msgs/bin'
[12.992s] Level 1:colcon.colcon_core.environment:checking '/home/dale/Documents/isam2/iSAM2_SLAM/workspace/install/eufs_msgs/lib/pkgconfig/eufs_msgs.pc'
[12.992s] Level 1:colcon.colcon_core.environment:checking '/home/dale/Documents/isam2/iSAM2_SLAM/workspace/install/eufs_msgs/lib/python3.8/site-packages'
[12.992s] Level 1:colcon.colcon_core.shell:create_environment_hook('eufs_msgs', 'pythonpath')
[12.997s] INFO:colcon.colcon_core.shell:Creating environment hook '/home/dale/Documents/isam2/iSAM2_SLAM/workspace/install/eufs_msgs/share/eufs_msgs/hook/pythonpath.ps1'
[12.997s] INFO:colcon.colcon_core.shell:Creating environment descriptor '/home/dale/Documents/isam2/iSAM2_SLAM/workspace/install/eufs_msgs/share/eufs_msgs/hook/pythonpath.dsv'
[12.998s] INFO:colcon.colcon_core.shell:Creating environment hook '/home/dale/Documents/isam2/iSAM2_SLAM/workspace/install/eufs_msgs/share/eufs_msgs/hook/pythonpath.sh'
[12.998s] Level 1:colcon.colcon_core.environment:checking '/home/dale/Documents/isam2/iSAM2_SLAM/workspace/install/eufs_msgs/bin'
[13.002s] INFO:colcon.colcon_core.shell:Creating package script '/home/dale/Documents/isam2/iSAM2_SLAM/workspace/install/eufs_msgs/share/eufs_msgs/package.ps1'
[13.003s] INFO:colcon.colcon_core.shell:Creating package descriptor '/home/dale/Documents/isam2/iSAM2_SLAM/workspace/install/eufs_msgs/share/eufs_msgs/package.dsv'
[13.003s] INFO:colcon.colcon_core.shell:Creating package script '/home/dale/Documents/isam2/iSAM2_SLAM/workspace/install/eufs_msgs/share/eufs_msgs/package.sh'
[13.003s] INFO:colcon.colcon_core.shell:Creating package script '/home/dale/Documents/isam2/iSAM2_SLAM/workspace/install/eufs_msgs/share/eufs_msgs/package.bash'
[13.003s] INFO:colcon.colcon_core.shell:Creating package script '/home/dale/Documents/isam2/iSAM2_SLAM/workspace/install/eufs_msgs/share/eufs_msgs/package.zsh'
[13.003s] Level 1:colcon.colcon_core.environment:create_file_with_runtime_dependencies(/home/dale/Documents/isam2/iSAM2_SLAM/workspace/install/eufs_msgs/share/colcon-core/packages/eufs_msgs)
[13.003s] INFO:colcon.colcon_ros.task.ament_cmake.build:Building ROS package in '/home/dale/Documents/isam2/iSAM2_SLAM/workspace/src/isam2' with build type 'ament_cmake'
[13.003s] INFO:colcon.colcon_cmake.task.cmake.build:Building CMake package in '/home/dale/Documents/isam2/iSAM2_SLAM/workspace/src/isam2'
[13.008s] INFO:colcon.colcon_core.shell:Skip shell extension 'powershell' for command environment: Not usable outside of PowerShell
[13.008s] DEBUG:colcon.colcon_core.shell:Skip shell extension 'dsv' for command environment
[13.022s] DEBUG:colcon.colcon_core.event_handler.log_command:Invoking command in '/home/dale/Documents/isam2/iSAM2_SLAM/workspace/build/isam2': AMENT_PREFIX_PATH=/home/dale/Documents/isam2/iSAM2_SLAM/workspace/install/eufs_msgs:${AMENT_PREFIX_PATH} CMAKE_PREFIX_PATH=/home/dale/Documents/isam2/iSAM2_SLAM/workspace/install/eufs_msgs:/opt/ros/foxy CONDA_PROMPT_MODIFIER=(base) LD_LIBRARY_PATH=/home/dale/Documents/isam2/iSAM2_SLAM/workspace/install/eufs_msgs/lib:${LD_LIBRARY_PATH} PYTHONPATH=/home/dale/Documents/isam2/iSAM2_SLAM/workspace/install/eufs_msgs/lib/python3.8/site-packages:${PYTHONPATH} /home/dale/miniconda3/bin/cmake /home/dale/Documents/isam2/iSAM2_SLAM/workspace/src/isam2 -DCMAKE_INSTALL_PREFIX=/home/dale/Documents/isam2/iSAM2_SLAM/workspace/install/isam2
[13.553s] DEBUG:colcon.colcon_core.event_handler.log_command:Invoked command in '/home/dale/Documents/isam2/iSAM2_SLAM/workspace/build/isam2' returned '0': AMENT_PREFIX_PATH=/home/dale/Documents/isam2/iSAM2_SLAM/workspace/install/eufs_msgs:${AMENT_PREFIX_PATH} CMAKE_PREFIX_PATH=/home/dale/Documents/isam2/iSAM2_SLAM/workspace/install/eufs_msgs:/opt/ros/foxy CONDA_PROMPT_MODIFIER=(base) LD_LIBRARY_PATH=/home/dale/Documents/isam2/iSAM2_SLAM/workspace/install/eufs_msgs/lib:${LD_LIBRARY_PATH} PYTHONPATH=/home/dale/Documents/isam2/iSAM2_SLAM/workspace/install/eufs_msgs/lib/python3.8/site-packages:${PYTHONPATH} /home/dale/miniconda3/bin/cmake /home/dale/Documents/isam2/iSAM2_SLAM/workspace/src/isam2 -DCMAKE_INSTALL_PREFIX=/home/dale/Documents/isam2/iSAM2_SLAM/workspace/install/isam2
[13.554s] DEBUG:colcon.colcon_core.event_handler.log_command:Invoking command in '/home/dale/Documents/isam2/iSAM2_SLAM/workspace/build/isam2': AMENT_PREFIX_PATH=/home/dale/Documents/isam2/iSAM2_SLAM/workspace/install/eufs_msgs:${AMENT_PREFIX_PATH} CMAKE_PREFIX_PATH=/home/dale/Documents/isam2/iSAM2_SLAM/workspace/install/eufs_msgs:/opt/ros/foxy CONDA_PROMPT_MODIFIER=(base) LD_LIBRARY_PATH=/home/dale/Documents/isam2/iSAM2_SLAM/workspace/install/eufs_msgs/lib:${LD_LIBRARY_PATH} PYTHONPATH=/home/dale/Documents/isam2/iSAM2_SLAM/workspace/install/eufs_msgs/lib/python3.8/site-packages:${PYTHONPATH} /home/dale/miniconda3/bin/cmake --build /home/dale/Documents/isam2/iSAM2_SLAM/workspace/build/isam2 -- -j24 -l24
[20.923s] DEBUG:colcon.colcon_core.event_handler.log_command:Invoked command in '/home/dale/Documents/isam2/iSAM2_SLAM/workspace/build/isam2' returned '0': AMENT_PREFIX_PATH=/home/dale/Documents/isam2/iSAM2_SLAM/workspace/install/eufs_msgs:${AMENT_PREFIX_PATH} CMAKE_PREFIX_PATH=/home/dale/Documents/isam2/iSAM2_SLAM/workspace/install/eufs_msgs:/opt/ros/foxy CONDA_PROMPT_MODIFIER=(base) LD_LIBRARY_PATH=/home/dale/Documents/isam2/iSAM2_SLAM/workspace/install/eufs_msgs/lib:${LD_LIBRARY_PATH} PYTHONPATH=/home/dale/Documents/isam2/iSAM2_SLAM/workspace/install/eufs_msgs/lib/python3.8/site-packages:${PYTHONPATH} /home/dale/miniconda3/bin/cmake --build /home/dale/Documents/isam2/iSAM2_SLAM/workspace/build/isam2 -- -j24 -l24
[20.944s] DEBUG:colcon.colcon_core.event_handler.log_command:Invoking command in '/home/dale/Documents/isam2/iSAM2_SLAM/workspace/build/isam2': AMENT_PREFIX_PATH=/home/dale/Documents/isam2/iSAM2_SLAM/workspace/install/eufs_msgs:${AMENT_PREFIX_PATH} CMAKE_PREFIX_PATH=/home/dale/Documents/isam2/iSAM2_SLAM/workspace/install/eufs_msgs:/opt/ros/foxy CONDA_PROMPT_MODIFIER=(base) LD_LIBRARY_PATH=/home/dale/Documents/isam2/iSAM2_SLAM/workspace/install/eufs_msgs/lib:${LD_LIBRARY_PATH} PYTHONPATH=/home/dale/Documents/isam2/iSAM2_SLAM/workspace/install/eufs_msgs/lib/python3.8/site-packages:${PYTHONPATH} /home/dale/miniconda3/bin/cmake --install /home/dale/Documents/isam2/iSAM2_SLAM/workspace/build/isam2
[20.961s] Level 1:colcon.colcon_core.environment:create_environment_scripts_only(isam2)
[20.961s] DEBUG:colcon.colcon_core.event_handler.log_command:Invoked command in '/home/dale/Documents/isam2/iSAM2_SLAM/workspace/build/isam2' returned '0': AMENT_PREFIX_PATH=/home/dale/Documents/isam2/iSAM2_SLAM/workspace/install/eufs_msgs:${AMENT_PREFIX_PATH} CMAKE_PREFIX_PATH=/home/dale/Documents/isam2/iSAM2_SLAM/workspace/install/eufs_msgs:/opt/ros/foxy CONDA_PROMPT_MODIFIER=(base) LD_LIBRARY_PATH=/home/dale/Documents/isam2/iSAM2_SLAM/workspace/install/eufs_msgs/lib:${LD_LIBRARY_PATH} PYTHONPATH=/home/dale/Documents/isam2/iSAM2_SLAM/workspace/install/eufs_msgs/lib/python3.8/site-packages:${PYTHONPATH} /home/dale/miniconda3/bin/cmake --install /home/dale/Documents/isam2/iSAM2_SLAM/workspace/build/isam2
[20.967s] Level 1:colcon.colcon_core.environment:checking '/home/dale/Documents/isam2/iSAM2_SLAM/workspace/install/isam2' for CMake module files
[20.967s] Level 1:colcon.colcon_core.environment:checking '/home/dale/Documents/isam2/iSAM2_SLAM/workspace/install/isam2' for CMake config files
[20.967s] Level 1:colcon.colcon_core.shell:create_environment_hook('isam2', 'cmake_prefix_path')
[20.972s] INFO:colcon.colcon_core.shell:Creating environment hook '/home/dale/Documents/isam2/iSAM2_SLAM/workspace/install/isam2/share/isam2/hook/cmake_prefix_path.ps1'
[20.972s] INFO:colcon.colcon_core.shell:Creating environment descriptor '/home/dale/Documents/isam2/iSAM2_SLAM/workspace/install/isam2/share/isam2/hook/cmake_prefix_path.dsv'
[20.972s] INFO:colcon.colcon_core.shell:Creating environment hook '/home/dale/Documents/isam2/iSAM2_SLAM/workspace/install/isam2/share/isam2/hook/cmake_prefix_path.sh'
[20.973s] Level 1:colcon.colcon_core.environment:checking '/home/dale/Documents/isam2/iSAM2_SLAM/workspace/install/isam2/lib'
[20.973s] Level 1:colcon.colcon_core.environment:checking '/home/dale/Documents/isam2/iSAM2_SLAM/workspace/install/isam2/bin'
[20.973s] Level 1:colcon.colcon_core.environment:checking '/home/dale/Documents/isam2/iSAM2_SLAM/workspace/install/isam2/lib/pkgconfig/isam2.pc'
[20.973s] Level 1:colcon.colcon_core.environment:checking '/home/dale/Documents/isam2/iSAM2_SLAM/workspace/install/isam2/lib/python3.8/site-packages'
[20.973s] Level 1:colcon.colcon_core.environment:checking '/home/dale/Documents/isam2/iSAM2_SLAM/workspace/install/isam2/bin'
[20.978s] INFO:colcon.colcon_core.shell:Creating package script '/home/dale/Documents/isam2/iSAM2_SLAM/workspace/install/isam2/share/isam2/package.ps1'
[20.978s] INFO:colcon.colcon_core.shell:Creating package descriptor '/home/dale/Documents/isam2/iSAM2_SLAM/workspace/install/isam2/share/isam2/package.dsv'
[20.979s] INFO:colcon.colcon_core.shell:Creating package script '/home/dale/Documents/isam2/iSAM2_SLAM/workspace/install/isam2/share/isam2/package.sh'
[20.979s] INFO:colcon.colcon_core.shell:Creating package script '/home/dale/Documents/isam2/iSAM2_SLAM/workspace/install/isam2/share/isam2/package.bash'
[20.979s] INFO:colcon.colcon_core.shell:Creating package script '/home/dale/Documents/isam2/iSAM2_SLAM/workspace/install/isam2/share/isam2/package.zsh'
[20.979s] Level 1:colcon.colcon_core.environment:create_file_with_runtime_dependencies(/home/dale/Documents/isam2/iSAM2_SLAM/workspace/install/isam2/share/colcon-core/packages/isam2)
[21.004s] Level 1:colcon.colcon_core.environment:create_environment_scripts_only(isam2)
[21.008s] Level 1:colcon.colcon_core.environment:checking '/home/dale/Documents/isam2/iSAM2_SLAM/workspace/install/isam2' for CMake module files
[21.009s] Level 1:colcon.colcon_core.environment:checking '/home/dale/Documents/isam2/iSAM2_SLAM/workspace/install/isam2' for CMake config files
[21.009s] Level 1:colcon.colcon_core.shell:create_environment_hook('isam2', 'cmake_prefix_path')
[21.013s] INFO:colcon.colcon_core.shell:Creating environment hook '/home/dale/Documents/isam2/iSAM2_SLAM/workspace/install/isam2/share/isam2/hook/cmake_prefix_path.ps1'
[21.014s] INFO:colcon.colcon_core.shell:Creating environment descriptor '/home/dale/Documents/isam2/iSAM2_SLAM/workspace/install/isam2/share/isam2/hook/cmake_prefix_path.dsv'
[21.014s] INFO:colcon.colcon_core.shell:Creating environment hook '/home/dale/Documents/isam2/iSAM2_SLAM/workspace/install/isam2/share/isam2/hook/cmake_prefix_path.sh'
[21.014s] Level 1:colcon.colcon_core.environment:checking '/home/dale/Documents/isam2/iSAM2_SLAM/workspace/install/isam2/lib'
[21.014s] Level 1:colcon.colcon_core.environment:checking '/home/dale/Documents/isam2/iSAM2_SLAM/workspace/install/isam2/bin'
[21.014s] Level 1:colcon.colcon_core.environment:checking '/home/dale/Documents/isam2/iSAM2_SLAM/workspace/install/isam2/lib/pkgconfig/isam2.pc'
[21.014s] Level 1:colcon.colcon_core.environment:checking '/home/dale/Documents/isam2/iSAM2_SLAM/workspace/install/isam2/lib/python3.8/site-packages'
[21.014s] Level 1:colcon.colcon_core.environment:checking '/home/dale/Documents/isam2/iSAM2_SLAM/workspace/install/isam2/bin'
[21.019s] INFO:colcon.colcon_core.shell:Creating package script '/home/dale/Documents/isam2/iSAM2_SLAM/workspace/install/isam2/share/isam2/package.ps1'
[21.019s] INFO:colcon.colcon_core.shell:Creating package descriptor '/home/dale/Documents/isam2/iSAM2_SLAM/workspace/install/isam2/share/isam2/package.dsv'
[21.019s] INFO:colcon.colcon_core.shell:Creating package script '/home/dale/Documents/isam2/iSAM2_SLAM/workspace/install/isam2/share/isam2/package.sh'
[21.019s] INFO:colcon.colcon_core.shell:Creating package script '/home/dale/Documents/isam2/iSAM2_SLAM/workspace/install/isam2/share/isam2/package.bash'
[21.020s] INFO:colcon.colcon_core.shell:Creating package script '/home/dale/Documents/isam2/iSAM2_SLAM/workspace/install/isam2/share/isam2/package.zsh'
[21.020s] Level 1:colcon.colcon_core.environment:create_file_with_runtime_dependencies(/home/dale/Documents/isam2/iSAM2_SLAM/workspace/install/isam2/share/colcon-core/packages/isam2)
[21.020s] DEBUG:colcon.colcon_parallel_executor.executor.parallel:closing loop
[21.020s] DEBUG:colcon.colcon_parallel_executor.executor.parallel:loop closed
[21.020s] DEBUG:colcon.colcon_parallel_executor.executor.parallel:run_until_complete finished with '0'
[21.020s] DEBUG:colcon.colcon_core.event_reactor:joining thread
[21.027s] INFO:colcon.colcon_core.plugin_system:Skipping extension 'colcon_notification.desktop_notification.terminal_notifier': Not used on non-Darwin systems
[21.027s] INFO:colcon.colcon_core.plugin_system:Skipping extension 'colcon_notification.desktop_notification.win32': Not used on non-Windows systems
[21.027s] INFO:colcon.colcon_notification.desktop_notification:Sending desktop notification using 'notify2'
[21.036s] DEBUG:colcon.colcon_core.event_reactor:joined thread
[21.048s] INFO:colcon.colcon_core.shell:Creating prefix script '/home/dale/Documents/isam2/iSAM2_SLAM/workspace/install/local_setup.ps1'
[21.048s] INFO:colcon.colcon_core.shell:Creating prefix util module '/home/dale/Documents/isam2/iSAM2_SLAM/workspace/install/_local_setup_util_ps1.py'
[21.048s] INFO:colcon.colcon_core.shell:Creating prefix chain script '/home/dale/Documents/isam2/iSAM2_SLAM/workspace/install/setup.ps1'
[21.053s] INFO:colcon.colcon_core.shell:Creating prefix script '/home/dale/Documents/isam2/iSAM2_SLAM/workspace/install/local_setup.sh'
[21.054s] INFO:colcon.colcon_core.shell:Creating prefix util module '/home/dale/Documents/isam2/iSAM2_SLAM/workspace/install/_local_setup_util_sh.py'
[21.054s] INFO:colcon.colcon_core.shell:Creating prefix chain script '/home/dale/Documents/isam2/iSAM2_SLAM/workspace/install/setup.sh'
[21.058s] INFO:colcon.colcon_core.shell:Creating prefix script '/home/dale/Documents/isam2/iSAM2_SLAM/workspace/install/local_setup.bash'
[21.059s] INFO:colcon.colcon_core.shell:Creating prefix chain script '/home/dale/Documents/isam2/iSAM2_SLAM/workspace/install/setup.bash'
[21.064s] INFO:colcon.colcon_core.shell:Creating prefix script '/home/dale/Documents/isam2/iSAM2_SLAM/workspace/install/local_setup.zsh'
[21.064s] INFO:colcon.colcon_core.shell:Creating prefix chain script '/home/dale/Documents/isam2/iSAM2_SLAM/workspace/install/setup.zsh'
