[3.920s] Invoking command in '/home/andrewwhong/classes/16833/iSAM2_SLAM/eufs/eufs_sim/eufs_launcher': AMENT_PREFIX_PATH=/home/andrewwhong/classes/16833/iSAM2_SLAM/eufs/install/eufs_tracks:${AMENT_PREFIX_PATH} PYTHONPATH=/home/andrewwhong/classes/16833/iSAM2_SLAM/eufs/build/eufs_launcher/prefix_override:/home/andrewwhong/classes/16833/iSAM2_SLAM/eufs/install/eufs_launcher/lib/python3.8/site-packages:/home/andrewwhong/classes/16833/iSAM2_SLAM/eufs/install/eufs_tracks/lib/python3.8/site-packages:${PYTHONPATH} /usr/bin/python3 setup.py egg_info --egg-base ../../build/eufs_launcher build --build-base /home/andrewwhong/classes/16833/iSAM2_SLAM/eufs/build/eufs_launcher/build install --record /home/andrewwhong/classes/16833/iSAM2_SLAM/eufs/build/eufs_launcher/install.log --single-version-externally-managed
[4.600s] running egg_info
[4.642s] writing ../../build/eufs_launcher/eufs_launcher.egg-info/PKG-INFO
[4.644s] writing dependency_links to ../../build/eufs_launcher/eufs_launcher.egg-info/dependency_links.txt
[4.646s] writing requirements to ../../build/eufs_launcher/eufs_launcher.egg-info/requires.txt
[4.647s] writing top-level names to ../../build/eufs_launcher/eufs_launcher.egg-info/top_level.txt
[4.998s] reading manifest file '../../build/eufs_launcher/eufs_launcher.egg-info/SOURCES.txt'
[5.000s] writing manifest file '../../build/eufs_launcher/eufs_launcher.egg-info/SOURCES.txt'
[5.001s] running build
[5.001s] running build_py
[5.001s] copying src/eufs_launcher/LauncherModule.py -> /home/andrewwhong/classes/16833/iSAM2_SLAM/eufs/build/eufs_launcher/build/lib/eufs_launcher
[5.002s] copying src/eufs_launcher/__init__.py -> /home/andrewwhong/classes/16833/iSAM2_SLAM/eufs/build/eufs_launcher/build/lib/eufs_launcher
[5.003s] running build_scripts
[5.003s] running install
[5.004s] /home/andrewwhong/.local/lib/python3.8/site-packages/setuptools/_distutils/cmd.py:66: SetuptoolsDeprecationWarning: setup.py install is deprecated.
[5.005s] !!
[5.005s] 
[5.005s]         ********************************************************************************
[5.005s]         Please avoid running ``setup.py`` directly.
[5.005s]         Instead, use pypa/build, pypa/installer or other
[5.005s]         standards-based tools.
[5.005s] 
[5.006s]         See https://blog.ganssle.io/articles/2021/10/setup-py-deprecated.html for details.
[5.006s]         ********************************************************************************
[5.006s] 
[5.006s] !!
[5.006s]   self.initialize_options()
[5.014s] running install_lib
[5.062s] running install_data
[5.105s] copying launch/eufs_launcher.launch.py -> /home/andrewwhong/classes/16833/iSAM2_SLAM/eufs/install/eufs_launcher/share/eufs_launcher
[5.106s] copying launch/simulation.launch.py -> /home/andrewwhong/classes/16833/iSAM2_SLAM/eufs/install/eufs_launcher/share/eufs_launcher
[5.107s] copying config/default.rviz -> /home/andrewwhong/classes/16833/iSAM2_SLAM/eufs/install/eufs_launcher/share/eufs_launcher/config
[5.108s] copying config/eufs_launcher.yaml -> /home/andrewwhong/classes/16833/iSAM2_SLAM/eufs/install/eufs_launcher/share/eufs_launcher/config
[5.108s] copying resource/launcher.ui -> /home/andrewwhong/classes/16833/iSAM2_SLAM/eufs/install/eufs_launcher/share/eufs_launcher/resource
[5.109s] copying plugin.xml -> /home/andrewwhong/classes/16833/iSAM2_SLAM/eufs/install/eufs_launcher/share/eufs_launcher
[5.110s] copying package.xml -> /home/andrewwhong/classes/16833/iSAM2_SLAM/eufs/install/eufs_launcher/share/eufs_launcher
[5.110s] copying resource/eufs_launcher -> /home/andrewwhong/classes/16833/iSAM2_SLAM/eufs/install/eufs_launcher/share/ament_index/resource_index/packages
[5.111s] running install_egg_info
[5.148s] removing '/home/andrewwhong/classes/16833/iSAM2_SLAM/eufs/install/eufs_launcher/lib/python3.8/site-packages/eufs_launcher-2.0.0-py3.8.egg-info' (and everything under it)
[5.148s] Copying ../../build/eufs_launcher/eufs_launcher.egg-info to /home/andrewwhong/classes/16833/iSAM2_SLAM/eufs/install/eufs_launcher/lib/python3.8/site-packages/eufs_launcher-2.0.0-py3.8.egg-info
[5.150s] running install_scripts
[5.183s] copying /home/andrewwhong/classes/16833/iSAM2_SLAM/eufs/build/eufs_launcher/build/scripts-3.8/eufs_launcher -> /home/andrewwhong/classes/16833/iSAM2_SLAM/eufs/install/eufs_launcher/lib/eufs_launcher
[5.184s] changing mode of /home/andrewwhong/classes/16833/iSAM2_SLAM/eufs/install/eufs_launcher/lib/eufs_launcher/eufs_launcher to 755
[5.210s] writing list of installed files to '/home/andrewwhong/classes/16833/iSAM2_SLAM/eufs/build/eufs_launcher/install.log'
[5.267s] Invoked command in '/home/andrewwhong/classes/16833/iSAM2_SLAM/eufs/eufs_sim/eufs_launcher' returned '0': AMENT_PREFIX_PATH=/home/andrewwhong/classes/16833/iSAM2_SLAM/eufs/install/eufs_tracks:${AMENT_PREFIX_PATH} PYTHONPATH=/home/andrewwhong/classes/16833/iSAM2_SLAM/eufs/build/eufs_launcher/prefix_override:/home/andrewwhong/classes/16833/iSAM2_SLAM/eufs/install/eufs_launcher/lib/python3.8/site-packages:/home/andrewwhong/classes/16833/iSAM2_SLAM/eufs/install/eufs_tracks/lib/python3.8/site-packages:${PYTHONPATH} /usr/bin/python3 setup.py egg_info --egg-base ../../build/eufs_launcher build --build-base /home/andrewwhong/classes/16833/iSAM2_SLAM/eufs/build/eufs_launcher/build install --record /home/andrewwhong/classes/16833/iSAM2_SLAM/eufs/build/eufs_launcher/install.log --single-version-externally-managed
