[1.228s] DEBUG:colcon:Command line arguments: ['/usr/bin/colcon', 'build']
[1.228s] DEBUG:colcon:Parsed command line arguments: Namespace(allow_overriding=[], ament_cmake_args=None, base_paths=['.'], build_base='build', catkin_cmake_args=None, catkin_skip_building_tests=False, cmake_args=None, cmake_clean_cache=False, cmake_clean_first=False, cmake_force_configure=False, cmake_target=None, cmake_target_skip_unavailable=False, continue_on_error=False, event_handlers=None, executor='parallel', ignore_user_meta=False, install_base='install', log_base=None, log_level=None, main=<bound method BuildVerb.main of <colcon_core.verb.build.BuildVerb object at 0x7f5c59cb1ac0>>, merge_install=False, metas=['./colcon.meta'], packages_above=None, packages_above_and_dependencies=None, packages_above_depth=None, packages_end=None, packages_ignore=None, packages_ignore_regex=None, packages_select=None, packages_select_build_failed=False, packages_select_by_dep=None, packages_select_regex=None, packages_select_test_failures=False, packages_skip=None, packages_skip_build_finished=False, packages_skip_by_dep=None, packages_skip_regex=None, packages_skip_test_passed=False, packages_skip_up_to=None, packages_start=None, packages_up_to=None, packages_up_to_regex=None, parallel_workers=24, paths=None, symlink_install=False, test_result_base=None, verb_extension=<colcon_core.verb.build.BuildVerb object at 0x7f5c59cb1ac0>, verb_name='build', verb_parser=<colcon_defaults.argument_parser.defaults.DefaultArgumentsDecorator object at 0x7f5c59976ac0>)
[1.331s] Level 1:colcon.colcon_core.package_discovery:discover_packages(colcon_meta) check parameters
[1.331s] Level 1:colcon.colcon_core.package_discovery:discover_packages(recursive) check parameters
[1.331s] Level 1:colcon.colcon_core.package_discovery:discover_packages(ignore) check parameters
[1.331s] Level 1:colcon.colcon_core.package_discovery:discover_packages(path) check parameters
[1.331s] Level 1:colcon.colcon_core.package_discovery:discover_packages(colcon_meta) discover
[1.331s] Level 1:colcon.colcon_core.package_discovery:discover_packages(recursive) discover
[1.331s] INFO:colcon.colcon_core.package_discovery:Crawling recursively for packages in '/home/dale/Documents/isam2/iSAM2_SLAM/workspace'
[1.331s] Level 1:colcon.colcon_core.package_identification:_identify(.) by extensions ['ignore', 'ignore_ament_install']
[1.331s] Level 1:colcon.colcon_core.package_identification:_identify(.) by extension 'ignore'
[1.331s] Level 1:colcon.colcon_core.package_identification:_identify(.) by extension 'ignore_ament_install'
[1.331s] Level 1:colcon.colcon_core.package_identification:_identify(.) by extensions ['colcon_pkg']
[1.331s] Level 1:colcon.colcon_core.package_identification:_identify(.) by extension 'colcon_pkg'
[1.331s] Level 1:colcon.colcon_core.package_identification:_identify(.) by extensions ['colcon_meta']
[1.331s] Level 1:colcon.colcon_core.package_identification:_identify(.) by extension 'colcon_meta'
[1.331s] Level 1:colcon.colcon_core.package_identification:_identify(.) by extensions ['ros']
[1.331s] Level 1:colcon.colcon_core.package_identification:_identify(.) by extension 'ros'
[1.351s] Level 1:colcon.colcon_core.package_identification:_identify(.) by extensions ['cmake', 'python']
[1.351s] Level 1:colcon.colcon_core.package_identification:_identify(.) by extension 'cmake'
[1.351s] Level 1:colcon.colcon_core.package_identification:_identify(.) by extension 'python'
[1.351s] Level 1:colcon.colcon_core.package_identification:_identify(.) by extensions ['python_setup_py']
[1.351s] Level 1:colcon.colcon_core.package_identification:_identify(.) by extension 'python_setup_py'
[1.351s] Level 1:colcon.colcon_core.package_identification:_identify(build) by extensions ['ignore', 'ignore_ament_install']
[1.351s] Level 1:colcon.colcon_core.package_identification:_identify(build) by extension 'ignore'
[1.351s] Level 1:colcon.colcon_core.package_identification:_identify(build) ignored
[1.351s] Level 1:colcon.colcon_core.package_identification:_identify(install) by extensions ['ignore', 'ignore_ament_install']
[1.351s] Level 1:colcon.colcon_core.package_identification:_identify(install) by extension 'ignore'
[1.351s] Level 1:colcon.colcon_core.package_identification:_identify(install) ignored
[1.351s] Level 1:colcon.colcon_core.package_identification:_identify(log) by extensions ['ignore', 'ignore_ament_install']
[1.351s] Level 1:colcon.colcon_core.package_identification:_identify(log) by extension 'ignore'
[1.351s] Level 1:colcon.colcon_core.package_identification:_identify(log) ignored
[1.351s] Level 1:colcon.colcon_core.package_identification:_identify(src) by extensions ['ignore', 'ignore_ament_install']
[1.351s] Level 1:colcon.colcon_core.package_identification:_identify(src) by extension 'ignore'
[1.351s] Level 1:colcon.colcon_core.package_identification:_identify(src) by extension 'ignore_ament_install'
[1.351s] Level 1:colcon.colcon_core.package_identification:_identify(src) by extensions ['colcon_pkg']
[1.351s] Level 1:colcon.colcon_core.package_identification:_identify(src) by extension 'colcon_pkg'
[1.351s] Level 1:colcon.colcon_core.package_identification:_identify(src) by extensions ['colcon_meta']
[1.351s] Level 1:colcon.colcon_core.package_identification:_identify(src) by extension 'colcon_meta'
[1.351s] Level 1:colcon.colcon_core.package_identification:_identify(src) by extensions ['ros']
[1.351s] Level 1:colcon.colcon_core.package_identification:_identify(src) by extension 'ros'
[1.351s] Level 1:colcon.colcon_core.package_identification:_identify(src) by extensions ['cmake', 'python']
[1.351s] Level 1:colcon.colcon_core.package_identification:_identify(src) by extension 'cmake'
[1.351s] Level 1:colcon.colcon_core.package_identification:_identify(src) by extension 'python'
[1.351s] Level 1:colcon.colcon_core.package_identification:_identify(src) by extensions ['python_setup_py']
[1.351s] Level 1:colcon.colcon_core.package_identification:_identify(src) by extension 'python_setup_py'
[1.352s] Level 1:colcon.colcon_core.package_identification:_identify(src/eufs_msgs) by extensions ['ignore', 'ignore_ament_install']
[1.352s] Level 1:colcon.colcon_core.package_identification:_identify(src/eufs_msgs) by extension 'ignore'
[1.352s] Level 1:colcon.colcon_core.package_identification:_identify(src/eufs_msgs) by extension 'ignore_ament_install'
[1.352s] Level 1:colcon.colcon_core.package_identification:_identify(src/eufs_msgs) by extensions ['colcon_pkg']
[1.352s] Level 1:colcon.colcon_core.package_identification:_identify(src/eufs_msgs) by extension 'colcon_pkg'
[1.352s] Level 1:colcon.colcon_core.package_identification:_identify(src/eufs_msgs) by extensions ['colcon_meta']
[1.352s] Level 1:colcon.colcon_core.package_identification:_identify(src/eufs_msgs) by extension 'colcon_meta'
[1.352s] Level 1:colcon.colcon_core.package_identification:_identify(src/eufs_msgs) by extensions ['ros']
[1.352s] Level 1:colcon.colcon_core.package_identification:_identify(src/eufs_msgs) by extension 'ros'
[1.357s] DEBUG:colcon.colcon_core.package_identification:Package 'src/eufs_msgs' with type 'ros.ament_cmake' and name 'eufs_msgs'
[1.357s] Level 1:colcon.colcon_core.package_identification:_identify(src/isam2) by extensions ['ignore', 'ignore_ament_install']
[1.357s] Level 1:colcon.colcon_core.package_identification:_identify(src/isam2) by extension 'ignore'
[1.357s] Level 1:colcon.colcon_core.package_identification:_identify(src/isam2) by extension 'ignore_ament_install'
[1.357s] Level 1:colcon.colcon_core.package_identification:_identify(src/isam2) by extensions ['colcon_pkg']
[1.357s] Level 1:colcon.colcon_core.package_identification:_identify(src/isam2) by extension 'colcon_pkg'
[1.357s] Level 1:colcon.colcon_core.package_identification:_identify(src/isam2) by extensions ['colcon_meta']
[1.357s] Level 1:colcon.colcon_core.package_identification:_identify(src/isam2) by extension 'colcon_meta'
[1.357s] Level 1:colcon.colcon_core.package_identification:_identify(src/isam2) by extensions ['ros']
[1.357s] Level 1:colcon.colcon_core.package_identification:_identify(src/isam2) by extension 'ros'
[1.358s] DEBUG:colcon.colcon_core.package_identification:Package 'src/isam2' with type 'ros.ament_cmake' and name 'isam2'
[1.358s] Level 1:colcon.colcon_core.package_discovery:discover_packages(recursive) using defaults
[1.358s] Level 1:colcon.colcon_core.package_discovery:discover_packages(ignore) discover
[1.358s] Level 1:colcon.colcon_core.package_discovery:discover_packages(ignore) using defaults
[1.358s] Level 1:colcon.colcon_core.package_discovery:discover_packages(path) discover
[1.358s] Level 1:colcon.colcon_core.package_discovery:discover_packages(path) using defaults
[1.407s] Level 1:colcon.colcon_core.package_discovery:discover_packages(prefix_path) check parameters
[1.407s] Level 1:colcon.colcon_core.package_discovery:discover_packages(prefix_path) discover
[1.428s] DEBUG:colcon.colcon_installed_package_information.package_discovery:Found 2 installed packages in /home/dale/Documents/isam2/iSAM2_SLAM/workspace/install
[1.432s] DEBUG:colcon.colcon_installed_package_information.package_discovery:Found 275 installed packages in /opt/ros/foxy
[1.433s] Level 1:colcon.colcon_core.package_discovery:discover_packages(prefix_path) using defaults
[1.488s] Level 5:colcon.colcon_core.verb:set package 'eufs_msgs' build argument 'cmake_args' from command line to 'None'
[1.488s] Level 5:colcon.colcon_core.verb:set package 'eufs_msgs' build argument 'cmake_target' from command line to 'None'
[1.488s] Level 5:colcon.colcon_core.verb:set package 'eufs_msgs' build argument 'cmake_target_skip_unavailable' from command line to 'False'
[1.488s] Level 5:colcon.colcon_core.verb:set package 'eufs_msgs' build argument 'cmake_clean_cache' from command line to 'False'
[1.488s] Level 5:colcon.colcon_core.verb:set package 'eufs_msgs' build argument 'cmake_clean_first' from command line to 'False'
[1.488s] Level 5:colcon.colcon_core.verb:set package 'eufs_msgs' build argument 'cmake_force_configure' from command line to 'False'
[1.488s] Level 5:colcon.colcon_core.verb:set package 'eufs_msgs' build argument 'ament_cmake_args' from command line to 'None'
[1.488s] Level 5:colcon.colcon_core.verb:set package 'eufs_msgs' build argument 'catkin_cmake_args' from command line to 'None'
[1.488s] Level 5:colcon.colcon_core.verb:set package 'eufs_msgs' build argument 'catkin_skip_building_tests' from command line to 'False'
[1.488s] DEBUG:colcon.colcon_core.verb:Building package 'eufs_msgs' with the following arguments: {'ament_cmake_args': None, 'build_base': '/home/dale/Documents/isam2/iSAM2_SLAM/workspace/build/eufs_msgs', 'catkin_cmake_args': None, 'catkin_skip_building_tests': False, 'cmake_args': None, 'cmake_clean_cache': False, 'cmake_clean_first': False, 'cmake_force_configure': False, 'cmake_target': None, 'cmake_target_skip_unavailable': False, 'install_base': '/home/dale/Documents/isam2/iSAM2_SLAM/workspace/install/eufs_msgs', 'merge_install': False, 'path': '/home/dale/Documents/isam2/iSAM2_SLAM/workspace/src/eufs_msgs', 'symlink_install': False, 'test_result_base': None}
[1.492s] Level 5:colcon.colcon_core.verb:set package 'isam2' build argument 'cmake_args' from command line to 'None'
[1.492s] Level 5:colcon.colcon_core.verb:set package 'isam2' build argument 'cmake_target' from command line to 'None'
[1.492s] Level 5:colcon.colcon_core.verb:set package 'isam2' build argument 'cmake_target_skip_unavailable' from command line to 'False'
[1.492s] Level 5:colcon.colcon_core.verb:set package 'isam2' build argument 'cmake_clean_cache' from command line to 'False'
[1.492s] Level 5:colcon.colcon_core.verb:set package 'isam2' build argument 'cmake_clean_first' from command line to 'False'
[1.492s] Level 5:colcon.colcon_core.verb:set package 'isam2' build argument 'cmake_force_configure' from command line to 'False'
[1.492s] Level 5:colcon.colcon_core.verb:set package 'isam2' build argument 'ament_cmake_args' from command line to 'None'
[1.492s] Level 5:colcon.colcon_core.verb:set package 'isam2' build argument 'catkin_cmake_args' from command line to 'None'
[1.492s] Level 5:colcon.colcon_core.verb:set package 'isam2' build argument 'catkin_skip_building_tests' from command line to 'False'
[1.492s] DEBUG:colcon.colcon_core.verb:Building package 'isam2' with the following arguments: {'ament_cmake_args': None, 'build_base': '/home/dale/Documents/isam2/iSAM2_SLAM/workspace/build/isam2', 'catkin_cmake_args': None, 'catkin_skip_building_tests': False, 'cmake_args': None, 'cmake_clean_cache': False, 'cmake_clean_first': False, 'cmake_force_configure': False, 'cmake_target': None, 'cmake_target_skip_unavailable': False, 'install_base': '/home/dale/Documents/isam2/iSAM2_SLAM/workspace/install/isam2', 'merge_install': False, 'path': '/home/dale/Documents/isam2/iSAM2_SLAM/workspace/src/isam2', 'symlink_install': False, 'test_result_base': None}
[1.497s] INFO:colcon.colcon_core.executor:Executing jobs using 'parallel' executor
[1.501s] DEBUG:colcon.colcon_parallel_executor.executor.parallel:run_until_complete
[1.501s] INFO:colcon.colcon_ros.task.ament_cmake.build:Building ROS package in '/home/dale/Documents/isam2/iSAM2_SLAM/workspace/src/eufs_msgs' with build type 'ament_cmake'
[1.501s] INFO:colcon.colcon_cmake.task.cmake.build:Building CMake package in '/home/dale/Documents/isam2/iSAM2_SLAM/workspace/src/eufs_msgs'
[1.512s] INFO:colcon.colcon_core.plugin_system:Skipping extension 'colcon_core.shell.bat': Not used on non-Windows systems
[1.512s] INFO:colcon.colcon_core.shell:Skip shell extension 'powershell' for command environment: Not usable outside of PowerShell
[1.512s] DEBUG:colcon.colcon_core.shell:Skip shell extension 'dsv' for command environment
[1.536s] DEBUG:colcon.colcon_core.event_handler.log_command:Invoking command in '/home/dale/Documents/isam2/iSAM2_SLAM/workspace/build/eufs_msgs': CMAKE_PREFIX_PATH=${CMAKE_PREFIX_PATH}:/opt/ros/foxy CONDA_PROMPT_MODIFIER=(base) /home/dale/miniconda3/bin/cmake --build /home/dale/Documents/isam2/iSAM2_SLAM/workspace/build/eufs_msgs -- -j24 -l24
[2.056s] DEBUG:colcon.colcon_core.event_handler.log_command:Invoked command in '/home/dale/Documents/isam2/iSAM2_SLAM/workspace/build/eufs_msgs' returned '0': CMAKE_PREFIX_PATH=${CMAKE_PREFIX_PATH}:/opt/ros/foxy CONDA_PROMPT_MODIFIER=(base) /home/dale/miniconda3/bin/cmake --build /home/dale/Documents/isam2/iSAM2_SLAM/workspace/build/eufs_msgs -- -j24 -l24
[2.357s] DEBUG:colcon.colcon_core.event_handler.log_command:Invoking command in '/home/dale/Documents/isam2/iSAM2_SLAM/workspace/build/eufs_msgs': CMAKE_PREFIX_PATH=${CMAKE_PREFIX_PATH}:/opt/ros/foxy CONDA_PROMPT_MODIFIER=(base) /home/dale/miniconda3/bin/cmake --install /home/dale/Documents/isam2/iSAM2_SLAM/workspace/build/eufs_msgs
[2.526s] Level 1:colcon.colcon_core.environment:create_environment_scripts_only(eufs_msgs)
[2.527s] DEBUG:colcon.colcon_core.event_handler.log_command:Invoked command in '/home/dale/Documents/isam2/iSAM2_SLAM/workspace/build/eufs_msgs' returned '0': CMAKE_PREFIX_PATH=${CMAKE_PREFIX_PATH}:/opt/ros/foxy CONDA_PROMPT_MODIFIER=(base) /home/dale/miniconda3/bin/cmake --install /home/dale/Documents/isam2/iSAM2_SLAM/workspace/build/eufs_msgs
[2.550s] Level 1:colcon.colcon_core.environment:checking '/home/dale/Documents/isam2/iSAM2_SLAM/workspace/install/eufs_msgs' for CMake module files
[2.553s] Level 1:colcon.colcon_core.environment:checking '/home/dale/Documents/isam2/iSAM2_SLAM/workspace/install/eufs_msgs' for CMake config files
[2.568s] Level 1:colcon.colcon_core.shell:create_environment_hook('eufs_msgs', 'cmake_prefix_path')
[2.579s] INFO:colcon.colcon_core.shell:Creating environment hook '/home/dale/Documents/isam2/iSAM2_SLAM/workspace/install/eufs_msgs/share/eufs_msgs/hook/cmake_prefix_path.ps1'
[2.581s] INFO:colcon.colcon_core.shell:Creating environment descriptor '/home/dale/Documents/isam2/iSAM2_SLAM/workspace/install/eufs_msgs/share/eufs_msgs/hook/cmake_prefix_path.dsv'
[2.581s] INFO:colcon.colcon_core.shell:Creating environment hook '/home/dale/Documents/isam2/iSAM2_SLAM/workspace/install/eufs_msgs/share/eufs_msgs/hook/cmake_prefix_path.sh'
[2.582s] Level 1:colcon.colcon_core.environment:checking '/home/dale/Documents/isam2/iSAM2_SLAM/workspace/install/eufs_msgs/lib'
[2.582s] Level 1:colcon.colcon_core.shell:create_environment_hook('eufs_msgs', 'ld_library_path_lib')
[2.590s] INFO:colcon.colcon_core.shell:Creating environment hook '/home/dale/Documents/isam2/iSAM2_SLAM/workspace/install/eufs_msgs/share/eufs_msgs/hook/ld_library_path_lib.ps1'
[2.590s] INFO:colcon.colcon_core.shell:Creating environment descriptor '/home/dale/Documents/isam2/iSAM2_SLAM/workspace/install/eufs_msgs/share/eufs_msgs/hook/ld_library_path_lib.dsv'
[2.590s] INFO:colcon.colcon_core.shell:Creating environment hook '/home/dale/Documents/isam2/iSAM2_SLAM/workspace/install/eufs_msgs/share/eufs_msgs/hook/ld_library_path_lib.sh'
[2.590s] Level 1:colcon.colcon_core.environment:checking '/home/dale/Documents/isam2/iSAM2_SLAM/workspace/install/eufs_msgs/bin'
[2.590s] Level 1:colcon.colcon_core.environment:checking '/home/dale/Documents/isam2/iSAM2_SLAM/workspace/install/eufs_msgs/lib/pkgconfig/eufs_msgs.pc'
[2.590s] Level 1:colcon.colcon_core.environment:checking '/home/dale/Documents/isam2/iSAM2_SLAM/workspace/install/eufs_msgs/lib/python3.8/site-packages'
[2.590s] Level 1:colcon.colcon_core.shell:create_environment_hook('eufs_msgs', 'pythonpath')
[2.595s] INFO:colcon.colcon_core.shell:Creating environment hook '/home/dale/Documents/isam2/iSAM2_SLAM/workspace/install/eufs_msgs/share/eufs_msgs/hook/pythonpath.ps1'
[2.595s] INFO:colcon.colcon_core.shell:Creating environment descriptor '/home/dale/Documents/isam2/iSAM2_SLAM/workspace/install/eufs_msgs/share/eufs_msgs/hook/pythonpath.dsv'
[2.595s] INFO:colcon.colcon_core.shell:Creating environment hook '/home/dale/Documents/isam2/iSAM2_SLAM/workspace/install/eufs_msgs/share/eufs_msgs/hook/pythonpath.sh'
[2.595s] Level 1:colcon.colcon_core.environment:checking '/home/dale/Documents/isam2/iSAM2_SLAM/workspace/install/eufs_msgs/bin'
[2.600s] INFO:colcon.colcon_core.shell:Creating package script '/home/dale/Documents/isam2/iSAM2_SLAM/workspace/install/eufs_msgs/share/eufs_msgs/package.ps1'
[2.601s] INFO:colcon.colcon_core.shell:Creating package descriptor '/home/dale/Documents/isam2/iSAM2_SLAM/workspace/install/eufs_msgs/share/eufs_msgs/package.dsv'
[2.601s] INFO:colcon.colcon_core.shell:Creating package script '/home/dale/Documents/isam2/iSAM2_SLAM/workspace/install/eufs_msgs/share/eufs_msgs/package.sh'
[2.603s] INFO:colcon.colcon_core.shell:Creating package script '/home/dale/Documents/isam2/iSAM2_SLAM/workspace/install/eufs_msgs/share/eufs_msgs/package.bash'
[2.604s] INFO:colcon.colcon_core.shell:Creating package script '/home/dale/Documents/isam2/iSAM2_SLAM/workspace/install/eufs_msgs/share/eufs_msgs/package.zsh'
[2.606s] Level 1:colcon.colcon_core.environment:create_file_with_runtime_dependencies(/home/dale/Documents/isam2/iSAM2_SLAM/workspace/install/eufs_msgs/share/colcon-core/packages/eufs_msgs)
[2.893s] Level 1:colcon.colcon_core.environment:create_environment_scripts_only(eufs_msgs)
[2.897s] Level 1:colcon.colcon_core.environment:checking '/home/dale/Documents/isam2/iSAM2_SLAM/workspace/install/eufs_msgs' for CMake module files
[2.898s] Level 1:colcon.colcon_core.environment:checking '/home/dale/Documents/isam2/iSAM2_SLAM/workspace/install/eufs_msgs' for CMake config files
[2.898s] Level 1:colcon.colcon_core.shell:create_environment_hook('eufs_msgs', 'cmake_prefix_path')
[2.903s] INFO:colcon.colcon_core.shell:Creating environment hook '/home/dale/Documents/isam2/iSAM2_SLAM/workspace/install/eufs_msgs/share/eufs_msgs/hook/cmake_prefix_path.ps1'
[2.903s] INFO:colcon.colcon_core.shell:Creating environment descriptor '/home/dale/Documents/isam2/iSAM2_SLAM/workspace/install/eufs_msgs/share/eufs_msgs/hook/cmake_prefix_path.dsv'
[2.903s] INFO:colcon.colcon_core.shell:Creating environment hook '/home/dale/Documents/isam2/iSAM2_SLAM/workspace/install/eufs_msgs/share/eufs_msgs/hook/cmake_prefix_path.sh'
[2.903s] Level 1:colcon.colcon_core.environment:checking '/home/dale/Documents/isam2/iSAM2_SLAM/workspace/install/eufs_msgs/lib'
[2.903s] Level 1:colcon.colcon_core.shell:create_environment_hook('eufs_msgs', 'ld_library_path_lib')
[2.908s] INFO:colcon.colcon_core.shell:Creating environment hook '/home/dale/Documents/isam2/iSAM2_SLAM/workspace/install/eufs_msgs/share/eufs_msgs/hook/ld_library_path_lib.ps1'
[2.908s] INFO:colcon.colcon_core.shell:Creating environment descriptor '/home/dale/Documents/isam2/iSAM2_SLAM/workspace/install/eufs_msgs/share/eufs_msgs/hook/ld_library_path_lib.dsv'
[2.908s] INFO:colcon.colcon_core.shell:Creating environment hook '/home/dale/Documents/isam2/iSAM2_SLAM/workspace/install/eufs_msgs/share/eufs_msgs/hook/ld_library_path_lib.sh'
[2.908s] Level 1:colcon.colcon_core.environment:checking '/home/dale/Documents/isam2/iSAM2_SLAM/workspace/install/eufs_msgs/bin'
[2.908s] Level 1:colcon.colcon_core.environment:checking '/home/dale/Documents/isam2/iSAM2_SLAM/workspace/install/eufs_msgs/lib/pkgconfig/eufs_msgs.pc'
[2.908s] Level 1:colcon.colcon_core.environment:checking '/home/dale/Documents/isam2/iSAM2_SLAM/workspace/install/eufs_msgs/lib/python3.8/site-packages'
[2.908s] Level 1:colcon.colcon_core.shell:create_environment_hook('eufs_msgs', 'pythonpath')
[2.913s] INFO:colcon.colcon_core.shell:Creating environment hook '/home/dale/Documents/isam2/iSAM2_SLAM/workspace/install/eufs_msgs/share/eufs_msgs/hook/pythonpath.ps1'
[2.913s] INFO:colcon.colcon_core.shell:Creating environment descriptor '/home/dale/Documents/isam2/iSAM2_SLAM/workspace/install/eufs_msgs/share/eufs_msgs/hook/pythonpath.dsv'
[2.913s] INFO:colcon.colcon_core.shell:Creating environment hook '/home/dale/Documents/isam2/iSAM2_SLAM/workspace/install/eufs_msgs/share/eufs_msgs/hook/pythonpath.sh'
[2.913s] Level 1:colcon.colcon_core.environment:checking '/home/dale/Documents/isam2/iSAM2_SLAM/workspace/install/eufs_msgs/bin'
[2.918s] INFO:colcon.colcon_core.shell:Creating package script '/home/dale/Documents/isam2/iSAM2_SLAM/workspace/install/eufs_msgs/share/eufs_msgs/package.ps1'
[2.918s] INFO:colcon.colcon_core.shell:Creating package descriptor '/home/dale/Documents/isam2/iSAM2_SLAM/workspace/install/eufs_msgs/share/eufs_msgs/package.dsv'
[2.918s] INFO:colcon.colcon_core.shell:Creating package script '/home/dale/Documents/isam2/iSAM2_SLAM/workspace/install/eufs_msgs/share/eufs_msgs/package.sh'
[2.918s] INFO:colcon.colcon_core.shell:Creating package script '/home/dale/Documents/isam2/iSAM2_SLAM/workspace/install/eufs_msgs/share/eufs_msgs/package.bash'
[2.918s] INFO:colcon.colcon_core.shell:Creating package script '/home/dale/Documents/isam2/iSAM2_SLAM/workspace/install/eufs_msgs/share/eufs_msgs/package.zsh'
[2.919s] Level 1:colcon.colcon_core.environment:create_file_with_runtime_dependencies(/home/dale/Documents/isam2/iSAM2_SLAM/workspace/install/eufs_msgs/share/colcon-core/packages/eufs_msgs)
[2.919s] INFO:colcon.colcon_ros.task.ament_cmake.build:Building ROS package in '/home/dale/Documents/isam2/iSAM2_SLAM/workspace/src/isam2' with build type 'ament_cmake'
[2.919s] INFO:colcon.colcon_cmake.task.cmake.build:Building CMake package in '/home/dale/Documents/isam2/iSAM2_SLAM/workspace/src/isam2'
[2.930s] INFO:colcon.colcon_core.shell:Skip shell extension 'powershell' for command environment: Not usable outside of PowerShell
[2.930s] DEBUG:colcon.colcon_core.shell:Skip shell extension 'dsv' for command environment
[2.953s] DEBUG:colcon.colcon_core.event_handler.log_command:Invoking command in '/home/dale/Documents/isam2/iSAM2_SLAM/workspace/build/isam2': CMAKE_PREFIX_PATH=/home/dale/Documents/isam2/iSAM2_SLAM/workspace/install/eufs_msgs:/home/dale/Documents/isam2/iSAM2_SLAM/workspace/install/isam2:/opt/ros/foxy CONDA_PROMPT_MODIFIER=(base) /home/dale/miniconda3/bin/cmake --build /home/dale/Documents/isam2/iSAM2_SLAM/workspace/build/isam2 -- -j24 -l24
[11.469s] DEBUG:colcon.colcon_core.event_handler.log_command:Invoked command in '/home/dale/Documents/isam2/iSAM2_SLAM/workspace/build/isam2' returned '0': CMAKE_PREFIX_PATH=/home/dale/Documents/isam2/iSAM2_SLAM/workspace/install/eufs_msgs:/home/dale/Documents/isam2/iSAM2_SLAM/workspace/install/isam2:/opt/ros/foxy CONDA_PROMPT_MODIFIER=(base) /home/dale/miniconda3/bin/cmake --build /home/dale/Documents/isam2/iSAM2_SLAM/workspace/build/isam2 -- -j24 -l24
[11.489s] DEBUG:colcon.colcon_core.event_handler.log_command:Invoking command in '/home/dale/Documents/isam2/iSAM2_SLAM/workspace/build/isam2': CMAKE_PREFIX_PATH=/home/dale/Documents/isam2/iSAM2_SLAM/workspace/install/eufs_msgs:/home/dale/Documents/isam2/iSAM2_SLAM/workspace/install/isam2:/opt/ros/foxy CONDA_PROMPT_MODIFIER=(base) /home/dale/miniconda3/bin/cmake --install /home/dale/Documents/isam2/iSAM2_SLAM/workspace/build/isam2
[11.508s] Level 1:colcon.colcon_core.environment:create_environment_scripts_only(isam2)
[11.508s] DEBUG:colcon.colcon_core.event_handler.log_command:Invoked command in '/home/dale/Documents/isam2/iSAM2_SLAM/workspace/build/isam2' returned '0': CMAKE_PREFIX_PATH=/home/dale/Documents/isam2/iSAM2_SLAM/workspace/install/eufs_msgs:/home/dale/Documents/isam2/iSAM2_SLAM/workspace/install/isam2:/opt/ros/foxy CONDA_PROMPT_MODIFIER=(base) /home/dale/miniconda3/bin/cmake --install /home/dale/Documents/isam2/iSAM2_SLAM/workspace/build/isam2
[11.514s] Level 1:colcon.colcon_core.environment:checking '/home/dale/Documents/isam2/iSAM2_SLAM/workspace/install/isam2' for CMake module files
[11.515s] Level 1:colcon.colcon_core.environment:checking '/home/dale/Documents/isam2/iSAM2_SLAM/workspace/install/isam2' for CMake config files
[11.516s] Level 1:colcon.colcon_core.shell:create_environment_hook('isam2', 'cmake_prefix_path')
[11.521s] INFO:colcon.colcon_core.shell:Creating environment hook '/home/dale/Documents/isam2/iSAM2_SLAM/workspace/install/isam2/share/isam2/hook/cmake_prefix_path.ps1'
[11.521s] INFO:colcon.colcon_core.shell:Creating environment descriptor '/home/dale/Documents/isam2/iSAM2_SLAM/workspace/install/isam2/share/isam2/hook/cmake_prefix_path.dsv'
[11.521s] INFO:colcon.colcon_core.shell:Creating environment hook '/home/dale/Documents/isam2/iSAM2_SLAM/workspace/install/isam2/share/isam2/hook/cmake_prefix_path.sh'
[11.521s] Level 1:colcon.colcon_core.environment:checking '/home/dale/Documents/isam2/iSAM2_SLAM/workspace/install/isam2/lib'
[11.521s] Level 1:colcon.colcon_core.environment:checking '/home/dale/Documents/isam2/iSAM2_SLAM/workspace/install/isam2/bin'
[11.521s] Level 1:colcon.colcon_core.environment:checking '/home/dale/Documents/isam2/iSAM2_SLAM/workspace/install/isam2/lib/pkgconfig/isam2.pc'
[11.521s] Level 1:colcon.colcon_core.environment:checking '/home/dale/Documents/isam2/iSAM2_SLAM/workspace/install/isam2/lib/python3.8/site-packages'
[11.521s] Level 1:colcon.colcon_core.environment:checking '/home/dale/Documents/isam2/iSAM2_SLAM/workspace/install/isam2/bin'
[11.526s] INFO:colcon.colcon_core.shell:Creating package script '/home/dale/Documents/isam2/iSAM2_SLAM/workspace/install/isam2/share/isam2/package.ps1'
[11.527s] INFO:colcon.colcon_core.shell:Creating package descriptor '/home/dale/Documents/isam2/iSAM2_SLAM/workspace/install/isam2/share/isam2/package.dsv'
[11.527s] INFO:colcon.colcon_core.shell:Creating package script '/home/dale/Documents/isam2/iSAM2_SLAM/workspace/install/isam2/share/isam2/package.sh'
[11.527s] INFO:colcon.colcon_core.shell:Creating package script '/home/dale/Documents/isam2/iSAM2_SLAM/workspace/install/isam2/share/isam2/package.bash'
[11.527s] INFO:colcon.colcon_core.shell:Creating package script '/home/dale/Documents/isam2/iSAM2_SLAM/workspace/install/isam2/share/isam2/package.zsh'
[11.527s] Level 1:colcon.colcon_core.environment:create_file_with_runtime_dependencies(/home/dale/Documents/isam2/iSAM2_SLAM/workspace/install/isam2/share/colcon-core/packages/isam2)
[11.553s] Level 1:colcon.colcon_core.environment:create_environment_scripts_only(isam2)
[11.564s] Level 1:colcon.colcon_core.environment:checking '/home/dale/Documents/isam2/iSAM2_SLAM/workspace/install/isam2' for CMake module files
[11.564s] Level 1:colcon.colcon_core.environment:checking '/home/dale/Documents/isam2/iSAM2_SLAM/workspace/install/isam2' for CMake config files
[11.564s] Level 1:colcon.colcon_core.shell:create_environment_hook('isam2', 'cmake_prefix_path')
[11.569s] INFO:colcon.colcon_core.shell:Creating environment hook '/home/dale/Documents/isam2/iSAM2_SLAM/workspace/install/isam2/share/isam2/hook/cmake_prefix_path.ps1'
[11.569s] INFO:colcon.colcon_core.shell:Creating environment descriptor '/home/dale/Documents/isam2/iSAM2_SLAM/workspace/install/isam2/share/isam2/hook/cmake_prefix_path.dsv'
[11.569s] INFO:colcon.colcon_core.shell:Creating environment hook '/home/dale/Documents/isam2/iSAM2_SLAM/workspace/install/isam2/share/isam2/hook/cmake_prefix_path.sh'
[11.569s] Level 1:colcon.colcon_core.environment:checking '/home/dale/Documents/isam2/iSAM2_SLAM/workspace/install/isam2/lib'
[11.569s] Level 1:colcon.colcon_core.environment:checking '/home/dale/Documents/isam2/iSAM2_SLAM/workspace/install/isam2/bin'
[11.569s] Level 1:colcon.colcon_core.environment:checking '/home/dale/Documents/isam2/iSAM2_SLAM/workspace/install/isam2/lib/pkgconfig/isam2.pc'
[11.569s] Level 1:colcon.colcon_core.environment:checking '/home/dale/Documents/isam2/iSAM2_SLAM/workspace/install/isam2/lib/python3.8/site-packages'
[11.569s] Level 1:colcon.colcon_core.environment:checking '/home/dale/Documents/isam2/iSAM2_SLAM/workspace/install/isam2/bin'
[11.574s] INFO:colcon.colcon_core.shell:Creating package script '/home/dale/Documents/isam2/iSAM2_SLAM/workspace/install/isam2/share/isam2/package.ps1'
[11.574s] INFO:colcon.colcon_core.shell:Creating package descriptor '/home/dale/Documents/isam2/iSAM2_SLAM/workspace/install/isam2/share/isam2/package.dsv'
[11.574s] INFO:colcon.colcon_core.shell:Creating package script '/home/dale/Documents/isam2/iSAM2_SLAM/workspace/install/isam2/share/isam2/package.sh'
[11.574s] INFO:colcon.colcon_core.shell:Creating package script '/home/dale/Documents/isam2/iSAM2_SLAM/workspace/install/isam2/share/isam2/package.bash'
[11.574s] INFO:colcon.colcon_core.shell:Creating package script '/home/dale/Documents/isam2/iSAM2_SLAM/workspace/install/isam2/share/isam2/package.zsh'
[11.575s] Level 1:colcon.colcon_core.environment:create_file_with_runtime_dependencies(/home/dale/Documents/isam2/iSAM2_SLAM/workspace/install/isam2/share/colcon-core/packages/isam2)
[11.575s] DEBUG:colcon.colcon_parallel_executor.executor.parallel:closing loop
[11.575s] DEBUG:colcon.colcon_parallel_executor.executor.parallel:loop closed
[11.575s] DEBUG:colcon.colcon_parallel_executor.executor.parallel:run_until_complete finished with '0'
[11.575s] DEBUG:colcon.colcon_core.event_reactor:joining thread
[11.583s] INFO:colcon.colcon_core.plugin_system:Skipping extension 'colcon_notification.desktop_notification.terminal_notifier': Not used on non-Darwin systems
[11.583s] INFO:colcon.colcon_core.plugin_system:Skipping extension 'colcon_notification.desktop_notification.win32': Not used on non-Windows systems
[11.583s] INFO:colcon.colcon_notification.desktop_notification:Sending desktop notification using 'notify2'
[11.681s] DEBUG:colcon.colcon_core.event_reactor:joined thread
[11.686s] INFO:colcon.colcon_core.shell:Creating prefix script '/home/dale/Documents/isam2/iSAM2_SLAM/workspace/install/local_setup.ps1'
[11.687s] INFO:colcon.colcon_core.shell:Creating prefix util module '/home/dale/Documents/isam2/iSAM2_SLAM/workspace/install/_local_setup_util_ps1.py'
[11.688s] INFO:colcon.colcon_core.shell:Creating prefix chain script '/home/dale/Documents/isam2/iSAM2_SLAM/workspace/install/setup.ps1'
[11.693s] INFO:colcon.colcon_core.shell:Creating prefix script '/home/dale/Documents/isam2/iSAM2_SLAM/workspace/install/local_setup.sh'
[11.694s] INFO:colcon.colcon_core.shell:Creating prefix util module '/home/dale/Documents/isam2/iSAM2_SLAM/workspace/install/_local_setup_util_sh.py'
[11.694s] INFO:colcon.colcon_core.shell:Creating prefix chain script '/home/dale/Documents/isam2/iSAM2_SLAM/workspace/install/setup.sh'
[11.699s] INFO:colcon.colcon_core.shell:Creating prefix script '/home/dale/Documents/isam2/iSAM2_SLAM/workspace/install/local_setup.bash'
[11.700s] INFO:colcon.colcon_core.shell:Creating prefix chain script '/home/dale/Documents/isam2/iSAM2_SLAM/workspace/install/setup.bash'
[11.705s] INFO:colcon.colcon_core.shell:Creating prefix script '/home/dale/Documents/isam2/iSAM2_SLAM/workspace/install/local_setup.zsh'
[11.705s] INFO:colcon.colcon_core.shell:Creating prefix chain script '/home/dale/Documents/isam2/iSAM2_SLAM/workspace/install/setup.zsh'
