[2.074s] Invoking command in '/home/andrewwhong/classes/16833/iSAM2_SLAM/eufs/eufs_sim/eufs_launcher': AMENT_PREFIX_PATH=/home/andrewwhong/classes/16833/iSAM2_SLAM/eufs/install/eufs_tracks:${AMENT_PREFIX_PATH} PYTHONPATH=/home/andrewwhong/classes/16833/iSAM2_SLAM/eufs/build/eufs_launcher/prefix_override:/home/andrewwhong/classes/16833/iSAM2_SLAM/eufs/install/eufs_launcher/lib/python3.8/site-packages:/home/andrewwhong/classes/16833/iSAM2_SLAM/eufs/install/eufs_tracks/lib/python3.8/site-packages:${PYTHONPATH} /usr/bin/python3 setup.py egg_info --egg-base ../../build/eufs_launcher build --build-base /home/andrewwhong/classes/16833/iSAM2_SLAM/eufs/build/eufs_launcher/build install --record /home/andrewwhong/classes/16833/iSAM2_SLAM/eufs/build/eufs_launcher/install.log --single-version-externally-managed
[2.452s] running egg_info
[2.453s] creating ../../build/eufs_launcher/eufs_launcher.egg-info
[2.479s] writing ../../build/eufs_launcher/eufs_launcher.egg-info/PKG-INFO
[2.480s] writing dependency_links to ../../build/eufs_launcher/eufs_launcher.egg-info/dependency_links.txt
[2.480s] writing requirements to ../../build/eufs_launcher/eufs_launcher.egg-info/requires.txt
[2.480s] writing top-level names to ../../build/eufs_launcher/eufs_launcher.egg-info/top_level.txt
[2.643s] writing manifest file '../../build/eufs_launcher/eufs_launcher.egg-info/SOURCES.txt'
[2.730s] reading manifest file '../../build/eufs_launcher/eufs_launcher.egg-info/SOURCES.txt'
[2.731s] writing manifest file '../../build/eufs_launcher/eufs_launcher.egg-info/SOURCES.txt'
[2.732s] running build
[2.732s] running build_py
[2.733s] creating /home/andrewwhong/classes/16833/iSAM2_SLAM/eufs/build/eufs_launcher/build
[2.733s] creating /home/andrewwhong/classes/16833/iSAM2_SLAM/eufs/build/eufs_launcher/build/lib
[2.734s] creating /home/andrewwhong/classes/16833/iSAM2_SLAM/eufs/build/eufs_launcher/build/lib/eufs_launcher
[2.734s] copying src/eufs_launcher/LauncherModule.py -> /home/andrewwhong/classes/16833/iSAM2_SLAM/eufs/build/eufs_launcher/build/lib/eufs_launcher
[2.737s] copying src/eufs_launcher/__init__.py -> /home/andrewwhong/classes/16833/iSAM2_SLAM/eufs/build/eufs_launcher/build/lib/eufs_launcher
[2.737s] running build_scripts
[2.738s] creating /home/andrewwhong/classes/16833/iSAM2_SLAM/eufs/build/eufs_launcher/build/scripts-3.8
[2.738s] copying and adjusting scripts/eufs_launcher -> /home/andrewwhong/classes/16833/iSAM2_SLAM/eufs/build/eufs_launcher/build/scripts-3.8
[2.739s] changing mode of /home/andrewwhong/classes/16833/iSAM2_SLAM/eufs/build/eufs_launcher/build/scripts-3.8/eufs_launcher from 644 to 755
[2.739s] /home/andrewwhong/.local/lib/python3.8/site-packages/setuptools/_distutils/cmd.py:66: SetuptoolsDeprecationWarning: setup.py install is deprecated.
[2.739s] !!
[2.739s] 
[2.739s]         ********************************************************************************
[2.740s]         Please avoid running ``setup.py`` directly.
[2.740s]         Instead, use pypa/build, pypa/installer or other
[2.740s]         standards-based tools.
[2.740s] 
[2.740s]         See https://blog.ganssle.io/articles/2021/10/setup-py-deprecated.html for details.
[2.740s]         ********************************************************************************
[2.741s] 
[2.741s] !!
[2.741s]   self.initialize_options()
[2.741s] running install
[2.748s] running install_lib
[2.783s] creating /home/andrewwhong/classes/16833/iSAM2_SLAM/eufs/install/eufs_launcher/lib/python3.8/site-packages/eufs_launcher
[2.783s] copying /home/andrewwhong/classes/16833/iSAM2_SLAM/eufs/build/eufs_launcher/build/lib/eufs_launcher/LauncherModule.py -> /home/andrewwhong/classes/16833/iSAM2_SLAM/eufs/install/eufs_launcher/lib/python3.8/site-packages/eufs_launcher
[2.784s] copying /home/andrewwhong/classes/16833/iSAM2_SLAM/eufs/build/eufs_launcher/build/lib/eufs_launcher/__init__.py -> /home/andrewwhong/classes/16833/iSAM2_SLAM/eufs/install/eufs_launcher/lib/python3.8/site-packages/eufs_launcher
[2.784s] byte-compiling /home/andrewwhong/classes/16833/iSAM2_SLAM/eufs/install/eufs_launcher/lib/python3.8/site-packages/eufs_launcher/LauncherModule.py to LauncherModule.cpython-38.pyc
[2.787s] byte-compiling /home/andrewwhong/classes/16833/iSAM2_SLAM/eufs/install/eufs_launcher/lib/python3.8/site-packages/eufs_launcher/__init__.py to __init__.cpython-38.pyc
[2.787s] running install_data
[2.816s] copying launch/eufs_launcher.launch.py -> /home/andrewwhong/classes/16833/iSAM2_SLAM/eufs/install/eufs_launcher/share/eufs_launcher
[2.817s] copying launch/simulation.launch.py -> /home/andrewwhong/classes/16833/iSAM2_SLAM/eufs/install/eufs_launcher/share/eufs_launcher
[2.818s] creating /home/andrewwhong/classes/16833/iSAM2_SLAM/eufs/install/eufs_launcher/share/eufs_launcher/config
[2.818s] copying config/default.rviz -> /home/andrewwhong/classes/16833/iSAM2_SLAM/eufs/install/eufs_launcher/share/eufs_launcher/config
[2.819s] copying config/eufs_launcher.yaml -> /home/andrewwhong/classes/16833/iSAM2_SLAM/eufs/install/eufs_launcher/share/eufs_launcher/config
[2.820s] creating /home/andrewwhong/classes/16833/iSAM2_SLAM/eufs/install/eufs_launcher/share/eufs_launcher/resource
[2.820s] copying resource/launcher.ui -> /home/andrewwhong/classes/16833/iSAM2_SLAM/eufs/install/eufs_launcher/share/eufs_launcher/resource
[2.820s] copying plugin.xml -> /home/andrewwhong/classes/16833/iSAM2_SLAM/eufs/install/eufs_launcher/share/eufs_launcher
[2.821s] copying package.xml -> /home/andrewwhong/classes/16833/iSAM2_SLAM/eufs/install/eufs_launcher/share/eufs_launcher
[2.821s] creating /home/andrewwhong/classes/16833/iSAM2_SLAM/eufs/install/eufs_launcher/share/ament_index
[2.822s] creating /home/andrewwhong/classes/16833/iSAM2_SLAM/eufs/install/eufs_launcher/share/ament_index/resource_index
[2.822s] creating /home/andrewwhong/classes/16833/iSAM2_SLAM/eufs/install/eufs_launcher/share/ament_index/resource_index/packages
[2.823s] copying resource/eufs_launcher -> /home/andrewwhong/classes/16833/iSAM2_SLAM/eufs/install/eufs_launcher/share/ament_index/resource_index/packages
[2.823s] running install_egg_info
[2.853s] Copying ../../build/eufs_launcher/eufs_launcher.egg-info to /home/andrewwhong/classes/16833/iSAM2_SLAM/eufs/install/eufs_launcher/lib/python3.8/site-packages/eufs_launcher-2.0.0-py3.8.egg-info
[2.854s] running install_scripts
[2.880s] creating /home/andrewwhong/classes/16833/iSAM2_SLAM/eufs/install/eufs_launcher/lib/eufs_launcher
[2.880s] copying /home/andrewwhong/classes/16833/iSAM2_SLAM/eufs/build/eufs_launcher/build/scripts-3.8/eufs_launcher -> /home/andrewwhong/classes/16833/iSAM2_SLAM/eufs/install/eufs_launcher/lib/eufs_launcher
[2.881s] changing mode of /home/andrewwhong/classes/16833/iSAM2_SLAM/eufs/install/eufs_launcher/lib/eufs_launcher/eufs_launcher to 755
[2.902s] writing list of installed files to '/home/andrewwhong/classes/16833/iSAM2_SLAM/eufs/build/eufs_launcher/install.log'
[2.938s] Invoked command in '/home/andrewwhong/classes/16833/iSAM2_SLAM/eufs/eufs_sim/eufs_launcher' returned '0': AMENT_PREFIX_PATH=/home/andrewwhong/classes/16833/iSAM2_SLAM/eufs/install/eufs_tracks:${AMENT_PREFIX_PATH} PYTHONPATH=/home/andrewwhong/classes/16833/iSAM2_SLAM/eufs/build/eufs_launcher/prefix_override:/home/andrewwhong/classes/16833/iSAM2_SLAM/eufs/install/eufs_launcher/lib/python3.8/site-packages:/home/andrewwhong/classes/16833/iSAM2_SLAM/eufs/install/eufs_tracks/lib/python3.8/site-packages:${PYTHONPATH} /usr/bin/python3 setup.py egg_info --egg-base ../../build/eufs_launcher build --build-base /home/andrewwhong/classes/16833/iSAM2_SLAM/eufs/build/eufs_launcher/build install --record /home/andrewwhong/classes/16833/iSAM2_SLAM/eufs/build/eufs_launcher/install.log --single-version-externally-managed
