[0.033s] Invoking command in '/home/dale/Documents/isam2/iSAM2_SLAM/workspace/build/isam2': CMAKE_PREFIX_PATH=/home/dale/Documents/isam2/iSAM2_SLAM/workspace/install/eufs_msgs:/home/dale/Documents/isam2/iSAM2_SLAM/workspace/install/isam2:/opt/ros/foxy CONDA_PROMPT_MODIFIER=(base) /home/dale/miniconda3/bin/cmake --build /home/dale/Documents/isam2/iSAM2_SLAM/workspace/build/isam2 -- -j24 -l24
[0.115s] [ 50%] [32mBuilding CXX object CMakeFiles/isam_test.dir/isam2Node.cpp.o[0m
[1.273s] In file included from [01m[K/home/dale/Documents/isam2/iSAM2_SLAM/workspace/src/isam2/isam2.cpp:29[m[K,
[1.274s]                  from [01m[K/home/dale/Documents/isam2/iSAM2_SLAM/workspace/src/isam2/isam2Node.cpp:14[m[K:
[1.274s] [01m[K/usr/local/include/gtsam/slam/BearingRangeFactor.h:18:2:[m[K [01;35m[Kwarning: [m[K#warning "BearingRangeFactor is now an ExpressionFactor in SAM directory" [[01;35m[K-Wcpp[m[K]
[1.274s]    18 | #[01;35m[Kwarning[m[K "BearingRangeFactor is now an ExpressionFactor in SAM directory"
[1.274s]       |  [01;35m[K^~~~~~~[m[K
[8.163s] [100%] [32m[1mLinking CXX executable isam_test[0m
[8.545s] [100%] Built target isam_test
[8.549s] Invoked command in '/home/dale/Documents/isam2/iSAM2_SLAM/workspace/build/isam2' returned '0': CMAKE_PREFIX_PATH=/home/dale/Documents/isam2/iSAM2_SLAM/workspace/install/eufs_msgs:/home/dale/Documents/isam2/iSAM2_SLAM/workspace/install/isam2:/opt/ros/foxy CONDA_PROMPT_MODIFIER=(base) /home/dale/miniconda3/bin/cmake --build /home/dale/Documents/isam2/iSAM2_SLAM/workspace/build/isam2 -- -j24 -l24
[8.569s] Invoking command in '/home/dale/Documents/isam2/iSAM2_SLAM/workspace/build/isam2': CMAKE_PREFIX_PATH=/home/dale/Documents/isam2/iSAM2_SLAM/workspace/install/eufs_msgs:/home/dale/Documents/isam2/iSAM2_SLAM/workspace/install/isam2:/opt/ros/foxy CONDA_PROMPT_MODIFIER=(base) /home/dale/miniconda3/bin/cmake --install /home/dale/Documents/isam2/iSAM2_SLAM/workspace/build/isam2
[8.582s] -- Install configuration: ""
[8.584s] -- Installing: /home/dale/Documents/isam2/iSAM2_SLAM/workspace/install/isam2/lib/isam2/isam_test
[8.586s] -- Set runtime path of "/home/dale/Documents/isam2/iSAM2_SLAM/workspace/install/isam2/lib/isam2/isam_test" to ""
[8.586s] -- Up-to-date: /home/dale/Documents/isam2/iSAM2_SLAM/workspace/install/isam2/share/ament_index/resource_index/package_run_dependencies/isam2
[8.586s] -- Up-to-date: /home/dale/Documents/isam2/iSAM2_SLAM/workspace/install/isam2/share/ament_index/resource_index/parent_prefix_path/isam2
[8.586s] -- Up-to-date: /home/dale/Documents/isam2/iSAM2_SLAM/workspace/install/isam2/share/isam2/environment/ament_prefix_path.sh
[8.586s] -- Up-to-date: /home/dale/Documents/isam2/iSAM2_SLAM/workspace/install/isam2/share/isam2/environment/ament_prefix_path.dsv
[8.586s] -- Up-to-date: /home/dale/Documents/isam2/iSAM2_SLAM/workspace/install/isam2/share/isam2/environment/path.sh
[8.586s] -- Up-to-date: /home/dale/Documents/isam2/iSAM2_SLAM/workspace/install/isam2/share/isam2/environment/path.dsv
[8.586s] -- Up-to-date: /home/dale/Documents/isam2/iSAM2_SLAM/workspace/install/isam2/share/isam2/local_setup.bash
[8.586s] -- Up-to-date: /home/dale/Documents/isam2/iSAM2_SLAM/workspace/install/isam2/share/isam2/local_setup.sh
[8.586s] -- Up-to-date: /home/dale/Documents/isam2/iSAM2_SLAM/workspace/install/isam2/share/isam2/local_setup.zsh
[8.586s] -- Up-to-date: /home/dale/Documents/isam2/iSAM2_SLAM/workspace/install/isam2/share/isam2/local_setup.dsv
[8.586s] -- Installing: /home/dale/Documents/isam2/iSAM2_SLAM/workspace/install/isam2/share/isam2/package.dsv
[8.586s] -- Up-to-date: /home/dale/Documents/isam2/iSAM2_SLAM/workspace/install/isam2/share/ament_index/resource_index/packages/isam2
[8.587s] -- Up-to-date: /home/dale/Documents/isam2/iSAM2_SLAM/workspace/install/isam2/share/isam2/cmake/ament_cmake_export_include_directories-extras.cmake
[8.587s] -- Up-to-date: /home/dale/Documents/isam2/iSAM2_SLAM/workspace/install/isam2/share/isam2/cmake/isam2Config.cmake
[8.587s] -- Up-to-date: /home/dale/Documents/isam2/iSAM2_SLAM/workspace/install/isam2/share/isam2/cmake/isam2Config-version.cmake
[8.587s] -- Up-to-date: /home/dale/Documents/isam2/iSAM2_SLAM/workspace/install/isam2/share/isam2/package.xml
[8.589s] Invoked command in '/home/dale/Documents/isam2/iSAM2_SLAM/workspace/build/isam2' returned '0': CMAKE_PREFIX_PATH=/home/dale/Documents/isam2/iSAM2_SLAM/workspace/install/eufs_msgs:/home/dale/Documents/isam2/iSAM2_SLAM/workspace/install/isam2:/opt/ros/foxy CONDA_PROMPT_MODIFIER=(base) /home/dale/miniconda3/bin/cmake --install /home/dale/Documents/isam2/iSAM2_SLAM/workspace/build/isam2
