[0.005s] Invoking command in '/home/dale/driverless-packages/iSAM2_SLAM/workspace/src/isam2/build/isam2': CMAKE_PREFIX_PATH=/opt/ros/humble /usr/bin/cmake /home/dale/driverless-packages/iSAM2_SLAM/workspace/src/isam2 -DCMAKE_INSTALL_PREFIX=/home/dale/driverless-packages/iSAM2_SLAM/workspace/src/isam2/install/isam2
[0.039s] -- The C compiler identification is GNU 11.4.0
[0.095s] -- The CXX compiler identification is GNU 11.4.0
[0.107s] -- Detecting C compiler ABI info
[0.182s] -- Detecting C compiler ABI info - done
[0.194s] -- Check for working C compiler: /usr/bin/cc - skipped
[0.194s] -- Detecting C compile features
[0.195s] -- Detecting C compile features - done
[0.198s] -- Detecting CXX compiler ABI info
[0.267s] -- Detecting CXX compiler ABI info - done
[0.272s] -- Check for working CXX compiler: /usr/bin/c++ - skipped
[0.272s] -- Detecting CXX compile features
[0.272s] -- Detecting CXX compile features - done
[0.273s] -- Found geometry_msgs: 4.2.4 (/opt/ros/humble/share/geometry_msgs/cmake)
[0.406s] -- Found Python3: /usr/bin/python3 (found version "3.10.12") found components: Interpreter 
[0.468s] -- Found rosidl_generator_c: 3.1.5 (/opt/ros/humble/share/rosidl_generator_c/cmake)
[0.470s] -- Found rosidl_adapter: 3.1.5 (/opt/ros/humble/share/rosidl_adapter/cmake)
[0.473s] -- Found rosidl_generator_cpp: 3.1.5 (/opt/ros/humble/share/rosidl_generator_cpp/cmake)
[0.478s] -- Using all available rosidl_typesupport_c: rosidl_typesupport_fastrtps_c;rosidl_typesupport_introspection_c
[0.485s] -- Using all available rosidl_typesupport_cpp: rosidl_typesupport_fastrtps_cpp;rosidl_typesupport_introspection_cpp
[0.506s] -- Configuring incomplete, errors occurred!
[0.506s] See also "/home/dale/driverless-packages/iSAM2_SLAM/workspace/src/isam2/build/isam2/CMakeFiles/CMakeOutput.log".
[0.506s] [31mCMake Error at CMakeLists.txt:20 (find_package):
[0.506s]   By not providing "Findinterfaces.cmake" in CMAKE_MODULE_PATH this project
[0.506s]   has asked CMake to find a package configuration file provided by
[0.506s]   "interfaces", but CMake did not find one.
[0.506s] 
[0.506s]   Could not find a package configuration file provided by "interfaces" with
[0.506s]   any of the following names:
[0.506s] 
[0.506s]     interfacesConfig.cmake
[0.506s]     interfaces-config.cmake
[0.506s] 
[0.506s]   Add the installation prefix of "interfaces" to CMAKE_PREFIX_PATH or set
[0.506s]   "interfaces_DIR" to a directory containing one of the above files.  If
[0.506s]   "interfaces" provides a separate development package or SDK, be sure it has
[0.506s]   been installed.
[0.506s] 
[0.506s] [0m
[0.509s] Invoked command in '/home/dale/driverless-packages/iSAM2_SLAM/workspace/src/isam2/build/isam2' returned '1': CMAKE_PREFIX_PATH=/opt/ros/humble /usr/bin/cmake /home/dale/driverless-packages/iSAM2_SLAM/workspace/src/isam2 -DCMAKE_INSTALL_PREFIX=/home/dale/driverless-packages/iSAM2_SLAM/workspace/src/isam2/install/isam2
