[2.877s] Invoking command in '/home/andrewwhong/classes/16833/iSAM2_SLAM/eufs/eufs_sim/eufs_tracks': PYTHONPATH=/home/andrewwhong/classes/16833/iSAM2_SLAM/eufs/build/eufs_tracks/prefix_override:/home/andrewwhong/classes/16833/iSAM2_SLAM/eufs/install/eufs_tracks/lib/python3.8/site-packages:${PYTHONPATH} /usr/bin/python3 setup.py egg_info --egg-base ../../build/eufs_tracks build --build-base /home/andrewwhong/classes/16833/iSAM2_SLAM/eufs/build/eufs_tracks/build install --record /home/andrewwhong/classes/16833/iSAM2_SLAM/eufs/build/eufs_tracks/install.log --single-version-externally-managed
[3.392s] running egg_info
[3.426s] writing ../../build/eufs_tracks/eufs_tracks.egg-info/PKG-INFO
[3.427s] writing dependency_links to ../../build/eufs_tracks/eufs_tracks.egg-info/dependency_links.txt
[3.427s] writing entry points to ../../build/eufs_tracks/eufs_tracks.egg-info/entry_points.txt
[3.428s] writing requirements to ../../build/eufs_tracks/eufs_tracks.egg-info/requires.txt
[3.429s] writing top-level names to ../../build/eufs_tracks/eufs_tracks.egg-info/top_level.txt
[3.749s] reading manifest file '../../build/eufs_tracks/eufs_tracks.egg-info/SOURCES.txt'
[3.753s] writing manifest file '../../build/eufs_tracks/eufs_tracks.egg-info/SOURCES.txt'
[3.754s] running build
[3.755s] running build_py
[3.755s] copying eufs_tracks/__init__.py -> /home/andrewwhong/classes/16833/iSAM2_SLAM/eufs/build/eufs_tracks/build/lib/eufs_tracks
[3.756s] copying eufs_tracks/cli/main.py -> /home/andrewwhong/classes/16833/iSAM2_SLAM/eufs/build/eufs_tracks/build/lib/eufs_tracks/cli
[3.757s] copying eufs_tracks/cli/create.py -> /home/andrewwhong/classes/16833/iSAM2_SLAM/eufs/build/eufs_tracks/build/lib/eufs_tracks/cli
[3.757s] copying eufs_tracks/cli/convert.py -> /home/andrewwhong/classes/16833/iSAM2_SLAM/eufs/build/eufs_tracks/build/lib/eufs_tracks/cli
[3.757s] copying eufs_tracks/cli/__init__.py -> /home/andrewwhong/classes/16833/iSAM2_SLAM/eufs/build/eufs_tracks/build/lib/eufs_tracks/cli
[3.758s] copying eufs_tracks/converter_tool/converter.py -> /home/andrewwhong/classes/16833/iSAM2_SLAM/eufs/build/eufs_tracks/build/lib/eufs_tracks/converter_tool
[3.760s] copying eufs_tracks/converter_tool/converter_gui.py -> /home/andrewwhong/classes/16833/iSAM2_SLAM/eufs/build/eufs_tracks/build/lib/eufs_tracks/converter_tool
[3.761s] copying eufs_tracks/converter_tool/__init__.py -> /home/andrewwhong/classes/16833/iSAM2_SLAM/eufs/build/eufs_tracks/build/lib/eufs_tracks/converter_tool
[3.762s] copying eufs_tracks/track_generator/track_generator_gui.py -> /home/andrewwhong/classes/16833/iSAM2_SLAM/eufs/build/eufs_tracks/build/lib/eufs_tracks/track_generator
[3.763s] copying eufs_tracks/track_generator/track_generator.py -> /home/andrewwhong/classes/16833/iSAM2_SLAM/eufs/build/eufs_tracks/build/lib/eufs_tracks/track_generator
[3.764s] copying eufs_tracks/track_generator/__init__.py -> /home/andrewwhong/classes/16833/iSAM2_SLAM/eufs/build/eufs_tracks/build/lib/eufs_tracks/track_generator
[3.765s] running build_scripts
[3.766s] running install
[3.766s] /home/andrewwhong/.local/lib/python3.8/site-packages/setuptools/_distutils/cmd.py:66: SetuptoolsDeprecationWarning: setup.py install is deprecated.
[3.767s] !!
[3.767s] 
[3.767s]         ********************************************************************************
[3.768s]         Please avoid running ``setup.py`` directly.
[3.768s]         Instead, use pypa/build, pypa/installer or other
[3.769s]         standards-based tools.
[3.769s] 
[3.769s]         See https://blog.ganssle.io/articles/2021/10/setup-py-deprecated.html for details.
[3.770s]         ********************************************************************************
[3.770s] 
[3.770s] !!
[3.771s]   self.initialize_options()
[3.776s] running install_lib
[3.831s] running install_data
[3.875s] copying package.xml -> /home/andrewwhong/classes/16833/iSAM2_SLAM/eufs/install/eufs_tracks/share/eufs_tracks
[3.876s] copying plugin.xml -> /home/andrewwhong/classes/16833/iSAM2_SLAM/eufs/install/eufs_tracks/share/eufs_tracks
[3.876s] copying resource/eufs_tracks -> /home/andrewwhong/classes/16833/iSAM2_SLAM/eufs/install/eufs_tracks/share/ament_index/resource_index/packages
[3.877s] copying csv/comp_2021.csv -> /home/andrewwhong/classes/16833/iSAM2_SLAM/eufs/install/eufs_tracks/share/eufs_tracks/csv
[3.877s] copying csv/skidpad.csv -> /home/andrewwhong/classes/16833/iSAM2_SLAM/eufs/install/eufs_tracks/share/eufs_tracks/csv
[3.878s] copying csv/its_a_mess.csv -> /home/andrewwhong/classes/16833/iSAM2_SLAM/eufs/install/eufs_tracks/share/eufs_tracks/csv
[3.879s] copying csv/peanut.csv -> /home/andrewwhong/classes/16833/iSAM2_SLAM/eufs/install/eufs_tracks/share/eufs_tracks/csv
[3.880s] copying csv/rectangle.csv -> /home/andrewwhong/classes/16833/iSAM2_SLAM/eufs/install/eufs_tracks/share/eufs_tracks/csv
[3.881s] copying csv/acceleration.csv -> /home/andrewwhong/classes/16833/iSAM2_SLAM/eufs/install/eufs_tracks/share/eufs_tracks/csv
[3.881s] copying csv/rand.csv -> /home/andrewwhong/classes/16833/iSAM2_SLAM/eufs/install/eufs_tracks/share/eufs_tracks/csv
[3.882s] copying csv/garden_light.csv -> /home/andrewwhong/classes/16833/iSAM2_SLAM/eufs/install/eufs_tracks/share/eufs_tracks/csv
[3.882s] copying csv/bone.csv -> /home/andrewwhong/classes/16833/iSAM2_SLAM/eufs/install/eufs_tracks/share/eufs_tracks/csv
[3.883s] copying csv/boa_constrictor.csv -> /home/andrewwhong/classes/16833/iSAM2_SLAM/eufs/install/eufs_tracks/share/eufs_tracks/csv
[3.884s] copying csv/hairpins_increasing_difficulty.csv -> /home/andrewwhong/classes/16833/iSAM2_SLAM/eufs/install/eufs_tracks/share/eufs_tracks/csv
[3.885s] copying csv/small_track.csv -> /home/andrewwhong/classes/16833/iSAM2_SLAM/eufs/install/eufs_tracks/share/eufs_tracks/csv
[3.886s] copying image/comp_2021.png -> /home/andrewwhong/classes/16833/iSAM2_SLAM/eufs/install/eufs_tracks/share/eufs_tracks/image
[3.886s] copying image/skidpad.png -> /home/andrewwhong/classes/16833/iSAM2_SLAM/eufs/install/eufs_tracks/share/eufs_tracks/image
[3.887s] copying launch/empty.launch -> /home/andrewwhong/classes/16833/iSAM2_SLAM/eufs/install/eufs_tracks/share/eufs_tracks/launch
[3.888s] copying launch/skidpad.launch -> /home/andrewwhong/classes/16833/iSAM2_SLAM/eufs/install/eufs_tracks/share/eufs_tracks/launch
[3.889s] copying launch/its_a_mess.launch -> /home/andrewwhong/classes/16833/iSAM2_SLAM/eufs/install/eufs_tracks/share/eufs_tracks/launch
[3.889s] copying launch/rand.launch -> /home/andrewwhong/classes/16833/iSAM2_SLAM/eufs/install/eufs_tracks/share/eufs_tracks/launch
[3.890s] copying launch/peanut.launch -> /home/andrewwhong/classes/16833/iSAM2_SLAM/eufs/install/eufs_tracks/share/eufs_tracks/launch
[3.890s] copying launch/boa_constrictor.launch -> /home/andrewwhong/classes/16833/iSAM2_SLAM/eufs/install/eufs_tracks/share/eufs_tracks/launch
[3.890s] copying launch/garden_light.launch -> /home/andrewwhong/classes/16833/iSAM2_SLAM/eufs/install/eufs_tracks/share/eufs_tracks/launch
[3.891s] copying launch/rectangle.launch -> /home/andrewwhong/classes/16833/iSAM2_SLAM/eufs/install/eufs_tracks/share/eufs_tracks/launch
[3.892s] copying launch/comp_2021.launch -> /home/andrewwhong/classes/16833/iSAM2_SLAM/eufs/install/eufs_tracks/share/eufs_tracks/launch
[3.893s] copying launch/acceleration.launch -> /home/andrewwhong/classes/16833/iSAM2_SLAM/eufs/install/eufs_tracks/share/eufs_tracks/launch
[3.893s] copying launch/hairpins_increasing_difficulty.launch -> /home/andrewwhong/classes/16833/iSAM2_SLAM/eufs/install/eufs_tracks/share/eufs_tracks/launch
[3.894s] copying launch/eufs_track_generator.launch.py -> /home/andrewwhong/classes/16833/iSAM2_SLAM/eufs/install/eufs_tracks/share/eufs_tracks/launch
[3.895s] copying launch/small_track.launch -> /home/andrewwhong/classes/16833/iSAM2_SLAM/eufs/install/eufs_tracks/share/eufs_tracks/launch
[3.896s] copying launch/blacklist.txt -> /home/andrewwhong/classes/16833/iSAM2_SLAM/eufs/install/eufs_tracks/share/eufs_tracks/launch
[3.896s] copying materials/asphalt.jpg -> /home/andrewwhong/classes/16833/iSAM2_SLAM/eufs/install/eufs_tracks/share/eufs_tracks/materials
[3.935s] copying meshes/cone_big.dae -> /home/andrewwhong/classes/16833/iSAM2_SLAM/eufs/install/eufs_tracks/share/eufs_tracks/meshes
[3.937s] copying meshes/cone_blue.dae -> /home/andrewwhong/classes/16833/iSAM2_SLAM/eufs/install/eufs_tracks/share/eufs_tracks/meshes
[3.937s] copying meshes/cone.dae -> /home/andrewwhong/classes/16833/iSAM2_SLAM/eufs/install/eufs_tracks/share/eufs_tracks/meshes
[3.937s] copying meshes/cone_yellow.dae -> /home/andrewwhong/classes/16833/iSAM2_SLAM/eufs/install/eufs_tracks/share/eufs_tracks/meshes
[3.938s] copying meshes/MonkeyNoise.dae -> /home/andrewwhong/classes/16833/iSAM2_SLAM/eufs/install/eufs_tracks/share/eufs_tracks/meshes
[3.940s] copying meshes/NoiseCube.dae -> /home/andrewwhong/classes/16833/iSAM2_SLAM/eufs/install/eufs_tracks/share/eufs_tracks/meshes
[3.943s] copying worlds/boa_constrictor.world -> /home/andrewwhong/classes/16833/iSAM2_SLAM/eufs/install/eufs_tracks/share/eufs_tracks/worlds
[3.945s] copying worlds/hairpins_increasing_difficulty.world -> /home/andrewwhong/classes/16833/iSAM2_SLAM/eufs/install/eufs_tracks/share/eufs_tracks/worlds
[3.945s] copying worlds/rand.world -> /home/andrewwhong/classes/16833/iSAM2_SLAM/eufs/install/eufs_tracks/share/eufs_tracks/worlds
[3.945s] copying worlds/its_a_mess.world -> /home/andrewwhong/classes/16833/iSAM2_SLAM/eufs/install/eufs_tracks/share/eufs_tracks/worlds
[3.946s] copying worlds/peanut.world -> /home/andrewwhong/classes/16833/iSAM2_SLAM/eufs/install/eufs_tracks/share/eufs_tracks/worlds
[3.947s] copying worlds/garden_light.world -> /home/andrewwhong/classes/16833/iSAM2_SLAM/eufs/install/eufs_tracks/share/eufs_tracks/worlds
[3.952s] copying worlds/comp_2021.world -> /home/andrewwhong/classes/16833/iSAM2_SLAM/eufs/install/eufs_tracks/share/eufs_tracks/worlds
[3.954s] copying worlds/rectangle.world -> /home/andrewwhong/classes/16833/iSAM2_SLAM/eufs/install/eufs_tracks/share/eufs_tracks/worlds
[3.957s] copying worlds/acceleration.world -> /home/andrewwhong/classes/16833/iSAM2_SLAM/eufs/install/eufs_tracks/share/eufs_tracks/worlds
[3.959s] copying worlds/small_track.world -> /home/andrewwhong/classes/16833/iSAM2_SLAM/eufs/install/eufs_tracks/share/eufs_tracks/worlds
[3.963s] copying worlds/skidpad.world -> /home/andrewwhong/classes/16833/iSAM2_SLAM/eufs/install/eufs_tracks/share/eufs_tracks/worlds
[3.964s] copying resource/randgen_model_template/model.config -> /home/andrewwhong/classes/16833/iSAM2_SLAM/eufs/install/eufs_tracks/share/eufs_tracks/resource/randgen_model_template
[3.966s] copying resource/randgen_model_template/model.sdf -> /home/andrewwhong/classes/16833/iSAM2_SLAM/eufs/install/eufs_tracks/share/eufs_tracks/resource/randgen_model_template
[3.972s] copying resource/noiseFiles.txt -> /home/andrewwhong/classes/16833/iSAM2_SLAM/eufs/install/eufs_tracks/share/eufs_tracks/resource
[3.973s] copying resource/randgen_launch_template -> /home/andrewwhong/classes/16833/iSAM2_SLAM/eufs/install/eufs_tracks/share/eufs_tracks/resource
[3.977s] copying resource/randgen_world_template -> /home/andrewwhong/classes/16833/iSAM2_SLAM/eufs/install/eufs_tracks/share/eufs_tracks/resource
[3.977s] copying resource/conversion_tool.ui -> /home/andrewwhong/classes/16833/iSAM2_SLAM/eufs/install/eufs_tracks/share/eufs_tracks/resource
[3.978s] copying models/blue_cone/model.config -> /home/andrewwhong/classes/16833/iSAM2_SLAM/eufs/install/eufs_tracks/share/eufs_tracks/models/blue_cone
[3.978s] copying models/blue_cone/model.sdf -> /home/andrewwhong/classes/16833/iSAM2_SLAM/eufs/install/eufs_tracks/share/eufs_tracks/models/blue_cone
[3.979s] copying models/rectangle/model.config -> /home/andrewwhong/classes/16833/iSAM2_SLAM/eufs/install/eufs_tracks/share/eufs_tracks/models/rectangle
[3.979s] copying models/rectangle/model.sdf -> /home/andrewwhong/classes/16833/iSAM2_SLAM/eufs/install/eufs_tracks/share/eufs_tracks/models/rectangle
[3.979s] copying models/skidpad/model.config -> /home/andrewwhong/classes/16833/iSAM2_SLAM/eufs/install/eufs_tracks/share/eufs_tracks/models/skidpad
[3.980s] copying models/skidpad/model.sdf -> /home/andrewwhong/classes/16833/iSAM2_SLAM/eufs/install/eufs_tracks/share/eufs_tracks/models/skidpad
[3.980s] copying models/hairpins_increasing_difficulty/model.config -> /home/andrewwhong/classes/16833/iSAM2_SLAM/eufs/install/eufs_tracks/share/eufs_tracks/models/hairpins_increasing_difficulty
[3.981s] copying models/hairpins_increasing_difficulty/model.sdf -> /home/andrewwhong/classes/16833/iSAM2_SLAM/eufs/install/eufs_tracks/share/eufs_tracks/models/hairpins_increasing_difficulty
[3.982s] copying models/peanut/model.config -> /home/andrewwhong/classes/16833/iSAM2_SLAM/eufs/install/eufs_tracks/share/eufs_tracks/models/peanut
[3.982s] copying models/peanut/model.sdf -> /home/andrewwhong/classes/16833/iSAM2_SLAM/eufs/install/eufs_tracks/share/eufs_tracks/models/peanut
[3.982s] copying models/yellow_cone/model.config -> /home/andrewwhong/classes/16833/iSAM2_SLAM/eufs/install/eufs_tracks/share/eufs_tracks/models/yellow_cone
[3.982s] copying models/yellow_cone/model.sdf -> /home/andrewwhong/classes/16833/iSAM2_SLAM/eufs/install/eufs_tracks/share/eufs_tracks/models/yellow_cone
[3.983s] copying models/comp_2021/model.config -> /home/andrewwhong/classes/16833/iSAM2_SLAM/eufs/install/eufs_tracks/share/eufs_tracks/models/comp_2021
[3.983s] copying models/comp_2021/model.sdf -> /home/andrewwhong/classes/16833/iSAM2_SLAM/eufs/install/eufs_tracks/share/eufs_tracks/models/comp_2021
[3.983s] copying models/rand/model.config -> /home/andrewwhong/classes/16833/iSAM2_SLAM/eufs/install/eufs_tracks/share/eufs_tracks/models/rand
[3.984s] copying models/rand/model.sdf -> /home/andrewwhong/classes/16833/iSAM2_SLAM/eufs/install/eufs_tracks/share/eufs_tracks/models/rand
[3.985s] copying models/garden_light/model.config -> /home/andrewwhong/classes/16833/iSAM2_SLAM/eufs/install/eufs_tracks/share/eufs_tracks/models/garden_light
[3.987s] copying models/garden_light/model.sdf -> /home/andrewwhong/classes/16833/iSAM2_SLAM/eufs/install/eufs_tracks/share/eufs_tracks/models/garden_light
[3.988s] copying models/boa_constrictor/model.config -> /home/andrewwhong/classes/16833/iSAM2_SLAM/eufs/install/eufs_tracks/share/eufs_tracks/models/boa_constrictor
[3.988s] copying models/boa_constrictor/model.sdf -> /home/andrewwhong/classes/16833/iSAM2_SLAM/eufs/install/eufs_tracks/share/eufs_tracks/models/boa_constrictor
[3.989s] copying models/big_cone/model.config -> /home/andrewwhong/classes/16833/iSAM2_SLAM/eufs/install/eufs_tracks/share/eufs_tracks/models/big_cone
[3.990s] copying models/big_cone/model.sdf -> /home/andrewwhong/classes/16833/iSAM2_SLAM/eufs/install/eufs_tracks/share/eufs_tracks/models/big_cone
[3.991s] copying models/acceleration/model.config -> /home/andrewwhong/classes/16833/iSAM2_SLAM/eufs/install/eufs_tracks/share/eufs_tracks/models/acceleration
[3.991s] copying models/acceleration/model.sdf -> /home/andrewwhong/classes/16833/iSAM2_SLAM/eufs/install/eufs_tracks/share/eufs_tracks/models/acceleration
[3.991s] copying models/small_track/model.config -> /home/andrewwhong/classes/16833/iSAM2_SLAM/eufs/install/eufs_tracks/share/eufs_tracks/models/small_track
[3.992s] copying models/small_track/model.sdf -> /home/andrewwhong/classes/16833/iSAM2_SLAM/eufs/install/eufs_tracks/share/eufs_tracks/models/small_track
[3.992s] copying models/its_a_mess/model.config -> /home/andrewwhong/classes/16833/iSAM2_SLAM/eufs/install/eufs_tracks/share/eufs_tracks/models/its_a_mess
[3.992s] copying models/its_a_mess/model.sdf -> /home/andrewwhong/classes/16833/iSAM2_SLAM/eufs/install/eufs_tracks/share/eufs_tracks/models/its_a_mess
[3.992s] copying models/ground_plane/model.config -> /home/andrewwhong/classes/16833/iSAM2_SLAM/eufs/install/eufs_tracks/share/eufs_tracks/models/ground_plane
[3.993s] copying models/ground_plane/model.sdf -> /home/andrewwhong/classes/16833/iSAM2_SLAM/eufs/install/eufs_tracks/share/eufs_tracks/models/ground_plane
[3.993s] copying models/orange_cone/model.config -> /home/andrewwhong/classes/16833/iSAM2_SLAM/eufs/install/eufs_tracks/share/eufs_tracks/models/orange_cone
[3.993s] copying models/orange_cone/model.sdf -> /home/andrewwhong/classes/16833/iSAM2_SLAM/eufs/install/eufs_tracks/share/eufs_tracks/models/orange_cone
[3.994s] running install_egg_info
[4.027s] removing '/home/andrewwhong/classes/16833/iSAM2_SLAM/eufs/install/eufs_tracks/lib/python3.8/site-packages/eufs_tracks-2.0.0-py3.8.egg-info' (and everything under it)
[4.029s] Copying ../../build/eufs_tracks/eufs_tracks.egg-info to /home/andrewwhong/classes/16833/iSAM2_SLAM/eufs/install/eufs_tracks/lib/python3.8/site-packages/eufs_tracks-2.0.0-py3.8.egg-info
[4.029s] running install_scripts
[4.075s] copying /home/andrewwhong/classes/16833/iSAM2_SLAM/eufs/build/eufs_tracks/build/scripts-3.8/eufs_tracks_generator -> /home/andrewwhong/classes/16833/iSAM2_SLAM/eufs/install/eufs_tracks/lib/eufs_tracks
[4.076s] copying /home/andrewwhong/classes/16833/iSAM2_SLAM/eufs/build/eufs_tracks/build/scripts-3.8/eufs_tracks_converter -> /home/andrewwhong/classes/16833/iSAM2_SLAM/eufs/install/eufs_tracks/lib/eufs_tracks
[4.079s] changing mode of /home/andrewwhong/classes/16833/iSAM2_SLAM/eufs/install/eufs_tracks/lib/eufs_tracks/eufs_tracks_generator to 755
[4.080s] changing mode of /home/andrewwhong/classes/16833/iSAM2_SLAM/eufs/install/eufs_tracks/lib/eufs_tracks/eufs_tracks_converter to 755
[4.111s] writing list of installed files to '/home/andrewwhong/classes/16833/iSAM2_SLAM/eufs/build/eufs_tracks/install.log'
[4.739s] Invoked command in '/home/andrewwhong/classes/16833/iSAM2_SLAM/eufs/eufs_sim/eufs_tracks' returned '0': PYTHONPATH=/home/andrewwhong/classes/16833/iSAM2_SLAM/eufs/build/eufs_tracks/prefix_override:/home/andrewwhong/classes/16833/iSAM2_SLAM/eufs/install/eufs_tracks/lib/python3.8/site-packages:${PYTHONPATH} /usr/bin/python3 setup.py egg_info --egg-base ../../build/eufs_tracks build --build-base /home/andrewwhong/classes/16833/iSAM2_SLAM/eufs/build/eufs_tracks/build install --record /home/andrewwhong/classes/16833/iSAM2_SLAM/eufs/build/eufs_tracks/install.log --single-version-externally-managed
