running egg_info
writing ../../build/eufs_launcher/eufs_launcher.egg-info/PKG-INFO
writing dependency_links to ../../build/eufs_launcher/eufs_launcher.egg-info/dependency_links.txt
writing requirements to ../../build/eufs_launcher/eufs_launcher.egg-info/requires.txt
writing top-level names to ../../build/eufs_launcher/eufs_launcher.egg-info/top_level.txt
reading manifest file '../../build/eufs_launcher/eufs_launcher.egg-info/SOURCES.txt'
writing manifest file '../../build/eufs_launcher/eufs_launcher.egg-info/SOURCES.txt'
running build
running build_py
copying src/eufs_launcher/LauncherModule.py -> /home/andrewwhong/classes/16833/iSAM2_SLAM/eufs/build/eufs_launcher/build/lib/eufs_launcher
copying src/eufs_launcher/__init__.py -> /home/andrewwhong/classes/16833/iSAM2_SLAM/eufs/build/eufs_launcher/build/lib/eufs_launcher
running build_scripts
running install
/home/andrewwhong/.local/lib/python3.8/site-packages/setuptools/_distutils/cmd.py:66: SetuptoolsDeprecationWarning: setup.py install is deprecated.
!!

        ********************************************************************************
        Please avoid running ``setup.py`` directly.
        Instead, use pypa/build, pypa/installer or other
        standards-based tools.

        See https://blog.ganssle.io/articles/2021/10/setup-py-deprecated.html for details.
        ********************************************************************************

!!
  self.initialize_options()
running install_lib
running install_data
copying launch/eufs_launcher.launch.py -> /home/andrewwhong/classes/16833/iSAM2_SLAM/eufs/install/eufs_launcher/share/eufs_launcher
copying launch/simulation.launch.py -> /home/andrewwhong/classes/16833/iSAM2_SLAM/eufs/install/eufs_launcher/share/eufs_launcher
copying config/default.rviz -> /home/andrewwhong/classes/16833/iSAM2_SLAM/eufs/install/eufs_launcher/share/eufs_launcher/config
copying config/eufs_launcher.yaml -> /home/andrewwhong/classes/16833/iSAM2_SLAM/eufs/install/eufs_launcher/share/eufs_launcher/config
copying resource/launcher.ui -> /home/andrewwhong/classes/16833/iSAM2_SLAM/eufs/install/eufs_launcher/share/eufs_launcher/resource
copying plugin.xml -> /home/andrewwhong/classes/16833/iSAM2_SLAM/eufs/install/eufs_launcher/share/eufs_launcher
copying package.xml -> /home/andrewwhong/classes/16833/iSAM2_SLAM/eufs/install/eufs_launcher/share/eufs_launcher
copying resource/eufs_launcher -> /home/andrewwhong/classes/16833/iSAM2_SLAM/eufs/install/eufs_launcher/share/ament_index/resource_index/packages
running install_egg_info
removing '/home/andrewwhong/classes/16833/iSAM2_SLAM/eufs/install/eufs_launcher/lib/python3.8/site-packages/eufs_launcher-2.0.0-py3.8.egg-info' (and everything under it)
Copying ../../build/eufs_launcher/eufs_launcher.egg-info to /home/andrewwhong/classes/16833/iSAM2_SLAM/eufs/install/eufs_launcher/lib/python3.8/site-packages/eufs_launcher-2.0.0-py3.8.egg-info
running install_scripts
copying /home/andrewwhong/classes/16833/iSAM2_SLAM/eufs/build/eufs_launcher/build/scripts-3.8/eufs_launcher -> /home/andrewwhong/classes/16833/iSAM2_SLAM/eufs/install/eufs_launcher/lib/eufs_launcher
changing mode of /home/andrewwhong/classes/16833/iSAM2_SLAM/eufs/install/eufs_launcher/lib/eufs_launcher/eufs_launcher to 755
writing list of installed files to '/home/andrewwhong/classes/16833/iSAM2_SLAM/eufs/build/eufs_launcher/install.log'
