[0.821s] Invoking command in '/home/andrewwhong/classes/16833/iSAM2_SLAM/workspace/build/isam2': CMAKE_PREFIX_PATH=/home/andrewwhong/classes/16833/iSAM2_SLAM/workspace/install/eufs_msgs:/home/andrewwhong/classes/16833/iSAM2_SLAM/workspace/install/isam2:/opt/ros/foxy /usr/bin/cmake --build /home/andrewwhong/classes/16833/iSAM2_SLAM/workspace/build/isam2 -- -j12 -l12
[0.954s] [35m[1mScanning dependencies of target isam_test[0m
[1.033s] [ 50%] [32mBuilding CXX object CMakeFiles/isam_test.dir/isam2Node.cpp.o[0m
[2.214s] In file included from [01m[K/home/andrewwhong/classes/16833/iSAM2_SLAM/workspace/src/isam2/isam2.cpp:29[m[K,
[2.214s]                  from [01m[K/home/andrewwhong/classes/16833/iSAM2_SLAM/workspace/src/isam2/isam2Node.cpp:14[m[K:
[2.214s] [01m[K/usr/local/include/gtsam/slam/BearingRangeFactor.h:18:2:[m[K [01;35m[Kwarning: [m[K#warning "BearingRangeFactor is now an ExpressionFactor in SAM directory" [[01;35m[K-Wcpp[m[K]
[2.215s]    18 | #[01;35m[Kwarning[m[K "BearingRangeFactor is now an ExpressionFactor in SAM directory"
[2.215s]       |  [01;35m[K^~~~~~~[m[K
[81.456s] [100%] [32m[1mLinking CXX executable isam_test[0m
[83.179s] [100%] Built target isam_test
[83.277s] Invoked command in '/home/andrewwhong/classes/16833/iSAM2_SLAM/workspace/build/isam2' returned '0': CMAKE_PREFIX_PATH=/home/andrewwhong/classes/16833/iSAM2_SLAM/workspace/install/eufs_msgs:/home/andrewwhong/classes/16833/iSAM2_SLAM/workspace/install/isam2:/opt/ros/foxy /usr/bin/cmake --build /home/andrewwhong/classes/16833/iSAM2_SLAM/workspace/build/isam2 -- -j12 -l12
[83.401s] Invoking command in '/home/andrewwhong/classes/16833/iSAM2_SLAM/workspace/build/isam2': CMAKE_PREFIX_PATH=/home/andrewwhong/classes/16833/iSAM2_SLAM/workspace/install/eufs_msgs:/home/andrewwhong/classes/16833/iSAM2_SLAM/workspace/install/isam2:/opt/ros/foxy /usr/bin/cmake --install /home/andrewwhong/classes/16833/iSAM2_SLAM/workspace/build/isam2
[83.419s] -- Install configuration: "RelWithDebInfo"
[83.421s] -- Execute custom install script
[83.427s] -- Up-to-date symlink: /home/andrewwhong/classes/16833/iSAM2_SLAM/workspace/install/isam2/lib/isam2/isam_test
[83.430s] -- Up-to-date symlink: /home/andrewwhong/classes/16833/iSAM2_SLAM/workspace/install/isam2/share/ament_index/resource_index/package_run_dependencies/isam2
[83.432s] -- Up-to-date symlink: /home/andrewwhong/classes/16833/iSAM2_SLAM/workspace/install/isam2/share/ament_index/resource_index/parent_prefix_path/isam2
[83.436s] -- Up-to-date symlink: /home/andrewwhong/classes/16833/iSAM2_SLAM/workspace/install/isam2/share/isam2/environment/ament_prefix_path.sh
[83.438s] -- Up-to-date symlink: /home/andrewwhong/classes/16833/iSAM2_SLAM/workspace/install/isam2/share/isam2/environment/ament_prefix_path.dsv
[83.439s] -- Up-to-date symlink: /home/andrewwhong/classes/16833/iSAM2_SLAM/workspace/install/isam2/share/isam2/environment/path.sh
[83.441s] -- Up-to-date symlink: /home/andrewwhong/classes/16833/iSAM2_SLAM/workspace/install/isam2/share/isam2/environment/path.dsv
[83.443s] -- Up-to-date symlink: /home/andrewwhong/classes/16833/iSAM2_SLAM/workspace/install/isam2/share/isam2/local_setup.bash
[83.444s] -- Up-to-date symlink: /home/andrewwhong/classes/16833/iSAM2_SLAM/workspace/install/isam2/share/isam2/local_setup.sh
[83.445s] -- Up-to-date symlink: /home/andrewwhong/classes/16833/iSAM2_SLAM/workspace/install/isam2/share/isam2/local_setup.zsh
[83.445s] -- Up-to-date symlink: /home/andrewwhong/classes/16833/iSAM2_SLAM/workspace/install/isam2/share/isam2/local_setup.dsv
[83.446s] -- Symlinking: /home/andrewwhong/classes/16833/iSAM2_SLAM/workspace/install/isam2/share/isam2/package.dsv
[83.466s] -- Up-to-date symlink: /home/andrewwhong/classes/16833/iSAM2_SLAM/workspace/install/isam2/share/ament_index/resource_index/packages/isam2
[83.468s] -- Up-to-date symlink: /home/andrewwhong/classes/16833/iSAM2_SLAM/workspace/install/isam2/share/isam2/cmake/ament_cmake_export_include_directories-extras.cmake
[83.470s] -- Up-to-date symlink: /home/andrewwhong/classes/16833/iSAM2_SLAM/workspace/install/isam2/share/isam2/cmake/isam2Config.cmake
[83.471s] -- Up-to-date symlink: /home/andrewwhong/classes/16833/iSAM2_SLAM/workspace/install/isam2/share/isam2/cmake/isam2Config-version.cmake
[83.473s] -- Up-to-date symlink: /home/andrewwhong/classes/16833/iSAM2_SLAM/workspace/install/isam2/share/isam2/package.xml
[83.491s] Invoked command in '/home/andrewwhong/classes/16833/iSAM2_SLAM/workspace/build/isam2' returned '0': CMAKE_PREFIX_PATH=/home/andrewwhong/classes/16833/iSAM2_SLAM/workspace/install/eufs_msgs:/home/andrewwhong/classes/16833/iSAM2_SLAM/workspace/install/isam2:/opt/ros/foxy /usr/bin/cmake --install /home/andrewwhong/classes/16833/iSAM2_SLAM/workspace/build/isam2
