[0.923s] Invoking command in '/home/andrewwhong/classes/16833/iSAM2_SLAM/eufs/build/eufs_sensors': CMAKE_PREFIX_PATH=${CMAKE_PREFIX_PATH}:/opt/ros/foxy /usr/bin/cmake /home/andrewwhong/classes/16833/iSAM2_SLAM/eufs/eufs_sim/eufs_sensors -DCMAKE_INSTALL_PREFIX=/home/andrewwhong/classes/16833/iSAM2_SLAM/eufs/install/eufs_sensors
[1.548s] -- The C compiler identification is GNU 9.4.0
[2.376s] -- The CXX compiler identification is GNU 9.4.0
[2.867s] -- Check for working C compiler: /usr/bin/cc
[3.247s] -- Check for working C compiler: /usr/bin/cc -- works
[3.248s] -- Detecting C compiler ABI info
[3.738s] -- Detecting C compiler ABI info - done
[3.754s] -- Detecting C compile features
[3.755s] -- Detecting C compile features - done
[3.760s] -- Check for working CXX compiler: /usr/bin/c++
[4.115s] -- Check for working CXX compiler: /usr/bin/c++ -- works
[4.117s] -- Detecting CXX compiler ABI info
[4.497s] -- Detecting CXX compiler ABI info - done
[4.518s] -- Detecting CXX compile features
[4.519s] -- Detecting CXX compile features - done
[4.521s] -- Found ament_cmake: 0.9.12 (/opt/ros/foxy/share/ament_cmake/cmake)
[4.558s] -- Found PythonInterp: /usr/local/bin/python3 (found suitable version "3.8.10", minimum required is "3") 
[4.558s] -- Using PYTHON_EXECUTABLE: /usr/local/bin/python3
[4.870s] -- Found ament_lint_auto: 0.9.8 (/opt/ros/foxy/share/ament_lint_auto/cmake)
[5.068s] -- Added test 'copyright' to check source files copyright and LICENSE
[5.073s] -- Added test 'lint_cmake' to check CMake code style
[5.078s] -- Added test 'xmllint' to check XML markup files
[5.087s] -- Configuring done
[5.091s] -- Generating done
[5.092s] -- Build files have been written to: /home/andrewwhong/classes/16833/iSAM2_SLAM/eufs/build/eufs_sensors
[5.102s] Invoked command in '/home/andrewwhong/classes/16833/iSAM2_SLAM/eufs/build/eufs_sensors' returned '0': CMAKE_PREFIX_PATH=${CMAKE_PREFIX_PATH}:/opt/ros/foxy /usr/bin/cmake /home/andrewwhong/classes/16833/iSAM2_SLAM/eufs/eufs_sim/eufs_sensors -DCMAKE_INSTALL_PREFIX=/home/andrewwhong/classes/16833/iSAM2_SLAM/eufs/install/eufs_sensors
[5.106s] Invoking command in '/home/andrewwhong/classes/16833/iSAM2_SLAM/eufs/build/eufs_sensors': CMAKE_PREFIX_PATH=${CMAKE_PREFIX_PATH}:/opt/ros/foxy /usr/bin/cmake --build /home/andrewwhong/classes/16833/iSAM2_SLAM/eufs/build/eufs_sensors -- -j12 -l12
[5.165s] Invoked command in '/home/andrewwhong/classes/16833/iSAM2_SLAM/eufs/build/eufs_sensors' returned '0': CMAKE_PREFIX_PATH=${CMAKE_PREFIX_PATH}:/opt/ros/foxy /usr/bin/cmake --build /home/andrewwhong/classes/16833/iSAM2_SLAM/eufs/build/eufs_sensors -- -j12 -l12
[5.207s] Invoking command in '/home/andrewwhong/classes/16833/iSAM2_SLAM/eufs/build/eufs_sensors': CMAKE_PREFIX_PATH=${CMAKE_PREFIX_PATH}:/opt/ros/foxy /usr/bin/cmake --install /home/andrewwhong/classes/16833/iSAM2_SLAM/eufs/build/eufs_sensors
[5.217s] -- Install configuration: ""
[5.217s] -- Installing: /home/andrewwhong/classes/16833/iSAM2_SLAM/eufs/install/eufs_sensors/share/eufs_sensors/meshes
[5.218s] -- Installing: /home/andrewwhong/classes/16833/iSAM2_SLAM/eufs/install/eufs_sensors/share/eufs_sensors/meshes/antenna_3GO16.stl
[5.223s] -- Installing: /home/andrewwhong/classes/16833/iSAM2_SLAM/eufs/install/eufs_sensors/share/eufs_sensors/meshes/zed.dae
[5.226s] -- Installing: /home/andrewwhong/classes/16833/iSAM2_SLAM/eufs/install/eufs_sensors/share/eufs_sensors/meshes/VLP16_scan.dae
[5.227s] -- Installing: /home/andrewwhong/classes/16833/iSAM2_SLAM/eufs/install/eufs_sensors/share/eufs_sensors/meshes/VLP16_base_1.dae
[5.230s] -- Installing: /home/andrewwhong/classes/16833/iSAM2_SLAM/eufs/install/eufs_sensors/share/eufs_sensors/meshes/antenna_3GO16.dae
[5.231s] -- Installing: /home/andrewwhong/classes/16833/iSAM2_SLAM/eufs/install/eufs_sensors/share/eufs_sensors/meshes/VLP16_base_2.dae
[5.232s] -- Installing: /home/andrewwhong/classes/16833/iSAM2_SLAM/eufs/install/eufs_sensors/share/eufs_sensors/urdf
[5.233s] -- Installing: /home/andrewwhong/classes/16833/iSAM2_SLAM/eufs/install/eufs_sensors/share/eufs_sensors/urdf/all_sensors.urdf.xacro
[5.234s] -- Installing: /home/andrewwhong/classes/16833/iSAM2_SLAM/eufs/install/eufs_sensors/share/eufs_sensors/urdf/magnetometer.urdf.xacro
[5.234s] -- Installing: /home/andrewwhong/classes/16833/iSAM2_SLAM/eufs/install/eufs_sensors/share/eufs_sensors/urdf/gps.urdf.xacro
[5.234s] -- Installing: /home/andrewwhong/classes/16833/iSAM2_SLAM/eufs/install/eufs_sensors/share/eufs_sensors/urdf/VLP-16R.urdf.xacro
[5.235s] -- Installing: /home/andrewwhong/classes/16833/iSAM2_SLAM/eufs/install/eufs_sensors/share/eufs_sensors/urdf/zed.urdf.xacro
[5.235s] -- Installing: /home/andrewwhong/classes/16833/iSAM2_SLAM/eufs/install/eufs_sensors/share/eufs_sensors/urdf/imu.urdf.xacro
[5.236s] -- Installing: /home/andrewwhong/classes/16833/iSAM2_SLAM/eufs/install/eufs_sensors/share/ament_index/resource_index/package_run_dependencies/eufs_sensors
[5.237s] -- Installing: /home/andrewwhong/classes/16833/iSAM2_SLAM/eufs/install/eufs_sensors/share/ament_index/resource_index/parent_prefix_path/eufs_sensors
[5.237s] -- Installing: /home/andrewwhong/classes/16833/iSAM2_SLAM/eufs/install/eufs_sensors/share/eufs_sensors/environment/ament_prefix_path.sh
[5.238s] -- Installing: /home/andrewwhong/classes/16833/iSAM2_SLAM/eufs/install/eufs_sensors/share/eufs_sensors/environment/ament_prefix_path.dsv
[5.238s] -- Installing: /home/andrewwhong/classes/16833/iSAM2_SLAM/eufs/install/eufs_sensors/share/eufs_sensors/environment/path.sh
[5.239s] -- Installing: /home/andrewwhong/classes/16833/iSAM2_SLAM/eufs/install/eufs_sensors/share/eufs_sensors/environment/path.dsv
[5.239s] -- Installing: /home/andrewwhong/classes/16833/iSAM2_SLAM/eufs/install/eufs_sensors/share/eufs_sensors/local_setup.bash
[5.239s] -- Installing: /home/andrewwhong/classes/16833/iSAM2_SLAM/eufs/install/eufs_sensors/share/eufs_sensors/local_setup.sh
[5.239s] -- Installing: /home/andrewwhong/classes/16833/iSAM2_SLAM/eufs/install/eufs_sensors/share/eufs_sensors/local_setup.zsh
[5.240s] -- Installing: /home/andrewwhong/classes/16833/iSAM2_SLAM/eufs/install/eufs_sensors/share/eufs_sensors/local_setup.dsv
[5.240s] -- Installing: /home/andrewwhong/classes/16833/iSAM2_SLAM/eufs/install/eufs_sensors/share/eufs_sensors/package.dsv
[5.240s] -- Installing: /home/andrewwhong/classes/16833/iSAM2_SLAM/eufs/install/eufs_sensors/share/ament_index/resource_index/packages/eufs_sensors
[5.240s] -- Installing: /home/andrewwhong/classes/16833/iSAM2_SLAM/eufs/install/eufs_sensors/share/eufs_sensors/cmake/ament_cmake_export_dependencies-extras.cmake
[5.240s] -- Installing: /home/andrewwhong/classes/16833/iSAM2_SLAM/eufs/install/eufs_sensors/share/eufs_sensors/cmake/eufs_sensorsConfig.cmake
[5.240s] -- Installing: /home/andrewwhong/classes/16833/iSAM2_SLAM/eufs/install/eufs_sensors/share/eufs_sensors/cmake/eufs_sensorsConfig-version.cmake
[5.241s] -- Installing: /home/andrewwhong/classes/16833/iSAM2_SLAM/eufs/install/eufs_sensors/share/eufs_sensors/package.xml
[5.244s] Invoked command in '/home/andrewwhong/classes/16833/iSAM2_SLAM/eufs/build/eufs_sensors' returned '0': CMAKE_PREFIX_PATH=${CMAKE_PREFIX_PATH}:/opt/ros/foxy /usr/bin/cmake --install /home/andrewwhong/classes/16833/iSAM2_SLAM/eufs/build/eufs_sensors
