[3.132s] DEBUG:colcon:Command line arguments: ['/usr/local/bin/colcon', 'build']
[3.132s] DEBUG:colcon:Parsed command line arguments: Namespace(ament_cmake_args=None, base_paths=['.'], build_base='build', catkin_cmake_args=None, catkin_skip_building_tests=False, cmake_args=None, cmake_clean_cache=False, cmake_clean_first=False, cmake_force_configure=False, cmake_target=None, cmake_target_skip_unavailable=False, continue_on_error=False, event_handlers=None, executor='parallel', ignore_user_meta=False, install_base='install', log_base=None, log_level=None, main=<bound method BuildVerb.main of <colcon_core.verb.build.BuildVerb object at 0x7ff1a59038e0>>, merge_install=False, metas=['./colcon.meta'], packages_above=None, packages_above_and_dependencies=None, packages_above_depth=None, packages_end=None, packages_ignore=None, packages_ignore_regex=None, packages_select=None, packages_select_build_failed=False, packages_select_by_dep=None, packages_select_regex=None, packages_select_test_failures=False, packages_skip=None, packages_skip_build_finished=False, packages_skip_by_dep=None, packages_skip_regex=None, packages_skip_test_passed=False, packages_skip_up_to=None, packages_start=None, packages_up_to=None, packages_up_to_regex=None, parallel_workers=24, paths=None, symlink_install=False, test_result_base=None, verb_extension=<colcon_core.verb.build.BuildVerb object at 0x7ff1a59038e0>, verb_name='build', verb_parser=<colcon_defaults.argument_parser.defaults.DefaultArgumentsDecorator object at 0x7ff1a5903e20>)
[3.268s] Level 1:colcon.colcon_core.package_discovery:discover_packages(colcon_meta) check parameters
[3.268s] Level 1:colcon.colcon_core.package_discovery:discover_packages(recursive) check parameters
[3.268s] Level 1:colcon.colcon_core.package_discovery:discover_packages(ignore) check parameters
[3.268s] Level 1:colcon.colcon_core.package_discovery:discover_packages(path) check parameters
[3.268s] Level 1:colcon.colcon_core.package_discovery:discover_packages(colcon_meta) discover
[3.268s] Level 1:colcon.colcon_core.package_discovery:discover_packages(recursive) discover
[3.268s] INFO:colcon.colcon_core.package_discovery:Crawling recursively for packages in '/home/dale/Documents/isam2/iSAM2_SLAM'
[3.268s] Level 1:colcon.colcon_core.package_identification:_identify(.) by extensions ['ignore', 'ignore_ament_install']
[3.268s] Level 1:colcon.colcon_core.package_identification:_identify(.) by extension 'ignore'
[3.268s] Level 1:colcon.colcon_core.package_identification:_identify(.) by extension 'ignore_ament_install'
[3.268s] Level 1:colcon.colcon_core.package_identification:_identify(.) by extensions ['colcon_pkg']
[3.268s] Level 1:colcon.colcon_core.package_identification:_identify(.) by extension 'colcon_pkg'
[3.268s] Level 1:colcon.colcon_core.package_identification:_identify(.) by extensions ['colcon_meta']
[3.268s] Level 1:colcon.colcon_core.package_identification:_identify(.) by extension 'colcon_meta'
[3.268s] Level 1:colcon.colcon_core.package_identification:_identify(.) by extensions ['ros']
[3.268s] Level 1:colcon.colcon_core.package_identification:_identify(.) by extension 'ros'
[3.275s] Level 1:colcon.colcon_core.package_identification:_identify(.) by extensions ['cmake', 'python']
[3.275s] Level 1:colcon.colcon_core.package_identification:_identify(.) by extension 'cmake'
[3.275s] Level 1:colcon.colcon_core.package_identification:_identify(.) by extension 'python'
[3.275s] Level 1:colcon.colcon_core.package_identification:_identify(.) by extensions ['python_setup_py']
[3.275s] Level 1:colcon.colcon_core.package_identification:_identify(.) by extension 'python_setup_py'
[3.275s] Level 1:colcon.colcon_core.package_identification:_identify(build) by extensions ['ignore', 'ignore_ament_install']
[3.275s] Level 1:colcon.colcon_core.package_identification:_identify(build) by extension 'ignore'
[3.275s] Level 1:colcon.colcon_core.package_identification:_identify(build) ignored
[3.275s] Level 1:colcon.colcon_core.package_identification:_identify(eufs) by extensions ['ignore', 'ignore_ament_install']
[3.275s] Level 1:colcon.colcon_core.package_identification:_identify(eufs) by extension 'ignore'
[3.275s] Level 1:colcon.colcon_core.package_identification:_identify(eufs) by extension 'ignore_ament_install'
[3.275s] Level 1:colcon.colcon_core.package_identification:_identify(eufs) by extensions ['colcon_pkg']
[3.275s] Level 1:colcon.colcon_core.package_identification:_identify(eufs) by extension 'colcon_pkg'
[3.275s] Level 1:colcon.colcon_core.package_identification:_identify(eufs) by extensions ['colcon_meta']
[3.275s] Level 1:colcon.colcon_core.package_identification:_identify(eufs) by extension 'colcon_meta'
[3.275s] Level 1:colcon.colcon_core.package_identification:_identify(eufs) by extensions ['ros']
[3.275s] Level 1:colcon.colcon_core.package_identification:_identify(eufs) by extension 'ros'
[3.275s] Level 1:colcon.colcon_core.package_identification:_identify(eufs) by extensions ['cmake', 'python']
[3.275s] Level 1:colcon.colcon_core.package_identification:_identify(eufs) by extension 'cmake'
[3.275s] Level 1:colcon.colcon_core.package_identification:_identify(eufs) by extension 'python'
[3.275s] Level 1:colcon.colcon_core.package_identification:_identify(eufs) by extensions ['python_setup_py']
[3.275s] Level 1:colcon.colcon_core.package_identification:_identify(eufs) by extension 'python_setup_py'
[3.275s] Level 1:colcon.colcon_core.package_identification:_identify(eufs/build) by extensions ['ignore', 'ignore_ament_install']
[3.275s] Level 1:colcon.colcon_core.package_identification:_identify(eufs/build) by extension 'ignore'
[3.275s] Level 1:colcon.colcon_core.package_identification:_identify(eufs/build) ignored
[3.275s] Level 1:colcon.colcon_core.package_identification:_identify(eufs/eufs_msgs) by extensions ['ignore', 'ignore_ament_install']
[3.276s] Level 1:colcon.colcon_core.package_identification:_identify(eufs/eufs_msgs) by extension 'ignore'
[3.276s] Level 1:colcon.colcon_core.package_identification:_identify(eufs/eufs_msgs) by extension 'ignore_ament_install'
[3.276s] Level 1:colcon.colcon_core.package_identification:_identify(eufs/eufs_msgs) by extensions ['colcon_pkg']
[3.276s] Level 1:colcon.colcon_core.package_identification:_identify(eufs/eufs_msgs) by extension 'colcon_pkg'
[3.276s] Level 1:colcon.colcon_core.package_identification:_identify(eufs/eufs_msgs) by extensions ['colcon_meta']
[3.276s] Level 1:colcon.colcon_core.package_identification:_identify(eufs/eufs_msgs) by extension 'colcon_meta'
[3.276s] Level 1:colcon.colcon_core.package_identification:_identify(eufs/eufs_msgs) by extensions ['ros']
[3.276s] Level 1:colcon.colcon_core.package_identification:_identify(eufs/eufs_msgs) by extension 'ros'
[3.276s] Level 1:colcon.colcon_core.package_identification:_identify(eufs/eufs_msgs) by extensions ['cmake', 'python']
[3.276s] Level 1:colcon.colcon_core.package_identification:_identify(eufs/eufs_msgs) by extension 'cmake'
[3.276s] Level 1:colcon.colcon_core.package_identification:_identify(eufs/eufs_msgs) by extension 'python'
[3.276s] Level 1:colcon.colcon_core.package_identification:_identify(eufs/eufs_msgs) by extensions ['python_setup_py']
[3.276s] Level 1:colcon.colcon_core.package_identification:_identify(eufs/eufs_msgs) by extension 'python_setup_py'
[3.276s] Level 1:colcon.colcon_core.package_identification:_identify(eufs/eufs_rviz_plugins) by extensions ['ignore', 'ignore_ament_install']
[3.276s] Level 1:colcon.colcon_core.package_identification:_identify(eufs/eufs_rviz_plugins) by extension 'ignore'
[3.276s] Level 1:colcon.colcon_core.package_identification:_identify(eufs/eufs_rviz_plugins) by extension 'ignore_ament_install'
[3.276s] Level 1:colcon.colcon_core.package_identification:_identify(eufs/eufs_rviz_plugins) by extensions ['colcon_pkg']
[3.276s] Level 1:colcon.colcon_core.package_identification:_identify(eufs/eufs_rviz_plugins) by extension 'colcon_pkg'
[3.276s] Level 1:colcon.colcon_core.package_identification:_identify(eufs/eufs_rviz_plugins) by extensions ['colcon_meta']
[3.276s] Level 1:colcon.colcon_core.package_identification:_identify(eufs/eufs_rviz_plugins) by extension 'colcon_meta'
[3.276s] Level 1:colcon.colcon_core.package_identification:_identify(eufs/eufs_rviz_plugins) by extensions ['ros']
[3.276s] Level 1:colcon.colcon_core.package_identification:_identify(eufs/eufs_rviz_plugins) by extension 'ros'
[3.276s] Level 1:colcon.colcon_core.package_identification:_identify(eufs/eufs_rviz_plugins) by extensions ['cmake', 'python']
[3.276s] Level 1:colcon.colcon_core.package_identification:_identify(eufs/eufs_rviz_plugins) by extension 'cmake'
[3.276s] Level 1:colcon.colcon_core.package_identification:_identify(eufs/eufs_rviz_plugins) by extension 'python'
[3.276s] Level 1:colcon.colcon_core.package_identification:_identify(eufs/eufs_rviz_plugins) by extensions ['python_setup_py']
[3.276s] Level 1:colcon.colcon_core.package_identification:_identify(eufs/eufs_rviz_plugins) by extension 'python_setup_py'
[3.276s] Level 1:colcon.colcon_core.package_identification:_identify(eufs/eufs_sim) by extensions ['ignore', 'ignore_ament_install']
[3.276s] Level 1:colcon.colcon_core.package_identification:_identify(eufs/eufs_sim) by extension 'ignore'
[3.276s] Level 1:colcon.colcon_core.package_identification:_identify(eufs/eufs_sim) by extension 'ignore_ament_install'
[3.276s] Level 1:colcon.colcon_core.package_identification:_identify(eufs/eufs_sim) by extensions ['colcon_pkg']
[3.276s] Level 1:colcon.colcon_core.package_identification:_identify(eufs/eufs_sim) by extension 'colcon_pkg'
[3.276s] Level 1:colcon.colcon_core.package_identification:_identify(eufs/eufs_sim) by extensions ['colcon_meta']
[3.276s] Level 1:colcon.colcon_core.package_identification:_identify(eufs/eufs_sim) by extension 'colcon_meta'
[3.276s] Level 1:colcon.colcon_core.package_identification:_identify(eufs/eufs_sim) by extensions ['ros']
[3.276s] Level 1:colcon.colcon_core.package_identification:_identify(eufs/eufs_sim) by extension 'ros'
[3.276s] Level 1:colcon.colcon_core.package_identification:_identify(eufs/eufs_sim) by extensions ['cmake', 'python']
[3.276s] Level 1:colcon.colcon_core.package_identification:_identify(eufs/eufs_sim) by extension 'cmake'
[3.276s] Level 1:colcon.colcon_core.package_identification:_identify(eufs/eufs_sim) by extension 'python'
[3.276s] Level 1:colcon.colcon_core.package_identification:_identify(eufs/eufs_sim) by extensions ['python_setup_py']
[3.276s] Level 1:colcon.colcon_core.package_identification:_identify(eufs/eufs_sim) by extension 'python_setup_py'
[3.276s] Level 1:colcon.colcon_core.package_identification:_identify(eufs/install) by extensions ['ignore', 'ignore_ament_install']
[3.276s] Level 1:colcon.colcon_core.package_identification:_identify(eufs/install) by extension 'ignore'
[3.276s] Level 1:colcon.colcon_core.package_identification:_identify(eufs/install) ignored
[3.276s] Level 1:colcon.colcon_core.package_identification:_identify(eufs/log) by extensions ['ignore', 'ignore_ament_install']
[3.276s] Level 1:colcon.colcon_core.package_identification:_identify(eufs/log) by extension 'ignore'
[3.276s] Level 1:colcon.colcon_core.package_identification:_identify(eufs/log) ignored
[3.276s] Level 1:colcon.colcon_core.package_identification:_identify(install) by extensions ['ignore', 'ignore_ament_install']
[3.276s] Level 1:colcon.colcon_core.package_identification:_identify(install) by extension 'ignore'
[3.276s] Level 1:colcon.colcon_core.package_identification:_identify(install) ignored
[3.276s] Level 1:colcon.colcon_core.package_identification:_identify(log) by extensions ['ignore', 'ignore_ament_install']
[3.277s] Level 1:colcon.colcon_core.package_identification:_identify(log) by extension 'ignore'
[3.277s] Level 1:colcon.colcon_core.package_identification:_identify(log) ignored
[3.277s] Level 1:colcon.colcon_core.package_identification:_identify(workspace) by extensions ['ignore', 'ignore_ament_install']
[3.277s] Level 1:colcon.colcon_core.package_identification:_identify(workspace) by extension 'ignore'
[3.277s] Level 1:colcon.colcon_core.package_identification:_identify(workspace) by extension 'ignore_ament_install'
[3.277s] Level 1:colcon.colcon_core.package_identification:_identify(workspace) by extensions ['colcon_pkg']
[3.277s] Level 1:colcon.colcon_core.package_identification:_identify(workspace) by extension 'colcon_pkg'
[3.277s] Level 1:colcon.colcon_core.package_identification:_identify(workspace) by extensions ['colcon_meta']
[3.277s] Level 1:colcon.colcon_core.package_identification:_identify(workspace) by extension 'colcon_meta'
[3.277s] Level 1:colcon.colcon_core.package_identification:_identify(workspace) by extensions ['ros']
[3.277s] Level 1:colcon.colcon_core.package_identification:_identify(workspace) by extension 'ros'
[3.277s] Level 1:colcon.colcon_core.package_identification:_identify(workspace) by extensions ['cmake', 'python']
[3.277s] Level 1:colcon.colcon_core.package_identification:_identify(workspace) by extension 'cmake'
[3.277s] Level 1:colcon.colcon_core.package_identification:_identify(workspace) by extension 'python'
[3.277s] Level 1:colcon.colcon_core.package_identification:_identify(workspace) by extensions ['python_setup_py']
[3.277s] Level 1:colcon.colcon_core.package_identification:_identify(workspace) by extension 'python_setup_py'
[3.277s] Level 1:colcon.colcon_core.package_identification:_identify(workspace/build) by extensions ['ignore', 'ignore_ament_install']
[3.277s] Level 1:colcon.colcon_core.package_identification:_identify(workspace/build) by extension 'ignore'
[3.277s] Level 1:colcon.colcon_core.package_identification:_identify(workspace/build) ignored
[3.277s] Level 1:colcon.colcon_core.package_identification:_identify(workspace/install) by extensions ['ignore', 'ignore_ament_install']
[3.277s] Level 1:colcon.colcon_core.package_identification:_identify(workspace/install) by extension 'ignore'
[3.277s] Level 1:colcon.colcon_core.package_identification:_identify(workspace/install) ignored
[3.277s] Level 1:colcon.colcon_core.package_identification:_identify(workspace/log) by extensions ['ignore', 'ignore_ament_install']
[3.277s] Level 1:colcon.colcon_core.package_identification:_identify(workspace/log) by extension 'ignore'
[3.277s] Level 1:colcon.colcon_core.package_identification:_identify(workspace/log) ignored
[3.277s] Level 1:colcon.colcon_core.package_identification:_identify(workspace/src) by extensions ['ignore', 'ignore_ament_install']
[3.277s] Level 1:colcon.colcon_core.package_identification:_identify(workspace/src) by extension 'ignore'
[3.277s] Level 1:colcon.colcon_core.package_identification:_identify(workspace/src) by extension 'ignore_ament_install'
[3.277s] Level 1:colcon.colcon_core.package_identification:_identify(workspace/src) by extensions ['colcon_pkg']
[3.277s] Level 1:colcon.colcon_core.package_identification:_identify(workspace/src) by extension 'colcon_pkg'
[3.277s] Level 1:colcon.colcon_core.package_identification:_identify(workspace/src) by extensions ['colcon_meta']
[3.277s] Level 1:colcon.colcon_core.package_identification:_identify(workspace/src) by extension 'colcon_meta'
[3.277s] Level 1:colcon.colcon_core.package_identification:_identify(workspace/src) by extensions ['ros']
[3.277s] Level 1:colcon.colcon_core.package_identification:_identify(workspace/src) by extension 'ros'
[3.277s] Level 1:colcon.colcon_core.package_identification:_identify(workspace/src) by extensions ['cmake', 'python']
[3.277s] Level 1:colcon.colcon_core.package_identification:_identify(workspace/src) by extension 'cmake'
[3.277s] Level 1:colcon.colcon_core.package_identification:_identify(workspace/src) by extension 'python'
[3.277s] Level 1:colcon.colcon_core.package_identification:_identify(workspace/src) by extensions ['python_setup_py']
[3.277s] Level 1:colcon.colcon_core.package_identification:_identify(workspace/src) by extension 'python_setup_py'
[3.277s] Level 1:colcon.colcon_core.package_identification:_identify(workspace/src/eufs_msgs) by extensions ['ignore', 'ignore_ament_install']
[3.277s] Level 1:colcon.colcon_core.package_identification:_identify(workspace/src/eufs_msgs) by extension 'ignore'
[3.277s] Level 1:colcon.colcon_core.package_identification:_identify(workspace/src/eufs_msgs) by extension 'ignore_ament_install'
[3.277s] Level 1:colcon.colcon_core.package_identification:_identify(workspace/src/eufs_msgs) by extensions ['colcon_pkg']
[3.277s] Level 1:colcon.colcon_core.package_identification:_identify(workspace/src/eufs_msgs) by extension 'colcon_pkg'
[3.277s] Level 1:colcon.colcon_core.package_identification:_identify(workspace/src/eufs_msgs) by extensions ['colcon_meta']
[3.277s] Level 1:colcon.colcon_core.package_identification:_identify(workspace/src/eufs_msgs) by extension 'colcon_meta'
[3.277s] Level 1:colcon.colcon_core.package_identification:_identify(workspace/src/eufs_msgs) by extensions ['ros']
[3.277s] Level 1:colcon.colcon_core.package_identification:_identify(workspace/src/eufs_msgs) by extension 'ros'
[3.279s] DEBUG:colcon.colcon_core.package_identification:Package 'workspace/src/eufs_msgs' with type 'ros.ament_cmake' and name 'eufs_msgs'
[3.279s] Level 1:colcon.colcon_core.package_identification:_identify(workspace/src/isam2) by extensions ['ignore', 'ignore_ament_install']
[3.279s] Level 1:colcon.colcon_core.package_identification:_identify(workspace/src/isam2) by extension 'ignore'
[3.279s] Level 1:colcon.colcon_core.package_identification:_identify(workspace/src/isam2) by extension 'ignore_ament_install'
[3.279s] Level 1:colcon.colcon_core.package_identification:_identify(workspace/src/isam2) by extensions ['colcon_pkg']
[3.279s] Level 1:colcon.colcon_core.package_identification:_identify(workspace/src/isam2) by extension 'colcon_pkg'
[3.279s] Level 1:colcon.colcon_core.package_identification:_identify(workspace/src/isam2) by extensions ['colcon_meta']
[3.279s] Level 1:colcon.colcon_core.package_identification:_identify(workspace/src/isam2) by extension 'colcon_meta'
[3.279s] Level 1:colcon.colcon_core.package_identification:_identify(workspace/src/isam2) by extensions ['ros']
[3.279s] Level 1:colcon.colcon_core.package_identification:_identify(workspace/src/isam2) by extension 'ros'
[3.279s] DEBUG:colcon.colcon_core.package_identification:Package 'workspace/src/isam2' with type 'ros.ament_cmake' and name 'isam2'
[3.279s] Level 1:colcon.colcon_core.package_discovery:discover_packages(recursive) using defaults
[3.279s] Level 1:colcon.colcon_core.package_discovery:discover_packages(ignore) discover
[3.279s] Level 1:colcon.colcon_core.package_discovery:discover_packages(ignore) using defaults
[3.279s] Level 1:colcon.colcon_core.package_discovery:discover_packages(path) discover
[3.279s] Level 1:colcon.colcon_core.package_discovery:discover_packages(path) using defaults
[3.521s] Level 5:colcon.colcon_core.verb:set package 'eufs_msgs' build argument 'cmake_args' from command line to 'None'
[3.521s] Level 5:colcon.colcon_core.verb:set package 'eufs_msgs' build argument 'cmake_target' from command line to 'None'
[3.521s] Level 5:colcon.colcon_core.verb:set package 'eufs_msgs' build argument 'cmake_target_skip_unavailable' from command line to 'False'
[3.521s] Level 5:colcon.colcon_core.verb:set package 'eufs_msgs' build argument 'cmake_clean_cache' from command line to 'False'
[3.521s] Level 5:colcon.colcon_core.verb:set package 'eufs_msgs' build argument 'cmake_clean_first' from command line to 'False'
[3.521s] Level 5:colcon.colcon_core.verb:set package 'eufs_msgs' build argument 'cmake_force_configure' from command line to 'False'
[3.521s] Level 5:colcon.colcon_core.verb:set package 'eufs_msgs' build argument 'ament_cmake_args' from command line to 'None'
[3.521s] Level 5:colcon.colcon_core.verb:set package 'eufs_msgs' build argument 'catkin_cmake_args' from command line to 'None'
[3.521s] Level 5:colcon.colcon_core.verb:set package 'eufs_msgs' build argument 'catkin_skip_building_tests' from command line to 'False'
[3.521s] DEBUG:colcon.colcon_core.verb:Building package 'eufs_msgs' with the following arguments: {'ament_cmake_args': None, 'build_base': '/home/dale/Documents/isam2/iSAM2_SLAM/build/eufs_msgs', 'catkin_cmake_args': None, 'catkin_skip_building_tests': False, 'cmake_args': None, 'cmake_clean_cache': False, 'cmake_clean_first': False, 'cmake_force_configure': False, 'cmake_target': None, 'cmake_target_skip_unavailable': False, 'install_base': '/home/dale/Documents/isam2/iSAM2_SLAM/install/eufs_msgs', 'merge_install': False, 'path': '/home/dale/Documents/isam2/iSAM2_SLAM/workspace/src/eufs_msgs', 'symlink_install': False, 'test_result_base': None}
[3.579s] Level 5:colcon.colcon_core.verb:set package 'isam2' build argument 'cmake_args' from command line to 'None'
[3.579s] Level 5:colcon.colcon_core.verb:set package 'isam2' build argument 'cmake_target' from command line to 'None'
[3.579s] Level 5:colcon.colcon_core.verb:set package 'isam2' build argument 'cmake_target_skip_unavailable' from command line to 'False'
[3.579s] Level 5:colcon.colcon_core.verb:set package 'isam2' build argument 'cmake_clean_cache' from command line to 'False'
[3.579s] Level 5:colcon.colcon_core.verb:set package 'isam2' build argument 'cmake_clean_first' from command line to 'False'
[3.579s] Level 5:colcon.colcon_core.verb:set package 'isam2' build argument 'cmake_force_configure' from command line to 'False'
[3.579s] Level 5:colcon.colcon_core.verb:set package 'isam2' build argument 'ament_cmake_args' from command line to 'None'
[3.579s] Level 5:colcon.colcon_core.verb:set package 'isam2' build argument 'catkin_cmake_args' from command line to 'None'
[3.579s] Level 5:colcon.colcon_core.verb:set package 'isam2' build argument 'catkin_skip_building_tests' from command line to 'False'
[3.579s] DEBUG:colcon.colcon_core.verb:Building package 'isam2' with the following arguments: {'ament_cmake_args': None, 'build_base': '/home/dale/Documents/isam2/iSAM2_SLAM/build/isam2', 'catkin_cmake_args': None, 'catkin_skip_building_tests': False, 'cmake_args': None, 'cmake_clean_cache': False, 'cmake_clean_first': False, 'cmake_force_configure': False, 'cmake_target': None, 'cmake_target_skip_unavailable': False, 'install_base': '/home/dale/Documents/isam2/iSAM2_SLAM/install/isam2', 'merge_install': False, 'path': '/home/dale/Documents/isam2/iSAM2_SLAM/workspace/src/isam2', 'symlink_install': False, 'test_result_base': None}
[3.636s] INFO:colcon.colcon_core.executor:Executing jobs using 'parallel' executor
[3.695s] DEBUG:colcon.colcon_parallel_executor.executor.parallel:run_until_complete
[3.695s] INFO:colcon.colcon_ros.task.ament_cmake.build:Building ROS package in '/home/dale/Documents/isam2/iSAM2_SLAM/workspace/src/eufs_msgs' with build type 'ament_cmake'
[3.695s] INFO:colcon.colcon_cmake.task.cmake.build:Building CMake package in '/home/dale/Documents/isam2/iSAM2_SLAM/workspace/src/eufs_msgs'
[3.755s] INFO:colcon.colcon_core.plugin_system:Skipping extension 'colcon_core.shell.bat': Not used on non-Windows systems
[3.755s] INFO:colcon.colcon_core.shell:Skip shell extension 'powershell' for command environment: Not usable outside of PowerShell
[3.755s] DEBUG:colcon.colcon_core.shell:Skip shell extension 'dsv' for command environment
[3.938s] DEBUG:colcon.colcon_core.event_handler.log_command:Invoking command in '/home/dale/Documents/isam2/iSAM2_SLAM/build/eufs_msgs': CMAKE_PREFIX_PATH=${CMAKE_PREFIX_PATH}:/opt/ros/foxy CONDA_PROMPT_MODIFIER=(base) /home/dale/miniconda3/bin/cmake --build /home/dale/Documents/isam2/iSAM2_SLAM/build/eufs_msgs -- -j24 -l24
[4.037s] DEBUG:colcon.colcon_core.event_handler.log_command:Invoked command in '/home/dale/Documents/isam2/iSAM2_SLAM/build/eufs_msgs' returned '0': CMAKE_PREFIX_PATH=${CMAKE_PREFIX_PATH}:/opt/ros/foxy CONDA_PROMPT_MODIFIER=(base) /home/dale/miniconda3/bin/cmake --build /home/dale/Documents/isam2/iSAM2_SLAM/build/eufs_msgs -- -j24 -l24
[4.335s] DEBUG:colcon.colcon_core.event_handler.log_command:Invoking command in '/home/dale/Documents/isam2/iSAM2_SLAM/build/eufs_msgs': CMAKE_PREFIX_PATH=${CMAKE_PREFIX_PATH}:/opt/ros/foxy CONDA_PROMPT_MODIFIER=(base) /home/dale/miniconda3/bin/cmake --install /home/dale/Documents/isam2/iSAM2_SLAM/build/eufs_msgs
[4.379s] Level 1:colcon.colcon_core.environment:create_environment_scripts_only(eufs_msgs)
[4.379s] DEBUG:colcon.colcon_core.event_handler.log_command:Invoked command in '/home/dale/Documents/isam2/iSAM2_SLAM/build/eufs_msgs' returned '0': CMAKE_PREFIX_PATH=${CMAKE_PREFIX_PATH}:/opt/ros/foxy CONDA_PROMPT_MODIFIER=(base) /home/dale/miniconda3/bin/cmake --install /home/dale/Documents/isam2/iSAM2_SLAM/build/eufs_msgs
[4.439s] Level 1:colcon.colcon_core.environment:checking '/home/dale/Documents/isam2/iSAM2_SLAM/install/eufs_msgs' for CMake module files
[4.439s] Level 1:colcon.colcon_core.environment:checking '/home/dale/Documents/isam2/iSAM2_SLAM/install/eufs_msgs' for CMake config files
[4.440s] Level 1:colcon.colcon_core.shell:create_environment_hook('eufs_msgs', 'cmake_prefix_path')
[4.499s] INFO:colcon.colcon_core.shell:Creating environment hook '/home/dale/Documents/isam2/iSAM2_SLAM/install/eufs_msgs/share/eufs_msgs/hook/cmake_prefix_path.ps1'
[4.499s] INFO:colcon.colcon_core.shell:Creating environment descriptor '/home/dale/Documents/isam2/iSAM2_SLAM/install/eufs_msgs/share/eufs_msgs/hook/cmake_prefix_path.dsv'
[4.500s] INFO:colcon.colcon_core.shell:Creating environment hook '/home/dale/Documents/isam2/iSAM2_SLAM/install/eufs_msgs/share/eufs_msgs/hook/cmake_prefix_path.sh'
[4.500s] Level 1:colcon.colcon_core.environment:checking '/home/dale/Documents/isam2/iSAM2_SLAM/install/eufs_msgs/lib'
[4.500s] Level 1:colcon.colcon_core.shell:create_environment_hook('eufs_msgs', 'ld_library_path_lib')
[4.559s] INFO:colcon.colcon_core.shell:Creating environment hook '/home/dale/Documents/isam2/iSAM2_SLAM/install/eufs_msgs/share/eufs_msgs/hook/ld_library_path_lib.ps1'
[4.559s] INFO:colcon.colcon_core.shell:Creating environment descriptor '/home/dale/Documents/isam2/iSAM2_SLAM/install/eufs_msgs/share/eufs_msgs/hook/ld_library_path_lib.dsv'
[4.559s] INFO:colcon.colcon_core.shell:Creating environment hook '/home/dale/Documents/isam2/iSAM2_SLAM/install/eufs_msgs/share/eufs_msgs/hook/ld_library_path_lib.sh'
[4.560s] Level 1:colcon.colcon_core.environment:checking '/home/dale/Documents/isam2/iSAM2_SLAM/install/eufs_msgs/bin'
[4.560s] Level 1:colcon.colcon_core.environment:checking '/home/dale/Documents/isam2/iSAM2_SLAM/install/eufs_msgs/lib/pkgconfig/eufs_msgs.pc'
[4.560s] Level 1:colcon.colcon_core.environment:checking '/home/dale/Documents/isam2/iSAM2_SLAM/install/eufs_msgs/lib/python3.8/site-packages'
[4.560s] Level 1:colcon.colcon_core.shell:create_environment_hook('eufs_msgs', 'pythonpath')
[4.619s] INFO:colcon.colcon_core.shell:Creating environment hook '/home/dale/Documents/isam2/iSAM2_SLAM/install/eufs_msgs/share/eufs_msgs/hook/pythonpath.ps1'
[4.619s] INFO:colcon.colcon_core.shell:Creating environment descriptor '/home/dale/Documents/isam2/iSAM2_SLAM/install/eufs_msgs/share/eufs_msgs/hook/pythonpath.dsv'
[4.619s] INFO:colcon.colcon_core.shell:Creating environment hook '/home/dale/Documents/isam2/iSAM2_SLAM/install/eufs_msgs/share/eufs_msgs/hook/pythonpath.sh'
[4.619s] Level 1:colcon.colcon_core.environment:checking '/home/dale/Documents/isam2/iSAM2_SLAM/install/eufs_msgs/bin'
[4.678s] INFO:colcon.colcon_core.shell:Creating package script '/home/dale/Documents/isam2/iSAM2_SLAM/install/eufs_msgs/share/eufs_msgs/package.ps1'
[4.678s] INFO:colcon.colcon_core.shell:Creating package descriptor '/home/dale/Documents/isam2/iSAM2_SLAM/install/eufs_msgs/share/eufs_msgs/package.dsv'
[4.679s] INFO:colcon.colcon_core.shell:Creating package script '/home/dale/Documents/isam2/iSAM2_SLAM/install/eufs_msgs/share/eufs_msgs/package.sh'
[4.679s] INFO:colcon.colcon_core.shell:Creating package script '/home/dale/Documents/isam2/iSAM2_SLAM/install/eufs_msgs/share/eufs_msgs/package.bash'
[4.679s] INFO:colcon.colcon_core.shell:Creating package script '/home/dale/Documents/isam2/iSAM2_SLAM/install/eufs_msgs/share/eufs_msgs/package.zsh'
[4.679s] Level 1:colcon.colcon_core.environment:create_file_with_runtime_dependencies(/home/dale/Documents/isam2/iSAM2_SLAM/install/eufs_msgs/share/colcon-core/packages/eufs_msgs)
[5.021s] Level 1:colcon.colcon_core.environment:create_environment_scripts_only(eufs_msgs)
[5.080s] Level 1:colcon.colcon_core.environment:checking '/home/dale/Documents/isam2/iSAM2_SLAM/install/eufs_msgs' for CMake module files
[5.080s] Level 1:colcon.colcon_core.environment:checking '/home/dale/Documents/isam2/iSAM2_SLAM/install/eufs_msgs' for CMake config files
[5.080s] Level 1:colcon.colcon_core.shell:create_environment_hook('eufs_msgs', 'cmake_prefix_path')
[5.139s] INFO:colcon.colcon_core.shell:Creating environment hook '/home/dale/Documents/isam2/iSAM2_SLAM/install/eufs_msgs/share/eufs_msgs/hook/cmake_prefix_path.ps1'
[5.140s] INFO:colcon.colcon_core.shell:Creating environment descriptor '/home/dale/Documents/isam2/iSAM2_SLAM/install/eufs_msgs/share/eufs_msgs/hook/cmake_prefix_path.dsv'
[5.140s] INFO:colcon.colcon_core.shell:Creating environment hook '/home/dale/Documents/isam2/iSAM2_SLAM/install/eufs_msgs/share/eufs_msgs/hook/cmake_prefix_path.sh'
[5.140s] Level 1:colcon.colcon_core.environment:checking '/home/dale/Documents/isam2/iSAM2_SLAM/install/eufs_msgs/lib'
[5.140s] Level 1:colcon.colcon_core.shell:create_environment_hook('eufs_msgs', 'ld_library_path_lib')
[5.199s] INFO:colcon.colcon_core.shell:Creating environment hook '/home/dale/Documents/isam2/iSAM2_SLAM/install/eufs_msgs/share/eufs_msgs/hook/ld_library_path_lib.ps1'
[5.199s] INFO:colcon.colcon_core.shell:Creating environment descriptor '/home/dale/Documents/isam2/iSAM2_SLAM/install/eufs_msgs/share/eufs_msgs/hook/ld_library_path_lib.dsv'
[5.200s] INFO:colcon.colcon_core.shell:Creating environment hook '/home/dale/Documents/isam2/iSAM2_SLAM/install/eufs_msgs/share/eufs_msgs/hook/ld_library_path_lib.sh'
[5.200s] Level 1:colcon.colcon_core.environment:checking '/home/dale/Documents/isam2/iSAM2_SLAM/install/eufs_msgs/bin'
[5.200s] Level 1:colcon.colcon_core.environment:checking '/home/dale/Documents/isam2/iSAM2_SLAM/install/eufs_msgs/lib/pkgconfig/eufs_msgs.pc'
[5.200s] Level 1:colcon.colcon_core.environment:checking '/home/dale/Documents/isam2/iSAM2_SLAM/install/eufs_msgs/lib/python3.8/site-packages'
[5.200s] Level 1:colcon.colcon_core.shell:create_environment_hook('eufs_msgs', 'pythonpath')
[5.259s] INFO:colcon.colcon_core.shell:Creating environment hook '/home/dale/Documents/isam2/iSAM2_SLAM/install/eufs_msgs/share/eufs_msgs/hook/pythonpath.ps1'
[5.259s] INFO:colcon.colcon_core.shell:Creating environment descriptor '/home/dale/Documents/isam2/iSAM2_SLAM/install/eufs_msgs/share/eufs_msgs/hook/pythonpath.dsv'
[5.259s] INFO:colcon.colcon_core.shell:Creating environment hook '/home/dale/Documents/isam2/iSAM2_SLAM/install/eufs_msgs/share/eufs_msgs/hook/pythonpath.sh'
[5.259s] Level 1:colcon.colcon_core.environment:checking '/home/dale/Documents/isam2/iSAM2_SLAM/install/eufs_msgs/bin'
[5.318s] INFO:colcon.colcon_core.shell:Creating package script '/home/dale/Documents/isam2/iSAM2_SLAM/install/eufs_msgs/share/eufs_msgs/package.ps1'
[5.318s] INFO:colcon.colcon_core.shell:Creating package descriptor '/home/dale/Documents/isam2/iSAM2_SLAM/install/eufs_msgs/share/eufs_msgs/package.dsv'
[5.318s] INFO:colcon.colcon_core.shell:Creating package script '/home/dale/Documents/isam2/iSAM2_SLAM/install/eufs_msgs/share/eufs_msgs/package.sh'
[5.319s] INFO:colcon.colcon_core.shell:Creating package script '/home/dale/Documents/isam2/iSAM2_SLAM/install/eufs_msgs/share/eufs_msgs/package.bash'
[5.319s] INFO:colcon.colcon_core.shell:Creating package script '/home/dale/Documents/isam2/iSAM2_SLAM/install/eufs_msgs/share/eufs_msgs/package.zsh'
[5.319s] Level 1:colcon.colcon_core.environment:create_file_with_runtime_dependencies(/home/dale/Documents/isam2/iSAM2_SLAM/install/eufs_msgs/share/colcon-core/packages/eufs_msgs)
[5.319s] INFO:colcon.colcon_ros.task.ament_cmake.build:Building ROS package in '/home/dale/Documents/isam2/iSAM2_SLAM/workspace/src/isam2' with build type 'ament_cmake'
[5.319s] INFO:colcon.colcon_cmake.task.cmake.build:Building CMake package in '/home/dale/Documents/isam2/iSAM2_SLAM/workspace/src/isam2'
[5.377s] INFO:colcon.colcon_core.shell:Skip shell extension 'powershell' for command environment: Not usable outside of PowerShell
[5.377s] DEBUG:colcon.colcon_core.shell:Skip shell extension 'dsv' for command environment
[5.561s] DEBUG:colcon.colcon_core.event_handler.log_command:Invoking command in '/home/dale/Documents/isam2/iSAM2_SLAM/build/isam2': AMENT_PREFIX_PATH=/home/dale/Documents/isam2/iSAM2_SLAM/install/eufs_msgs:${AMENT_PREFIX_PATH} CMAKE_PREFIX_PATH=/home/dale/Documents/isam2/iSAM2_SLAM/install/eufs_msgs:/home/dale/Documents/isam2/iSAM2_SLAM/workspace/install/isam2:/home/dale/Documents/isam2/iSAM2_SLAM/workspace/install/eufs_msgs:/opt/ros/foxy CONDA_PROMPT_MODIFIER=(base) LD_LIBRARY_PATH=/home/dale/Documents/isam2/iSAM2_SLAM/install/eufs_msgs/lib:${LD_LIBRARY_PATH} PYTHONPATH=/home/dale/Documents/isam2/iSAM2_SLAM/install/eufs_msgs/lib/python3.8/site-packages:${PYTHONPATH} /home/dale/miniconda3/bin/cmake --build /home/dale/Documents/isam2/iSAM2_SLAM/build/isam2 -- -j24 -l24
[12.873s] DEBUG:colcon.colcon_core.event_handler.log_command:Invoked command in '/home/dale/Documents/isam2/iSAM2_SLAM/build/isam2' returned '0': AMENT_PREFIX_PATH=/home/dale/Documents/isam2/iSAM2_SLAM/install/eufs_msgs:${AMENT_PREFIX_PATH} CMAKE_PREFIX_PATH=/home/dale/Documents/isam2/iSAM2_SLAM/install/eufs_msgs:/home/dale/Documents/isam2/iSAM2_SLAM/workspace/install/isam2:/home/dale/Documents/isam2/iSAM2_SLAM/workspace/install/eufs_msgs:/opt/ros/foxy CONDA_PROMPT_MODIFIER=(base) LD_LIBRARY_PATH=/home/dale/Documents/isam2/iSAM2_SLAM/install/eufs_msgs/lib:${LD_LIBRARY_PATH} PYTHONPATH=/home/dale/Documents/isam2/iSAM2_SLAM/install/eufs_msgs/lib/python3.8/site-packages:${PYTHONPATH} /home/dale/miniconda3/bin/cmake --build /home/dale/Documents/isam2/iSAM2_SLAM/build/isam2 -- -j24 -l24
[12.894s] DEBUG:colcon.colcon_core.event_handler.log_command:Invoking command in '/home/dale/Documents/isam2/iSAM2_SLAM/build/isam2': AMENT_PREFIX_PATH=/home/dale/Documents/isam2/iSAM2_SLAM/install/eufs_msgs:${AMENT_PREFIX_PATH} CMAKE_PREFIX_PATH=/home/dale/Documents/isam2/iSAM2_SLAM/install/eufs_msgs:/home/dale/Documents/isam2/iSAM2_SLAM/workspace/install/isam2:/home/dale/Documents/isam2/iSAM2_SLAM/workspace/install/eufs_msgs:/opt/ros/foxy CONDA_PROMPT_MODIFIER=(base) LD_LIBRARY_PATH=/home/dale/Documents/isam2/iSAM2_SLAM/install/eufs_msgs/lib:${LD_LIBRARY_PATH} PYTHONPATH=/home/dale/Documents/isam2/iSAM2_SLAM/install/eufs_msgs/lib/python3.8/site-packages:${PYTHONPATH} /home/dale/miniconda3/bin/cmake --install /home/dale/Documents/isam2/iSAM2_SLAM/build/isam2
[12.912s] Level 1:colcon.colcon_core.environment:create_environment_scripts_only(isam2)
[12.912s] DEBUG:colcon.colcon_core.event_handler.log_command:Invoked command in '/home/dale/Documents/isam2/iSAM2_SLAM/build/isam2' returned '0': AMENT_PREFIX_PATH=/home/dale/Documents/isam2/iSAM2_SLAM/install/eufs_msgs:${AMENT_PREFIX_PATH} CMAKE_PREFIX_PATH=/home/dale/Documents/isam2/iSAM2_SLAM/install/eufs_msgs:/home/dale/Documents/isam2/iSAM2_SLAM/workspace/install/isam2:/home/dale/Documents/isam2/iSAM2_SLAM/workspace/install/eufs_msgs:/opt/ros/foxy CONDA_PROMPT_MODIFIER=(base) LD_LIBRARY_PATH=/home/dale/Documents/isam2/iSAM2_SLAM/install/eufs_msgs/lib:${LD_LIBRARY_PATH} PYTHONPATH=/home/dale/Documents/isam2/iSAM2_SLAM/install/eufs_msgs/lib/python3.8/site-packages:${PYTHONPATH} /home/dale/miniconda3/bin/cmake --install /home/dale/Documents/isam2/iSAM2_SLAM/build/isam2
[12.971s] Level 1:colcon.colcon_core.environment:checking '/home/dale/Documents/isam2/iSAM2_SLAM/install/isam2' for CMake module files
[12.971s] Level 1:colcon.colcon_core.environment:checking '/home/dale/Documents/isam2/iSAM2_SLAM/install/isam2' for CMake config files
[12.972s] Level 1:colcon.colcon_core.shell:create_environment_hook('isam2', 'cmake_prefix_path')
[13.031s] INFO:colcon.colcon_core.shell:Creating environment hook '/home/dale/Documents/isam2/iSAM2_SLAM/install/isam2/share/isam2/hook/cmake_prefix_path.ps1'
[13.031s] INFO:colcon.colcon_core.shell:Creating environment descriptor '/home/dale/Documents/isam2/iSAM2_SLAM/install/isam2/share/isam2/hook/cmake_prefix_path.dsv'
[13.031s] INFO:colcon.colcon_core.shell:Creating environment hook '/home/dale/Documents/isam2/iSAM2_SLAM/install/isam2/share/isam2/hook/cmake_prefix_path.sh'
[13.032s] Level 1:colcon.colcon_core.environment:checking '/home/dale/Documents/isam2/iSAM2_SLAM/install/isam2/lib'
[13.032s] Level 1:colcon.colcon_core.environment:checking '/home/dale/Documents/isam2/iSAM2_SLAM/install/isam2/bin'
[13.032s] Level 1:colcon.colcon_core.environment:checking '/home/dale/Documents/isam2/iSAM2_SLAM/install/isam2/lib/pkgconfig/isam2.pc'
[13.032s] Level 1:colcon.colcon_core.environment:checking '/home/dale/Documents/isam2/iSAM2_SLAM/install/isam2/lib/python3.8/site-packages'
[13.032s] Level 1:colcon.colcon_core.environment:checking '/home/dale/Documents/isam2/iSAM2_SLAM/install/isam2/bin'
[13.091s] INFO:colcon.colcon_core.shell:Creating package script '/home/dale/Documents/isam2/iSAM2_SLAM/install/isam2/share/isam2/package.ps1'
[13.092s] INFO:colcon.colcon_core.shell:Creating package descriptor '/home/dale/Documents/isam2/iSAM2_SLAM/install/isam2/share/isam2/package.dsv'
[13.092s] INFO:colcon.colcon_core.shell:Creating package script '/home/dale/Documents/isam2/iSAM2_SLAM/install/isam2/share/isam2/package.sh'
[13.092s] INFO:colcon.colcon_core.shell:Creating package script '/home/dale/Documents/isam2/iSAM2_SLAM/install/isam2/share/isam2/package.bash'
[13.092s] INFO:colcon.colcon_core.shell:Creating package script '/home/dale/Documents/isam2/iSAM2_SLAM/install/isam2/share/isam2/package.zsh'
[13.092s] Level 1:colcon.colcon_core.environment:create_file_with_runtime_dependencies(/home/dale/Documents/isam2/iSAM2_SLAM/install/isam2/share/colcon-core/packages/isam2)
[13.173s] Level 1:colcon.colcon_core.environment:create_environment_scripts_only(isam2)
[13.231s] Level 1:colcon.colcon_core.environment:checking '/home/dale/Documents/isam2/iSAM2_SLAM/install/isam2' for CMake module files
[13.231s] Level 1:colcon.colcon_core.environment:checking '/home/dale/Documents/isam2/iSAM2_SLAM/install/isam2' for CMake config files
[13.231s] Level 1:colcon.colcon_core.shell:create_environment_hook('isam2', 'cmake_prefix_path')
[13.290s] INFO:colcon.colcon_core.shell:Creating environment hook '/home/dale/Documents/isam2/iSAM2_SLAM/install/isam2/share/isam2/hook/cmake_prefix_path.ps1'
[13.290s] INFO:colcon.colcon_core.shell:Creating environment descriptor '/home/dale/Documents/isam2/iSAM2_SLAM/install/isam2/share/isam2/hook/cmake_prefix_path.dsv'
[13.290s] INFO:colcon.colcon_core.shell:Creating environment hook '/home/dale/Documents/isam2/iSAM2_SLAM/install/isam2/share/isam2/hook/cmake_prefix_path.sh'
[13.290s] Level 1:colcon.colcon_core.environment:checking '/home/dale/Documents/isam2/iSAM2_SLAM/install/isam2/lib'
[13.291s] Level 1:colcon.colcon_core.environment:checking '/home/dale/Documents/isam2/iSAM2_SLAM/install/isam2/bin'
[13.291s] Level 1:colcon.colcon_core.environment:checking '/home/dale/Documents/isam2/iSAM2_SLAM/install/isam2/lib/pkgconfig/isam2.pc'
[13.291s] Level 1:colcon.colcon_core.environment:checking '/home/dale/Documents/isam2/iSAM2_SLAM/install/isam2/lib/python3.8/site-packages'
[13.291s] Level 1:colcon.colcon_core.environment:checking '/home/dale/Documents/isam2/iSAM2_SLAM/install/isam2/bin'
[13.349s] INFO:colcon.colcon_core.shell:Creating package script '/home/dale/Documents/isam2/iSAM2_SLAM/install/isam2/share/isam2/package.ps1'
[13.349s] INFO:colcon.colcon_core.shell:Creating package descriptor '/home/dale/Documents/isam2/iSAM2_SLAM/install/isam2/share/isam2/package.dsv'
[13.349s] INFO:colcon.colcon_core.shell:Creating package script '/home/dale/Documents/isam2/iSAM2_SLAM/install/isam2/share/isam2/package.sh'
[13.350s] INFO:colcon.colcon_core.shell:Creating package script '/home/dale/Documents/isam2/iSAM2_SLAM/install/isam2/share/isam2/package.bash'
[13.350s] INFO:colcon.colcon_core.shell:Creating package script '/home/dale/Documents/isam2/iSAM2_SLAM/install/isam2/share/isam2/package.zsh'
[13.350s] Level 1:colcon.colcon_core.environment:create_file_with_runtime_dependencies(/home/dale/Documents/isam2/iSAM2_SLAM/install/isam2/share/colcon-core/packages/isam2)
[13.350s] DEBUG:colcon.colcon_parallel_executor.executor.parallel:closing loop
[13.350s] DEBUG:colcon.colcon_parallel_executor.executor.parallel:loop closed
[13.350s] DEBUG:colcon.colcon_parallel_executor.executor.parallel:run_until_complete finished with '0'
[13.350s] DEBUG:colcon.colcon_core.event_reactor:joining thread
[13.412s] INFO:colcon.colcon_core.plugin_system:Skipping extension 'colcon_notification.desktop_notification.terminal_notifier': Not used on non-Darwin systems
[13.412s] INFO:colcon.colcon_core.plugin_system:Skipping extension 'colcon_notification.desktop_notification.win32': Not used on non-Windows systems
[13.412s] INFO:colcon.colcon_notification.desktop_notification:Sending desktop notification using 'notify2'
[13.419s] DEBUG:colcon.colcon_core.event_reactor:joined thread
[13.477s] INFO:colcon.colcon_core.shell:Creating prefix script '/home/dale/Documents/isam2/iSAM2_SLAM/install/local_setup.ps1'
[13.478s] INFO:colcon.colcon_core.shell:Creating prefix util module '/home/dale/Documents/isam2/iSAM2_SLAM/install/_local_setup_util_ps1.py'
[13.478s] INFO:colcon.colcon_core.shell:Creating prefix chain script '/home/dale/Documents/isam2/iSAM2_SLAM/install/setup.ps1'
[13.537s] INFO:colcon.colcon_core.shell:Creating prefix script '/home/dale/Documents/isam2/iSAM2_SLAM/install/local_setup.sh'
[13.537s] INFO:colcon.colcon_core.shell:Creating prefix util module '/home/dale/Documents/isam2/iSAM2_SLAM/install/_local_setup_util_sh.py'
[13.537s] INFO:colcon.colcon_core.shell:Creating prefix chain script '/home/dale/Documents/isam2/iSAM2_SLAM/install/setup.sh'
[13.596s] INFO:colcon.colcon_core.shell:Creating prefix script '/home/dale/Documents/isam2/iSAM2_SLAM/install/local_setup.bash'
[13.596s] INFO:colcon.colcon_core.shell:Creating prefix chain script '/home/dale/Documents/isam2/iSAM2_SLAM/install/setup.bash'
[13.656s] INFO:colcon.colcon_core.shell:Creating prefix script '/home/dale/Documents/isam2/iSAM2_SLAM/install/local_setup.zsh'
[13.656s] INFO:colcon.colcon_core.shell:Creating prefix chain script '/home/dale/Documents/isam2/iSAM2_SLAM/install/setup.zsh'
