[7.842s] DEBUG:colcon:Command line arguments: ['/usr/bin/colcon', 'build', '--symlink-install', '--cmake-args', '-DCMAKE_BUILD_TYPE=RelWithDebInfo']
[7.842s] DEBUG:colcon:Parsed command line arguments: Namespace(allow_overriding=[], ament_cmake_args=None, base_paths=['.'], build_base='build', catkin_cmake_args=None, catkin_skip_building_tests=False, cmake_args=['-DCMAKE_BUILD_TYPE=RelWithDebInfo'], cmake_clean_cache=False, cmake_clean_first=False, cmake_force_configure=False, cmake_target=None, cmake_target_skip_unavailable=False, continue_on_error=False, event_handlers=None, executor='parallel', ignore_user_meta=False, install_base='install', log_base=None, log_level=None, main=<bound method BuildVerb.main of <colcon_core.verb.build.BuildVerb object at 0x7f403d2325e0>>, merge_install=False, metas=['./colcon.meta'], packages_above=None, packages_above_and_dependencies=None, packages_above_depth=None, packages_end=None, packages_ignore=None, packages_ignore_regex=None, packages_select=None, packages_select_build_failed=False, packages_select_by_dep=None, packages_select_regex=None, packages_select_test_failures=False, packages_skip=None, packages_skip_build_finished=False, packages_skip_by_dep=None, packages_skip_regex=None, packages_skip_test_passed=False, packages_skip_up_to=None, packages_start=None, packages_up_to=None, packages_up_to_regex=None, parallel_workers=12, paths=None, symlink_install=True, test_result_base=None, verb_extension=<colcon_core.verb.build.BuildVerb object at 0x7f403d2325e0>, verb_name='build', verb_parser=<colcon_defaults.argument_parser.defaults.DefaultArgumentsDecorator object at 0x7f403ce7c250>)
[8.110s] Level 1:colcon.colcon_core.package_discovery:discover_packages(colcon_meta) check parameters
[8.110s] Level 1:colcon.colcon_core.package_discovery:discover_packages(recursive) check parameters
[8.110s] Level 1:colcon.colcon_core.package_discovery:discover_packages(ignore) check parameters
[8.110s] Level 1:colcon.colcon_core.package_discovery:discover_packages(path) check parameters
[8.110s] Level 1:colcon.colcon_core.package_discovery:discover_packages(colcon_meta) discover
[8.111s] Level 1:colcon.colcon_core.package_discovery:discover_packages(recursive) discover
[8.111s] INFO:colcon.colcon_core.package_discovery:Crawling recursively for packages in '/home/andrewwhong/classes/16833/iSAM2_SLAM/workspace'
[8.111s] Level 1:colcon.colcon_core.package_identification:_identify(.) by extensions ['ignore', 'ignore_ament_install']
[8.111s] Level 1:colcon.colcon_core.package_identification:_identify(.) by extension 'ignore'
[8.111s] Level 1:colcon.colcon_core.package_identification:_identify(.) by extension 'ignore_ament_install'
[8.112s] Level 1:colcon.colcon_core.package_identification:_identify(.) by extensions ['colcon_pkg']
[8.112s] Level 1:colcon.colcon_core.package_identification:_identify(.) by extension 'colcon_pkg'
[8.112s] Level 1:colcon.colcon_core.package_identification:_identify(.) by extensions ['colcon_meta']
[8.112s] Level 1:colcon.colcon_core.package_identification:_identify(.) by extension 'colcon_meta'
[8.112s] Level 1:colcon.colcon_core.package_identification:_identify(.) by extensions ['ros']
[8.112s] Level 1:colcon.colcon_core.package_identification:_identify(.) by extension 'ros'
[8.214s] Level 1:colcon.colcon_core.package_identification:_identify(.) by extensions ['cmake', 'python']
[8.215s] Level 1:colcon.colcon_core.package_identification:_identify(.) by extension 'cmake'
[8.215s] Level 1:colcon.colcon_core.package_identification:_identify(.) by extension 'python'
[8.215s] Level 1:colcon.colcon_core.package_identification:_identify(.) by extensions ['python_setup_py']
[8.215s] Level 1:colcon.colcon_core.package_identification:_identify(.) by extension 'python_setup_py'
[8.215s] Level 1:colcon.colcon_core.package_identification:_identify(build) by extensions ['ignore', 'ignore_ament_install']
[8.215s] Level 1:colcon.colcon_core.package_identification:_identify(build) by extension 'ignore'
[8.216s] Level 1:colcon.colcon_core.package_identification:_identify(build) ignored
[8.216s] Level 1:colcon.colcon_core.package_identification:_identify(install) by extensions ['ignore', 'ignore_ament_install']
[8.216s] Level 1:colcon.colcon_core.package_identification:_identify(install) by extension 'ignore'
[8.216s] Level 1:colcon.colcon_core.package_identification:_identify(install) ignored
[8.216s] Level 1:colcon.colcon_core.package_identification:_identify(log) by extensions ['ignore', 'ignore_ament_install']
[8.216s] Level 1:colcon.colcon_core.package_identification:_identify(log) by extension 'ignore'
[8.216s] Level 1:colcon.colcon_core.package_identification:_identify(log) ignored
[8.217s] Level 1:colcon.colcon_core.package_identification:_identify(src) by extensions ['ignore', 'ignore_ament_install']
[8.217s] Level 1:colcon.colcon_core.package_identification:_identify(src) by extension 'ignore'
[8.217s] Level 1:colcon.colcon_core.package_identification:_identify(src) by extension 'ignore_ament_install'
[8.217s] Level 1:colcon.colcon_core.package_identification:_identify(src) by extensions ['colcon_pkg']
[8.217s] Level 1:colcon.colcon_core.package_identification:_identify(src) by extension 'colcon_pkg'
[8.217s] Level 1:colcon.colcon_core.package_identification:_identify(src) by extensions ['colcon_meta']
[8.217s] Level 1:colcon.colcon_core.package_identification:_identify(src) by extension 'colcon_meta'
[8.217s] Level 1:colcon.colcon_core.package_identification:_identify(src) by extensions ['ros']
[8.217s] Level 1:colcon.colcon_core.package_identification:_identify(src) by extension 'ros'
[8.217s] Level 1:colcon.colcon_core.package_identification:_identify(src) by extensions ['cmake', 'python']
[8.218s] Level 1:colcon.colcon_core.package_identification:_identify(src) by extension 'cmake'
[8.218s] Level 1:colcon.colcon_core.package_identification:_identify(src) by extension 'python'
[8.218s] Level 1:colcon.colcon_core.package_identification:_identify(src) by extensions ['python_setup_py']
[8.218s] Level 1:colcon.colcon_core.package_identification:_identify(src) by extension 'python_setup_py'
[8.218s] Level 1:colcon.colcon_core.package_identification:_identify(src/eufs_msgs) by extensions ['ignore', 'ignore_ament_install']
[8.218s] Level 1:colcon.colcon_core.package_identification:_identify(src/eufs_msgs) by extension 'ignore'
[8.218s] Level 1:colcon.colcon_core.package_identification:_identify(src/eufs_msgs) by extension 'ignore_ament_install'
[8.218s] Level 1:colcon.colcon_core.package_identification:_identify(src/eufs_msgs) by extensions ['colcon_pkg']
[8.218s] Level 1:colcon.colcon_core.package_identification:_identify(src/eufs_msgs) by extension 'colcon_pkg'
[8.218s] Level 1:colcon.colcon_core.package_identification:_identify(src/eufs_msgs) by extensions ['colcon_meta']
[8.218s] Level 1:colcon.colcon_core.package_identification:_identify(src/eufs_msgs) by extension 'colcon_meta'
[8.218s] Level 1:colcon.colcon_core.package_identification:_identify(src/eufs_msgs) by extensions ['ros']
[8.218s] Level 1:colcon.colcon_core.package_identification:_identify(src/eufs_msgs) by extension 'ros'
[8.224s] DEBUG:colcon.colcon_core.package_identification:Package 'src/eufs_msgs' with type 'ros.ament_cmake' and name 'eufs_msgs'
[8.224s] Level 1:colcon.colcon_core.package_identification:_identify(src/isam2) by extensions ['ignore', 'ignore_ament_install']
[8.224s] Level 1:colcon.colcon_core.package_identification:_identify(src/isam2) by extension 'ignore'
[8.224s] Level 1:colcon.colcon_core.package_identification:_identify(src/isam2) by extension 'ignore_ament_install'
[8.225s] Level 1:colcon.colcon_core.package_identification:_identify(src/isam2) by extensions ['colcon_pkg']
[8.225s] Level 1:colcon.colcon_core.package_identification:_identify(src/isam2) by extension 'colcon_pkg'
[8.225s] Level 1:colcon.colcon_core.package_identification:_identify(src/isam2) by extensions ['colcon_meta']
[8.225s] Level 1:colcon.colcon_core.package_identification:_identify(src/isam2) by extension 'colcon_meta'
[8.225s] Level 1:colcon.colcon_core.package_identification:_identify(src/isam2) by extensions ['ros']
[8.225s] Level 1:colcon.colcon_core.package_identification:_identify(src/isam2) by extension 'ros'
[8.227s] DEBUG:colcon.colcon_core.package_identification:Package 'src/isam2' with type 'ros.ament_cmake' and name 'isam2'
[8.228s] Level 1:colcon.colcon_core.package_discovery:discover_packages(recursive) using defaults
[8.228s] Level 1:colcon.colcon_core.package_discovery:discover_packages(ignore) discover
[8.228s] Level 1:colcon.colcon_core.package_discovery:discover_packages(ignore) using defaults
[8.228s] Level 1:colcon.colcon_core.package_discovery:discover_packages(path) discover
[8.228s] Level 1:colcon.colcon_core.package_discovery:discover_packages(path) using defaults
[8.372s] Level 1:colcon.colcon_core.package_discovery:discover_packages(prefix_path) check parameters
[8.372s] Level 1:colcon.colcon_core.package_discovery:discover_packages(prefix_path) discover
[8.419s] DEBUG:colcon.colcon_installed_package_information.package_discovery:Found 2 installed packages in /home/andrewwhong/classes/16833/iSAM2_SLAM/workspace/install
[8.446s] DEBUG:colcon.colcon_installed_package_information.package_discovery:Found 267 installed packages in /opt/ros/foxy
[8.448s] Level 1:colcon.colcon_core.package_discovery:discover_packages(prefix_path) using defaults
[8.665s] Level 5:colcon.colcon_core.verb:set package 'eufs_msgs' build argument 'cmake_args' from command line to '['-DCMAKE_BUILD_TYPE=RelWithDebInfo']'
[8.665s] Level 5:colcon.colcon_core.verb:set package 'eufs_msgs' build argument 'cmake_target' from command line to 'None'
[8.665s] Level 5:colcon.colcon_core.verb:set package 'eufs_msgs' build argument 'cmake_target_skip_unavailable' from command line to 'False'
[8.665s] Level 5:colcon.colcon_core.verb:set package 'eufs_msgs' build argument 'cmake_clean_cache' from command line to 'False'
[8.665s] Level 5:colcon.colcon_core.verb:set package 'eufs_msgs' build argument 'cmake_clean_first' from command line to 'False'
[8.665s] Level 5:colcon.colcon_core.verb:set package 'eufs_msgs' build argument 'cmake_force_configure' from command line to 'False'
[8.665s] Level 5:colcon.colcon_core.verb:set package 'eufs_msgs' build argument 'ament_cmake_args' from command line to 'None'
[8.665s] Level 5:colcon.colcon_core.verb:set package 'eufs_msgs' build argument 'catkin_cmake_args' from command line to 'None'
[8.665s] Level 5:colcon.colcon_core.verb:set package 'eufs_msgs' build argument 'catkin_skip_building_tests' from command line to 'False'
[8.665s] DEBUG:colcon.colcon_core.verb:Building package 'eufs_msgs' with the following arguments: {'ament_cmake_args': None, 'build_base': '/home/andrewwhong/classes/16833/iSAM2_SLAM/workspace/build/eufs_msgs', 'catkin_cmake_args': None, 'catkin_skip_building_tests': False, 'cmake_args': ['-DCMAKE_BUILD_TYPE=RelWithDebInfo'], 'cmake_clean_cache': False, 'cmake_clean_first': False, 'cmake_force_configure': False, 'cmake_target': None, 'cmake_target_skip_unavailable': False, 'install_base': '/home/andrewwhong/classes/16833/iSAM2_SLAM/workspace/install/eufs_msgs', 'merge_install': False, 'path': '/home/andrewwhong/classes/16833/iSAM2_SLAM/workspace/src/eufs_msgs', 'symlink_install': True, 'test_result_base': None}
[8.686s] Level 5:colcon.colcon_core.verb:set package 'isam2' build argument 'cmake_args' from command line to '['-DCMAKE_BUILD_TYPE=RelWithDebInfo']'
[8.686s] Level 5:colcon.colcon_core.verb:set package 'isam2' build argument 'cmake_target' from command line to 'None'
[8.687s] Level 5:colcon.colcon_core.verb:set package 'isam2' build argument 'cmake_target_skip_unavailable' from command line to 'False'
[8.687s] Level 5:colcon.colcon_core.verb:set package 'isam2' build argument 'cmake_clean_cache' from command line to 'False'
[8.687s] Level 5:colcon.colcon_core.verb:set package 'isam2' build argument 'cmake_clean_first' from command line to 'False'
[8.687s] Level 5:colcon.colcon_core.verb:set package 'isam2' build argument 'cmake_force_configure' from command line to 'False'
[8.687s] Level 5:colcon.colcon_core.verb:set package 'isam2' build argument 'ament_cmake_args' from command line to 'None'
[8.687s] Level 5:colcon.colcon_core.verb:set package 'isam2' build argument 'catkin_cmake_args' from command line to 'None'
[8.687s] Level 5:colcon.colcon_core.verb:set package 'isam2' build argument 'catkin_skip_building_tests' from command line to 'False'
[8.687s] DEBUG:colcon.colcon_core.verb:Building package 'isam2' with the following arguments: {'ament_cmake_args': None, 'build_base': '/home/andrewwhong/classes/16833/iSAM2_SLAM/workspace/build/isam2', 'catkin_cmake_args': None, 'catkin_skip_building_tests': False, 'cmake_args': ['-DCMAKE_BUILD_TYPE=RelWithDebInfo'], 'cmake_clean_cache': False, 'cmake_clean_first': False, 'cmake_force_configure': False, 'cmake_target': None, 'cmake_target_skip_unavailable': False, 'install_base': '/home/andrewwhong/classes/16833/iSAM2_SLAM/workspace/install/isam2', 'merge_install': False, 'path': '/home/andrewwhong/classes/16833/iSAM2_SLAM/workspace/src/isam2', 'symlink_install': True, 'test_result_base': None}
[8.709s] INFO:colcon.colcon_core.executor:Executing jobs using 'parallel' executor
[8.731s] DEBUG:colcon.colcon_parallel_executor.executor.parallel:run_until_complete
[8.731s] INFO:colcon.colcon_ros.task.ament_cmake.build:Building ROS package in '/home/andrewwhong/classes/16833/iSAM2_SLAM/workspace/src/eufs_msgs' with build type 'ament_cmake'
[8.732s] INFO:colcon.colcon_cmake.task.cmake.build:Building CMake package in '/home/andrewwhong/classes/16833/iSAM2_SLAM/workspace/src/eufs_msgs'
[8.769s] INFO:colcon.colcon_core.plugin_system:Skipping extension 'colcon_core.shell.bat': Not used on non-Windows systems
[8.770s] INFO:colcon.colcon_core.shell:Skip shell extension 'powershell' for command environment: Not usable outside of PowerShell
[8.770s] DEBUG:colcon.colcon_core.shell:Skip shell extension 'dsv' for command environment
[8.862s] DEBUG:colcon.colcon_core.event_handler.log_command:Invoking command in '/home/andrewwhong/classes/16833/iSAM2_SLAM/workspace/build/eufs_msgs': CMAKE_PREFIX_PATH=${CMAKE_PREFIX_PATH}:/opt/ros/foxy WSLENV=ELECTRON_RUN_AS_NODE/w: /usr/bin/cmake --build /home/andrewwhong/classes/16833/iSAM2_SLAM/workspace/build/eufs_msgs -- -j12 -l12
[9.720s] DEBUG:colcon.colcon_core.event_handler.log_command:Invoked command in '/home/andrewwhong/classes/16833/iSAM2_SLAM/workspace/build/eufs_msgs' returned '0': CMAKE_PREFIX_PATH=${CMAKE_PREFIX_PATH}:/opt/ros/foxy WSLENV=ELECTRON_RUN_AS_NODE/w: /usr/bin/cmake --build /home/andrewwhong/classes/16833/iSAM2_SLAM/workspace/build/eufs_msgs -- -j12 -l12
[11.016s] DEBUG:colcon.colcon_core.event_handler.log_command:Invoking command in '/home/andrewwhong/classes/16833/iSAM2_SLAM/workspace/build/eufs_msgs': CMAKE_PREFIX_PATH=${CMAKE_PREFIX_PATH}:/opt/ros/foxy WSLENV=ELECTRON_RUN_AS_NODE/w: /usr/bin/cmake --install /home/andrewwhong/classes/16833/iSAM2_SLAM/workspace/build/eufs_msgs
[11.701s] Level 1:colcon.colcon_core.environment:create_environment_scripts_only(eufs_msgs)
[11.703s] DEBUG:colcon.colcon_core.event_handler.log_command:Invoked command in '/home/andrewwhong/classes/16833/iSAM2_SLAM/workspace/build/eufs_msgs' returned '0': CMAKE_PREFIX_PATH=${CMAKE_PREFIX_PATH}:/opt/ros/foxy WSLENV=ELECTRON_RUN_AS_NODE/w: /usr/bin/cmake --install /home/andrewwhong/classes/16833/iSAM2_SLAM/workspace/build/eufs_msgs
[11.764s] Level 1:colcon.colcon_core.environment:checking '/home/andrewwhong/classes/16833/iSAM2_SLAM/workspace/install/eufs_msgs' for CMake module files
[11.766s] Level 1:colcon.colcon_core.environment:checking '/home/andrewwhong/classes/16833/iSAM2_SLAM/workspace/install/eufs_msgs' for CMake config files
[11.772s] Level 1:colcon.colcon_core.shell:create_environment_hook('eufs_msgs', 'cmake_prefix_path')
[11.809s] INFO:colcon.colcon_core.shell:Creating environment hook '/home/andrewwhong/classes/16833/iSAM2_SLAM/workspace/install/eufs_msgs/share/eufs_msgs/hook/cmake_prefix_path.ps1'
[11.810s] INFO:colcon.colcon_core.shell:Creating environment descriptor '/home/andrewwhong/classes/16833/iSAM2_SLAM/workspace/install/eufs_msgs/share/eufs_msgs/hook/cmake_prefix_path.dsv'
[11.812s] INFO:colcon.colcon_core.shell:Creating environment hook '/home/andrewwhong/classes/16833/iSAM2_SLAM/workspace/install/eufs_msgs/share/eufs_msgs/hook/cmake_prefix_path.sh'
[11.815s] Level 1:colcon.colcon_core.environment:checking '/home/andrewwhong/classes/16833/iSAM2_SLAM/workspace/install/eufs_msgs/lib'
[11.815s] Level 1:colcon.colcon_core.shell:create_environment_hook('eufs_msgs', 'ld_library_path_lib')
[11.843s] INFO:colcon.colcon_core.shell:Creating environment hook '/home/andrewwhong/classes/16833/iSAM2_SLAM/workspace/install/eufs_msgs/share/eufs_msgs/hook/ld_library_path_lib.ps1'
[11.844s] INFO:colcon.colcon_core.shell:Creating environment descriptor '/home/andrewwhong/classes/16833/iSAM2_SLAM/workspace/install/eufs_msgs/share/eufs_msgs/hook/ld_library_path_lib.dsv'
[11.845s] INFO:colcon.colcon_core.shell:Creating environment hook '/home/andrewwhong/classes/16833/iSAM2_SLAM/workspace/install/eufs_msgs/share/eufs_msgs/hook/ld_library_path_lib.sh'
[11.846s] Level 1:colcon.colcon_core.environment:checking '/home/andrewwhong/classes/16833/iSAM2_SLAM/workspace/install/eufs_msgs/bin'
[11.846s] Level 1:colcon.colcon_core.environment:checking '/home/andrewwhong/classes/16833/iSAM2_SLAM/workspace/install/eufs_msgs/lib/pkgconfig/eufs_msgs.pc'
[11.847s] Level 1:colcon.colcon_core.environment:checking '/home/andrewwhong/classes/16833/iSAM2_SLAM/workspace/install/eufs_msgs/lib/python3.8/site-packages'
[11.847s] Level 1:colcon.colcon_core.shell:create_environment_hook('eufs_msgs', 'pythonpath')
[11.878s] INFO:colcon.colcon_core.shell:Creating environment hook '/home/andrewwhong/classes/16833/iSAM2_SLAM/workspace/install/eufs_msgs/share/eufs_msgs/hook/pythonpath.ps1'
[11.879s] INFO:colcon.colcon_core.shell:Creating environment descriptor '/home/andrewwhong/classes/16833/iSAM2_SLAM/workspace/install/eufs_msgs/share/eufs_msgs/hook/pythonpath.dsv'
[11.879s] INFO:colcon.colcon_core.shell:Creating environment hook '/home/andrewwhong/classes/16833/iSAM2_SLAM/workspace/install/eufs_msgs/share/eufs_msgs/hook/pythonpath.sh'
[11.881s] Level 1:colcon.colcon_core.environment:checking '/home/andrewwhong/classes/16833/iSAM2_SLAM/workspace/install/eufs_msgs/bin'
[11.904s] INFO:colcon.colcon_core.shell:Creating package script '/home/andrewwhong/classes/16833/iSAM2_SLAM/workspace/install/eufs_msgs/share/eufs_msgs/package.ps1'
[11.905s] INFO:colcon.colcon_core.shell:Creating package descriptor '/home/andrewwhong/classes/16833/iSAM2_SLAM/workspace/install/eufs_msgs/share/eufs_msgs/package.dsv'
[11.907s] INFO:colcon.colcon_core.shell:Creating package script '/home/andrewwhong/classes/16833/iSAM2_SLAM/workspace/install/eufs_msgs/share/eufs_msgs/package.sh'
[11.908s] INFO:colcon.colcon_core.shell:Creating package script '/home/andrewwhong/classes/16833/iSAM2_SLAM/workspace/install/eufs_msgs/share/eufs_msgs/package.bash'
[11.910s] INFO:colcon.colcon_core.shell:Creating package script '/home/andrewwhong/classes/16833/iSAM2_SLAM/workspace/install/eufs_msgs/share/eufs_msgs/package.zsh'
[11.912s] Level 1:colcon.colcon_core.environment:create_file_with_runtime_dependencies(/home/andrewwhong/classes/16833/iSAM2_SLAM/workspace/install/eufs_msgs/share/colcon-core/packages/eufs_msgs)
[12.993s] Level 1:colcon.colcon_core.environment:create_environment_scripts_only(eufs_msgs)
[13.016s] Level 1:colcon.colcon_core.environment:checking '/home/andrewwhong/classes/16833/iSAM2_SLAM/workspace/install/eufs_msgs' for CMake module files
[13.016s] Level 1:colcon.colcon_core.environment:checking '/home/andrewwhong/classes/16833/iSAM2_SLAM/workspace/install/eufs_msgs' for CMake config files
[13.021s] Level 1:colcon.colcon_core.shell:create_environment_hook('eufs_msgs', 'cmake_prefix_path')
[13.045s] INFO:colcon.colcon_core.shell:Creating environment hook '/home/andrewwhong/classes/16833/iSAM2_SLAM/workspace/install/eufs_msgs/share/eufs_msgs/hook/cmake_prefix_path.ps1'
[13.048s] INFO:colcon.colcon_core.shell:Creating environment descriptor '/home/andrewwhong/classes/16833/iSAM2_SLAM/workspace/install/eufs_msgs/share/eufs_msgs/hook/cmake_prefix_path.dsv'
[13.049s] INFO:colcon.colcon_core.shell:Creating environment hook '/home/andrewwhong/classes/16833/iSAM2_SLAM/workspace/install/eufs_msgs/share/eufs_msgs/hook/cmake_prefix_path.sh'
[13.050s] Level 1:colcon.colcon_core.environment:checking '/home/andrewwhong/classes/16833/iSAM2_SLAM/workspace/install/eufs_msgs/lib'
[13.050s] Level 1:colcon.colcon_core.shell:create_environment_hook('eufs_msgs', 'ld_library_path_lib')
[13.078s] INFO:colcon.colcon_core.shell:Creating environment hook '/home/andrewwhong/classes/16833/iSAM2_SLAM/workspace/install/eufs_msgs/share/eufs_msgs/hook/ld_library_path_lib.ps1'
[13.078s] INFO:colcon.colcon_core.shell:Creating environment descriptor '/home/andrewwhong/classes/16833/iSAM2_SLAM/workspace/install/eufs_msgs/share/eufs_msgs/hook/ld_library_path_lib.dsv'
[13.079s] INFO:colcon.colcon_core.shell:Creating environment hook '/home/andrewwhong/classes/16833/iSAM2_SLAM/workspace/install/eufs_msgs/share/eufs_msgs/hook/ld_library_path_lib.sh'
[13.080s] Level 1:colcon.colcon_core.environment:checking '/home/andrewwhong/classes/16833/iSAM2_SLAM/workspace/install/eufs_msgs/bin'
[13.080s] Level 1:colcon.colcon_core.environment:checking '/home/andrewwhong/classes/16833/iSAM2_SLAM/workspace/install/eufs_msgs/lib/pkgconfig/eufs_msgs.pc'
[13.081s] Level 1:colcon.colcon_core.environment:checking '/home/andrewwhong/classes/16833/iSAM2_SLAM/workspace/install/eufs_msgs/lib/python3.8/site-packages'
[13.081s] Level 1:colcon.colcon_core.shell:create_environment_hook('eufs_msgs', 'pythonpath')
[13.105s] INFO:colcon.colcon_core.shell:Creating environment hook '/home/andrewwhong/classes/16833/iSAM2_SLAM/workspace/install/eufs_msgs/share/eufs_msgs/hook/pythonpath.ps1'
[13.105s] INFO:colcon.colcon_core.shell:Creating environment descriptor '/home/andrewwhong/classes/16833/iSAM2_SLAM/workspace/install/eufs_msgs/share/eufs_msgs/hook/pythonpath.dsv'
[13.106s] INFO:colcon.colcon_core.shell:Creating environment hook '/home/andrewwhong/classes/16833/iSAM2_SLAM/workspace/install/eufs_msgs/share/eufs_msgs/hook/pythonpath.sh'
[13.107s] Level 1:colcon.colcon_core.environment:checking '/home/andrewwhong/classes/16833/iSAM2_SLAM/workspace/install/eufs_msgs/bin'
[13.129s] INFO:colcon.colcon_core.shell:Creating package script '/home/andrewwhong/classes/16833/iSAM2_SLAM/workspace/install/eufs_msgs/share/eufs_msgs/package.ps1'
[13.130s] INFO:colcon.colcon_core.shell:Creating package descriptor '/home/andrewwhong/classes/16833/iSAM2_SLAM/workspace/install/eufs_msgs/share/eufs_msgs/package.dsv'
[13.131s] INFO:colcon.colcon_core.shell:Creating package script '/home/andrewwhong/classes/16833/iSAM2_SLAM/workspace/install/eufs_msgs/share/eufs_msgs/package.sh'
[13.132s] INFO:colcon.colcon_core.shell:Creating package script '/home/andrewwhong/classes/16833/iSAM2_SLAM/workspace/install/eufs_msgs/share/eufs_msgs/package.bash'
[13.133s] INFO:colcon.colcon_core.shell:Creating package script '/home/andrewwhong/classes/16833/iSAM2_SLAM/workspace/install/eufs_msgs/share/eufs_msgs/package.zsh'
[13.134s] Level 1:colcon.colcon_core.environment:create_file_with_runtime_dependencies(/home/andrewwhong/classes/16833/iSAM2_SLAM/workspace/install/eufs_msgs/share/colcon-core/packages/eufs_msgs)
[13.135s] INFO:colcon.colcon_ros.task.ament_cmake.build:Building ROS package in '/home/andrewwhong/classes/16833/iSAM2_SLAM/workspace/src/isam2' with build type 'ament_cmake'
[13.135s] INFO:colcon.colcon_cmake.task.cmake.build:Building CMake package in '/home/andrewwhong/classes/16833/iSAM2_SLAM/workspace/src/isam2'
[13.162s] INFO:colcon.colcon_core.shell:Skip shell extension 'powershell' for command environment: Not usable outside of PowerShell
[13.163s] DEBUG:colcon.colcon_core.shell:Skip shell extension 'dsv' for command environment
[13.697s] DEBUG:colcon.colcon_core.event_handler.log_command:Invoking command in '/home/andrewwhong/classes/16833/iSAM2_SLAM/workspace/build/isam2': CMAKE_PREFIX_PATH=/home/andrewwhong/classes/16833/iSAM2_SLAM/workspace/install/eufs_msgs:/home/andrewwhong/classes/16833/iSAM2_SLAM/workspace/install/isam2:/opt/ros/foxy LD_LIBRARY_PATH=/home/andrewwhong/classes/16833/iSAM2_SLAM/workspace/install/eufs_msgs/lib:/usr/lib/x86_64-linux-gnu/gazebo-11/plugins:/opt/ros/foxy/opt/yaml_cpp_vendor/lib:/opt/ros/foxy/opt/rviz_ogre_vendor/lib:/opt/ros/foxy/lib/x86_64-linux-gnu:/opt/ros/foxy/lib WSLENV=ELECTRON_RUN_AS_NODE/w: /usr/bin/cmake --build /home/andrewwhong/classes/16833/iSAM2_SLAM/workspace/build/isam2 -- -j12 -l12
[68.461s] DEBUG:colcon.colcon_core.event_handler.log_command:Invoked command in '/home/andrewwhong/classes/16833/iSAM2_SLAM/workspace/build/isam2' returned '0': CMAKE_PREFIX_PATH=/home/andrewwhong/classes/16833/iSAM2_SLAM/workspace/install/eufs_msgs:/home/andrewwhong/classes/16833/iSAM2_SLAM/workspace/install/isam2:/opt/ros/foxy LD_LIBRARY_PATH=/home/andrewwhong/classes/16833/iSAM2_SLAM/workspace/install/eufs_msgs/lib:/usr/lib/x86_64-linux-gnu/gazebo-11/plugins:/opt/ros/foxy/opt/yaml_cpp_vendor/lib:/opt/ros/foxy/opt/rviz_ogre_vendor/lib:/opt/ros/foxy/lib/x86_64-linux-gnu:/opt/ros/foxy/lib WSLENV=ELECTRON_RUN_AS_NODE/w: /usr/bin/cmake --build /home/andrewwhong/classes/16833/iSAM2_SLAM/workspace/build/isam2 -- -j12 -l12
[68.510s] DEBUG:colcon.colcon_core.event_handler.log_command:Invoking command in '/home/andrewwhong/classes/16833/iSAM2_SLAM/workspace/build/isam2': CMAKE_PREFIX_PATH=/home/andrewwhong/classes/16833/iSAM2_SLAM/workspace/install/eufs_msgs:/home/andrewwhong/classes/16833/iSAM2_SLAM/workspace/install/isam2:/opt/ros/foxy LD_LIBRARY_PATH=/home/andrewwhong/classes/16833/iSAM2_SLAM/workspace/install/eufs_msgs/lib:/usr/lib/x86_64-linux-gnu/gazebo-11/plugins:/opt/ros/foxy/opt/yaml_cpp_vendor/lib:/opt/ros/foxy/opt/rviz_ogre_vendor/lib:/opt/ros/foxy/lib/x86_64-linux-gnu:/opt/ros/foxy/lib WSLENV=ELECTRON_RUN_AS_NODE/w: /usr/bin/cmake --install /home/andrewwhong/classes/16833/iSAM2_SLAM/workspace/build/isam2
[68.561s] Level 1:colcon.colcon_core.environment:create_environment_scripts_only(isam2)
[68.571s] DEBUG:colcon.colcon_core.event_handler.log_command:Invoked command in '/home/andrewwhong/classes/16833/iSAM2_SLAM/workspace/build/isam2' returned '0': CMAKE_PREFIX_PATH=/home/andrewwhong/classes/16833/iSAM2_SLAM/workspace/install/eufs_msgs:/home/andrewwhong/classes/16833/iSAM2_SLAM/workspace/install/isam2:/opt/ros/foxy LD_LIBRARY_PATH=/home/andrewwhong/classes/16833/iSAM2_SLAM/workspace/install/eufs_msgs/lib:/usr/lib/x86_64-linux-gnu/gazebo-11/plugins:/opt/ros/foxy/opt/yaml_cpp_vendor/lib:/opt/ros/foxy/opt/rviz_ogre_vendor/lib:/opt/ros/foxy/lib/x86_64-linux-gnu:/opt/ros/foxy/lib WSLENV=ELECTRON_RUN_AS_NODE/w: /usr/bin/cmake --install /home/andrewwhong/classes/16833/iSAM2_SLAM/workspace/build/isam2
[68.848s] Level 1:colcon.colcon_core.environment:checking '/home/andrewwhong/classes/16833/iSAM2_SLAM/workspace/install/isam2' for CMake module files
[68.850s] Level 1:colcon.colcon_core.environment:checking '/home/andrewwhong/classes/16833/iSAM2_SLAM/workspace/install/isam2' for CMake config files
[68.852s] Level 1:colcon.colcon_core.shell:create_environment_hook('isam2', 'cmake_prefix_path')
[68.874s] INFO:colcon.colcon_core.shell:Creating environment hook '/home/andrewwhong/classes/16833/iSAM2_SLAM/workspace/install/isam2/share/isam2/hook/cmake_prefix_path.ps1'
[68.887s] INFO:colcon.colcon_core.shell:Creating environment descriptor '/home/andrewwhong/classes/16833/iSAM2_SLAM/workspace/install/isam2/share/isam2/hook/cmake_prefix_path.dsv'
[68.890s] INFO:colcon.colcon_core.shell:Creating environment hook '/home/andrewwhong/classes/16833/iSAM2_SLAM/workspace/install/isam2/share/isam2/hook/cmake_prefix_path.sh'
[68.897s] Level 1:colcon.colcon_core.environment:checking '/home/andrewwhong/classes/16833/iSAM2_SLAM/workspace/install/isam2/lib'
[68.898s] Level 1:colcon.colcon_core.environment:checking '/home/andrewwhong/classes/16833/iSAM2_SLAM/workspace/install/isam2/bin'
[68.898s] Level 1:colcon.colcon_core.environment:checking '/home/andrewwhong/classes/16833/iSAM2_SLAM/workspace/install/isam2/lib/pkgconfig/isam2.pc'
[68.903s] Level 1:colcon.colcon_core.environment:checking '/home/andrewwhong/classes/16833/iSAM2_SLAM/workspace/install/isam2/lib/python3.8/site-packages'
[68.904s] Level 1:colcon.colcon_core.environment:checking '/home/andrewwhong/classes/16833/iSAM2_SLAM/workspace/install/isam2/bin'
[68.924s] INFO:colcon.colcon_core.shell:Creating package script '/home/andrewwhong/classes/16833/iSAM2_SLAM/workspace/install/isam2/share/isam2/package.ps1'
[68.927s] INFO:colcon.colcon_core.shell:Creating package descriptor '/home/andrewwhong/classes/16833/iSAM2_SLAM/workspace/install/isam2/share/isam2/package.dsv'
[68.928s] INFO:colcon.colcon_core.shell:Creating package script '/home/andrewwhong/classes/16833/iSAM2_SLAM/workspace/install/isam2/share/isam2/package.sh'
[68.929s] INFO:colcon.colcon_core.shell:Creating package script '/home/andrewwhong/classes/16833/iSAM2_SLAM/workspace/install/isam2/share/isam2/package.bash'
[68.933s] INFO:colcon.colcon_core.shell:Creating package script '/home/andrewwhong/classes/16833/iSAM2_SLAM/workspace/install/isam2/share/isam2/package.zsh'
[68.936s] Level 1:colcon.colcon_core.environment:create_file_with_runtime_dependencies(/home/andrewwhong/classes/16833/iSAM2_SLAM/workspace/install/isam2/share/colcon-core/packages/isam2)
[68.989s] Level 1:colcon.colcon_core.environment:create_environment_scripts_only(isam2)
[69.009s] Level 1:colcon.colcon_core.environment:checking '/home/andrewwhong/classes/16833/iSAM2_SLAM/workspace/install/isam2' for CMake module files
[69.010s] Level 1:colcon.colcon_core.environment:checking '/home/andrewwhong/classes/16833/iSAM2_SLAM/workspace/install/isam2' for CMake config files
[69.010s] Level 1:colcon.colcon_core.shell:create_environment_hook('isam2', 'cmake_prefix_path')
[69.034s] INFO:colcon.colcon_core.shell:Creating environment hook '/home/andrewwhong/classes/16833/iSAM2_SLAM/workspace/install/isam2/share/isam2/hook/cmake_prefix_path.ps1'
[69.035s] INFO:colcon.colcon_core.shell:Creating environment descriptor '/home/andrewwhong/classes/16833/iSAM2_SLAM/workspace/install/isam2/share/isam2/hook/cmake_prefix_path.dsv'
[69.036s] INFO:colcon.colcon_core.shell:Creating environment hook '/home/andrewwhong/classes/16833/iSAM2_SLAM/workspace/install/isam2/share/isam2/hook/cmake_prefix_path.sh'
[69.037s] Level 1:colcon.colcon_core.environment:checking '/home/andrewwhong/classes/16833/iSAM2_SLAM/workspace/install/isam2/lib'
[69.037s] Level 1:colcon.colcon_core.environment:checking '/home/andrewwhong/classes/16833/iSAM2_SLAM/workspace/install/isam2/bin'
[69.037s] Level 1:colcon.colcon_core.environment:checking '/home/andrewwhong/classes/16833/iSAM2_SLAM/workspace/install/isam2/lib/pkgconfig/isam2.pc'
[69.038s] Level 1:colcon.colcon_core.environment:checking '/home/andrewwhong/classes/16833/iSAM2_SLAM/workspace/install/isam2/lib/python3.8/site-packages'
[69.038s] Level 1:colcon.colcon_core.environment:checking '/home/andrewwhong/classes/16833/iSAM2_SLAM/workspace/install/isam2/bin'
[69.061s] INFO:colcon.colcon_core.shell:Creating package script '/home/andrewwhong/classes/16833/iSAM2_SLAM/workspace/install/isam2/share/isam2/package.ps1'
[69.062s] INFO:colcon.colcon_core.shell:Creating package descriptor '/home/andrewwhong/classes/16833/iSAM2_SLAM/workspace/install/isam2/share/isam2/package.dsv'
[69.062s] INFO:colcon.colcon_core.shell:Creating package script '/home/andrewwhong/classes/16833/iSAM2_SLAM/workspace/install/isam2/share/isam2/package.sh'
[69.063s] INFO:colcon.colcon_core.shell:Creating package script '/home/andrewwhong/classes/16833/iSAM2_SLAM/workspace/install/isam2/share/isam2/package.bash'
[69.064s] INFO:colcon.colcon_core.shell:Creating package script '/home/andrewwhong/classes/16833/iSAM2_SLAM/workspace/install/isam2/share/isam2/package.zsh'
[69.064s] Level 1:colcon.colcon_core.environment:create_file_with_runtime_dependencies(/home/andrewwhong/classes/16833/iSAM2_SLAM/workspace/install/isam2/share/colcon-core/packages/isam2)
[69.066s] DEBUG:colcon.colcon_parallel_executor.executor.parallel:closing loop
[69.069s] DEBUG:colcon.colcon_parallel_executor.executor.parallel:loop closed
[69.070s] DEBUG:colcon.colcon_parallel_executor.executor.parallel:run_until_complete finished with '0'
[69.071s] DEBUG:colcon.colcon_core.event_reactor:joining thread
[69.308s] INFO:colcon.colcon_core.plugin_system:Skipping extension 'colcon_notification.desktop_notification.notify_send': Could not find 'notify-send'
[69.308s] INFO:colcon.colcon_core.plugin_system:Skipping extension 'colcon_notification.desktop_notification.terminal_notifier': Not used on non-Darwin systems
[69.308s] INFO:colcon.colcon_core.plugin_system:Skipping extension 'colcon_notification.desktop_notification.win32': Not used on non-Windows systems
[69.309s] INFO:colcon.colcon_notification.desktop_notification:Sending desktop notification using 'notify2'
[69.316s] DEBUG:colcon.colcon_notification.desktop_notification.notify2:Failed to initialize notify2: org.freedesktop.DBus.Error.ServiceUnknown: The name org.freedesktop.Notifications was not provided by any .service files
[69.317s] DEBUG:colcon.colcon_core.event_reactor:joined thread
[69.339s] INFO:colcon.colcon_core.shell:Creating prefix script '/home/andrewwhong/classes/16833/iSAM2_SLAM/workspace/install/local_setup.ps1'
[69.342s] INFO:colcon.colcon_core.shell:Creating prefix util module '/home/andrewwhong/classes/16833/iSAM2_SLAM/workspace/install/_local_setup_util_ps1.py'
[69.345s] INFO:colcon.colcon_core.shell:Creating prefix chain script '/home/andrewwhong/classes/16833/iSAM2_SLAM/workspace/install/setup.ps1'
[69.368s] INFO:colcon.colcon_core.shell:Creating prefix script '/home/andrewwhong/classes/16833/iSAM2_SLAM/workspace/install/local_setup.sh'
[69.370s] INFO:colcon.colcon_core.shell:Creating prefix util module '/home/andrewwhong/classes/16833/iSAM2_SLAM/workspace/install/_local_setup_util_sh.py'
[69.370s] INFO:colcon.colcon_core.shell:Creating prefix chain script '/home/andrewwhong/classes/16833/iSAM2_SLAM/workspace/install/setup.sh'
[69.392s] INFO:colcon.colcon_core.shell:Creating prefix script '/home/andrewwhong/classes/16833/iSAM2_SLAM/workspace/install/local_setup.bash'
[69.393s] INFO:colcon.colcon_core.shell:Creating prefix chain script '/home/andrewwhong/classes/16833/iSAM2_SLAM/workspace/install/setup.bash'
[69.412s] INFO:colcon.colcon_core.shell:Creating prefix script '/home/andrewwhong/classes/16833/iSAM2_SLAM/workspace/install/local_setup.zsh'
[69.413s] INFO:colcon.colcon_core.shell:Creating prefix chain script '/home/andrewwhong/classes/16833/iSAM2_SLAM/workspace/install/setup.zsh'
