[2.762s] Invoking command in '/home/andrewwhong/classes/16833/iSAM2_SLAM/eufs/eufs_sim/eufs_racecar': PYTHONPATH=/home/andrewwhong/classes/16833/iSAM2_SLAM/eufs/build/eufs_racecar/prefix_override:/home/andrewwhong/classes/16833/iSAM2_SLAM/eufs/install/eufs_racecar/lib/python3.8/site-packages:${PYTHONPATH} /usr/bin/python3 setup.py egg_info --egg-base ../../build/eufs_racecar build --build-base /home/andrewwhong/classes/16833/iSAM2_SLAM/eufs/build/eufs_racecar/build install --record /home/andrewwhong/classes/16833/iSAM2_SLAM/eufs/build/eufs_racecar/install.log --single-version-externally-managed
[3.261s] running egg_info
[3.299s] writing ../../build/eufs_racecar/eufs_racecar.egg-info/PKG-INFO
[3.305s] writing dependency_links to ../../build/eufs_racecar/eufs_racecar.egg-info/dependency_links.txt
[3.306s] writing requirements to ../../build/eufs_racecar/eufs_racecar.egg-info/requires.txt
[3.306s] writing top-level names to ../../build/eufs_racecar/eufs_racecar.egg-info/top_level.txt
[3.558s] reading manifest file '../../build/eufs_racecar/eufs_racecar.egg-info/SOURCES.txt'
[3.559s] writing manifest file '../../build/eufs_racecar/eufs_racecar.egg-info/SOURCES.txt'
[3.560s] running build
[3.561s] running install
[3.561s] /home/andrewwhong/.local/lib/python3.8/site-packages/setuptools/_distutils/cmd.py:66: SetuptoolsDeprecationWarning: setup.py install is deprecated.
[3.562s] !!
[3.562s] 
[3.562s]         ********************************************************************************
[3.563s]         Please avoid running ``setup.py`` directly.
[3.563s]         Instead, use pypa/build, pypa/installer or other
[3.563s]         standards-based tools.
[3.564s] 
[3.564s]         See https://blog.ganssle.io/articles/2021/10/setup-py-deprecated.html for details.
[3.564s]         ********************************************************************************
[3.565s] 
[3.565s] !!
[3.566s]   self.initialize_options()
[3.572s] running install_data
[3.609s] copying resource/eufs_racecar -> /home/andrewwhong/classes/16833/iSAM2_SLAM/eufs/install/eufs_racecar/share/ament_index/resource_index/packages
[3.609s] copying package.xml -> /home/andrewwhong/classes/16833/iSAM2_SLAM/eufs/install/eufs_racecar/share/eufs_racecar
[3.610s] copying meshes/ads_wheel_left.dae -> /home/andrewwhong/classes/16833/iSAM2_SLAM/eufs/install/eufs_racecar/share/eufs_racecar/meshes
[3.628s] copying meshes/ads_dv_chassis.dae -> /home/andrewwhong/classes/16833/iSAM2_SLAM/eufs/install/eufs_racecar/share/eufs_racecar/meshes
[3.646s] copying meshes/wheel_left.dae -> /home/andrewwhong/classes/16833/iSAM2_SLAM/eufs/install/eufs_racecar/share/eufs_racecar/meshes
[3.649s] copying meshes/wheel_right.dae -> /home/andrewwhong/classes/16833/iSAM2_SLAM/eufs/install/eufs_racecar/share/eufs_racecar/meshes
[3.654s] copying meshes/sisu-20d.dae -> /home/andrewwhong/classes/16833/iSAM2_SLAM/eufs/install/eufs_racecar/share/eufs_racecar/meshes
[3.712s] copying meshes/ads_wheel_right.dae -> /home/andrewwhong/classes/16833/iSAM2_SLAM/eufs/install/eufs_racecar/share/eufs_racecar/meshes
[3.729s] copying urdf/wheels.urdf.xacro -> /home/andrewwhong/classes/16833/iSAM2_SLAM/eufs/install/eufs_racecar/share/eufs_racecar/urdf
[3.730s] copying urdf/eufs_base.urdf.xacro -> /home/andrewwhong/classes/16833/iSAM2_SLAM/eufs/install/eufs_racecar/share/eufs_racecar/urdf
[3.731s] copying launch/load_car.launch.py -> /home/andrewwhong/classes/16833/iSAM2_SLAM/eufs/install/eufs_racecar/share/eufs_racecar/launch
[3.732s] copying robots/eufs/configDry.yaml -> /home/andrewwhong/classes/16833/iSAM2_SLAM/eufs/install/eufs_racecar/share/eufs_racecar/robots/eufs
[3.733s] copying robots/eufs/configWet.yaml -> /home/andrewwhong/classes/16833/iSAM2_SLAM/eufs/install/eufs_racecar/share/eufs_racecar/robots/eufs
[3.734s] copying robots/eufs/robot.urdf.xacro -> /home/andrewwhong/classes/16833/iSAM2_SLAM/eufs/install/eufs_racecar/share/eufs_racecar/robots/eufs
[3.735s] copying robots/ads-dv/configDry.yaml -> /home/andrewwhong/classes/16833/iSAM2_SLAM/eufs/install/eufs_racecar/share/eufs_racecar/robots/ads-dv
[3.735s] copying robots/ads-dv/configWet.yaml -> /home/andrewwhong/classes/16833/iSAM2_SLAM/eufs/install/eufs_racecar/share/eufs_racecar/robots/ads-dv
[3.736s] copying robots/ads-dv/robot.urdf.xacro -> /home/andrewwhong/classes/16833/iSAM2_SLAM/eufs/install/eufs_racecar/share/eufs_racecar/robots/ads-dv
[3.737s] copying robots/ads-dv/ADS-DV Sensor Position.pdf -> /home/andrewwhong/classes/16833/iSAM2_SLAM/eufs/install/eufs_racecar/share/eufs_racecar/robots/ads-dv
[3.743s] running install_egg_info
[3.855s] removing '/home/andrewwhong/classes/16833/iSAM2_SLAM/eufs/install/eufs_racecar/lib/python3.8/site-packages/eufs_racecar-2.0.0-py3.8.egg-info' (and everything under it)
[3.859s] Copying ../../build/eufs_racecar/eufs_racecar.egg-info to /home/andrewwhong/classes/16833/iSAM2_SLAM/eufs/install/eufs_racecar/lib/python3.8/site-packages/eufs_racecar-2.0.0-py3.8.egg-info
[3.867s] running install_scripts
[3.951s] writing list of installed files to '/home/andrewwhong/classes/16833/iSAM2_SLAM/eufs/build/eufs_racecar/install.log'
[4.485s] Invoked command in '/home/andrewwhong/classes/16833/iSAM2_SLAM/eufs/eufs_sim/eufs_racecar' returned '0': PYTHONPATH=/home/andrewwhong/classes/16833/iSAM2_SLAM/eufs/build/eufs_racecar/prefix_override:/home/andrewwhong/classes/16833/iSAM2_SLAM/eufs/install/eufs_racecar/lib/python3.8/site-packages:${PYTHONPATH} /usr/bin/python3 setup.py egg_info --egg-base ../../build/eufs_racecar build --build-base /home/andrewwhong/classes/16833/iSAM2_SLAM/eufs/build/eufs_racecar/build install --record /home/andrewwhong/classes/16833/iSAM2_SLAM/eufs/build/eufs_racecar/install.log --single-version-externally-managed
