[0.894s] Invoking command in '/home/andrewwhong/classes/16833/iSAM2_SLAM/workspace/build/isam2': CMAKE_PREFIX_PATH=/home/andrewwhong/classes/16833/iSAM2_SLAM/workspace/install/eufs_msgs:/home/andrewwhong/classes/16833/iSAM2_SLAM/workspace/install/isam2:/opt/ros/foxy LD_LIBRARY_PATH=/home/andrewwhong/classes/16833/iSAM2_SLAM/workspace/install/eufs_msgs/lib:/usr/lib/x86_64-linux-gnu/gazebo-11/plugins:/opt/ros/foxy/opt/yaml_cpp_vendor/lib:/opt/ros/foxy/opt/rviz_ogre_vendor/lib:/opt/ros/foxy/lib/x86_64-linux-gnu:/opt/ros/foxy/lib WSLENV=ELECTRON_RUN_AS_NODE/w: /usr/bin/cmake --build /home/andrewwhong/classes/16833/iSAM2_SLAM/workspace/build/isam2 -- -j12 -l12
[1.051s] [35m[1mScanning dependencies of target isam_test[0m
[1.167s] [ 50%] [32mBuilding CXX object CMakeFiles/isam_test.dir/isam2Node.cpp.o[0m
[2.290s] In file included from [01m[K/home/andrewwhong/classes/16833/iSAM2_SLAM/workspace/src/isam2/isam2.cpp:29[m[K,
[2.290s]                  from [01m[K/home/andrewwhong/classes/16833/iSAM2_SLAM/workspace/src/isam2/isam2Node.cpp:14[m[K:
[2.290s] [01m[K/usr/local/include/gtsam/slam/BearingRangeFactor.h:18:2:[m[K [01;35m[Kwarning: [m[K#warning "BearingRangeFactor is now an ExpressionFactor in SAM directory" [[01;35m[K-Wcpp[m[K]
[2.291s]    18 | #[01;35m[Kwarning[m[K "BearingRangeFactor is now an ExpressionFactor in SAM directory"
[2.291s]       |  [01;35m[K^~~~~~~[m[K
[82.831s] [100%] [32m[1mLinking CXX executable isam_test[0m
[84.620s] [100%] Built target isam_test
[84.884s] Invoked command in '/home/andrewwhong/classes/16833/iSAM2_SLAM/workspace/build/isam2' returned '0': CMAKE_PREFIX_PATH=/home/andrewwhong/classes/16833/iSAM2_SLAM/workspace/install/eufs_msgs:/home/andrewwhong/classes/16833/iSAM2_SLAM/workspace/install/isam2:/opt/ros/foxy LD_LIBRARY_PATH=/home/andrewwhong/classes/16833/iSAM2_SLAM/workspace/install/eufs_msgs/lib:/usr/lib/x86_64-linux-gnu/gazebo-11/plugins:/opt/ros/foxy/opt/yaml_cpp_vendor/lib:/opt/ros/foxy/opt/rviz_ogre_vendor/lib:/opt/ros/foxy/lib/x86_64-linux-gnu:/opt/ros/foxy/lib WSLENV=ELECTRON_RUN_AS_NODE/w: /usr/bin/cmake --build /home/andrewwhong/classes/16833/iSAM2_SLAM/workspace/build/isam2 -- -j12 -l12
[85.060s] Invoking command in '/home/andrewwhong/classes/16833/iSAM2_SLAM/workspace/build/isam2': CMAKE_PREFIX_PATH=/home/andrewwhong/classes/16833/iSAM2_SLAM/workspace/install/eufs_msgs:/home/andrewwhong/classes/16833/iSAM2_SLAM/workspace/install/isam2:/opt/ros/foxy LD_LIBRARY_PATH=/home/andrewwhong/classes/16833/iSAM2_SLAM/workspace/install/eufs_msgs/lib:/usr/lib/x86_64-linux-gnu/gazebo-11/plugins:/opt/ros/foxy/opt/yaml_cpp_vendor/lib:/opt/ros/foxy/opt/rviz_ogre_vendor/lib:/opt/ros/foxy/lib/x86_64-linux-gnu:/opt/ros/foxy/lib WSLENV=ELECTRON_RUN_AS_NODE/w: /usr/bin/cmake --install /home/andrewwhong/classes/16833/iSAM2_SLAM/workspace/build/isam2
[85.079s] -- Install configuration: "RelWithDebInfo"
[85.083s] -- Execute custom install script
[85.087s] -- Up-to-date symlink: /home/andrewwhong/classes/16833/iSAM2_SLAM/workspace/install/isam2/lib/isam2/isam_test
[85.092s] -- Up-to-date symlink: /home/andrewwhong/classes/16833/iSAM2_SLAM/workspace/install/isam2/share/ament_index/resource_index/package_run_dependencies/isam2
[85.094s] -- Up-to-date symlink: /home/andrewwhong/classes/16833/iSAM2_SLAM/workspace/install/isam2/share/ament_index/resource_index/parent_prefix_path/isam2
[85.099s] -- Up-to-date symlink: /home/andrewwhong/classes/16833/iSAM2_SLAM/workspace/install/isam2/share/isam2/environment/ament_prefix_path.sh
[85.100s] -- Up-to-date symlink: /home/andrewwhong/classes/16833/iSAM2_SLAM/workspace/install/isam2/share/isam2/environment/ament_prefix_path.dsv
[85.102s] -- Up-to-date symlink: /home/andrewwhong/classes/16833/iSAM2_SLAM/workspace/install/isam2/share/isam2/environment/path.sh
[85.103s] -- Up-to-date symlink: /home/andrewwhong/classes/16833/iSAM2_SLAM/workspace/install/isam2/share/isam2/environment/path.dsv
[85.105s] -- Up-to-date symlink: /home/andrewwhong/classes/16833/iSAM2_SLAM/workspace/install/isam2/share/isam2/local_setup.bash
[85.107s] -- Up-to-date symlink: /home/andrewwhong/classes/16833/iSAM2_SLAM/workspace/install/isam2/share/isam2/local_setup.sh
[85.108s] -- Up-to-date symlink: /home/andrewwhong/classes/16833/iSAM2_SLAM/workspace/install/isam2/share/isam2/local_setup.zsh
[85.109s] -- Up-to-date symlink: /home/andrewwhong/classes/16833/iSAM2_SLAM/workspace/install/isam2/share/isam2/local_setup.dsv
[85.109s] -- Symlinking: /home/andrewwhong/classes/16833/iSAM2_SLAM/workspace/install/isam2/share/isam2/package.dsv
[85.136s] -- Up-to-date symlink: /home/andrewwhong/classes/16833/iSAM2_SLAM/workspace/install/isam2/share/ament_index/resource_index/packages/isam2
[85.138s] -- Up-to-date symlink: /home/andrewwhong/classes/16833/iSAM2_SLAM/workspace/install/isam2/share/isam2/cmake/ament_cmake_export_include_directories-extras.cmake
[85.139s] -- Up-to-date symlink: /home/andrewwhong/classes/16833/iSAM2_SLAM/workspace/install/isam2/share/isam2/cmake/isam2Config.cmake
[85.140s] -- Up-to-date symlink: /home/andrewwhong/classes/16833/iSAM2_SLAM/workspace/install/isam2/share/isam2/cmake/isam2Config-version.cmake
[85.142s] -- Up-to-date symlink: /home/andrewwhong/classes/16833/iSAM2_SLAM/workspace/install/isam2/share/isam2/package.xml
[85.161s] Invoked command in '/home/andrewwhong/classes/16833/iSAM2_SLAM/workspace/build/isam2' returned '0': CMAKE_PREFIX_PATH=/home/andrewwhong/classes/16833/iSAM2_SLAM/workspace/install/eufs_msgs:/home/andrewwhong/classes/16833/iSAM2_SLAM/workspace/install/isam2:/opt/ros/foxy LD_LIBRARY_PATH=/home/andrewwhong/classes/16833/iSAM2_SLAM/workspace/install/eufs_msgs/lib:/usr/lib/x86_64-linux-gnu/gazebo-11/plugins:/opt/ros/foxy/opt/yaml_cpp_vendor/lib:/opt/ros/foxy/opt/rviz_ogre_vendor/lib:/opt/ros/foxy/lib/x86_64-linux-gnu:/opt/ros/foxy/lib WSLENV=ELECTRON_RUN_AS_NODE/w: /usr/bin/cmake --install /home/andrewwhong/classes/16833/iSAM2_SLAM/workspace/build/isam2
