[0.461s] Invoking command in '/home/andrewwhong/classes/16833/iSAM2_SLAM/workspace/build/isam2': CMAKE_PREFIX_PATH=/home/andrewwhong/classes/16833/iSAM2_SLAM/workspace/install/eufs_msgs:/home/andrewwhong/classes/16833/iSAM2_SLAM/workspace/install/isam2:/opt/ros/foxy LD_LIBRARY_PATH=/home/andrewwhong/classes/16833/iSAM2_SLAM/workspace/install/eufs_msgs/lib:/usr/lib/x86_64-linux-gnu/gazebo-11/plugins:/opt/ros/foxy/opt/yaml_cpp_vendor/lib:/opt/ros/foxy/opt/rviz_ogre_vendor/lib:/opt/ros/foxy/lib/x86_64-linux-gnu:/opt/ros/foxy/lib WSLENV=ELECTRON_RUN_AS_NODE/w: /usr/bin/cmake --build /home/andrewwhong/classes/16833/iSAM2_SLAM/workspace/build/isam2 -- -j12 -l12
[0.518s] [35m[1mScanning dependencies of target isam_test[0m
[0.577s] [ 50%] [32mBuilding CXX object CMakeFiles/isam_test.dir/isam2Node.cpp.o[0m
[1.112s] In file included from [01m[K/home/andrewwhong/classes/16833/iSAM2_SLAM/workspace/src/isam2/isam2.cpp:29[m[K,
[1.112s]                  from [01m[K/home/andrewwhong/classes/16833/iSAM2_SLAM/workspace/src/isam2/isam2Node.cpp:14[m[K:
[1.112s] [01m[K/usr/local/include/gtsam/slam/BearingRangeFactor.h:18:2:[m[K [01;35m[Kwarning: [m[K#warning "BearingRangeFactor is now an ExpressionFactor in SAM directory" [[01;35m[K-Wcpp[m[K]
[1.112s]    18 | #[01;35m[Kwarning[m[K "BearingRangeFactor is now an ExpressionFactor in SAM directory"
[1.112s]       |  [01;35m[K^~~~~~~[m[K
[48.074s] [100%] [32m[1mLinking CXX executable isam_test[0m
[49.145s] [100%] Built target isam_test
[49.165s] Invoked command in '/home/andrewwhong/classes/16833/iSAM2_SLAM/workspace/build/isam2' returned '0': CMAKE_PREFIX_PATH=/home/andrewwhong/classes/16833/iSAM2_SLAM/workspace/install/eufs_msgs:/home/andrewwhong/classes/16833/iSAM2_SLAM/workspace/install/isam2:/opt/ros/foxy LD_LIBRARY_PATH=/home/andrewwhong/classes/16833/iSAM2_SLAM/workspace/install/eufs_msgs/lib:/usr/lib/x86_64-linux-gnu/gazebo-11/plugins:/opt/ros/foxy/opt/yaml_cpp_vendor/lib:/opt/ros/foxy/opt/rviz_ogre_vendor/lib:/opt/ros/foxy/lib/x86_64-linux-gnu:/opt/ros/foxy/lib WSLENV=ELECTRON_RUN_AS_NODE/w: /usr/bin/cmake --build /home/andrewwhong/classes/16833/iSAM2_SLAM/workspace/build/isam2 -- -j12 -l12
[49.197s] Invoking command in '/home/andrewwhong/classes/16833/iSAM2_SLAM/workspace/build/isam2': CMAKE_PREFIX_PATH=/home/andrewwhong/classes/16833/iSAM2_SLAM/workspace/install/eufs_msgs:/home/andrewwhong/classes/16833/iSAM2_SLAM/workspace/install/isam2:/opt/ros/foxy LD_LIBRARY_PATH=/home/andrewwhong/classes/16833/iSAM2_SLAM/workspace/install/eufs_msgs/lib:/usr/lib/x86_64-linux-gnu/gazebo-11/plugins:/opt/ros/foxy/opt/yaml_cpp_vendor/lib:/opt/ros/foxy/opt/rviz_ogre_vendor/lib:/opt/ros/foxy/lib/x86_64-linux-gnu:/opt/ros/foxy/lib WSLENV=ELECTRON_RUN_AS_NODE/w: /usr/bin/cmake --install /home/andrewwhong/classes/16833/iSAM2_SLAM/workspace/build/isam2
[49.207s] -- Install configuration: "RelWithDebInfo"
[49.209s] -- Execute custom install script
[49.210s] -- Up-to-date symlink: /home/andrewwhong/classes/16833/iSAM2_SLAM/workspace/install/isam2/lib/isam2/isam_test
[49.213s] -- Up-to-date symlink: /home/andrewwhong/classes/16833/iSAM2_SLAM/workspace/install/isam2/share/ament_index/resource_index/package_run_dependencies/isam2
[49.214s] -- Up-to-date symlink: /home/andrewwhong/classes/16833/iSAM2_SLAM/workspace/install/isam2/share/ament_index/resource_index/parent_prefix_path/isam2
[49.217s] -- Up-to-date symlink: /home/andrewwhong/classes/16833/iSAM2_SLAM/workspace/install/isam2/share/isam2/environment/ament_prefix_path.sh
[49.218s] -- Up-to-date symlink: /home/andrewwhong/classes/16833/iSAM2_SLAM/workspace/install/isam2/share/isam2/environment/ament_prefix_path.dsv
[49.218s] -- Up-to-date symlink: /home/andrewwhong/classes/16833/iSAM2_SLAM/workspace/install/isam2/share/isam2/environment/path.sh
[49.219s] -- Up-to-date symlink: /home/andrewwhong/classes/16833/iSAM2_SLAM/workspace/install/isam2/share/isam2/environment/path.dsv
[49.220s] -- Up-to-date symlink: /home/andrewwhong/classes/16833/iSAM2_SLAM/workspace/install/isam2/share/isam2/local_setup.bash
[49.220s] -- Up-to-date symlink: /home/andrewwhong/classes/16833/iSAM2_SLAM/workspace/install/isam2/share/isam2/local_setup.sh
[49.221s] -- Up-to-date symlink: /home/andrewwhong/classes/16833/iSAM2_SLAM/workspace/install/isam2/share/isam2/local_setup.zsh
[49.221s] -- Up-to-date symlink: /home/andrewwhong/classes/16833/iSAM2_SLAM/workspace/install/isam2/share/isam2/local_setup.dsv
[49.222s] -- Symlinking: /home/andrewwhong/classes/16833/iSAM2_SLAM/workspace/install/isam2/share/isam2/package.dsv
[49.234s] -- Up-to-date symlink: /home/andrewwhong/classes/16833/iSAM2_SLAM/workspace/install/isam2/share/ament_index/resource_index/packages/isam2
[49.235s] -- Up-to-date symlink: /home/andrewwhong/classes/16833/iSAM2_SLAM/workspace/install/isam2/share/isam2/cmake/ament_cmake_export_include_directories-extras.cmake
[49.236s] -- Up-to-date symlink: /home/andrewwhong/classes/16833/iSAM2_SLAM/workspace/install/isam2/share/isam2/cmake/isam2Config.cmake
[49.236s] -- Up-to-date symlink: /home/andrewwhong/classes/16833/iSAM2_SLAM/workspace/install/isam2/share/isam2/cmake/isam2Config-version.cmake
[49.238s] -- Up-to-date symlink: /home/andrewwhong/classes/16833/iSAM2_SLAM/workspace/install/isam2/share/isam2/package.xml
[49.240s] Invoked command in '/home/andrewwhong/classes/16833/iSAM2_SLAM/workspace/build/isam2' returned '0': CMAKE_PREFIX_PATH=/home/andrewwhong/classes/16833/iSAM2_SLAM/workspace/install/eufs_msgs:/home/andrewwhong/classes/16833/iSAM2_SLAM/workspace/install/isam2:/opt/ros/foxy LD_LIBRARY_PATH=/home/andrewwhong/classes/16833/iSAM2_SLAM/workspace/install/eufs_msgs/lib:/usr/lib/x86_64-linux-gnu/gazebo-11/plugins:/opt/ros/foxy/opt/yaml_cpp_vendor/lib:/opt/ros/foxy/opt/rviz_ogre_vendor/lib:/opt/ros/foxy/lib/x86_64-linux-gnu:/opt/ros/foxy/lib WSLENV=ELECTRON_RUN_AS_NODE/w: /usr/bin/cmake --install /home/andrewwhong/classes/16833/iSAM2_SLAM/workspace/build/isam2
