[0.756s] Invoking command in '/home/andrewwhong/classes/16833/iSAM2_SLAM/eufs/build/eufs_models': CMAKE_PREFIX_PATH=/home/andrewwhong/classes/16833/iSAM2_SLAM/eufs/install/eufs_msgs:/home/andrewwhong/classes/16833/iSAM2_SLAM/eufs/install/eufs_sensors:/home/andrewwhong/classes/16833/iSAM2_SLAM/eufs/install/eufs_rviz_plugins:/home/andrewwhong/classes/16833/iSAM2_SLAM/eufs/install/eufs_plugins:/home/andrewwhong/classes/16833/iSAM2_SLAM/eufs/install/eufs_models:/home/andrewwhong/classes/16833/iSAM2_SLAM/workspace/install/isam2:/home/andrewwhong/classes/16833/iSAM2_SLAM/workspace/install/eufs_msgs:/home/andrewwhong/classes/16833/iSAM2_SLAM/eufs/install/eufs_launcher:/home/andrewwhong/classes/16833/iSAM2_SLAM/eufs/install/eufs_tracks:/home/andrewwhong/classes/16833/iSAM2_SLAM/eufs/install/eufs_rqt:/home/andrewwhong/classes/16833/iSAM2_SLAM/eufs/install/eufs_racecar:/opt/ros/foxy LD_LIBRARY_PATH=/home/andrewwhong/classes/16833/iSAM2_SLAM/eufs/install/eufs_msgs/lib:/home/andrewwhong/classes/16833/iSAM2_SLAM/eufs/install/eufs_rviz_plugins/lib:/home/andrewwhong/classes/16833/iSAM2_SLAM/eufs/install/eufs_plugins/lib:/home/andrewwhong/classes/16833/iSAM2_SLAM/eufs/install/eufs_models/lib:/home/andrewwhong/classes/16833/iSAM2_SLAM/workspace/install/eufs_msgs/lib:/usr/lib/x86_64-linux-gnu/gazebo-11/plugins:/opt/ros/foxy/opt/yaml_cpp_vendor/lib:/opt/ros/foxy/opt/rviz_ogre_vendor/lib:/opt/ros/foxy/lib/x86_64-linux-gnu:/opt/ros/foxy/lib PYTHONPATH=/home/andrewwhong/classes/16833/iSAM2_SLAM/eufs/install/eufs_msgs/lib/python3.8/site-packages:/home/andrewwhong/classes/16833/iSAM2_SLAM/eufs/install/eufs_launcher/lib/python3.8/site-packages:/home/andrewwhong/classes/16833/iSAM2_SLAM/eufs/install/eufs_tracks/lib/python3.8/site-packages:/home/andrewwhong/classes/16833/iSAM2_SLAM/eufs/install/eufs_rqt/lib/python3.8/site-packages:/home/andrewwhong/classes/16833/iSAM2_SLAM/eufs/install/eufs_racecar/lib/python3.8/site-packages:/home/andrewwhong/classes/16833/iSAM2_SLAM/workspace/install/eufs_msgs/lib/python3.8/site-packages:/opt/ros/foxy/lib/python3.8/site-packages /usr/bin/cmake /home/andrewwhong/classes/16833/iSAM2_SLAM/eufs/eufs_sim/eufs_models -DCMAKE_INSTALL_PREFIX=/home/andrewwhong/classes/16833/iSAM2_SLAM/eufs/install/eufs_models
[1.411s] -- The C compiler identification is GNU 9.4.0
[2.237s] -- The CXX compiler identification is GNU 9.4.0
[2.744s] -- Check for working C compiler: /usr/bin/cc
[3.169s] -- Check for working C compiler: /usr/bin/cc -- works
[3.171s] -- Detecting C compiler ABI info
[3.627s] -- Detecting C compiler ABI info - done
[3.651s] -- Detecting C compile features
[3.652s] -- Detecting C compile features - done
[3.655s] -- Check for working CXX compiler: /usr/bin/c++
[4.175s] -- Check for working CXX compiler: /usr/bin/c++ -- works
[4.177s] -- Detecting CXX compiler ABI info
[4.664s] -- Detecting CXX compiler ABI info - done
[4.696s] -- Detecting CXX compile features
[4.698s] -- Detecting CXX compile features - done
[4.707s] -- Found ament_cmake: 0.9.12 (/opt/ros/foxy/share/ament_cmake/cmake)
[4.771s] -- Found PythonInterp: /usr/local/bin/python3 (found suitable version "3.8.10", minimum required is "3") 
[4.773s] -- Using PYTHON_EXECUTABLE: /usr/local/bin/python3
[5.257s] -- Found eufs_msgs: 2.0.0 (/home/andrewwhong/classes/16833/iSAM2_SLAM/eufs/install/eufs_msgs/share/eufs_msgs/cmake)
[5.758s] -- Using all available rosidl_typesupport_c: rosidl_typesupport_fastrtps_c;rosidl_typesupport_introspection_c
[5.768s] -- Found rosidl_adapter: 1.3.1 (/opt/ros/foxy/share/rosidl_adapter/cmake)
[9.532s] -- Found OpenSSL: /usr/lib/x86_64-linux-gnu/libcrypto.so (found version "1.1.1f")  
[13.636s] -- Found FastRTPS: /opt/ros/foxy/include  
[22.200s] -- Using all available rosidl_typesupport_cpp: rosidl_typesupport_fastrtps_cpp;rosidl_typesupport_introspection_cpp
[23.048s] -- Configuring done
[23.060s] -- Generating done
[23.062s] -- Build files have been written to: /home/andrewwhong/classes/16833/iSAM2_SLAM/eufs/build/eufs_models
[23.079s] Invoked command in '/home/andrewwhong/classes/16833/iSAM2_SLAM/eufs/build/eufs_models' returned '0': CMAKE_PREFIX_PATH=/home/andrewwhong/classes/16833/iSAM2_SLAM/eufs/install/eufs_msgs:/home/andrewwhong/classes/16833/iSAM2_SLAM/eufs/install/eufs_sensors:/home/andrewwhong/classes/16833/iSAM2_SLAM/eufs/install/eufs_rviz_plugins:/home/andrewwhong/classes/16833/iSAM2_SLAM/eufs/install/eufs_plugins:/home/andrewwhong/classes/16833/iSAM2_SLAM/eufs/install/eufs_models:/home/andrewwhong/classes/16833/iSAM2_SLAM/workspace/install/isam2:/home/andrewwhong/classes/16833/iSAM2_SLAM/workspace/install/eufs_msgs:/home/andrewwhong/classes/16833/iSAM2_SLAM/eufs/install/eufs_launcher:/home/andrewwhong/classes/16833/iSAM2_SLAM/eufs/install/eufs_tracks:/home/andrewwhong/classes/16833/iSAM2_SLAM/eufs/install/eufs_rqt:/home/andrewwhong/classes/16833/iSAM2_SLAM/eufs/install/eufs_racecar:/opt/ros/foxy LD_LIBRARY_PATH=/home/andrewwhong/classes/16833/iSAM2_SLAM/eufs/install/eufs_msgs/lib:/home/andrewwhong/classes/16833/iSAM2_SLAM/eufs/install/eufs_rviz_plugins/lib:/home/andrewwhong/classes/16833/iSAM2_SLAM/eufs/install/eufs_plugins/lib:/home/andrewwhong/classes/16833/iSAM2_SLAM/eufs/install/eufs_models/lib:/home/andrewwhong/classes/16833/iSAM2_SLAM/workspace/install/eufs_msgs/lib:/usr/lib/x86_64-linux-gnu/gazebo-11/plugins:/opt/ros/foxy/opt/yaml_cpp_vendor/lib:/opt/ros/foxy/opt/rviz_ogre_vendor/lib:/opt/ros/foxy/lib/x86_64-linux-gnu:/opt/ros/foxy/lib PYTHONPATH=/home/andrewwhong/classes/16833/iSAM2_SLAM/eufs/install/eufs_msgs/lib/python3.8/site-packages:/home/andrewwhong/classes/16833/iSAM2_SLAM/eufs/install/eufs_launcher/lib/python3.8/site-packages:/home/andrewwhong/classes/16833/iSAM2_SLAM/eufs/install/eufs_tracks/lib/python3.8/site-packages:/home/andrewwhong/classes/16833/iSAM2_SLAM/eufs/install/eufs_rqt/lib/python3.8/site-packages:/home/andrewwhong/classes/16833/iSAM2_SLAM/eufs/install/eufs_racecar/lib/python3.8/site-packages:/home/andrewwhong/classes/16833/iSAM2_SLAM/workspace/install/eufs_msgs/lib/python3.8/site-packages:/opt/ros/foxy/lib/python3.8/site-packages /usr/bin/cmake /home/andrewwhong/classes/16833/iSAM2_SLAM/eufs/eufs_sim/eufs_models -DCMAKE_INSTALL_PREFIX=/home/andrewwhong/classes/16833/iSAM2_SLAM/eufs/install/eufs_models
[23.083s] Invoking command in '/home/andrewwhong/classes/16833/iSAM2_SLAM/eufs/build/eufs_models': CMAKE_PREFIX_PATH=/home/andrewwhong/classes/16833/iSAM2_SLAM/eufs/install/eufs_msgs:/home/andrewwhong/classes/16833/iSAM2_SLAM/eufs/install/eufs_sensors:/home/andrewwhong/classes/16833/iSAM2_SLAM/eufs/install/eufs_rviz_plugins:/home/andrewwhong/classes/16833/iSAM2_SLAM/eufs/install/eufs_plugins:/home/andrewwhong/classes/16833/iSAM2_SLAM/eufs/install/eufs_models:/home/andrewwhong/classes/16833/iSAM2_SLAM/workspace/install/isam2:/home/andrewwhong/classes/16833/iSAM2_SLAM/workspace/install/eufs_msgs:/home/andrewwhong/classes/16833/iSAM2_SLAM/eufs/install/eufs_launcher:/home/andrewwhong/classes/16833/iSAM2_SLAM/eufs/install/eufs_tracks:/home/andrewwhong/classes/16833/iSAM2_SLAM/eufs/install/eufs_rqt:/home/andrewwhong/classes/16833/iSAM2_SLAM/eufs/install/eufs_racecar:/opt/ros/foxy LD_LIBRARY_PATH=/home/andrewwhong/classes/16833/iSAM2_SLAM/eufs/install/eufs_msgs/lib:/home/andrewwhong/classes/16833/iSAM2_SLAM/eufs/install/eufs_rviz_plugins/lib:/home/andrewwhong/classes/16833/iSAM2_SLAM/eufs/install/eufs_plugins/lib:/home/andrewwhong/classes/16833/iSAM2_SLAM/eufs/install/eufs_models/lib:/home/andrewwhong/classes/16833/iSAM2_SLAM/workspace/install/eufs_msgs/lib:/usr/lib/x86_64-linux-gnu/gazebo-11/plugins:/opt/ros/foxy/opt/yaml_cpp_vendor/lib:/opt/ros/foxy/opt/rviz_ogre_vendor/lib:/opt/ros/foxy/lib/x86_64-linux-gnu:/opt/ros/foxy/lib PYTHONPATH=/home/andrewwhong/classes/16833/iSAM2_SLAM/eufs/install/eufs_msgs/lib/python3.8/site-packages:/home/andrewwhong/classes/16833/iSAM2_SLAM/eufs/install/eufs_launcher/lib/python3.8/site-packages:/home/andrewwhong/classes/16833/iSAM2_SLAM/eufs/install/eufs_tracks/lib/python3.8/site-packages:/home/andrewwhong/classes/16833/iSAM2_SLAM/eufs/install/eufs_rqt/lib/python3.8/site-packages:/home/andrewwhong/classes/16833/iSAM2_SLAM/eufs/install/eufs_racecar/lib/python3.8/site-packages:/home/andrewwhong/classes/16833/iSAM2_SLAM/workspace/install/eufs_msgs/lib/python3.8/site-packages:/opt/ros/foxy/lib/python3.8/site-packages /usr/bin/cmake --build /home/andrewwhong/classes/16833/iSAM2_SLAM/eufs/build/eufs_models -- -j12 -l12
[23.138s] [35m[1mScanning dependencies of target eufs_models[0m
[23.158s] [ 50%] [32mBuilding CXX object CMakeFiles/eufs_models.dir/src/point_mass.cpp.o[0m
[23.159s] [ 50%] [32mBuilding CXX object CMakeFiles/eufs_models.dir/src/dynamic_bicycle.cpp.o[0m
[23.160s] [ 75%] [32mBuilding CXX object CMakeFiles/eufs_models.dir/src/vehicle_model.cpp.o[0m
[24.831s] [100%] [32m[1mLinking CXX static library libeufs_models.a[0m
[24.886s] [100%] Built target eufs_models
[24.906s] Invoked command in '/home/andrewwhong/classes/16833/iSAM2_SLAM/eufs/build/eufs_models' returned '0': CMAKE_PREFIX_PATH=/home/andrewwhong/classes/16833/iSAM2_SLAM/eufs/install/eufs_msgs:/home/andrewwhong/classes/16833/iSAM2_SLAM/eufs/install/eufs_sensors:/home/andrewwhong/classes/16833/iSAM2_SLAM/eufs/install/eufs_rviz_plugins:/home/andrewwhong/classes/16833/iSAM2_SLAM/eufs/install/eufs_plugins:/home/andrewwhong/classes/16833/iSAM2_SLAM/eufs/install/eufs_models:/home/andrewwhong/classes/16833/iSAM2_SLAM/workspace/install/isam2:/home/andrewwhong/classes/16833/iSAM2_SLAM/workspace/install/eufs_msgs:/home/andrewwhong/classes/16833/iSAM2_SLAM/eufs/install/eufs_launcher:/home/andrewwhong/classes/16833/iSAM2_SLAM/eufs/install/eufs_tracks:/home/andrewwhong/classes/16833/iSAM2_SLAM/eufs/install/eufs_rqt:/home/andrewwhong/classes/16833/iSAM2_SLAM/eufs/install/eufs_racecar:/opt/ros/foxy LD_LIBRARY_PATH=/home/andrewwhong/classes/16833/iSAM2_SLAM/eufs/install/eufs_msgs/lib:/home/andrewwhong/classes/16833/iSAM2_SLAM/eufs/install/eufs_rviz_plugins/lib:/home/andrewwhong/classes/16833/iSAM2_SLAM/eufs/install/eufs_plugins/lib:/home/andrewwhong/classes/16833/iSAM2_SLAM/eufs/install/eufs_models/lib:/home/andrewwhong/classes/16833/iSAM2_SLAM/workspace/install/eufs_msgs/lib:/usr/lib/x86_64-linux-gnu/gazebo-11/plugins:/opt/ros/foxy/opt/yaml_cpp_vendor/lib:/opt/ros/foxy/opt/rviz_ogre_vendor/lib:/opt/ros/foxy/lib/x86_64-linux-gnu:/opt/ros/foxy/lib PYTHONPATH=/home/andrewwhong/classes/16833/iSAM2_SLAM/eufs/install/eufs_msgs/lib/python3.8/site-packages:/home/andrewwhong/classes/16833/iSAM2_SLAM/eufs/install/eufs_launcher/lib/python3.8/site-packages:/home/andrewwhong/classes/16833/iSAM2_SLAM/eufs/install/eufs_tracks/lib/python3.8/site-packages:/home/andrewwhong/classes/16833/iSAM2_SLAM/eufs/install/eufs_rqt/lib/python3.8/site-packages:/home/andrewwhong/classes/16833/iSAM2_SLAM/eufs/install/eufs_racecar/lib/python3.8/site-packages:/home/andrewwhong/classes/16833/iSAM2_SLAM/workspace/install/eufs_msgs/lib/python3.8/site-packages:/opt/ros/foxy/lib/python3.8/site-packages /usr/bin/cmake --build /home/andrewwhong/classes/16833/iSAM2_SLAM/eufs/build/eufs_models -- -j12 -l12
[24.955s] Invoking command in '/home/andrewwhong/classes/16833/iSAM2_SLAM/eufs/build/eufs_models': CMAKE_PREFIX_PATH=/home/andrewwhong/classes/16833/iSAM2_SLAM/eufs/install/eufs_msgs:/home/andrewwhong/classes/16833/iSAM2_SLAM/eufs/install/eufs_sensors:/home/andrewwhong/classes/16833/iSAM2_SLAM/eufs/install/eufs_rviz_plugins:/home/andrewwhong/classes/16833/iSAM2_SLAM/eufs/install/eufs_plugins:/home/andrewwhong/classes/16833/iSAM2_SLAM/eufs/install/eufs_models:/home/andrewwhong/classes/16833/iSAM2_SLAM/workspace/install/isam2:/home/andrewwhong/classes/16833/iSAM2_SLAM/workspace/install/eufs_msgs:/home/andrewwhong/classes/16833/iSAM2_SLAM/eufs/install/eufs_launcher:/home/andrewwhong/classes/16833/iSAM2_SLAM/eufs/install/eufs_tracks:/home/andrewwhong/classes/16833/iSAM2_SLAM/eufs/install/eufs_rqt:/home/andrewwhong/classes/16833/iSAM2_SLAM/eufs/install/eufs_racecar:/opt/ros/foxy LD_LIBRARY_PATH=/home/andrewwhong/classes/16833/iSAM2_SLAM/eufs/install/eufs_msgs/lib:/home/andrewwhong/classes/16833/iSAM2_SLAM/eufs/install/eufs_rviz_plugins/lib:/home/andrewwhong/classes/16833/iSAM2_SLAM/eufs/install/eufs_plugins/lib:/home/andrewwhong/classes/16833/iSAM2_SLAM/eufs/install/eufs_models/lib:/home/andrewwhong/classes/16833/iSAM2_SLAM/workspace/install/eufs_msgs/lib:/usr/lib/x86_64-linux-gnu/gazebo-11/plugins:/opt/ros/foxy/opt/yaml_cpp_vendor/lib:/opt/ros/foxy/opt/rviz_ogre_vendor/lib:/opt/ros/foxy/lib/x86_64-linux-gnu:/opt/ros/foxy/lib PYTHONPATH=/home/andrewwhong/classes/16833/iSAM2_SLAM/eufs/install/eufs_msgs/lib/python3.8/site-packages:/home/andrewwhong/classes/16833/iSAM2_SLAM/eufs/install/eufs_launcher/lib/python3.8/site-packages:/home/andrewwhong/classes/16833/iSAM2_SLAM/eufs/install/eufs_tracks/lib/python3.8/site-packages:/home/andrewwhong/classes/16833/iSAM2_SLAM/eufs/install/eufs_rqt/lib/python3.8/site-packages:/home/andrewwhong/classes/16833/iSAM2_SLAM/eufs/install/eufs_racecar/lib/python3.8/site-packages:/home/andrewwhong/classes/16833/iSAM2_SLAM/workspace/install/eufs_msgs/lib/python3.8/site-packages:/opt/ros/foxy/lib/python3.8/site-packages /usr/bin/cmake --install /home/andrewwhong/classes/16833/iSAM2_SLAM/eufs/build/eufs_models
[24.967s] -- Install configuration: ""
[24.968s] -- Installing: /home/andrewwhong/classes/16833/iSAM2_SLAM/eufs/install/eufs_models/share/eufs_models/environment/library_path.sh
[24.968s] -- Installing: /home/andrewwhong/classes/16833/iSAM2_SLAM/eufs/install/eufs_models/share/eufs_models/environment/library_path.dsv
[24.969s] -- Installing: /home/andrewwhong/classes/16833/iSAM2_SLAM/eufs/install/eufs_models/include
[24.969s] -- Installing: /home/andrewwhong/classes/16833/iSAM2_SLAM/eufs/install/eufs_models/include/eufs_models
[24.969s] -- Installing: /home/andrewwhong/classes/16833/iSAM2_SLAM/eufs/install/eufs_models/include/eufs_models/dynamic_bicycle.hpp
[24.970s] -- Installing: /home/andrewwhong/classes/16833/iSAM2_SLAM/eufs/install/eufs_models/include/eufs_models/vehicle_input.hpp
[24.970s] -- Installing: /home/andrewwhong/classes/16833/iSAM2_SLAM/eufs/install/eufs_models/include/eufs_models/vehicle_param.hpp
[24.971s] -- Installing: /home/andrewwhong/classes/16833/iSAM2_SLAM/eufs/install/eufs_models/include/eufs_models/eufs_models.hpp
[24.971s] -- Installing: /home/andrewwhong/classes/16833/iSAM2_SLAM/eufs/install/eufs_models/include/eufs_models/vehicle_state.hpp
[24.971s] -- Installing: /home/andrewwhong/classes/16833/iSAM2_SLAM/eufs/install/eufs_models/include/eufs_models/noise.hpp
[24.971s] -- Installing: /home/andrewwhong/classes/16833/iSAM2_SLAM/eufs/install/eufs_models/include/eufs_models/point_mass.hpp
[24.971s] -- Installing: /home/andrewwhong/classes/16833/iSAM2_SLAM/eufs/install/eufs_models/include/eufs_models/vehicle_model.hpp
[24.971s] -- Installing: /home/andrewwhong/classes/16833/iSAM2_SLAM/eufs/install/eufs_models/lib/libeufs_models.a
[24.972s] -- Installing: /home/andrewwhong/classes/16833/iSAM2_SLAM/eufs/install/eufs_models/share/ament_index/resource_index/package_run_dependencies/eufs_models
[24.973s] -- Installing: /home/andrewwhong/classes/16833/iSAM2_SLAM/eufs/install/eufs_models/share/ament_index/resource_index/parent_prefix_path/eufs_models
[24.973s] -- Installing: /home/andrewwhong/classes/16833/iSAM2_SLAM/eufs/install/eufs_models/share/eufs_models/environment/ament_prefix_path.sh
[24.973s] -- Installing: /home/andrewwhong/classes/16833/iSAM2_SLAM/eufs/install/eufs_models/share/eufs_models/environment/ament_prefix_path.dsv
[24.973s] -- Installing: /home/andrewwhong/classes/16833/iSAM2_SLAM/eufs/install/eufs_models/share/eufs_models/environment/path.sh
[24.974s] -- Installing: /home/andrewwhong/classes/16833/iSAM2_SLAM/eufs/install/eufs_models/share/eufs_models/environment/path.dsv
[24.974s] -- Installing: /home/andrewwhong/classes/16833/iSAM2_SLAM/eufs/install/eufs_models/share/eufs_models/local_setup.bash
[24.974s] -- Installing: /home/andrewwhong/classes/16833/iSAM2_SLAM/eufs/install/eufs_models/share/eufs_models/local_setup.sh
[24.974s] -- Installing: /home/andrewwhong/classes/16833/iSAM2_SLAM/eufs/install/eufs_models/share/eufs_models/local_setup.zsh
[24.975s] -- Installing: /home/andrewwhong/classes/16833/iSAM2_SLAM/eufs/install/eufs_models/share/eufs_models/local_setup.dsv
[24.975s] -- Installing: /home/andrewwhong/classes/16833/iSAM2_SLAM/eufs/install/eufs_models/share/eufs_models/package.dsv
[24.976s] -- Installing: /home/andrewwhong/classes/16833/iSAM2_SLAM/eufs/install/eufs_models/share/ament_index/resource_index/packages/eufs_models
[24.976s] -- Installing: /home/andrewwhong/classes/16833/iSAM2_SLAM/eufs/install/eufs_models/share/eufs_models/cmake/export_eufs_modelsExport.cmake
[24.976s] -- Installing: /home/andrewwhong/classes/16833/iSAM2_SLAM/eufs/install/eufs_models/share/eufs_models/cmake/export_eufs_modelsExport-noconfig.cmake
[24.977s] -- Installing: /home/andrewwhong/classes/16833/iSAM2_SLAM/eufs/install/eufs_models/share/eufs_models/cmake/ament_cmake_export_include_directories-extras.cmake
[24.977s] -- Installing: /home/andrewwhong/classes/16833/iSAM2_SLAM/eufs/install/eufs_models/share/eufs_models/cmake/ament_cmake_export_libraries-extras.cmake
[24.977s] -- Installing: /home/andrewwhong/classes/16833/iSAM2_SLAM/eufs/install/eufs_models/share/eufs_models/cmake/ament_cmake_export_targets-extras.cmake
[24.978s] -- Installing: /home/andrewwhong/classes/16833/iSAM2_SLAM/eufs/install/eufs_models/share/eufs_models/cmake/ament_cmake_export_dependencies-extras.cmake
[24.978s] -- Installing: /home/andrewwhong/classes/16833/iSAM2_SLAM/eufs/install/eufs_models/share/eufs_models/cmake/eufs_modelsConfig.cmake
[24.978s] -- Installing: /home/andrewwhong/classes/16833/iSAM2_SLAM/eufs/install/eufs_models/share/eufs_models/cmake/eufs_modelsConfig-version.cmake
[24.979s] -- Installing: /home/andrewwhong/classes/16833/iSAM2_SLAM/eufs/install/eufs_models/share/eufs_models/package.xml
[24.979s] -- Installing: /home/andrewwhong/classes/16833/iSAM2_SLAM/eufs/install/eufs_models/share/eufs_models/models/models.txt
[24.979s] -- Installing: /home/andrewwhong/classes/16833/iSAM2_SLAM/eufs/install/eufs_models/share/eufs_models/config/noise.yaml
[24.983s] Invoked command in '/home/andrewwhong/classes/16833/iSAM2_SLAM/eufs/build/eufs_models' returned '0': CMAKE_PREFIX_PATH=/home/andrewwhong/classes/16833/iSAM2_SLAM/eufs/install/eufs_msgs:/home/andrewwhong/classes/16833/iSAM2_SLAM/eufs/install/eufs_sensors:/home/andrewwhong/classes/16833/iSAM2_SLAM/eufs/install/eufs_rviz_plugins:/home/andrewwhong/classes/16833/iSAM2_SLAM/eufs/install/eufs_plugins:/home/andrewwhong/classes/16833/iSAM2_SLAM/eufs/install/eufs_models:/home/andrewwhong/classes/16833/iSAM2_SLAM/workspace/install/isam2:/home/andrewwhong/classes/16833/iSAM2_SLAM/workspace/install/eufs_msgs:/home/andrewwhong/classes/16833/iSAM2_SLAM/eufs/install/eufs_launcher:/home/andrewwhong/classes/16833/iSAM2_SLAM/eufs/install/eufs_tracks:/home/andrewwhong/classes/16833/iSAM2_SLAM/eufs/install/eufs_rqt:/home/andrewwhong/classes/16833/iSAM2_SLAM/eufs/install/eufs_racecar:/opt/ros/foxy LD_LIBRARY_PATH=/home/andrewwhong/classes/16833/iSAM2_SLAM/eufs/install/eufs_msgs/lib:/home/andrewwhong/classes/16833/iSAM2_SLAM/eufs/install/eufs_rviz_plugins/lib:/home/andrewwhong/classes/16833/iSAM2_SLAM/eufs/install/eufs_plugins/lib:/home/andrewwhong/classes/16833/iSAM2_SLAM/eufs/install/eufs_models/lib:/home/andrewwhong/classes/16833/iSAM2_SLAM/workspace/install/eufs_msgs/lib:/usr/lib/x86_64-linux-gnu/gazebo-11/plugins:/opt/ros/foxy/opt/yaml_cpp_vendor/lib:/opt/ros/foxy/opt/rviz_ogre_vendor/lib:/opt/ros/foxy/lib/x86_64-linux-gnu:/opt/ros/foxy/lib PYTHONPATH=/home/andrewwhong/classes/16833/iSAM2_SLAM/eufs/install/eufs_msgs/lib/python3.8/site-packages:/home/andrewwhong/classes/16833/iSAM2_SLAM/eufs/install/eufs_launcher/lib/python3.8/site-packages:/home/andrewwhong/classes/16833/iSAM2_SLAM/eufs/install/eufs_tracks/lib/python3.8/site-packages:/home/andrewwhong/classes/16833/iSAM2_SLAM/eufs/install/eufs_rqt/lib/python3.8/site-packages:/home/andrewwhong/classes/16833/iSAM2_SLAM/eufs/install/eufs_racecar/lib/python3.8/site-packages:/home/andrewwhong/classes/16833/iSAM2_SLAM/workspace/install/eufs_msgs/lib/python3.8/site-packages:/opt/ros/foxy/lib/python3.8/site-packages /usr/bin/cmake --install /home/andrewwhong/classes/16833/iSAM2_SLAM/eufs/build/eufs_models
