[1.989s] Invoking command in '/home/andrewwhong/classes/16833/iSAM2_SLAM/eufs/build/eufs_sensors': CMAKE_PREFIX_PATH=${CMAKE_PREFIX_PATH}:/home/andrewwhong/classes/16833/iSAM2_SLAM/eufs/install/eufs_launcher:/home/andrewwhong/classes/16833/iSAM2_SLAM/eufs/install/eufs_tracks:/home/andrewwhong/classes/16833/iSAM2_SLAM/eufs/install/eufs_rqt:/home/andrewwhong/classes/16833/iSAM2_SLAM/eufs/install/eufs_racecar:/opt/ros/foxy /usr/bin/cmake --build /home/andrewwhong/classes/16833/iSAM2_SLAM/eufs/build/eufs_sensors -- -j12 -l12
[2.087s] Invoked command in '/home/andrewwhong/classes/16833/iSAM2_SLAM/eufs/build/eufs_sensors' returned '0': CMAKE_PREFIX_PATH=${CMAKE_PREFIX_PATH}:/home/andrewwhong/classes/16833/iSAM2_SLAM/eufs/install/eufs_launcher:/home/andrewwhong/classes/16833/iSAM2_SLAM/eufs/install/eufs_tracks:/home/andrewwhong/classes/16833/iSAM2_SLAM/eufs/install/eufs_rqt:/home/andrewwhong/classes/16833/iSAM2_SLAM/eufs/install/eufs_racecar:/opt/ros/foxy /usr/bin/cmake --build /home/andrewwhong/classes/16833/iSAM2_SLAM/eufs/build/eufs_sensors -- -j12 -l12
[2.160s] Invoking command in '/home/andrewwhong/classes/16833/iSAM2_SLAM/eufs/build/eufs_sensors': CMAKE_PREFIX_PATH=${CMAKE_PREFIX_PATH}:/home/andrewwhong/classes/16833/iSAM2_SLAM/eufs/install/eufs_launcher:/home/andrewwhong/classes/16833/iSAM2_SLAM/eufs/install/eufs_tracks:/home/andrewwhong/classes/16833/iSAM2_SLAM/eufs/install/eufs_rqt:/home/andrewwhong/classes/16833/iSAM2_SLAM/eufs/install/eufs_racecar:/opt/ros/foxy /usr/bin/cmake --install /home/andrewwhong/classes/16833/iSAM2_SLAM/eufs/build/eufs_sensors
[2.188s] -- Install configuration: ""
[2.191s] -- Up-to-date: /home/andrewwhong/classes/16833/iSAM2_SLAM/eufs/install/eufs_sensors/share/eufs_sensors/meshes
[2.192s] -- Up-to-date: /home/andrewwhong/classes/16833/iSAM2_SLAM/eufs/install/eufs_sensors/share/eufs_sensors/meshes/antenna_3GO16.stl
[2.192s] -- Up-to-date: /home/andrewwhong/classes/16833/iSAM2_SLAM/eufs/install/eufs_sensors/share/eufs_sensors/meshes/zed.dae
[2.193s] -- Up-to-date: /home/andrewwhong/classes/16833/iSAM2_SLAM/eufs/install/eufs_sensors/share/eufs_sensors/meshes/VLP16_scan.dae
[2.193s] -- Up-to-date: /home/andrewwhong/classes/16833/iSAM2_SLAM/eufs/install/eufs_sensors/share/eufs_sensors/meshes/VLP16_base_1.dae
[2.194s] -- Up-to-date: /home/andrewwhong/classes/16833/iSAM2_SLAM/eufs/install/eufs_sensors/share/eufs_sensors/meshes/antenna_3GO16.dae
[2.194s] -- Up-to-date: /home/andrewwhong/classes/16833/iSAM2_SLAM/eufs/install/eufs_sensors/share/eufs_sensors/meshes/VLP16_base_2.dae
[2.195s] -- Up-to-date: /home/andrewwhong/classes/16833/iSAM2_SLAM/eufs/install/eufs_sensors/share/eufs_sensors/urdf
[2.197s] -- Up-to-date: /home/andrewwhong/classes/16833/iSAM2_SLAM/eufs/install/eufs_sensors/share/eufs_sensors/urdf/all_sensors.urdf.xacro
[2.198s] -- Up-to-date: /home/andrewwhong/classes/16833/iSAM2_SLAM/eufs/install/eufs_sensors/share/eufs_sensors/urdf/magnetometer.urdf.xacro
[2.198s] -- Up-to-date: /home/andrewwhong/classes/16833/iSAM2_SLAM/eufs/install/eufs_sensors/share/eufs_sensors/urdf/gps.urdf.xacro
[2.199s] -- Up-to-date: /home/andrewwhong/classes/16833/iSAM2_SLAM/eufs/install/eufs_sensors/share/eufs_sensors/urdf/VLP-16R.urdf.xacro
[2.200s] -- Up-to-date: /home/andrewwhong/classes/16833/iSAM2_SLAM/eufs/install/eufs_sensors/share/eufs_sensors/urdf/zed.urdf.xacro
[2.202s] -- Up-to-date: /home/andrewwhong/classes/16833/iSAM2_SLAM/eufs/install/eufs_sensors/share/eufs_sensors/urdf/imu.urdf.xacro
[2.202s] -- Up-to-date: /home/andrewwhong/classes/16833/iSAM2_SLAM/eufs/install/eufs_sensors/share/ament_index/resource_index/package_run_dependencies/eufs_sensors
[2.203s] -- Up-to-date: /home/andrewwhong/classes/16833/iSAM2_SLAM/eufs/install/eufs_sensors/share/ament_index/resource_index/parent_prefix_path/eufs_sensors
[2.203s] -- Up-to-date: /home/andrewwhong/classes/16833/iSAM2_SLAM/eufs/install/eufs_sensors/share/eufs_sensors/environment/ament_prefix_path.sh
[2.204s] -- Up-to-date: /home/andrewwhong/classes/16833/iSAM2_SLAM/eufs/install/eufs_sensors/share/eufs_sensors/environment/ament_prefix_path.dsv
[2.204s] -- Up-to-date: /home/andrewwhong/classes/16833/iSAM2_SLAM/eufs/install/eufs_sensors/share/eufs_sensors/environment/path.sh
[2.209s] -- Up-to-date: /home/andrewwhong/classes/16833/iSAM2_SLAM/eufs/install/eufs_sensors/share/eufs_sensors/environment/path.dsv
[2.210s] -- Up-to-date: /home/andrewwhong/classes/16833/iSAM2_SLAM/eufs/install/eufs_sensors/share/eufs_sensors/local_setup.bash
[2.211s] -- Up-to-date: /home/andrewwhong/classes/16833/iSAM2_SLAM/eufs/install/eufs_sensors/share/eufs_sensors/local_setup.sh
[2.211s] -- Up-to-date: /home/andrewwhong/classes/16833/iSAM2_SLAM/eufs/install/eufs_sensors/share/eufs_sensors/local_setup.zsh
[2.212s] -- Up-to-date: /home/andrewwhong/classes/16833/iSAM2_SLAM/eufs/install/eufs_sensors/share/eufs_sensors/local_setup.dsv
[2.212s] -- Installing: /home/andrewwhong/classes/16833/iSAM2_SLAM/eufs/install/eufs_sensors/share/eufs_sensors/package.dsv
[2.213s] -- Up-to-date: /home/andrewwhong/classes/16833/iSAM2_SLAM/eufs/install/eufs_sensors/share/ament_index/resource_index/packages/eufs_sensors
[2.214s] -- Up-to-date: /home/andrewwhong/classes/16833/iSAM2_SLAM/eufs/install/eufs_sensors/share/eufs_sensors/cmake/ament_cmake_export_dependencies-extras.cmake
[2.216s] -- Up-to-date: /home/andrewwhong/classes/16833/iSAM2_SLAM/eufs/install/eufs_sensors/share/eufs_sensors/cmake/eufs_sensorsConfig.cmake
[2.216s] -- Up-to-date: /home/andrewwhong/classes/16833/iSAM2_SLAM/eufs/install/eufs_sensors/share/eufs_sensors/cmake/eufs_sensorsConfig-version.cmake
[2.217s] -- Up-to-date: /home/andrewwhong/classes/16833/iSAM2_SLAM/eufs/install/eufs_sensors/share/eufs_sensors/package.xml
[2.217s] Invoked command in '/home/andrewwhong/classes/16833/iSAM2_SLAM/eufs/build/eufs_sensors' returned '0': CMAKE_PREFIX_PATH=${CMAKE_PREFIX_PATH}:/home/andrewwhong/classes/16833/iSAM2_SLAM/eufs/install/eufs_launcher:/home/andrewwhong/classes/16833/iSAM2_SLAM/eufs/install/eufs_tracks:/home/andrewwhong/classes/16833/iSAM2_SLAM/eufs/install/eufs_rqt:/home/andrewwhong/classes/16833/iSAM2_SLAM/eufs/install/eufs_racecar:/opt/ros/foxy /usr/bin/cmake --install /home/andrewwhong/classes/16833/iSAM2_SLAM/eufs/build/eufs_sensors
