[100%] Built target eufs_rviz_plugins
-- Install configuration: ""
-- Up-to-date: /home/andrewwhong/classes/16833/iSAM2_SLAM/eufs/install/eufs_rviz_plugins/lib/libeufs_rviz_plugins.so
-- Up-to-date: /home/andrewwhong/classes/16833/iSAM2_SLAM/eufs/install/eufs_rviz_plugins/share/eufs_rviz_plugins/icons
-- Up-to-date: /home/andrewwhong/classes/16833/iSAM2_SLAM/eufs/install/eufs_rviz_plugins/share/eufs_rviz_plugins/icons/classes
-- Up-to-date: /home/andrewwhong/classes/16833/iSAM2_SLAM/eufs/install/eufs_rviz_plugins/share/eufs_rviz_plugins/icons/classes/ConeArrayWithCovariance.png
-- Up-to-date: /home/andrewwhong/classes/16833/iSAM2_SLAM/eufs/install/eufs_rviz_plugins/share/eufs_rviz_plugins/meshes
-- Up-to-date: /home/andrewwhong/classes/16833/iSAM2_SLAM/eufs/install/eufs_rviz_plugins/share/eufs_rviz_plugins/meshes/cone.dae
-- Up-to-date: /home/andrewwhong/classes/16833/iSAM2_SLAM/eufs/install/eufs_rviz_plugins/share/eufs_rviz_plugins/meshes/big_cone.dae
-- Up-to-date: /home/andrewwhong/classes/16833/iSAM2_SLAM/eufs/install/eufs_rviz_plugins/share/eufs_rviz_plugins/plugins.xml
-- Up-to-date: /home/andrewwhong/classes/16833/iSAM2_SLAM/eufs/install/eufs_rviz_plugins/share/ament_index/resource_index/package_run_dependencies/eufs_rviz_plugins
-- Up-to-date: /home/andrewwhong/classes/16833/iSAM2_SLAM/eufs/install/eufs_rviz_plugins/share/ament_index/resource_index/parent_prefix_path/eufs_rviz_plugins
-- Up-to-date: /home/andrewwhong/classes/16833/iSAM2_SLAM/eufs/install/eufs_rviz_plugins/share/eufs_rviz_plugins/environment/ament_prefix_path.sh
-- Up-to-date: /home/andrewwhong/classes/16833/iSAM2_SLAM/eufs/install/eufs_rviz_plugins/share/eufs_rviz_plugins/environment/ament_prefix_path.dsv
-- Up-to-date: /home/andrewwhong/classes/16833/iSAM2_SLAM/eufs/install/eufs_rviz_plugins/share/eufs_rviz_plugins/environment/path.sh
-- Up-to-date: /home/andrewwhong/classes/16833/iSAM2_SLAM/eufs/install/eufs_rviz_plugins/share/eufs_rviz_plugins/environment/path.dsv
-- Up-to-date: /home/andrewwhong/classes/16833/iSAM2_SLAM/eufs/install/eufs_rviz_plugins/share/eufs_rviz_plugins/local_setup.bash
-- Up-to-date: /home/andrewwhong/classes/16833/iSAM2_SLAM/eufs/install/eufs_rviz_plugins/share/eufs_rviz_plugins/local_setup.sh
-- Up-to-date: /home/andrewwhong/classes/16833/iSAM2_SLAM/eufs/install/eufs_rviz_plugins/share/eufs_rviz_plugins/local_setup.zsh
-- Up-to-date: /home/andrewwhong/classes/16833/iSAM2_SLAM/eufs/install/eufs_rviz_plugins/share/eufs_rviz_plugins/local_setup.dsv
-- Installing: /home/andrewwhong/classes/16833/iSAM2_SLAM/eufs/install/eufs_rviz_plugins/share/eufs_rviz_plugins/package.dsv
-- Up-to-date: /home/andrewwhong/classes/16833/iSAM2_SLAM/eufs/install/eufs_rviz_plugins/share/ament_index/resource_index/packages/eufs_rviz_plugins
-- Up-to-date: /home/andrewwhong/classes/16833/iSAM2_SLAM/eufs/install/eufs_rviz_plugins/share/ament_index/resource_index/rviz_common__pluginlib__plugin/eufs_rviz_plugins
-- Up-to-date: /home/andrewwhong/classes/16833/iSAM2_SLAM/eufs/install/eufs_rviz_plugins/share/eufs_rviz_plugins/cmake/export_eufs_rviz_pluginsExport.cmake
-- Up-to-date: /home/andrewwhong/classes/16833/iSAM2_SLAM/eufs/install/eufs_rviz_plugins/share/eufs_rviz_plugins/cmake/export_eufs_rviz_pluginsExport-noconfig.cmake
-- Up-to-date: /home/andrewwhong/classes/16833/iSAM2_SLAM/eufs/install/eufs_rviz_plugins/share/eufs_rviz_plugins/cmake/ament_cmake_export_include_directories-extras.cmake
-- Up-to-date: /home/andrewwhong/classes/16833/iSAM2_SLAM/eufs/install/eufs_rviz_plugins/share/eufs_rviz_plugins/cmake/ament_cmake_export_dependencies-extras.cmake
-- Up-to-date: /home/andrewwhong/classes/16833/iSAM2_SLAM/eufs/install/eufs_rviz_plugins/share/eufs_rviz_plugins/cmake/ament_cmake_export_targets-extras.cmake
-- Up-to-date: /home/andrewwhong/classes/16833/iSAM2_SLAM/eufs/install/eufs_rviz_plugins/share/eufs_rviz_plugins/cmake/eufs_rviz_pluginsConfig.cmake
-- Up-to-date: /home/andrewwhong/classes/16833/iSAM2_SLAM/eufs/install/eufs_rviz_plugins/share/eufs_rviz_plugins/cmake/eufs_rviz_pluginsConfig-version.cmake
-- Up-to-date: /home/andrewwhong/classes/16833/iSAM2_SLAM/eufs/install/eufs_rviz_plugins/share/eufs_rviz_plugins/package.xml
