[2.997s] Invoking command in '/home/andrewwhong/classes/16833/iSAM2_SLAM/eufs/eufs_sim/eufs_rqt': AMENT_PREFIX_PATH=/home/andrewwhong/classes/16833/iSAM2_SLAM/eufs/install/eufs_msgs:${AMENT_PREFIX_PATH} CMAKE_PREFIX_PATH=/home/andrewwhong/classes/16833/iSAM2_SLAM/eufs/install/eufs_msgs:${CMAKE_PREFIX_PATH} LD_LIBRARY_PATH=/home/andrewwhong/classes/16833/iSAM2_SLAM/eufs/install/eufs_msgs/lib:${LD_LIBRARY_PATH} PYTHONPATH=/home/andrewwhong/classes/16833/iSAM2_SLAM/eufs/build/eufs_rqt/prefix_override:/home/andrewwhong/classes/16833/iSAM2_SLAM/eufs/install/eufs_rqt/lib/python3.8/site-packages:/home/andrewwhong/classes/16833/iSAM2_SLAM/eufs/install/eufs_msgs/lib/python3.8/site-packages:${PYTHONPATH} /usr/bin/python3 setup.py egg_info --egg-base ../../build/eufs_rqt build --build-base /home/andrewwhong/classes/16833/iSAM2_SLAM/eufs/build/eufs_rqt/build install --record /home/andrewwhong/classes/16833/iSAM2_SLAM/eufs/build/eufs_rqt/install.log --single-version-externally-managed
[3.531s] running egg_info
[3.532s] creating ../../build/eufs_rqt/eufs_rqt.egg-info
[3.571s] writing ../../build/eufs_rqt/eufs_rqt.egg-info/PKG-INFO
[3.573s] writing dependency_links to ../../build/eufs_rqt/eufs_rqt.egg-info/dependency_links.txt
[3.574s] writing requirements to ../../build/eufs_rqt/eufs_rqt.egg-info/requires.txt
[3.574s] writing top-level names to ../../build/eufs_rqt/eufs_rqt.egg-info/top_level.txt
[3.789s] writing manifest file '../../build/eufs_rqt/eufs_rqt.egg-info/SOURCES.txt'
[3.908s] reading manifest file '../../build/eufs_rqt/eufs_rqt.egg-info/SOURCES.txt'
[3.910s] adding license file 'LICENSE'
[3.910s] writing manifest file '../../build/eufs_rqt/eufs_rqt.egg-info/SOURCES.txt'
[3.911s] running build
[3.911s] running build_py
[3.912s] creating /home/andrewwhong/classes/16833/iSAM2_SLAM/eufs/build/eufs_rqt/build
[3.912s] creating /home/andrewwhong/classes/16833/iSAM2_SLAM/eufs/build/eufs_rqt/build/lib
[3.913s] creating /home/andrewwhong/classes/16833/iSAM2_SLAM/eufs/build/eufs_rqt/build/lib/eufs_rqt
[3.913s] copying src/eufs_rqt/EUFSRobotSteeringGUI.py -> /home/andrewwhong/classes/16833/iSAM2_SLAM/eufs/build/eufs_rqt/build/lib/eufs_rqt
[3.914s] copying src/eufs_rqt/MissionControlGUI.py -> /home/andrewwhong/classes/16833/iSAM2_SLAM/eufs/build/eufs_rqt/build/lib/eufs_rqt
[3.914s] copying src/eufs_rqt/__init__.py -> /home/andrewwhong/classes/16833/iSAM2_SLAM/eufs/build/eufs_rqt/build/lib/eufs_rqt
[3.915s] running build_scripts
[3.915s] creating /home/andrewwhong/classes/16833/iSAM2_SLAM/eufs/build/eufs_rqt/build/scripts-3.8
[3.915s] copying and adjusting scripts/eufs_robot_steering_gui -> /home/andrewwhong/classes/16833/iSAM2_SLAM/eufs/build/eufs_rqt/build/scripts-3.8
[3.916s] copying and adjusting scripts/mission_control_gui -> /home/andrewwhong/classes/16833/iSAM2_SLAM/eufs/build/eufs_rqt/build/scripts-3.8
[3.917s] changing mode of /home/andrewwhong/classes/16833/iSAM2_SLAM/eufs/build/eufs_rqt/build/scripts-3.8/eufs_robot_steering_gui from 644 to 755
[3.917s] changing mode of /home/andrewwhong/classes/16833/iSAM2_SLAM/eufs/build/eufs_rqt/build/scripts-3.8/mission_control_gui from 644 to 755
[3.917s] running install
[3.918s] /home/andrewwhong/.local/lib/python3.8/site-packages/setuptools/_distutils/cmd.py:66: SetuptoolsDeprecationWarning: setup.py install is deprecated.
[3.918s] !!
[3.918s] 
[3.918s]         ********************************************************************************
[3.918s]         Please avoid running ``setup.py`` directly.
[3.919s]         Instead, use pypa/build, pypa/installer or other
[3.919s]         standards-based tools.
[3.919s] 
[3.919s]         See https://blog.ganssle.io/articles/2021/10/setup-py-deprecated.html for details.
[3.919s]         ********************************************************************************
[3.919s] 
[3.920s] !!
[3.920s]   self.initialize_options()
[3.928s] running install_lib
[3.969s] creating /home/andrewwhong/classes/16833/iSAM2_SLAM/eufs/install/eufs_rqt/lib/python3.8/site-packages/eufs_rqt
[3.970s] copying /home/andrewwhong/classes/16833/iSAM2_SLAM/eufs/build/eufs_rqt/build/lib/eufs_rqt/EUFSRobotSteeringGUI.py -> /home/andrewwhong/classes/16833/iSAM2_SLAM/eufs/install/eufs_rqt/lib/python3.8/site-packages/eufs_rqt
[3.970s] copying /home/andrewwhong/classes/16833/iSAM2_SLAM/eufs/build/eufs_rqt/build/lib/eufs_rqt/MissionControlGUI.py -> /home/andrewwhong/classes/16833/iSAM2_SLAM/eufs/install/eufs_rqt/lib/python3.8/site-packages/eufs_rqt
[3.970s] copying /home/andrewwhong/classes/16833/iSAM2_SLAM/eufs/build/eufs_rqt/build/lib/eufs_rqt/__init__.py -> /home/andrewwhong/classes/16833/iSAM2_SLAM/eufs/install/eufs_rqt/lib/python3.8/site-packages/eufs_rqt
[3.971s] byte-compiling /home/andrewwhong/classes/16833/iSAM2_SLAM/eufs/install/eufs_rqt/lib/python3.8/site-packages/eufs_rqt/EUFSRobotSteeringGUI.py to EUFSRobotSteeringGUI.cpython-38.pyc
[3.975s] byte-compiling /home/andrewwhong/classes/16833/iSAM2_SLAM/eufs/install/eufs_rqt/lib/python3.8/site-packages/eufs_rqt/MissionControlGUI.py to MissionControlGUI.cpython-38.pyc
[3.979s] byte-compiling /home/andrewwhong/classes/16833/iSAM2_SLAM/eufs/install/eufs_rqt/lib/python3.8/site-packages/eufs_rqt/__init__.py to __init__.cpython-38.pyc
[3.979s] running install_data
[4.025s] creating /home/andrewwhong/classes/16833/iSAM2_SLAM/eufs/install/eufs_rqt/share/eufs_rqt/config
[4.026s] copying config/eufs_sim.perspective -> /home/andrewwhong/classes/16833/iSAM2_SLAM/eufs/install/eufs_rqt/share/eufs_rqt/config
[4.032s] creating /home/andrewwhong/classes/16833/iSAM2_SLAM/eufs/install/eufs_rqt/share/eufs_rqt/resource
[4.032s] copying resource/EUFSRobotSteeringGUI.ui -> /home/andrewwhong/classes/16833/iSAM2_SLAM/eufs/install/eufs_rqt/share/eufs_rqt/resource
[4.033s] copying resource/MissionControlGUI.ui -> /home/andrewwhong/classes/16833/iSAM2_SLAM/eufs/install/eufs_rqt/share/eufs_rqt/resource
[4.034s] copying plugin.xml -> /home/andrewwhong/classes/16833/iSAM2_SLAM/eufs/install/eufs_rqt/share/eufs_rqt
[4.034s] creating /home/andrewwhong/classes/16833/iSAM2_SLAM/eufs/install/eufs_rqt/share/ament_index
[4.035s] creating /home/andrewwhong/classes/16833/iSAM2_SLAM/eufs/install/eufs_rqt/share/ament_index/resource_index
[4.035s] creating /home/andrewwhong/classes/16833/iSAM2_SLAM/eufs/install/eufs_rqt/share/ament_index/resource_index/packages
[4.036s] copying resource/eufs_rqt -> /home/andrewwhong/classes/16833/iSAM2_SLAM/eufs/install/eufs_rqt/share/ament_index/resource_index/packages
[4.036s] copying package.xml -> /home/andrewwhong/classes/16833/iSAM2_SLAM/eufs/install/eufs_rqt/share/eufs_rqt
[4.037s] running install_egg_info
[4.076s] Copying ../../build/eufs_rqt/eufs_rqt.egg-info to /home/andrewwhong/classes/16833/iSAM2_SLAM/eufs/install/eufs_rqt/lib/python3.8/site-packages/eufs_rqt-2.0.0-py3.8.egg-info
[4.078s] running install_scripts
[4.122s] creating /home/andrewwhong/classes/16833/iSAM2_SLAM/eufs/install/eufs_rqt/lib/eufs_rqt
[4.123s] copying /home/andrewwhong/classes/16833/iSAM2_SLAM/eufs/build/eufs_rqt/build/scripts-3.8/mission_control_gui -> /home/andrewwhong/classes/16833/iSAM2_SLAM/eufs/install/eufs_rqt/lib/eufs_rqt
[4.123s] copying /home/andrewwhong/classes/16833/iSAM2_SLAM/eufs/build/eufs_rqt/build/scripts-3.8/eufs_robot_steering_gui -> /home/andrewwhong/classes/16833/iSAM2_SLAM/eufs/install/eufs_rqt/lib/eufs_rqt
[4.123s] changing mode of /home/andrewwhong/classes/16833/iSAM2_SLAM/eufs/install/eufs_rqt/lib/eufs_rqt/mission_control_gui to 755
[4.124s] changing mode of /home/andrewwhong/classes/16833/iSAM2_SLAM/eufs/install/eufs_rqt/lib/eufs_rqt/eufs_robot_steering_gui to 755
[4.163s] writing list of installed files to '/home/andrewwhong/classes/16833/iSAM2_SLAM/eufs/build/eufs_rqt/install.log'
[4.241s] Invoked command in '/home/andrewwhong/classes/16833/iSAM2_SLAM/eufs/eufs_sim/eufs_rqt' returned '0': AMENT_PREFIX_PATH=/home/andrewwhong/classes/16833/iSAM2_SLAM/eufs/install/eufs_msgs:${AMENT_PREFIX_PATH} CMAKE_PREFIX_PATH=/home/andrewwhong/classes/16833/iSAM2_SLAM/eufs/install/eufs_msgs:${CMAKE_PREFIX_PATH} LD_LIBRARY_PATH=/home/andrewwhong/classes/16833/iSAM2_SLAM/eufs/install/eufs_msgs/lib:${LD_LIBRARY_PATH} PYTHONPATH=/home/andrewwhong/classes/16833/iSAM2_SLAM/eufs/build/eufs_rqt/prefix_override:/home/andrewwhong/classes/16833/iSAM2_SLAM/eufs/install/eufs_rqt/lib/python3.8/site-packages:/home/andrewwhong/classes/16833/iSAM2_SLAM/eufs/install/eufs_msgs/lib/python3.8/site-packages:${PYTHONPATH} /usr/bin/python3 setup.py egg_info --egg-base ../../build/eufs_rqt build --build-base /home/andrewwhong/classes/16833/iSAM2_SLAM/eufs/build/eufs_rqt/build install --record /home/andrewwhong/classes/16833/iSAM2_SLAM/eufs/build/eufs_rqt/install.log --single-version-externally-managed
