[1.011s] Invoking command in '/home/andrewwhong/classes/16833/iSAM2_SLAM/eufs/build/eufs_sensors': CMAKE_PREFIX_PATH=${CMAKE_PREFIX_PATH}:/opt/ros/foxy /usr/bin/cmake --build /home/andrewwhong/classes/16833/iSAM2_SLAM/eufs/build/eufs_sensors -- -j12 -l12
[1.070s] Invoked command in '/home/andrewwhong/classes/16833/iSAM2_SLAM/eufs/build/eufs_sensors' returned '0': CMAKE_PREFIX_PATH=${CMAKE_PREFIX_PATH}:/opt/ros/foxy /usr/bin/cmake --build /home/andrewwhong/classes/16833/iSAM2_SLAM/eufs/build/eufs_sensors -- -j12 -l12
[1.116s] Invoking command in '/home/andrewwhong/classes/16833/iSAM2_SLAM/eufs/build/eufs_sensors': CMAKE_PREFIX_PATH=${CMAKE_PREFIX_PATH}:/opt/ros/foxy /usr/bin/cmake --install /home/andrewwhong/classes/16833/iSAM2_SLAM/eufs/build/eufs_sensors
[1.127s] -- Install configuration: ""
[1.128s] -- Up-to-date: /home/andrewwhong/classes/16833/iSAM2_SLAM/eufs/install/eufs_sensors/share/eufs_sensors/meshes
[1.129s] -- Up-to-date: /home/andrewwhong/classes/16833/iSAM2_SLAM/eufs/install/eufs_sensors/share/eufs_sensors/meshes/antenna_3GO16.stl
[1.130s] -- Up-to-date: /home/andrewwhong/classes/16833/iSAM2_SLAM/eufs/install/eufs_sensors/share/eufs_sensors/meshes/zed.dae
[1.130s] -- Up-to-date: /home/andrewwhong/classes/16833/iSAM2_SLAM/eufs/install/eufs_sensors/share/eufs_sensors/meshes/VLP16_scan.dae
[1.132s] -- Up-to-date: /home/andrewwhong/classes/16833/iSAM2_SLAM/eufs/install/eufs_sensors/share/eufs_sensors/meshes/VLP16_base_1.dae
[1.132s] -- Up-to-date: /home/andrewwhong/classes/16833/iSAM2_SLAM/eufs/install/eufs_sensors/share/eufs_sensors/meshes/antenna_3GO16.dae
[1.133s] -- Up-to-date: /home/andrewwhong/classes/16833/iSAM2_SLAM/eufs/install/eufs_sensors/share/eufs_sensors/meshes/VLP16_base_2.dae
[1.133s] -- Up-to-date: /home/andrewwhong/classes/16833/iSAM2_SLAM/eufs/install/eufs_sensors/share/eufs_sensors/urdf
[1.133s] -- Up-to-date: /home/andrewwhong/classes/16833/iSAM2_SLAM/eufs/install/eufs_sensors/share/eufs_sensors/urdf/all_sensors.urdf.xacro
[1.133s] -- Up-to-date: /home/andrewwhong/classes/16833/iSAM2_SLAM/eufs/install/eufs_sensors/share/eufs_sensors/urdf/magnetometer.urdf.xacro
[1.133s] -- Up-to-date: /home/andrewwhong/classes/16833/iSAM2_SLAM/eufs/install/eufs_sensors/share/eufs_sensors/urdf/gps.urdf.xacro
[1.134s] -- Up-to-date: /home/andrewwhong/classes/16833/iSAM2_SLAM/eufs/install/eufs_sensors/share/eufs_sensors/urdf/VLP-16R.urdf.xacro
[1.134s] -- Up-to-date: /home/andrewwhong/classes/16833/iSAM2_SLAM/eufs/install/eufs_sensors/share/eufs_sensors/urdf/zed.urdf.xacro
[1.134s] -- Up-to-date: /home/andrewwhong/classes/16833/iSAM2_SLAM/eufs/install/eufs_sensors/share/eufs_sensors/urdf/imu.urdf.xacro
[1.135s] -- Up-to-date: /home/andrewwhong/classes/16833/iSAM2_SLAM/eufs/install/eufs_sensors/share/ament_index/resource_index/package_run_dependencies/eufs_sensors
[1.135s] -- Up-to-date: /home/andrewwhong/classes/16833/iSAM2_SLAM/eufs/install/eufs_sensors/share/ament_index/resource_index/parent_prefix_path/eufs_sensors
[1.135s] -- Up-to-date: /home/andrewwhong/classes/16833/iSAM2_SLAM/eufs/install/eufs_sensors/share/eufs_sensors/environment/ament_prefix_path.sh
[1.135s] -- Up-to-date: /home/andrewwhong/classes/16833/iSAM2_SLAM/eufs/install/eufs_sensors/share/eufs_sensors/environment/ament_prefix_path.dsv
[1.136s] -- Up-to-date: /home/andrewwhong/classes/16833/iSAM2_SLAM/eufs/install/eufs_sensors/share/eufs_sensors/environment/path.sh
[1.136s] -- Up-to-date: /home/andrewwhong/classes/16833/iSAM2_SLAM/eufs/install/eufs_sensors/share/eufs_sensors/environment/path.dsv
[1.136s] -- Up-to-date: /home/andrewwhong/classes/16833/iSAM2_SLAM/eufs/install/eufs_sensors/share/eufs_sensors/local_setup.bash
[1.136s] -- Up-to-date: /home/andrewwhong/classes/16833/iSAM2_SLAM/eufs/install/eufs_sensors/share/eufs_sensors/local_setup.sh
[1.137s] -- Up-to-date: /home/andrewwhong/classes/16833/iSAM2_SLAM/eufs/install/eufs_sensors/share/eufs_sensors/local_setup.zsh
[1.137s] -- Up-to-date: /home/andrewwhong/classes/16833/iSAM2_SLAM/eufs/install/eufs_sensors/share/eufs_sensors/local_setup.dsv
[1.137s] -- Installing: /home/andrewwhong/classes/16833/iSAM2_SLAM/eufs/install/eufs_sensors/share/eufs_sensors/package.dsv
[1.149s] -- Up-to-date: /home/andrewwhong/classes/16833/iSAM2_SLAM/eufs/install/eufs_sensors/share/ament_index/resource_index/packages/eufs_sensors
[1.149s] -- Up-to-date: /home/andrewwhong/classes/16833/iSAM2_SLAM/eufs/install/eufs_sensors/share/eufs_sensors/cmake/ament_cmake_export_dependencies-extras.cmake
[1.150s] -- Up-to-date: /home/andrewwhong/classes/16833/iSAM2_SLAM/eufs/install/eufs_sensors/share/eufs_sensors/cmake/eufs_sensorsConfig.cmake
[1.150s] -- Up-to-date: /home/andrewwhong/classes/16833/iSAM2_SLAM/eufs/install/eufs_sensors/share/eufs_sensors/cmake/eufs_sensorsConfig-version.cmake
[1.150s] -- Up-to-date: /home/andrewwhong/classes/16833/iSAM2_SLAM/eufs/install/eufs_sensors/share/eufs_sensors/package.xml
[1.154s] Invoked command in '/home/andrewwhong/classes/16833/iSAM2_SLAM/eufs/build/eufs_sensors' returned '0': CMAKE_PREFIX_PATH=${CMAKE_PREFIX_PATH}:/opt/ros/foxy /usr/bin/cmake --install /home/andrewwhong/classes/16833/iSAM2_SLAM/eufs/build/eufs_sensors
