[0.018s] Invoking command in '/home/dale/Documents/isam2/iSAM2_SLAM/workspace/src/isam2/build/isam2': CMAKE_PREFIX_PATH=/opt/ros/foxy CONDA_PROMPT_MODIFIER=(base) /home/dale/miniconda3/bin/cmake /home/dale/Documents/isam2/iSAM2_SLAM/workspace/src/isam2 -DCMAKE_INSTALL_PREFIX=/home/dale/Documents/isam2/iSAM2_SLAM/workspace/src/isam2/install/isam2
[0.051s] -- The C compiler identification is GNU 9.4.0
[0.076s] -- The CXX compiler identification is GNU 9.4.0
[0.083s] -- Detecting C compiler ABI info
[0.109s] -- Detecting C compiler ABI info - done
[0.115s] -- Check for working C compiler: /usr/bin/cc - skipped
[0.115s] -- Detecting C compile features
[0.115s] -- Detecting C compile features - done
[0.120s] -- Detecting CXX compiler ABI info
[0.151s] -- Detecting CXX compiler ABI info - done
[0.157s] -- Check for working CXX compiler: /usr/bin/c++ - skipped
[0.157s] -- Detecting CXX compile features
[0.157s] -- Detecting CXX compile features - done
[0.158s] -- Found ament_cmake: 0.9.12 (/opt/ros/foxy/share/ament_cmake/cmake)
[0.159s] [33mCMake Warning (dev) at /opt/ros/foxy/share/ament_cmake_core/cmake/core/python.cmake:22 (find_package):
[0.159s]   Policy CMP0148 is not set: The FindPythonInterp and FindPythonLibs modules
[0.159s]   are removed.  Run "cmake --help-policy CMP0148" for policy details.  Use
[0.159s]   the cmake_policy command to set the policy and suppress this warning.
[0.160s] 
[0.160s] Call Stack (most recent call first):
[0.160s]   /opt/ros/foxy/share/ament_cmake_core/cmake/core/all.cmake:53 (include)
[0.160s]   /opt/ros/foxy/share/ament_cmake_core/cmake/ament_cmake_core-extras.cmake:17 (include)
[0.160s]   /opt/ros/foxy/share/ament_cmake_core/cmake/ament_cmake_coreConfig.cmake:41 (include)
[0.160s]   /opt/ros/foxy/share/ament_cmake/cmake/ament_cmake_export_dependencies-extras.cmake:15 (find_package)
[0.160s]   /opt/ros/foxy/share/ament_cmake/cmake/ament_cmakeConfig.cmake:41 (include)
[0.160s]   CMakeLists.txt:25 (find_package)
[0.160s] This warning is for project developers.  Use -Wno-dev to suppress it.
[0.160s] [0m
[0.169s] -- Found PythonInterp: /home/dale/miniconda3/bin/python3 (found suitable version "3.8.18", minimum required is "3") 
[0.169s] -- Using PYTHON_EXECUTABLE: /home/dale/miniconda3/bin/python3
[0.239s] -- Found rclcpp: 2.4.3 (/opt/ros/foxy/share/rclcpp/cmake)
[0.259s] -- Using all available rosidl_typesupport_c: rosidl_typesupport_fastrtps_c;rosidl_typesupport_introspection_c
[0.262s] -- Found rosidl_adapter: 1.3.1 (/opt/ros/foxy/share/rosidl_adapter/cmake)
[0.292s] -- Found OpenSSL: /usr/lib/x86_64-linux-gnu/libcrypto.so (found version "1.1.1f")  
[0.306s] -- Found FastRTPS: /opt/ros/foxy/include  
[0.342s] -- Using all available rosidl_typesupport_cpp: rosidl_typesupport_fastrtps_cpp;rosidl_typesupport_introspection_cpp
[0.367s] -- Found rmw_implementation_cmake: 1.0.4 (/opt/ros/foxy/share/rmw_implementation_cmake/cmake)
[0.368s] -- Using RMW implementation 'rmw_fastrtps_cpp' as default
[0.368s] -- Performing Test CMAKE_HAVE_LIBC_PTHREAD
[0.395s] -- Performing Test CMAKE_HAVE_LIBC_PTHREAD - Failed
[0.395s] -- Looking for pthread_create in pthreads
[0.414s] -- Looking for pthread_create in pthreads - not found
[0.414s] -- Looking for pthread_create in pthread
[0.438s] -- Looking for pthread_create in pthread - found
[0.439s] -- Found Threads: TRUE  
[0.506s] -- Found message_filters: 3.2.7 (/opt/ros/foxy/share/message_filters/cmake)
[0.512s] -- Configuring incomplete, errors occurred!
[0.512s] [31mCMake Error at CMakeLists.txt:28 (find_package):
[0.512s]   By not providing "Findeufs_msgs.cmake" in CMAKE_MODULE_PATH this project
[0.512s]   has asked CMake to find a package configuration file provided by
[0.512s]   "eufs_msgs", but CMake did not find one.
[0.512s] 
[0.512s]   Could not find a package configuration file provided by "eufs_msgs" with
[0.512s]   any of the following names:
[0.512s] 
[0.512s]     eufs_msgsConfig.cmake
[0.512s]     eufs_msgs-config.cmake
[0.512s] 
[0.512s]   Add the installation prefix of "eufs_msgs" to CMAKE_PREFIX_PATH or set
[0.512s]   "eufs_msgs_DIR" to a directory containing one of the above files.  If
[0.512s]   "eufs_msgs" provides a separate development package or SDK, be sure it has
[0.512s]   been installed.
[0.512s] 
[0.512s] [0m
[0.518s] Invoked command in '/home/dale/Documents/isam2/iSAM2_SLAM/workspace/src/isam2/build/isam2' returned '1': CMAKE_PREFIX_PATH=/opt/ros/foxy CONDA_PROMPT_MODIFIER=(base) /home/dale/miniconda3/bin/cmake /home/dale/Documents/isam2/iSAM2_SLAM/workspace/src/isam2 -DCMAKE_INSTALL_PREFIX=/home/dale/Documents/isam2/iSAM2_SLAM/workspace/src/isam2/install/isam2
