[1.781s] Invoking command in '/home/andrewwhong/classes/16833/iSAM2_SLAM/eufs/build/eufs_sensors': CMAKE_PREFIX_PATH=${CMAKE_PREFIX_PATH}:/home/andrewwhong/classes/16833/iSAM2_SLAM/eufs/install/eufs_launcher:/home/andrewwhong/classes/16833/iSAM2_SLAM/eufs/install/eufs_tracks:/home/andrewwhong/classes/16833/iSAM2_SLAM/eufs/install/eufs_rqt:/home/andrewwhong/classes/16833/iSAM2_SLAM/eufs/install/eufs_racecar:/opt/ros/foxy /usr/bin/cmake /home/andrewwhong/classes/16833/iSAM2_SLAM/eufs/eufs_sim/eufs_sensors -DCMAKE_BUILD_TYPE=RelWithDebInfo -DAMENT_CMAKE_SYMLINK_INSTALL=1 -DCMAKE_INSTALL_PREFIX=/home/andrewwhong/classes/16833/iSAM2_SLAM/eufs/install/eufs_sensors
[1.811s] -- Found ament_cmake: 0.9.12 (/opt/ros/foxy/share/ament_cmake/cmake)
[1.868s] -- Using PYTHON_EXECUTABLE: /usr/local/bin/python3
[2.572s] -- Override CMake install command with custom implementation using symlinks instead of copying resources
[2.626s] -- Found ament_lint_auto: 0.9.8 (/opt/ros/foxy/share/ament_lint_auto/cmake)
[3.099s] -- Added test 'copyright' to check source files copyright and LICENSE
[3.105s] -- Added test 'lint_cmake' to check CMake code style
[3.111s] -- Added test 'xmllint' to check XML markup files
[3.119s] -- Configuring done
[3.130s] -- Generating done
[3.133s] -- Build files have been written to: /home/andrewwhong/classes/16833/iSAM2_SLAM/eufs/build/eufs_sensors
[3.165s] Invoked command in '/home/andrewwhong/classes/16833/iSAM2_SLAM/eufs/build/eufs_sensors' returned '0': CMAKE_PREFIX_PATH=${CMAKE_PREFIX_PATH}:/home/andrewwhong/classes/16833/iSAM2_SLAM/eufs/install/eufs_launcher:/home/andrewwhong/classes/16833/iSAM2_SLAM/eufs/install/eufs_tracks:/home/andrewwhong/classes/16833/iSAM2_SLAM/eufs/install/eufs_rqt:/home/andrewwhong/classes/16833/iSAM2_SLAM/eufs/install/eufs_racecar:/opt/ros/foxy /usr/bin/cmake /home/andrewwhong/classes/16833/iSAM2_SLAM/eufs/eufs_sim/eufs_sensors -DCMAKE_BUILD_TYPE=RelWithDebInfo -DAMENT_CMAKE_SYMLINK_INSTALL=1 -DCMAKE_INSTALL_PREFIX=/home/andrewwhong/classes/16833/iSAM2_SLAM/eufs/install/eufs_sensors
[3.173s] Invoking command in '/home/andrewwhong/classes/16833/iSAM2_SLAM/eufs/build/eufs_sensors': CMAKE_PREFIX_PATH=${CMAKE_PREFIX_PATH}:/home/andrewwhong/classes/16833/iSAM2_SLAM/eufs/install/eufs_launcher:/home/andrewwhong/classes/16833/iSAM2_SLAM/eufs/install/eufs_tracks:/home/andrewwhong/classes/16833/iSAM2_SLAM/eufs/install/eufs_rqt:/home/andrewwhong/classes/16833/iSAM2_SLAM/eufs/install/eufs_racecar:/opt/ros/foxy /usr/bin/cmake --build /home/andrewwhong/classes/16833/iSAM2_SLAM/eufs/build/eufs_sensors -- -j12 -l12
[3.286s] Invoked command in '/home/andrewwhong/classes/16833/iSAM2_SLAM/eufs/build/eufs_sensors' returned '0': CMAKE_PREFIX_PATH=${CMAKE_PREFIX_PATH}:/home/andrewwhong/classes/16833/iSAM2_SLAM/eufs/install/eufs_launcher:/home/andrewwhong/classes/16833/iSAM2_SLAM/eufs/install/eufs_tracks:/home/andrewwhong/classes/16833/iSAM2_SLAM/eufs/install/eufs_rqt:/home/andrewwhong/classes/16833/iSAM2_SLAM/eufs/install/eufs_racecar:/opt/ros/foxy /usr/bin/cmake --build /home/andrewwhong/classes/16833/iSAM2_SLAM/eufs/build/eufs_sensors -- -j12 -l12
[3.376s] Invoking command in '/home/andrewwhong/classes/16833/iSAM2_SLAM/eufs/build/eufs_sensors': CMAKE_PREFIX_PATH=${CMAKE_PREFIX_PATH}:/home/andrewwhong/classes/16833/iSAM2_SLAM/eufs/install/eufs_launcher:/home/andrewwhong/classes/16833/iSAM2_SLAM/eufs/install/eufs_tracks:/home/andrewwhong/classes/16833/iSAM2_SLAM/eufs/install/eufs_rqt:/home/andrewwhong/classes/16833/iSAM2_SLAM/eufs/install/eufs_racecar:/opt/ros/foxy /usr/bin/cmake --install /home/andrewwhong/classes/16833/iSAM2_SLAM/eufs/build/eufs_sensors
[3.398s] -- Install configuration: "RelWithDebInfo"
[3.399s] -- Execute custom install script
[3.400s] -- Symlinking: /home/andrewwhong/classes/16833/iSAM2_SLAM/eufs/install/eufs_sensors/share/eufs_sensors/meshes/VLP16_base_1.dae
[3.424s] -- Symlinking: /home/andrewwhong/classes/16833/iSAM2_SLAM/eufs/install/eufs_sensors/share/eufs_sensors/meshes/VLP16_base_2.dae
[3.445s] -- Symlinking: /home/andrewwhong/classes/16833/iSAM2_SLAM/eufs/install/eufs_sensors/share/eufs_sensors/meshes/VLP16_scan.dae
[3.463s] -- Symlinking: /home/andrewwhong/classes/16833/iSAM2_SLAM/eufs/install/eufs_sensors/share/eufs_sensors/meshes/antenna_3GO16.dae
[3.483s] -- Symlinking: /home/andrewwhong/classes/16833/iSAM2_SLAM/eufs/install/eufs_sensors/share/eufs_sensors/meshes/antenna_3GO16.stl
[3.503s] -- Symlinking: /home/andrewwhong/classes/16833/iSAM2_SLAM/eufs/install/eufs_sensors/share/eufs_sensors/meshes/zed.dae
[3.526s] -- Symlinking: /home/andrewwhong/classes/16833/iSAM2_SLAM/eufs/install/eufs_sensors/share/eufs_sensors/urdf/VLP-16R.urdf.xacro
[3.545s] -- Symlinking: /home/andrewwhong/classes/16833/iSAM2_SLAM/eufs/install/eufs_sensors/share/eufs_sensors/urdf/all_sensors.urdf.xacro
[3.564s] -- Symlinking: /home/andrewwhong/classes/16833/iSAM2_SLAM/eufs/install/eufs_sensors/share/eufs_sensors/urdf/gps.urdf.xacro
[3.583s] -- Symlinking: /home/andrewwhong/classes/16833/iSAM2_SLAM/eufs/install/eufs_sensors/share/eufs_sensors/urdf/imu.urdf.xacro
[3.607s] -- Symlinking: /home/andrewwhong/classes/16833/iSAM2_SLAM/eufs/install/eufs_sensors/share/eufs_sensors/urdf/magnetometer.urdf.xacro
[3.628s] -- Symlinking: /home/andrewwhong/classes/16833/iSAM2_SLAM/eufs/install/eufs_sensors/share/eufs_sensors/urdf/zed.urdf.xacro
[3.653s] -- Symlinking: /home/andrewwhong/classes/16833/iSAM2_SLAM/eufs/install/eufs_sensors/share/ament_index/resource_index/package_run_dependencies/eufs_sensors
[3.678s] -- Symlinking: /home/andrewwhong/classes/16833/iSAM2_SLAM/eufs/install/eufs_sensors/share/ament_index/resource_index/parent_prefix_path/eufs_sensors
[3.700s] -- Symlinking: /home/andrewwhong/classes/16833/iSAM2_SLAM/eufs/install/eufs_sensors/share/eufs_sensors/environment/ament_prefix_path.sh
[3.721s] -- Symlinking: /home/andrewwhong/classes/16833/iSAM2_SLAM/eufs/install/eufs_sensors/share/eufs_sensors/environment/ament_prefix_path.dsv
[3.744s] -- Symlinking: /home/andrewwhong/classes/16833/iSAM2_SLAM/eufs/install/eufs_sensors/share/eufs_sensors/environment/path.sh
[3.764s] -- Symlinking: /home/andrewwhong/classes/16833/iSAM2_SLAM/eufs/install/eufs_sensors/share/eufs_sensors/environment/path.dsv
[3.785s] -- Symlinking: /home/andrewwhong/classes/16833/iSAM2_SLAM/eufs/install/eufs_sensors/share/eufs_sensors/local_setup.bash
[3.807s] -- Symlinking: /home/andrewwhong/classes/16833/iSAM2_SLAM/eufs/install/eufs_sensors/share/eufs_sensors/local_setup.sh
[3.827s] -- Symlinking: /home/andrewwhong/classes/16833/iSAM2_SLAM/eufs/install/eufs_sensors/share/eufs_sensors/local_setup.zsh
[3.856s] -- Symlinking: /home/andrewwhong/classes/16833/iSAM2_SLAM/eufs/install/eufs_sensors/share/eufs_sensors/local_setup.dsv
[3.887s] -- Symlinking: /home/andrewwhong/classes/16833/iSAM2_SLAM/eufs/install/eufs_sensors/share/eufs_sensors/package.dsv
[3.920s] -- Symlinking: /home/andrewwhong/classes/16833/iSAM2_SLAM/eufs/install/eufs_sensors/share/ament_index/resource_index/packages/eufs_sensors
[3.951s] -- Symlinking: /home/andrewwhong/classes/16833/iSAM2_SLAM/eufs/install/eufs_sensors/share/eufs_sensors/cmake/ament_cmake_export_dependencies-extras.cmake
[3.976s] -- Symlinking: /home/andrewwhong/classes/16833/iSAM2_SLAM/eufs/install/eufs_sensors/share/eufs_sensors/cmake/eufs_sensorsConfig.cmake
[4.012s] -- Symlinking: /home/andrewwhong/classes/16833/iSAM2_SLAM/eufs/install/eufs_sensors/share/eufs_sensors/cmake/eufs_sensorsConfig-version.cmake
[4.042s] -- Symlinking: /home/andrewwhong/classes/16833/iSAM2_SLAM/eufs/install/eufs_sensors/share/eufs_sensors/package.xml
[4.085s] Invoked command in '/home/andrewwhong/classes/16833/iSAM2_SLAM/eufs/build/eufs_sensors' returned '0': CMAKE_PREFIX_PATH=${CMAKE_PREFIX_PATH}:/home/andrewwhong/classes/16833/iSAM2_SLAM/eufs/install/eufs_launcher:/home/andrewwhong/classes/16833/iSAM2_SLAM/eufs/install/eufs_tracks:/home/andrewwhong/classes/16833/iSAM2_SLAM/eufs/install/eufs_rqt:/home/andrewwhong/classes/16833/iSAM2_SLAM/eufs/install/eufs_racecar:/opt/ros/foxy /usr/bin/cmake --install /home/andrewwhong/classes/16833/iSAM2_SLAM/eufs/build/eufs_sensors
