[2.409s] Invoking command in '/home/andrewwhong/classes/16833/iSAM2_SLAM/eufs/eufs_sim/eufs_launcher': AMENT_PREFIX_PATH=/home/andrewwhong/classes/16833/iSAM2_SLAM/eufs/install/eufs_tracks:/home/andrewwhong/classes/16833/iSAM2_SLAM/eufs/install/eufs_launcher:/home/andrewwhong/classes/16833/iSAM2_SLAM/eufs/install/eufs_sensors:/home/andrewwhong/classes/16833/iSAM2_SLAM/eufs/install/eufs_rviz_plugins:/home/andrewwhong/classes/16833/iSAM2_SLAM/eufs/install/eufs_rqt:/home/andrewwhong/classes/16833/iSAM2_SLAM/eufs/install/eufs_racecar:/home/andrewwhong/classes/16833/iSAM2_SLAM/eufs/install/eufs_plugins:/home/andrewwhong/classes/16833/iSAM2_SLAM/eufs/install/eufs_models:/home/andrewwhong/classes/16833/iSAM2_SLAM/eufs/install/eufs_msgs:/home/andrewwhong/classes/16833/iSAM2_SLAM/workspace/install/isam2:/home/andrewwhong/classes/16833/iSAM2_SLAM/workspace/install/eufs_msgs:/opt/ros/foxy PYTHONPATH=/home/andrewwhong/classes/16833/iSAM2_SLAM/eufs/build/eufs_launcher/prefix_override:/home/andrewwhong/classes/16833/iSAM2_SLAM/eufs/install/eufs_launcher/lib/python3.8/site-packages:/home/andrewwhong/classes/16833/iSAM2_SLAM/eufs/install/eufs_tracks/lib/python3.8/site-packages:/home/andrewwhong/classes/16833/iSAM2_SLAM/eufs/install/eufs_launcher/lib/python3.8/site-packages:/home/andrewwhong/classes/16833/iSAM2_SLAM/eufs/install/eufs_rqt/lib/python3.8/site-packages:/home/andrewwhong/classes/16833/iSAM2_SLAM/eufs/install/eufs_racecar/lib/python3.8/site-packages:/home/andrewwhong/classes/16833/iSAM2_SLAM/eufs/install/eufs_msgs/lib/python3.8/site-packages:/home/andrewwhong/classes/16833/iSAM2_SLAM/workspace/install/eufs_msgs/lib/python3.8/site-packages:/opt/ros/foxy/lib/python3.8/site-packages /usr/bin/python3 setup.py egg_info --egg-base ../../build/eufs_launcher build --build-base /home/andrewwhong/classes/16833/iSAM2_SLAM/eufs/build/eufs_launcher/build install --record /home/andrewwhong/classes/16833/iSAM2_SLAM/eufs/build/eufs_launcher/install.log --single-version-externally-managed
[2.749s] running egg_info
[2.750s] creating ../../build/eufs_launcher/eufs_launcher.egg-info
[2.776s] writing ../../build/eufs_launcher/eufs_launcher.egg-info/PKG-INFO
[2.777s] writing dependency_links to ../../build/eufs_launcher/eufs_launcher.egg-info/dependency_links.txt
[2.777s] writing requirements to ../../build/eufs_launcher/eufs_launcher.egg-info/requires.txt
[2.778s] writing top-level names to ../../build/eufs_launcher/eufs_launcher.egg-info/top_level.txt
[2.929s] writing manifest file '../../build/eufs_launcher/eufs_launcher.egg-info/SOURCES.txt'
[3.013s] reading manifest file '../../build/eufs_launcher/eufs_launcher.egg-info/SOURCES.txt'
[3.014s] writing manifest file '../../build/eufs_launcher/eufs_launcher.egg-info/SOURCES.txt'
[3.015s] running build
[3.015s] running build_py
[3.015s] creating /home/andrewwhong/classes/16833/iSAM2_SLAM/eufs/build/eufs_launcher/build
[3.016s] creating /home/andrewwhong/classes/16833/iSAM2_SLAM/eufs/build/eufs_launcher/build/lib
[3.016s] creating /home/andrewwhong/classes/16833/iSAM2_SLAM/eufs/build/eufs_launcher/build/lib/eufs_launcher
[3.016s] copying src/eufs_launcher/LauncherModule.py -> /home/andrewwhong/classes/16833/iSAM2_SLAM/eufs/build/eufs_launcher/build/lib/eufs_launcher
[3.017s] copying src/eufs_launcher/__init__.py -> /home/andrewwhong/classes/16833/iSAM2_SLAM/eufs/build/eufs_launcher/build/lib/eufs_launcher
[3.017s] running build_scripts
[3.017s] creating /home/andrewwhong/classes/16833/iSAM2_SLAM/eufs/build/eufs_launcher/build/scripts-3.8
[3.017s] copying and adjusting scripts/eufs_launcher -> /home/andrewwhong/classes/16833/iSAM2_SLAM/eufs/build/eufs_launcher/build/scripts-3.8
[3.017s] changing mode of /home/andrewwhong/classes/16833/iSAM2_SLAM/eufs/build/eufs_launcher/build/scripts-3.8/eufs_launcher from 644 to 755
[3.017s] running install
[3.017s] /home/andrewwhong/.local/lib/python3.8/site-packages/setuptools/_distutils/cmd.py:66: SetuptoolsDeprecationWarning: setup.py install is deprecated.
[3.018s] !!
[3.018s] 
[3.018s]         ********************************************************************************
[3.018s]         Please avoid running ``setup.py`` directly.
[3.018s]         Instead, use pypa/build, pypa/installer or other
[3.018s]         standards-based tools.
[3.018s] 
[3.019s]         See https://blog.ganssle.io/articles/2021/10/setup-py-deprecated.html for details.
[3.019s]         ********************************************************************************
[3.019s] 
[3.019s] !!
[3.019s]   self.initialize_options()
[3.024s] running install_lib
[3.051s] creating /home/andrewwhong/classes/16833/iSAM2_SLAM/eufs/install/eufs_launcher/lib/python3.8/site-packages/eufs_launcher
[3.052s] copying /home/andrewwhong/classes/16833/iSAM2_SLAM/eufs/build/eufs_launcher/build/lib/eufs_launcher/LauncherModule.py -> /home/andrewwhong/classes/16833/iSAM2_SLAM/eufs/install/eufs_launcher/lib/python3.8/site-packages/eufs_launcher
[3.052s] copying /home/andrewwhong/classes/16833/iSAM2_SLAM/eufs/build/eufs_launcher/build/lib/eufs_launcher/__init__.py -> /home/andrewwhong/classes/16833/iSAM2_SLAM/eufs/install/eufs_launcher/lib/python3.8/site-packages/eufs_launcher
[3.052s] byte-compiling /home/andrewwhong/classes/16833/iSAM2_SLAM/eufs/install/eufs_launcher/lib/python3.8/site-packages/eufs_launcher/LauncherModule.py to LauncherModule.cpython-38.pyc
[3.055s] byte-compiling /home/andrewwhong/classes/16833/iSAM2_SLAM/eufs/install/eufs_launcher/lib/python3.8/site-packages/eufs_launcher/__init__.py to __init__.cpython-38.pyc
[3.055s] running install_data
[3.082s] copying launch/eufs_launcher.launch.py -> /home/andrewwhong/classes/16833/iSAM2_SLAM/eufs/install/eufs_launcher/share/eufs_launcher
[3.083s] copying launch/simulation.launch.py -> /home/andrewwhong/classes/16833/iSAM2_SLAM/eufs/install/eufs_launcher/share/eufs_launcher
[3.083s] creating /home/andrewwhong/classes/16833/iSAM2_SLAM/eufs/install/eufs_launcher/share/eufs_launcher/config
[3.083s] copying config/default.rviz -> /home/andrewwhong/classes/16833/iSAM2_SLAM/eufs/install/eufs_launcher/share/eufs_launcher/config
[3.084s] copying config/eufs_launcher.yaml -> /home/andrewwhong/classes/16833/iSAM2_SLAM/eufs/install/eufs_launcher/share/eufs_launcher/config
[3.084s] creating /home/andrewwhong/classes/16833/iSAM2_SLAM/eufs/install/eufs_launcher/share/eufs_launcher/resource
[3.084s] copying resource/launcher.ui -> /home/andrewwhong/classes/16833/iSAM2_SLAM/eufs/install/eufs_launcher/share/eufs_launcher/resource
[3.085s] copying plugin.xml -> /home/andrewwhong/classes/16833/iSAM2_SLAM/eufs/install/eufs_launcher/share/eufs_launcher
[3.085s] copying package.xml -> /home/andrewwhong/classes/16833/iSAM2_SLAM/eufs/install/eufs_launcher/share/eufs_launcher
[3.085s] creating /home/andrewwhong/classes/16833/iSAM2_SLAM/eufs/install/eufs_launcher/share/ament_index
[3.085s] creating /home/andrewwhong/classes/16833/iSAM2_SLAM/eufs/install/eufs_launcher/share/ament_index/resource_index
[3.086s] creating /home/andrewwhong/classes/16833/iSAM2_SLAM/eufs/install/eufs_launcher/share/ament_index/resource_index/packages
[3.086s] copying resource/eufs_launcher -> /home/andrewwhong/classes/16833/iSAM2_SLAM/eufs/install/eufs_launcher/share/ament_index/resource_index/packages
[3.086s] running install_egg_info
[3.115s] Copying ../../build/eufs_launcher/eufs_launcher.egg-info to /home/andrewwhong/classes/16833/iSAM2_SLAM/eufs/install/eufs_launcher/lib/python3.8/site-packages/eufs_launcher-2.0.0-py3.8.egg-info
[3.116s] running install_scripts
[3.144s] creating /home/andrewwhong/classes/16833/iSAM2_SLAM/eufs/install/eufs_launcher/lib/eufs_launcher
[3.144s] copying /home/andrewwhong/classes/16833/iSAM2_SLAM/eufs/build/eufs_launcher/build/scripts-3.8/eufs_launcher -> /home/andrewwhong/classes/16833/iSAM2_SLAM/eufs/install/eufs_launcher/lib/eufs_launcher
[3.144s] changing mode of /home/andrewwhong/classes/16833/iSAM2_SLAM/eufs/install/eufs_launcher/lib/eufs_launcher/eufs_launcher to 755
[3.164s] writing list of installed files to '/home/andrewwhong/classes/16833/iSAM2_SLAM/eufs/build/eufs_launcher/install.log'
[3.205s] Invoked command in '/home/andrewwhong/classes/16833/iSAM2_SLAM/eufs/eufs_sim/eufs_launcher' returned '0': AMENT_PREFIX_PATH=/home/andrewwhong/classes/16833/iSAM2_SLAM/eufs/install/eufs_tracks:/home/andrewwhong/classes/16833/iSAM2_SLAM/eufs/install/eufs_launcher:/home/andrewwhong/classes/16833/iSAM2_SLAM/eufs/install/eufs_sensors:/home/andrewwhong/classes/16833/iSAM2_SLAM/eufs/install/eufs_rviz_plugins:/home/andrewwhong/classes/16833/iSAM2_SLAM/eufs/install/eufs_rqt:/home/andrewwhong/classes/16833/iSAM2_SLAM/eufs/install/eufs_racecar:/home/andrewwhong/classes/16833/iSAM2_SLAM/eufs/install/eufs_plugins:/home/andrewwhong/classes/16833/iSAM2_SLAM/eufs/install/eufs_models:/home/andrewwhong/classes/16833/iSAM2_SLAM/eufs/install/eufs_msgs:/home/andrewwhong/classes/16833/iSAM2_SLAM/workspace/install/isam2:/home/andrewwhong/classes/16833/iSAM2_SLAM/workspace/install/eufs_msgs:/opt/ros/foxy PYTHONPATH=/home/andrewwhong/classes/16833/iSAM2_SLAM/eufs/build/eufs_launcher/prefix_override:/home/andrewwhong/classes/16833/iSAM2_SLAM/eufs/install/eufs_launcher/lib/python3.8/site-packages:/home/andrewwhong/classes/16833/iSAM2_SLAM/eufs/install/eufs_tracks/lib/python3.8/site-packages:/home/andrewwhong/classes/16833/iSAM2_SLAM/eufs/install/eufs_launcher/lib/python3.8/site-packages:/home/andrewwhong/classes/16833/iSAM2_SLAM/eufs/install/eufs_rqt/lib/python3.8/site-packages:/home/andrewwhong/classes/16833/iSAM2_SLAM/eufs/install/eufs_racecar/lib/python3.8/site-packages:/home/andrewwhong/classes/16833/iSAM2_SLAM/eufs/install/eufs_msgs/lib/python3.8/site-packages:/home/andrewwhong/classes/16833/iSAM2_SLAM/workspace/install/eufs_msgs/lib/python3.8/site-packages:/opt/ros/foxy/lib/python3.8/site-packages /usr/bin/python3 setup.py egg_info --egg-base ../../build/eufs_launcher build --build-base /home/andrewwhong/classes/16833/iSAM2_SLAM/eufs/build/eufs_launcher/build install --record /home/andrewwhong/classes/16833/iSAM2_SLAM/eufs/build/eufs_launcher/install.log --single-version-externally-managed
