[0.073s] Invoking command in '/home/andrewwhong/classes/16833/iSAM2_SLAM/workspace/build/eufs_msgs': CMAKE_PREFIX_PATH=/opt/ros/foxy WSLENV=ELECTRON_RUN_AS_NODE/w: /usr/bin/cmake /home/andrewwhong/classes/16833/iSAM2_SLAM/workspace/src/eufs_msgs -DCMAKE_INSTALL_PREFIX=/home/andrewwhong/classes/16833/iSAM2_SLAM/workspace/install/eufs_msgs
[0.086s] -- Found ament_cmake: 0.9.12 (/opt/ros/foxy/share/ament_cmake/cmake)
[0.101s] -- Found PythonInterp: /usr/local/bin/python3 (found suitable version "3.11.6", minimum required is "3") 
[0.102s] -- Using PYTHON_EXECUTABLE: /usr/local/bin/python3
[0.341s] -- Found rosidl_default_generators: 1.0.1 (/opt/ros/foxy/share/rosidl_default_generators/cmake)
[0.343s] -- Using all available rosidl_typesupport_c: rosidl_typesupport_fastrtps_c;rosidl_typesupport_introspection_c
[0.347s] -- Found rosidl_adapter: 1.3.1 (/opt/ros/foxy/share/rosidl_adapter/cmake)
[14.287s] -- Using all available rosidl_typesupport_cpp: rosidl_typesupport_fastrtps_cpp;rosidl_typesupport_introspection_cpp
[14.332s] -- Found std_msgs: 2.0.5 (/opt/ros/foxy/share/std_msgs/cmake)
[14.367s] -- Found geometry_msgs: 2.0.5 (/opt/ros/foxy/share/geometry_msgs/cmake)
[14.408s] -- Found sensor_msgs: 2.0.5 (/opt/ros/foxy/share/sensor_msgs/cmake)
[14.514s] -- Found PythonInterp: /usr/local/bin/python3 (found version "3.11.6") 
[14.569s] CMake Error at /opt/ros/foxy/share/rosidl_adapter/cmake/rosidl_adapt_interfaces.cmake:60 (message):
[14.569s]   execute_process(/usr/local/bin/python3 -m rosidl_adapter --package-name
[14.569s]   eufs_msgs --arguments-file
[14.569s]   /home/andrewwhong/classes/16833/iSAM2_SLAM/workspace/build/eufs_msgs/rosidl_adapter__arguments__eufs_msgs.json
[14.569s]   --output-dir
[14.569s]   /home/andrewwhong/classes/16833/iSAM2_SLAM/workspace/build/eufs_msgs/rosidl_adapter/eufs_msgs
[14.569s]   --output-file
[14.569s]   /home/andrewwhong/classes/16833/iSAM2_SLAM/workspace/build/eufs_msgs/rosidl_adapter/eufs_msgs.idls)
[14.569s]   returned error code 1:
[14.570s] 
[14.570s]   AttributeError processing template 'msg.idl.em'
[14.570s] 
[14.570s]   Traceback (most recent call last):
[14.570s] 
[14.570s]     File "/opt/ros/foxy/lib/python3.8/site-packages/rosidl_adapter/resource/__init__.py", line 51, in evaluate_template
[14.570s]       em.BUFFERED_OPT: True,
[14.570s]       ^^^^^^^^^^^^^^^
[14.570s] 
[14.571s]   AttributeError: module 'em' has no attribute 'BUFFERED_OPT'
[14.571s] 
[14.571s]   
[14.571s] 
[14.571s]   During handling of the above exception, another exception occurred:
[14.571s] 
[14.571s]   
[14.571s] 
[14.571s]   Traceback (most recent call last):
[14.571s] 
[14.571s]     File "<frozen runpy>", line 198, in _run_module_as_main
[14.571s]     File "<frozen runpy>", line 88, in _run_code
[14.571s]     File "/opt/ros/foxy/lib/python3.8/site-packages/rosidl_adapter/__main__.py", line 19, in <module>
[14.572s]       sys.exit(main())
[14.572s]                ^^^^^^
[14.572s]     File "/opt/ros/foxy/lib/python3.8/site-packages/rosidl_adapter/main.py", line 53, in main
[14.572s]       abs_idl_file = convert_to_idl(
[14.572s]                      ^^^^^^^^^^^^^^^
[14.572s]     File "/opt/ros/foxy/lib/python3.8/site-packages/rosidl_adapter/__init__.py", line 19, in convert_to_idl
[14.572s]       return convert_msg_to_idl(
[14.572s]              ^^^^^^^^^^^^^^^^^^^
[14.572s]     File "/opt/ros/foxy/lib/python3.8/site-packages/rosidl_adapter/msg/__init__.py", line 39, in convert_msg_to_idl
[14.572s]       expand_template('msg.idl.em', data, output_file, encoding='iso-8859-1')
[14.572s]     File "/opt/ros/foxy/lib/python3.8/site-packages/rosidl_adapter/resource/__init__.py", line 23, in expand_template
[14.572s]       content = evaluate_template(template_name, data)
[14.573s]                 ^^^^^^^^^^^^^^^^^^^^^^^^^^^^^^^^^^^^^^
[14.573s]     File "/opt/ros/foxy/lib/python3.8/site-packages/rosidl_adapter/resource/__init__.py", line 69, in evaluate_template
[14.573s]       _interpreter.shutdown()
[14.573s]       ^^^^^^^^^^^^^^^^^^^^^
[14.573s] 
[14.573s]   AttributeError: 'NoneType' object has no attribute 'shutdown'
[14.573s] 
[14.573s] Call Stack (most recent call first):
[14.573s]   /opt/ros/foxy/share/rosidl_cmake/cmake/rosidl_generate_interfaces.cmake:130 (rosidl_adapt_interfaces)
[14.573s]   CMakeLists.txt:82 (rosidl_generate_interfaces)
[14.573s] 
[14.573s] 
[14.573s] -- Configuring incomplete, errors occurred!
[14.574s] See also "/home/andrewwhong/classes/16833/iSAM2_SLAM/workspace/build/eufs_msgs/CMakeFiles/CMakeOutput.log".
[14.578s] Invoked command in '/home/andrewwhong/classes/16833/iSAM2_SLAM/workspace/build/eufs_msgs' returned '1': CMAKE_PREFIX_PATH=/opt/ros/foxy WSLENV=ELECTRON_RUN_AS_NODE/w: /usr/bin/cmake /home/andrewwhong/classes/16833/iSAM2_SLAM/workspace/src/eufs_msgs -DCMAKE_INSTALL_PREFIX=/home/andrewwhong/classes/16833/iSAM2_SLAM/workspace/install/eufs_msgs
