[7.103s] DEBUG:colcon:Command line arguments: ['/usr/bin/colcon', 'build', '--symlink-install', '--cmake-args', '-DCMAKE_BUILD_TYPE=RelWithDebInfo']
[7.103s] DEBUG:colcon:Parsed command line arguments: Namespace(allow_overriding=[], ament_cmake_args=None, base_paths=['.'], build_base='build', catkin_cmake_args=None, catkin_skip_building_tests=False, cmake_args=['-DCMAKE_BUILD_TYPE=RelWithDebInfo'], cmake_clean_cache=False, cmake_clean_first=False, cmake_force_configure=False, cmake_target=None, cmake_target_skip_unavailable=False, continue_on_error=False, event_handlers=None, executor='parallel', ignore_user_meta=False, install_base='install', log_base=None, log_level=None, main=<bound method BuildVerb.main of <colcon_core.verb.build.BuildVerb object at 0x7f1d194abeb0>>, merge_install=False, metas=['./colcon.meta'], packages_above=None, packages_above_and_dependencies=None, packages_above_depth=None, packages_end=None, packages_ignore=None, packages_ignore_regex=None, packages_select=None, packages_select_build_failed=False, packages_select_by_dep=None, packages_select_regex=None, packages_select_test_failures=False, packages_skip=None, packages_skip_build_finished=False, packages_skip_by_dep=None, packages_skip_regex=None, packages_skip_test_passed=False, packages_skip_up_to=None, packages_start=None, packages_up_to=None, packages_up_to_regex=None, parallel_workers=12, paths=None, symlink_install=True, test_result_base=None, verb_extension=<colcon_core.verb.build.BuildVerb object at 0x7f1d194abeb0>, verb_name='build', verb_parser=<colcon_defaults.argument_parser.defaults.DefaultArgumentsDecorator object at 0x7f1d190cbe20>)
[7.399s] Level 1:colcon.colcon_core.package_discovery:discover_packages(colcon_meta) check parameters
[7.400s] Level 1:colcon.colcon_core.package_discovery:discover_packages(recursive) check parameters
[7.400s] Level 1:colcon.colcon_core.package_discovery:discover_packages(ignore) check parameters
[7.400s] Level 1:colcon.colcon_core.package_discovery:discover_packages(path) check parameters
[7.400s] Level 1:colcon.colcon_core.package_discovery:discover_packages(colcon_meta) discover
[7.400s] Level 1:colcon.colcon_core.package_discovery:discover_packages(recursive) discover
[7.400s] INFO:colcon.colcon_core.package_discovery:Crawling recursively for packages in '/home/andrewwhong/classes/16833/iSAM2_SLAM/workspace'
[7.401s] Level 1:colcon.colcon_core.package_identification:_identify(.) by extensions ['ignore', 'ignore_ament_install']
[7.401s] Level 1:colcon.colcon_core.package_identification:_identify(.) by extension 'ignore'
[7.401s] Level 1:colcon.colcon_core.package_identification:_identify(.) by extension 'ignore_ament_install'
[7.401s] Level 1:colcon.colcon_core.package_identification:_identify(.) by extensions ['colcon_pkg']
[7.401s] Level 1:colcon.colcon_core.package_identification:_identify(.) by extension 'colcon_pkg'
[7.402s] Level 1:colcon.colcon_core.package_identification:_identify(.) by extensions ['colcon_meta']
[7.402s] Level 1:colcon.colcon_core.package_identification:_identify(.) by extension 'colcon_meta'
[7.402s] Level 1:colcon.colcon_core.package_identification:_identify(.) by extensions ['ros']
[7.402s] Level 1:colcon.colcon_core.package_identification:_identify(.) by extension 'ros'
[7.516s] Level 1:colcon.colcon_core.package_identification:_identify(.) by extensions ['cmake', 'python']
[7.516s] Level 1:colcon.colcon_core.package_identification:_identify(.) by extension 'cmake'
[7.516s] Level 1:colcon.colcon_core.package_identification:_identify(.) by extension 'python'
[7.517s] Level 1:colcon.colcon_core.package_identification:_identify(.) by extensions ['python_setup_py']
[7.517s] Level 1:colcon.colcon_core.package_identification:_identify(.) by extension 'python_setup_py'
[7.517s] Level 1:colcon.colcon_core.package_identification:_identify(build) by extensions ['ignore', 'ignore_ament_install']
[7.517s] Level 1:colcon.colcon_core.package_identification:_identify(build) by extension 'ignore'
[7.517s] Level 1:colcon.colcon_core.package_identification:_identify(build) ignored
[7.517s] Level 1:colcon.colcon_core.package_identification:_identify(install) by extensions ['ignore', 'ignore_ament_install']
[7.518s] Level 1:colcon.colcon_core.package_identification:_identify(install) by extension 'ignore'
[7.518s] Level 1:colcon.colcon_core.package_identification:_identify(install) ignored
[7.518s] Level 1:colcon.colcon_core.package_identification:_identify(log) by extensions ['ignore', 'ignore_ament_install']
[7.518s] Level 1:colcon.colcon_core.package_identification:_identify(log) by extension 'ignore'
[7.518s] Level 1:colcon.colcon_core.package_identification:_identify(log) ignored
[7.518s] Level 1:colcon.colcon_core.package_identification:_identify(src) by extensions ['ignore', 'ignore_ament_install']
[7.519s] Level 1:colcon.colcon_core.package_identification:_identify(src) by extension 'ignore'
[7.519s] Level 1:colcon.colcon_core.package_identification:_identify(src) by extension 'ignore_ament_install'
[7.519s] Level 1:colcon.colcon_core.package_identification:_identify(src) by extensions ['colcon_pkg']
[7.519s] Level 1:colcon.colcon_core.package_identification:_identify(src) by extension 'colcon_pkg'
[7.519s] Level 1:colcon.colcon_core.package_identification:_identify(src) by extensions ['colcon_meta']
[7.519s] Level 1:colcon.colcon_core.package_identification:_identify(src) by extension 'colcon_meta'
[7.519s] Level 1:colcon.colcon_core.package_identification:_identify(src) by extensions ['ros']
[7.519s] Level 1:colcon.colcon_core.package_identification:_identify(src) by extension 'ros'
[7.519s] Level 1:colcon.colcon_core.package_identification:_identify(src) by extensions ['cmake', 'python']
[7.519s] Level 1:colcon.colcon_core.package_identification:_identify(src) by extension 'cmake'
[7.519s] Level 1:colcon.colcon_core.package_identification:_identify(src) by extension 'python'
[7.519s] Level 1:colcon.colcon_core.package_identification:_identify(src) by extensions ['python_setup_py']
[7.519s] Level 1:colcon.colcon_core.package_identification:_identify(src) by extension 'python_setup_py'
[7.520s] Level 1:colcon.colcon_core.package_identification:_identify(src/eufs_msgs) by extensions ['ignore', 'ignore_ament_install']
[7.520s] Level 1:colcon.colcon_core.package_identification:_identify(src/eufs_msgs) by extension 'ignore'
[7.520s] Level 1:colcon.colcon_core.package_identification:_identify(src/eufs_msgs) by extension 'ignore_ament_install'
[7.520s] Level 1:colcon.colcon_core.package_identification:_identify(src/eufs_msgs) by extensions ['colcon_pkg']
[7.520s] Level 1:colcon.colcon_core.package_identification:_identify(src/eufs_msgs) by extension 'colcon_pkg'
[7.520s] Level 1:colcon.colcon_core.package_identification:_identify(src/eufs_msgs) by extensions ['colcon_meta']
[7.520s] Level 1:colcon.colcon_core.package_identification:_identify(src/eufs_msgs) by extension 'colcon_meta'
[7.520s] Level 1:colcon.colcon_core.package_identification:_identify(src/eufs_msgs) by extensions ['ros']
[7.520s] Level 1:colcon.colcon_core.package_identification:_identify(src/eufs_msgs) by extension 'ros'
[7.525s] DEBUG:colcon.colcon_core.package_identification:Package 'src/eufs_msgs' with type 'ros.ament_cmake' and name 'eufs_msgs'
[7.526s] Level 1:colcon.colcon_core.package_identification:_identify(src/isam2) by extensions ['ignore', 'ignore_ament_install']
[7.526s] Level 1:colcon.colcon_core.package_identification:_identify(src/isam2) by extension 'ignore'
[7.526s] Level 1:colcon.colcon_core.package_identification:_identify(src/isam2) by extension 'ignore_ament_install'
[7.527s] Level 1:colcon.colcon_core.package_identification:_identify(src/isam2) by extensions ['colcon_pkg']
[7.527s] Level 1:colcon.colcon_core.package_identification:_identify(src/isam2) by extension 'colcon_pkg'
[7.527s] Level 1:colcon.colcon_core.package_identification:_identify(src/isam2) by extensions ['colcon_meta']
[7.527s] Level 1:colcon.colcon_core.package_identification:_identify(src/isam2) by extension 'colcon_meta'
[7.527s] Level 1:colcon.colcon_core.package_identification:_identify(src/isam2) by extensions ['ros']
[7.527s] Level 1:colcon.colcon_core.package_identification:_identify(src/isam2) by extension 'ros'
[7.529s] DEBUG:colcon.colcon_core.package_identification:Package 'src/isam2' with type 'ros.ament_cmake' and name 'isam2'
[7.529s] Level 1:colcon.colcon_core.package_discovery:discover_packages(recursive) using defaults
[7.529s] Level 1:colcon.colcon_core.package_discovery:discover_packages(ignore) discover
[7.529s] Level 1:colcon.colcon_core.package_discovery:discover_packages(ignore) using defaults
[7.529s] Level 1:colcon.colcon_core.package_discovery:discover_packages(path) discover
[7.529s] Level 1:colcon.colcon_core.package_discovery:discover_packages(path) using defaults
[7.700s] Level 1:colcon.colcon_core.package_discovery:discover_packages(prefix_path) check parameters
[7.700s] Level 1:colcon.colcon_core.package_discovery:discover_packages(prefix_path) discover
[7.754s] DEBUG:colcon.colcon_installed_package_information.package_discovery:Found 2 installed packages in /home/andrewwhong/classes/16833/iSAM2_SLAM/workspace/install
[7.781s] DEBUG:colcon.colcon_installed_package_information.package_discovery:Found 267 installed packages in /opt/ros/foxy
[7.784s] Level 1:colcon.colcon_core.package_discovery:discover_packages(prefix_path) using defaults
[7.950s] Level 5:colcon.colcon_core.verb:set package 'eufs_msgs' build argument 'cmake_args' from command line to '['-DCMAKE_BUILD_TYPE=RelWithDebInfo']'
[7.950s] Level 5:colcon.colcon_core.verb:set package 'eufs_msgs' build argument 'cmake_target' from command line to 'None'
[7.950s] Level 5:colcon.colcon_core.verb:set package 'eufs_msgs' build argument 'cmake_target_skip_unavailable' from command line to 'False'
[7.950s] Level 5:colcon.colcon_core.verb:set package 'eufs_msgs' build argument 'cmake_clean_cache' from command line to 'False'
[7.950s] Level 5:colcon.colcon_core.verb:set package 'eufs_msgs' build argument 'cmake_clean_first' from command line to 'False'
[7.950s] Level 5:colcon.colcon_core.verb:set package 'eufs_msgs' build argument 'cmake_force_configure' from command line to 'False'
[7.950s] Level 5:colcon.colcon_core.verb:set package 'eufs_msgs' build argument 'ament_cmake_args' from command line to 'None'
[7.950s] Level 5:colcon.colcon_core.verb:set package 'eufs_msgs' build argument 'catkin_cmake_args' from command line to 'None'
[7.950s] Level 5:colcon.colcon_core.verb:set package 'eufs_msgs' build argument 'catkin_skip_building_tests' from command line to 'False'
[7.950s] DEBUG:colcon.colcon_core.verb:Building package 'eufs_msgs' with the following arguments: {'ament_cmake_args': None, 'build_base': '/home/andrewwhong/classes/16833/iSAM2_SLAM/workspace/build/eufs_msgs', 'catkin_cmake_args': None, 'catkin_skip_building_tests': False, 'cmake_args': ['-DCMAKE_BUILD_TYPE=RelWithDebInfo'], 'cmake_clean_cache': False, 'cmake_clean_first': False, 'cmake_force_configure': False, 'cmake_target': None, 'cmake_target_skip_unavailable': False, 'install_base': '/home/andrewwhong/classes/16833/iSAM2_SLAM/workspace/install/eufs_msgs', 'merge_install': False, 'path': '/home/andrewwhong/classes/16833/iSAM2_SLAM/workspace/src/eufs_msgs', 'symlink_install': True, 'test_result_base': None}
[7.976s] Level 5:colcon.colcon_core.verb:set package 'isam2' build argument 'cmake_args' from command line to '['-DCMAKE_BUILD_TYPE=RelWithDebInfo']'
[7.977s] Level 5:colcon.colcon_core.verb:set package 'isam2' build argument 'cmake_target' from command line to 'None'
[7.977s] Level 5:colcon.colcon_core.verb:set package 'isam2' build argument 'cmake_target_skip_unavailable' from command line to 'False'
[7.977s] Level 5:colcon.colcon_core.verb:set package 'isam2' build argument 'cmake_clean_cache' from command line to 'False'
[7.977s] Level 5:colcon.colcon_core.verb:set package 'isam2' build argument 'cmake_clean_first' from command line to 'False'
[7.977s] Level 5:colcon.colcon_core.verb:set package 'isam2' build argument 'cmake_force_configure' from command line to 'False'
[7.977s] Level 5:colcon.colcon_core.verb:set package 'isam2' build argument 'ament_cmake_args' from command line to 'None'
[7.977s] Level 5:colcon.colcon_core.verb:set package 'isam2' build argument 'catkin_cmake_args' from command line to 'None'
[7.977s] Level 5:colcon.colcon_core.verb:set package 'isam2' build argument 'catkin_skip_building_tests' from command line to 'False'
[7.977s] DEBUG:colcon.colcon_core.verb:Building package 'isam2' with the following arguments: {'ament_cmake_args': None, 'build_base': '/home/andrewwhong/classes/16833/iSAM2_SLAM/workspace/build/isam2', 'catkin_cmake_args': None, 'catkin_skip_building_tests': False, 'cmake_args': ['-DCMAKE_BUILD_TYPE=RelWithDebInfo'], 'cmake_clean_cache': False, 'cmake_clean_first': False, 'cmake_force_configure': False, 'cmake_target': None, 'cmake_target_skip_unavailable': False, 'install_base': '/home/andrewwhong/classes/16833/iSAM2_SLAM/workspace/install/isam2', 'merge_install': False, 'path': '/home/andrewwhong/classes/16833/iSAM2_SLAM/workspace/src/isam2', 'symlink_install': True, 'test_result_base': None}
[7.999s] INFO:colcon.colcon_core.executor:Executing jobs using 'parallel' executor
[8.023s] DEBUG:colcon.colcon_parallel_executor.executor.parallel:run_until_complete
[8.023s] INFO:colcon.colcon_ros.task.ament_cmake.build:Building ROS package in '/home/andrewwhong/classes/16833/iSAM2_SLAM/workspace/src/eufs_msgs' with build type 'ament_cmake'
[8.024s] INFO:colcon.colcon_cmake.task.cmake.build:Building CMake package in '/home/andrewwhong/classes/16833/iSAM2_SLAM/workspace/src/eufs_msgs'
[8.066s] INFO:colcon.colcon_core.plugin_system:Skipping extension 'colcon_core.shell.bat': Not used on non-Windows systems
[8.067s] INFO:colcon.colcon_core.shell:Skip shell extension 'powershell' for command environment: Not usable outside of PowerShell
[8.067s] DEBUG:colcon.colcon_core.shell:Skip shell extension 'dsv' for command environment
[8.191s] DEBUG:colcon.colcon_core.event_handler.log_command:Invoking command in '/home/andrewwhong/classes/16833/iSAM2_SLAM/workspace/build/eufs_msgs': CMAKE_PREFIX_PATH=${CMAKE_PREFIX_PATH}:/opt/ros/foxy WSLENV=ELECTRON_RUN_AS_NODE/w: /usr/bin/cmake --build /home/andrewwhong/classes/16833/iSAM2_SLAM/workspace/build/eufs_msgs -- -j12 -l12
[8.934s] DEBUG:colcon.colcon_core.event_handler.log_command:Invoked command in '/home/andrewwhong/classes/16833/iSAM2_SLAM/workspace/build/eufs_msgs' returned '0': CMAKE_PREFIX_PATH=${CMAKE_PREFIX_PATH}:/opt/ros/foxy WSLENV=ELECTRON_RUN_AS_NODE/w: /usr/bin/cmake --build /home/andrewwhong/classes/16833/iSAM2_SLAM/workspace/build/eufs_msgs -- -j12 -l12
[10.328s] DEBUG:colcon.colcon_core.event_handler.log_command:Invoking command in '/home/andrewwhong/classes/16833/iSAM2_SLAM/workspace/build/eufs_msgs': CMAKE_PREFIX_PATH=${CMAKE_PREFIX_PATH}:/opt/ros/foxy WSLENV=ELECTRON_RUN_AS_NODE/w: /usr/bin/cmake --install /home/andrewwhong/classes/16833/iSAM2_SLAM/workspace/build/eufs_msgs
[11.259s] Level 1:colcon.colcon_core.environment:create_environment_scripts_only(eufs_msgs)
[11.261s] DEBUG:colcon.colcon_core.event_handler.log_command:Invoked command in '/home/andrewwhong/classes/16833/iSAM2_SLAM/workspace/build/eufs_msgs' returned '0': CMAKE_PREFIX_PATH=${CMAKE_PREFIX_PATH}:/opt/ros/foxy WSLENV=ELECTRON_RUN_AS_NODE/w: /usr/bin/cmake --install /home/andrewwhong/classes/16833/iSAM2_SLAM/workspace/build/eufs_msgs
[11.320s] Level 1:colcon.colcon_core.environment:checking '/home/andrewwhong/classes/16833/iSAM2_SLAM/workspace/install/eufs_msgs' for CMake module files
[11.321s] Level 1:colcon.colcon_core.environment:checking '/home/andrewwhong/classes/16833/iSAM2_SLAM/workspace/install/eufs_msgs' for CMake config files
[11.330s] Level 1:colcon.colcon_core.shell:create_environment_hook('eufs_msgs', 'cmake_prefix_path')
[11.367s] INFO:colcon.colcon_core.shell:Creating environment hook '/home/andrewwhong/classes/16833/iSAM2_SLAM/workspace/install/eufs_msgs/share/eufs_msgs/hook/cmake_prefix_path.ps1'
[11.368s] INFO:colcon.colcon_core.shell:Creating environment descriptor '/home/andrewwhong/classes/16833/iSAM2_SLAM/workspace/install/eufs_msgs/share/eufs_msgs/hook/cmake_prefix_path.dsv'
[11.370s] INFO:colcon.colcon_core.shell:Creating environment hook '/home/andrewwhong/classes/16833/iSAM2_SLAM/workspace/install/eufs_msgs/share/eufs_msgs/hook/cmake_prefix_path.sh'
[11.373s] Level 1:colcon.colcon_core.environment:checking '/home/andrewwhong/classes/16833/iSAM2_SLAM/workspace/install/eufs_msgs/lib'
[11.374s] Level 1:colcon.colcon_core.shell:create_environment_hook('eufs_msgs', 'ld_library_path_lib')
[11.413s] INFO:colcon.colcon_core.shell:Creating environment hook '/home/andrewwhong/classes/16833/iSAM2_SLAM/workspace/install/eufs_msgs/share/eufs_msgs/hook/ld_library_path_lib.ps1'
[11.414s] INFO:colcon.colcon_core.shell:Creating environment descriptor '/home/andrewwhong/classes/16833/iSAM2_SLAM/workspace/install/eufs_msgs/share/eufs_msgs/hook/ld_library_path_lib.dsv'
[11.415s] INFO:colcon.colcon_core.shell:Creating environment hook '/home/andrewwhong/classes/16833/iSAM2_SLAM/workspace/install/eufs_msgs/share/eufs_msgs/hook/ld_library_path_lib.sh'
[11.416s] Level 1:colcon.colcon_core.environment:checking '/home/andrewwhong/classes/16833/iSAM2_SLAM/workspace/install/eufs_msgs/bin'
[11.416s] Level 1:colcon.colcon_core.environment:checking '/home/andrewwhong/classes/16833/iSAM2_SLAM/workspace/install/eufs_msgs/lib/pkgconfig/eufs_msgs.pc'
[11.417s] Level 1:colcon.colcon_core.environment:checking '/home/andrewwhong/classes/16833/iSAM2_SLAM/workspace/install/eufs_msgs/lib/python3.8/site-packages'
[11.417s] Level 1:colcon.colcon_core.shell:create_environment_hook('eufs_msgs', 'pythonpath')
[11.450s] INFO:colcon.colcon_core.shell:Creating environment hook '/home/andrewwhong/classes/16833/iSAM2_SLAM/workspace/install/eufs_msgs/share/eufs_msgs/hook/pythonpath.ps1'
[11.451s] INFO:colcon.colcon_core.shell:Creating environment descriptor '/home/andrewwhong/classes/16833/iSAM2_SLAM/workspace/install/eufs_msgs/share/eufs_msgs/hook/pythonpath.dsv'
[11.451s] INFO:colcon.colcon_core.shell:Creating environment hook '/home/andrewwhong/classes/16833/iSAM2_SLAM/workspace/install/eufs_msgs/share/eufs_msgs/hook/pythonpath.sh'
[11.453s] Level 1:colcon.colcon_core.environment:checking '/home/andrewwhong/classes/16833/iSAM2_SLAM/workspace/install/eufs_msgs/bin'
[11.487s] INFO:colcon.colcon_core.shell:Creating package script '/home/andrewwhong/classes/16833/iSAM2_SLAM/workspace/install/eufs_msgs/share/eufs_msgs/package.ps1'
[11.491s] INFO:colcon.colcon_core.shell:Creating package descriptor '/home/andrewwhong/classes/16833/iSAM2_SLAM/workspace/install/eufs_msgs/share/eufs_msgs/package.dsv'
[11.493s] INFO:colcon.colcon_core.shell:Creating package script '/home/andrewwhong/classes/16833/iSAM2_SLAM/workspace/install/eufs_msgs/share/eufs_msgs/package.sh'
[11.495s] INFO:colcon.colcon_core.shell:Creating package script '/home/andrewwhong/classes/16833/iSAM2_SLAM/workspace/install/eufs_msgs/share/eufs_msgs/package.bash'
[11.497s] INFO:colcon.colcon_core.shell:Creating package script '/home/andrewwhong/classes/16833/iSAM2_SLAM/workspace/install/eufs_msgs/share/eufs_msgs/package.zsh'
[11.499s] Level 1:colcon.colcon_core.environment:create_file_with_runtime_dependencies(/home/andrewwhong/classes/16833/iSAM2_SLAM/workspace/install/eufs_msgs/share/colcon-core/packages/eufs_msgs)
[12.934s] Level 1:colcon.colcon_core.environment:create_environment_scripts_only(eufs_msgs)
[12.968s] Level 1:colcon.colcon_core.environment:checking '/home/andrewwhong/classes/16833/iSAM2_SLAM/workspace/install/eufs_msgs' for CMake module files
[12.970s] Level 1:colcon.colcon_core.environment:checking '/home/andrewwhong/classes/16833/iSAM2_SLAM/workspace/install/eufs_msgs' for CMake config files
[12.979s] Level 1:colcon.colcon_core.shell:create_environment_hook('eufs_msgs', 'cmake_prefix_path')
[13.012s] INFO:colcon.colcon_core.shell:Creating environment hook '/home/andrewwhong/classes/16833/iSAM2_SLAM/workspace/install/eufs_msgs/share/eufs_msgs/hook/cmake_prefix_path.ps1'
[13.013s] INFO:colcon.colcon_core.shell:Creating environment descriptor '/home/andrewwhong/classes/16833/iSAM2_SLAM/workspace/install/eufs_msgs/share/eufs_msgs/hook/cmake_prefix_path.dsv'
[13.014s] INFO:colcon.colcon_core.shell:Creating environment hook '/home/andrewwhong/classes/16833/iSAM2_SLAM/workspace/install/eufs_msgs/share/eufs_msgs/hook/cmake_prefix_path.sh'
[13.015s] Level 1:colcon.colcon_core.environment:checking '/home/andrewwhong/classes/16833/iSAM2_SLAM/workspace/install/eufs_msgs/lib'
[13.015s] Level 1:colcon.colcon_core.shell:create_environment_hook('eufs_msgs', 'ld_library_path_lib')
[13.046s] INFO:colcon.colcon_core.shell:Creating environment hook '/home/andrewwhong/classes/16833/iSAM2_SLAM/workspace/install/eufs_msgs/share/eufs_msgs/hook/ld_library_path_lib.ps1'
[13.047s] INFO:colcon.colcon_core.shell:Creating environment descriptor '/home/andrewwhong/classes/16833/iSAM2_SLAM/workspace/install/eufs_msgs/share/eufs_msgs/hook/ld_library_path_lib.dsv'
[13.048s] INFO:colcon.colcon_core.shell:Creating environment hook '/home/andrewwhong/classes/16833/iSAM2_SLAM/workspace/install/eufs_msgs/share/eufs_msgs/hook/ld_library_path_lib.sh'
[13.049s] Level 1:colcon.colcon_core.environment:checking '/home/andrewwhong/classes/16833/iSAM2_SLAM/workspace/install/eufs_msgs/bin'
[13.050s] Level 1:colcon.colcon_core.environment:checking '/home/andrewwhong/classes/16833/iSAM2_SLAM/workspace/install/eufs_msgs/lib/pkgconfig/eufs_msgs.pc'
[13.051s] Level 1:colcon.colcon_core.environment:checking '/home/andrewwhong/classes/16833/iSAM2_SLAM/workspace/install/eufs_msgs/lib/python3.8/site-packages'
[13.051s] Level 1:colcon.colcon_core.shell:create_environment_hook('eufs_msgs', 'pythonpath')
[13.087s] INFO:colcon.colcon_core.shell:Creating environment hook '/home/andrewwhong/classes/16833/iSAM2_SLAM/workspace/install/eufs_msgs/share/eufs_msgs/hook/pythonpath.ps1'
[13.088s] INFO:colcon.colcon_core.shell:Creating environment descriptor '/home/andrewwhong/classes/16833/iSAM2_SLAM/workspace/install/eufs_msgs/share/eufs_msgs/hook/pythonpath.dsv'
[13.090s] INFO:colcon.colcon_core.shell:Creating environment hook '/home/andrewwhong/classes/16833/iSAM2_SLAM/workspace/install/eufs_msgs/share/eufs_msgs/hook/pythonpath.sh'
[13.091s] Level 1:colcon.colcon_core.environment:checking '/home/andrewwhong/classes/16833/iSAM2_SLAM/workspace/install/eufs_msgs/bin'
[13.123s] INFO:colcon.colcon_core.shell:Creating package script '/home/andrewwhong/classes/16833/iSAM2_SLAM/workspace/install/eufs_msgs/share/eufs_msgs/package.ps1'
[13.124s] INFO:colcon.colcon_core.shell:Creating package descriptor '/home/andrewwhong/classes/16833/iSAM2_SLAM/workspace/install/eufs_msgs/share/eufs_msgs/package.dsv'
[13.125s] INFO:colcon.colcon_core.shell:Creating package script '/home/andrewwhong/classes/16833/iSAM2_SLAM/workspace/install/eufs_msgs/share/eufs_msgs/package.sh'
[13.126s] INFO:colcon.colcon_core.shell:Creating package script '/home/andrewwhong/classes/16833/iSAM2_SLAM/workspace/install/eufs_msgs/share/eufs_msgs/package.bash'
[13.127s] INFO:colcon.colcon_core.shell:Creating package script '/home/andrewwhong/classes/16833/iSAM2_SLAM/workspace/install/eufs_msgs/share/eufs_msgs/package.zsh'
[13.128s] Level 1:colcon.colcon_core.environment:create_file_with_runtime_dependencies(/home/andrewwhong/classes/16833/iSAM2_SLAM/workspace/install/eufs_msgs/share/colcon-core/packages/eufs_msgs)
[13.129s] INFO:colcon.colcon_ros.task.ament_cmake.build:Building ROS package in '/home/andrewwhong/classes/16833/iSAM2_SLAM/workspace/src/isam2' with build type 'ament_cmake'
[13.130s] INFO:colcon.colcon_cmake.task.cmake.build:Building CMake package in '/home/andrewwhong/classes/16833/iSAM2_SLAM/workspace/src/isam2'
[13.174s] INFO:colcon.colcon_core.shell:Skip shell extension 'powershell' for command environment: Not usable outside of PowerShell
[13.174s] DEBUG:colcon.colcon_core.shell:Skip shell extension 'dsv' for command environment
[13.906s] DEBUG:colcon.colcon_core.event_handler.log_command:Invoking command in '/home/andrewwhong/classes/16833/iSAM2_SLAM/workspace/build/isam2': CMAKE_PREFIX_PATH=/home/andrewwhong/classes/16833/iSAM2_SLAM/workspace/install/eufs_msgs:/home/andrewwhong/classes/16833/iSAM2_SLAM/workspace/install/isam2:/opt/ros/foxy LD_LIBRARY_PATH=/home/andrewwhong/classes/16833/iSAM2_SLAM/workspace/install/eufs_msgs/lib:/usr/lib/x86_64-linux-gnu/gazebo-11/plugins:/opt/ros/foxy/opt/yaml_cpp_vendor/lib:/opt/ros/foxy/opt/rviz_ogre_vendor/lib:/opt/ros/foxy/lib/x86_64-linux-gnu:/opt/ros/foxy/lib WSLENV=ELECTRON_RUN_AS_NODE/w: /usr/bin/cmake --build /home/andrewwhong/classes/16833/iSAM2_SLAM/workspace/build/isam2 -- -j12 -l12
[90.308s] DEBUG:colcon.colcon_core.event_handler.log_command:Invoked command in '/home/andrewwhong/classes/16833/iSAM2_SLAM/workspace/build/isam2' returned '0': CMAKE_PREFIX_PATH=/home/andrewwhong/classes/16833/iSAM2_SLAM/workspace/install/eufs_msgs:/home/andrewwhong/classes/16833/iSAM2_SLAM/workspace/install/isam2:/opt/ros/foxy LD_LIBRARY_PATH=/home/andrewwhong/classes/16833/iSAM2_SLAM/workspace/install/eufs_msgs/lib:/usr/lib/x86_64-linux-gnu/gazebo-11/plugins:/opt/ros/foxy/opt/yaml_cpp_vendor/lib:/opt/ros/foxy/opt/rviz_ogre_vendor/lib:/opt/ros/foxy/lib/x86_64-linux-gnu:/opt/ros/foxy/lib WSLENV=ELECTRON_RUN_AS_NODE/w: /usr/bin/cmake --build /home/andrewwhong/classes/16833/iSAM2_SLAM/workspace/build/isam2 -- -j12 -l12
[90.367s] DEBUG:colcon.colcon_core.event_handler.log_command:Invoking command in '/home/andrewwhong/classes/16833/iSAM2_SLAM/workspace/build/isam2': CMAKE_PREFIX_PATH=/home/andrewwhong/classes/16833/iSAM2_SLAM/workspace/install/eufs_msgs:/home/andrewwhong/classes/16833/iSAM2_SLAM/workspace/install/isam2:/opt/ros/foxy LD_LIBRARY_PATH=/home/andrewwhong/classes/16833/iSAM2_SLAM/workspace/install/eufs_msgs/lib:/usr/lib/x86_64-linux-gnu/gazebo-11/plugins:/opt/ros/foxy/opt/yaml_cpp_vendor/lib:/opt/ros/foxy/opt/rviz_ogre_vendor/lib:/opt/ros/foxy/lib/x86_64-linux-gnu:/opt/ros/foxy/lib WSLENV=ELECTRON_RUN_AS_NODE/w: /usr/bin/cmake --install /home/andrewwhong/classes/16833/iSAM2_SLAM/workspace/build/isam2
[90.443s] Level 1:colcon.colcon_core.environment:create_environment_scripts_only(isam2)
[90.444s] DEBUG:colcon.colcon_core.event_handler.log_command:Invoked command in '/home/andrewwhong/classes/16833/iSAM2_SLAM/workspace/build/isam2' returned '0': CMAKE_PREFIX_PATH=/home/andrewwhong/classes/16833/iSAM2_SLAM/workspace/install/eufs_msgs:/home/andrewwhong/classes/16833/iSAM2_SLAM/workspace/install/isam2:/opt/ros/foxy LD_LIBRARY_PATH=/home/andrewwhong/classes/16833/iSAM2_SLAM/workspace/install/eufs_msgs/lib:/usr/lib/x86_64-linux-gnu/gazebo-11/plugins:/opt/ros/foxy/opt/yaml_cpp_vendor/lib:/opt/ros/foxy/opt/rviz_ogre_vendor/lib:/opt/ros/foxy/lib/x86_64-linux-gnu:/opt/ros/foxy/lib WSLENV=ELECTRON_RUN_AS_NODE/w: /usr/bin/cmake --install /home/andrewwhong/classes/16833/iSAM2_SLAM/workspace/build/isam2
[90.815s] Level 1:colcon.colcon_core.environment:checking '/home/andrewwhong/classes/16833/iSAM2_SLAM/workspace/install/isam2' for CMake module files
[90.816s] Level 1:colcon.colcon_core.environment:checking '/home/andrewwhong/classes/16833/iSAM2_SLAM/workspace/install/isam2' for CMake config files
[90.818s] Level 1:colcon.colcon_core.shell:create_environment_hook('isam2', 'cmake_prefix_path')
[90.855s] INFO:colcon.colcon_core.shell:Creating environment hook '/home/andrewwhong/classes/16833/iSAM2_SLAM/workspace/install/isam2/share/isam2/hook/cmake_prefix_path.ps1'
[90.860s] INFO:colcon.colcon_core.shell:Creating environment descriptor '/home/andrewwhong/classes/16833/iSAM2_SLAM/workspace/install/isam2/share/isam2/hook/cmake_prefix_path.dsv'
[90.862s] INFO:colcon.colcon_core.shell:Creating environment hook '/home/andrewwhong/classes/16833/iSAM2_SLAM/workspace/install/isam2/share/isam2/hook/cmake_prefix_path.sh'
[90.864s] Level 1:colcon.colcon_core.environment:checking '/home/andrewwhong/classes/16833/iSAM2_SLAM/workspace/install/isam2/lib'
[90.864s] Level 1:colcon.colcon_core.environment:checking '/home/andrewwhong/classes/16833/iSAM2_SLAM/workspace/install/isam2/bin'
[90.864s] Level 1:colcon.colcon_core.environment:checking '/home/andrewwhong/classes/16833/iSAM2_SLAM/workspace/install/isam2/lib/pkgconfig/isam2.pc'
[90.865s] Level 1:colcon.colcon_core.environment:checking '/home/andrewwhong/classes/16833/iSAM2_SLAM/workspace/install/isam2/lib/python3.8/site-packages'
[90.865s] Level 1:colcon.colcon_core.environment:checking '/home/andrewwhong/classes/16833/iSAM2_SLAM/workspace/install/isam2/bin'
[90.900s] INFO:colcon.colcon_core.shell:Creating package script '/home/andrewwhong/classes/16833/iSAM2_SLAM/workspace/install/isam2/share/isam2/package.ps1'
[90.901s] INFO:colcon.colcon_core.shell:Creating package descriptor '/home/andrewwhong/classes/16833/iSAM2_SLAM/workspace/install/isam2/share/isam2/package.dsv'
[90.903s] INFO:colcon.colcon_core.shell:Creating package script '/home/andrewwhong/classes/16833/iSAM2_SLAM/workspace/install/isam2/share/isam2/package.sh'
[90.904s] INFO:colcon.colcon_core.shell:Creating package script '/home/andrewwhong/classes/16833/iSAM2_SLAM/workspace/install/isam2/share/isam2/package.bash'
[90.907s] INFO:colcon.colcon_core.shell:Creating package script '/home/andrewwhong/classes/16833/iSAM2_SLAM/workspace/install/isam2/share/isam2/package.zsh'
[90.909s] Level 1:colcon.colcon_core.environment:create_file_with_runtime_dependencies(/home/andrewwhong/classes/16833/iSAM2_SLAM/workspace/install/isam2/share/colcon-core/packages/isam2)
[90.980s] Level 1:colcon.colcon_core.environment:create_environment_scripts_only(isam2)
[91.015s] Level 1:colcon.colcon_core.environment:checking '/home/andrewwhong/classes/16833/iSAM2_SLAM/workspace/install/isam2' for CMake module files
[91.016s] Level 1:colcon.colcon_core.environment:checking '/home/andrewwhong/classes/16833/iSAM2_SLAM/workspace/install/isam2' for CMake config files
[91.017s] Level 1:colcon.colcon_core.shell:create_environment_hook('isam2', 'cmake_prefix_path')
[91.050s] INFO:colcon.colcon_core.shell:Creating environment hook '/home/andrewwhong/classes/16833/iSAM2_SLAM/workspace/install/isam2/share/isam2/hook/cmake_prefix_path.ps1'
[91.052s] INFO:colcon.colcon_core.shell:Creating environment descriptor '/home/andrewwhong/classes/16833/iSAM2_SLAM/workspace/install/isam2/share/isam2/hook/cmake_prefix_path.dsv'
[91.052s] INFO:colcon.colcon_core.shell:Creating environment hook '/home/andrewwhong/classes/16833/iSAM2_SLAM/workspace/install/isam2/share/isam2/hook/cmake_prefix_path.sh'
[91.053s] Level 1:colcon.colcon_core.environment:checking '/home/andrewwhong/classes/16833/iSAM2_SLAM/workspace/install/isam2/lib'
[91.054s] Level 1:colcon.colcon_core.environment:checking '/home/andrewwhong/classes/16833/iSAM2_SLAM/workspace/install/isam2/bin'
[91.054s] Level 1:colcon.colcon_core.environment:checking '/home/andrewwhong/classes/16833/iSAM2_SLAM/workspace/install/isam2/lib/pkgconfig/isam2.pc'
[91.054s] Level 1:colcon.colcon_core.environment:checking '/home/andrewwhong/classes/16833/iSAM2_SLAM/workspace/install/isam2/lib/python3.8/site-packages'
[91.055s] Level 1:colcon.colcon_core.environment:checking '/home/andrewwhong/classes/16833/iSAM2_SLAM/workspace/install/isam2/bin'
[91.086s] INFO:colcon.colcon_core.shell:Creating package script '/home/andrewwhong/classes/16833/iSAM2_SLAM/workspace/install/isam2/share/isam2/package.ps1'
[91.087s] INFO:colcon.colcon_core.shell:Creating package descriptor '/home/andrewwhong/classes/16833/iSAM2_SLAM/workspace/install/isam2/share/isam2/package.dsv'
[91.088s] INFO:colcon.colcon_core.shell:Creating package script '/home/andrewwhong/classes/16833/iSAM2_SLAM/workspace/install/isam2/share/isam2/package.sh'
[91.089s] INFO:colcon.colcon_core.shell:Creating package script '/home/andrewwhong/classes/16833/iSAM2_SLAM/workspace/install/isam2/share/isam2/package.bash'
[91.090s] INFO:colcon.colcon_core.shell:Creating package script '/home/andrewwhong/classes/16833/iSAM2_SLAM/workspace/install/isam2/share/isam2/package.zsh'
[91.091s] Level 1:colcon.colcon_core.environment:create_file_with_runtime_dependencies(/home/andrewwhong/classes/16833/iSAM2_SLAM/workspace/install/isam2/share/colcon-core/packages/isam2)
[91.093s] DEBUG:colcon.colcon_parallel_executor.executor.parallel:closing loop
[91.095s] DEBUG:colcon.colcon_parallel_executor.executor.parallel:loop closed
[91.098s] DEBUG:colcon.colcon_parallel_executor.executor.parallel:run_until_complete finished with '0'
[91.099s] DEBUG:colcon.colcon_core.event_reactor:joining thread
[91.399s] INFO:colcon.colcon_core.plugin_system:Skipping extension 'colcon_notification.desktop_notification.notify_send': Could not find 'notify-send'
[91.399s] INFO:colcon.colcon_core.plugin_system:Skipping extension 'colcon_notification.desktop_notification.terminal_notifier': Not used on non-Darwin systems
[91.399s] INFO:colcon.colcon_core.plugin_system:Skipping extension 'colcon_notification.desktop_notification.win32': Not used on non-Windows systems
[91.399s] INFO:colcon.colcon_notification.desktop_notification:Sending desktop notification using 'notify2'
[91.403s] DEBUG:colcon.colcon_notification.desktop_notification.notify2:Failed to initialize notify2: org.freedesktop.DBus.Error.ServiceUnknown: The name org.freedesktop.Notifications was not provided by any .service files
[91.403s] DEBUG:colcon.colcon_core.event_reactor:joined thread
[91.430s] INFO:colcon.colcon_core.shell:Creating prefix script '/home/andrewwhong/classes/16833/iSAM2_SLAM/workspace/install/local_setup.ps1'
[91.432s] INFO:colcon.colcon_core.shell:Creating prefix util module '/home/andrewwhong/classes/16833/iSAM2_SLAM/workspace/install/_local_setup_util_ps1.py'
[91.435s] INFO:colcon.colcon_core.shell:Creating prefix chain script '/home/andrewwhong/classes/16833/iSAM2_SLAM/workspace/install/setup.ps1'
[91.465s] INFO:colcon.colcon_core.shell:Creating prefix script '/home/andrewwhong/classes/16833/iSAM2_SLAM/workspace/install/local_setup.sh'
[91.467s] INFO:colcon.colcon_core.shell:Creating prefix util module '/home/andrewwhong/classes/16833/iSAM2_SLAM/workspace/install/_local_setup_util_sh.py'
[91.468s] INFO:colcon.colcon_core.shell:Creating prefix chain script '/home/andrewwhong/classes/16833/iSAM2_SLAM/workspace/install/setup.sh'
[91.495s] INFO:colcon.colcon_core.shell:Creating prefix script '/home/andrewwhong/classes/16833/iSAM2_SLAM/workspace/install/local_setup.bash'
[91.497s] INFO:colcon.colcon_core.shell:Creating prefix chain script '/home/andrewwhong/classes/16833/iSAM2_SLAM/workspace/install/setup.bash'
[91.526s] INFO:colcon.colcon_core.shell:Creating prefix script '/home/andrewwhong/classes/16833/iSAM2_SLAM/workspace/install/local_setup.zsh'
[91.528s] INFO:colcon.colcon_core.shell:Creating prefix chain script '/home/andrewwhong/classes/16833/iSAM2_SLAM/workspace/install/setup.zsh'
