-- The C compiler identification is GNU 9.4.0
-- The CXX compiler identification is GNU 9.4.0
-- Detecting C compiler ABI info
-- Detecting C compiler ABI info - done
-- Check for working C compiler: /usr/bin/cc - skipped
-- Detecting C compile features
-- Detecting C compile features - done
-- Detecting CXX compiler ABI info
-- Detecting CXX compiler ABI info - done
-- Check for working CXX compiler: /usr/bin/c++ - skipped
-- Detecting CXX compile features
-- Detecting CXX compile features - done
-- Found geometry_msgs: 2.0.5 (/opt/ros/foxy/share/geometry_msgs/cmake)
[33mCMake Warning (dev) at /opt/ros/foxy/share/ament_cmake_core/cmake/core/python.cmake:22 (find_package):
  Policy CMP0148 is not set: The FindPythonInterp and FindPythonLibs modules
  are removed.  Run "cmake --help-policy CMP0148" for policy details.  Use
  the cmake_policy command to set the policy and suppress this warning.

Call Stack (most recent call first):
  /opt/ros/foxy/share/ament_cmake_core/cmake/core/all.cmake:53 (include)
  /opt/ros/foxy/share/ament_cmake_core/cmake/ament_cmake_core-extras.cmake:17 (include)
  /opt/ros/foxy/share/ament_cmake_core/cmake/ament_cmake_coreConfig.cmake:41 (include)
  /opt/ros/foxy/share/geometry_msgs/cmake/ament_cmake_export_dependencies-extras.cmake:15 (find_package)
  /opt/ros/foxy/share/geometry_msgs/cmake/geometry_msgsConfig.cmake:41 (include)
  CMakeLists.txt:19 (find_package)
This warning is for project developers.  Use -Wno-dev to suppress it.
[0m
-- Found PythonInterp: /home/dale/miniconda3/bin/python3 (found suitable version "3.8.18", minimum required is "3") 
-- Using PYTHON_EXECUTABLE: /home/dale/miniconda3/bin/python3
-- Using all available rosidl_typesupport_c: rosidl_typesupport_fastrtps_c;rosidl_typesupport_introspection_c
-- Found rosidl_adapter: 1.3.1 (/opt/ros/foxy/share/rosidl_adapter/cmake)
-- Found OpenSSL: /usr/lib/x86_64-linux-gnu/libcrypto.so (found version "1.1.1f")  
-- Found FastRTPS: /opt/ros/foxy/include  
-- Using all available rosidl_typesupport_cpp: rosidl_typesupport_fastrtps_cpp;rosidl_typesupport_introspection_cpp
-- Found eufs_msgs: 2.0.0 (/home/dale/Documents/isam2/iSAM2_SLAM/install/eufs_msgs/share/eufs_msgs/cmake)
-- Found rclcpp: 2.4.3 (/opt/ros/foxy/share/rclcpp/cmake)
-- Found rmw_implementation_cmake: 1.0.4 (/opt/ros/foxy/share/rmw_implementation_cmake/cmake)
-- Using RMW implementation 'rmw_fastrtps_cpp' as default
-- Performing Test CMAKE_HAVE_LIBC_PTHREAD
-- Performing Test CMAKE_HAVE_LIBC_PTHREAD - Failed
-- Looking for pthread_create in pthreads
-- Looking for pthread_create in pthreads - not found
-- Looking for pthread_create in pthread
-- Looking for pthread_create in pthread - found
-- Found Threads: TRUE  
-- Found message_filters: 3.2.7 (/opt/ros/foxy/share/message_filters/cmake)
-- Found Boost: /usr/lib/x86_64-linux-gnu/cmake/Boost-1.71.0/BoostConfig.cmake (found suitable version "1.71.0", minimum required is "1.65") found components: serialization system filesystem thread program_options date_time timer chrono regex 
-- GTSAM include directory:  /usr/local/lib/cmake/GTSAM/../../../include
-- Configuring done (0.8s)
-- Generating done (0.0s)
-- Build files have been written to: /home/dale/Documents/isam2/iSAM2_SLAM/build/isam2
[ 50%] [32mBuilding CXX object CMakeFiles/isam_test.dir/isam2Node.cpp.o[0m
In file included from [01m[K/home/dale/Documents/isam2/iSAM2_SLAM/workspace/src/isam2/isam2.cpp:29[m[K,
                 from [01m[K/home/dale/Documents/isam2/iSAM2_SLAM/workspace/src/isam2/isam2Node.cpp:24[m[K:
[01m[K/usr/local/include/gtsam/slam/BearingRangeFactor.h:18:2:[m[K [01;35m[Kwarning: [m[K#warning "BearingRangeFactor is now an ExpressionFactor in SAM directory" [[01;35m[K-Wcpp[m[K]
   18 | #[01;35m[Kwarning[m[K "BearingRangeFactor is now an ExpressionFactor in SAM directory"
      |  [01;35m[K^~~~~~~[m[K
In file included from [01m[K/home/dale/Documents/isam2/iSAM2_SLAM/workspace/src/isam2/isam2Node.cpp:24[m[K:
[01m[K/home/dale/Documents/isam2/iSAM2_SLAM/workspace/src/isam2/isam2.cpp:[m[K In member function ‘[01m[Kvoid slamISAM::step(gtsam::Pose2, std::vector<Eigen::Matrix<double, 2, 1> >&, std::vector<Eigen::Matrix<double, 2, 1> >&, gtsam::Point2, long int, bool)[m[K’:
[01m[K/home/dale/Documents/isam2/iSAM2_SLAM/workspace/src/isam2/isam2.cpp:148:125:[m[K [01;35m[Kwarning: [m[Kunused parameter ‘[01m[Kvelocity[m[K’ [[01;35m[K-Wunused-parameter[m[K]
  148 | int2> &orange_ref_cones, [01;35m[Kgtsam::Point2 velocity[m[K,long time_ns, bool loopClosure) {
      |                          [01;35m[K~~~~~~~~~~~~~~^~~~~~~~[m[K

In file included from [01m[K/home/dale/Documents/isam2/iSAM2_SLAM/workspace/src/isam2/isam2Node.cpp:24[m[K:
[01m[K/home/dale/Documents/isam2/iSAM2_SLAM/workspace/src/isam2/isam2.cpp:148:139:[m[K [01;35m[Kwarning: [m[Kunused parameter ‘[01m[Ktime_ns[m[K’ [[01;35m[K-Wunused-parameter[m[K]
  148 | ref_cones, gtsam::Point2 velocity,[01;35m[Klong time_ns[m[K, bool loopClosure) {
      |                                   [01;35m[K~~~~~^~~~~~~[m[K

[100%] [32m[1mLinking CXX executable isam_test[0m
[100%] Built target isam_test
-- Install configuration: ""
-- Installing: /home/dale/Documents/isam2/iSAM2_SLAM/install/isam2/lib/isam2/isam_test
-- Set runtime path of "/home/dale/Documents/isam2/iSAM2_SLAM/install/isam2/lib/isam2/isam_test" to ""
-- Installing: /home/dale/Documents/isam2/iSAM2_SLAM/install/isam2/share/ament_index/resource_index/package_run_dependencies/isam2
-- Installing: /home/dale/Documents/isam2/iSAM2_SLAM/install/isam2/share/ament_index/resource_index/parent_prefix_path/isam2
-- Installing: /home/dale/Documents/isam2/iSAM2_SLAM/install/isam2/share/isam2/environment/ament_prefix_path.sh
-- Installing: /home/dale/Documents/isam2/iSAM2_SLAM/install/isam2/share/isam2/environment/ament_prefix_path.dsv
-- Installing: /home/dale/Documents/isam2/iSAM2_SLAM/install/isam2/share/isam2/environment/path.sh
-- Installing: /home/dale/Documents/isam2/iSAM2_SLAM/install/isam2/share/isam2/environment/path.dsv
-- Installing: /home/dale/Documents/isam2/iSAM2_SLAM/install/isam2/share/isam2/local_setup.bash
-- Installing: /home/dale/Documents/isam2/iSAM2_SLAM/install/isam2/share/isam2/local_setup.sh
-- Installing: /home/dale/Documents/isam2/iSAM2_SLAM/install/isam2/share/isam2/local_setup.zsh
-- Installing: /home/dale/Documents/isam2/iSAM2_SLAM/install/isam2/share/isam2/local_setup.dsv
-- Installing: /home/dale/Documents/isam2/iSAM2_SLAM/install/isam2/share/isam2/package.dsv
-- Installing: /home/dale/Documents/isam2/iSAM2_SLAM/install/isam2/share/ament_index/resource_index/packages/isam2
-- Installing: /home/dale/Documents/isam2/iSAM2_SLAM/install/isam2/share/isam2/cmake/ament_cmake_export_include_directories-extras.cmake
-- Installing: /home/dale/Documents/isam2/iSAM2_SLAM/install/isam2/share/isam2/cmake/isam2Config.cmake
-- Installing: /home/dale/Documents/isam2/iSAM2_SLAM/install/isam2/share/isam2/cmake/isam2Config-version.cmake
-- Installing: /home/dale/Documents/isam2/iSAM2_SLAM/install/isam2/share/isam2/package.xml
