[0.232s] Invoking command in '/home/dale/Documents/isam2/iSAM2_SLAM/build/isam2': AMENT_PREFIX_PATH=/home/dale/Documents/isam2/iSAM2_SLAM/install/eufs_msgs:${AMENT_PREFIX_PATH} CMAKE_PREFIX_PATH=/home/dale/Documents/isam2/iSAM2_SLAM/install/eufs_msgs:/home/dale/driverless/driverless_ws/install/zed_interfaces:/home/dale/driverless/driverless_ws/install/vision_opencv:/home/dale/driverless/driverless_ws/install/ros2_numpy:/home/dale/driverless/driverless_ws/install/interfaces:/home/dale/driverless/driverless_ws/install/image_geometry:/home/dale/driverless/driverless_ws/install/hesai_ros_driver:/home/dale/driverless/driverless_ws/install/eufs_msgs:/home/dale/driverless/driverless_ws/install/cv_bridge:/home/dale/driverless/driverless_ws/install/common:/home/dale/driverless/driverless_ws/install/actuators:/home/dale/driverless/driverless_ws/install/perceptions:/home/dale/driverless/driverless_ws/install/opencv_tests:/opt/ros/foxy CONDA_PROMPT_MODIFIER=(base) LD_LIBRARY_PATH=/home/dale/Documents/isam2/iSAM2_SLAM/install/eufs_msgs/lib:${LD_LIBRARY_PATH} PYTHONPATH=/home/dale/Documents/isam2/iSAM2_SLAM/install/eufs_msgs/lib/python3.8/site-packages:${PYTHONPATH} /home/dale/miniconda3/bin/cmake /home/dale/Documents/isam2/iSAM2_SLAM/workspace/src/isam2 -DCMAKE_INSTALL_PREFIX=/home/dale/Documents/isam2/iSAM2_SLAM/install/isam2
[0.268s] -- The C compiler identification is GNU 9.4.0
[0.293s] -- The CXX compiler identification is GNU 9.4.0
[0.301s] -- Detecting C compiler ABI info
[0.329s] -- Detecting C compiler ABI info - done
[0.335s] -- Check for working C compiler: /usr/bin/cc - skipped
[0.335s] -- Detecting C compile features
[0.335s] -- Detecting C compile features - done
[0.340s] -- Detecting CXX compiler ABI info
[0.372s] -- Detecting CXX compiler ABI info - done
[0.377s] -- Check for working CXX compiler: /usr/bin/c++ - skipped
[0.377s] -- Detecting CXX compile features
[0.378s] -- Detecting CXX compile features - done
[0.379s] -- Found geometry_msgs: 2.0.5 (/opt/ros/foxy/share/geometry_msgs/cmake)
[0.381s] [33mCMake Warning (dev) at /opt/ros/foxy/share/ament_cmake_core/cmake/core/python.cmake:22 (find_package):
[0.381s]   Policy CMP0148 is not set: The FindPythonInterp and FindPythonLibs modules
[0.381s]   are removed.  Run "cmake --help-policy CMP0148" for policy details.  Use
[0.381s]   the cmake_policy command to set the policy and suppress this warning.
[0.381s] 
[0.381s] Call Stack (most recent call first):
[0.381s]   /opt/ros/foxy/share/ament_cmake_core/cmake/core/all.cmake:53 (include)
[0.381s]   /opt/ros/foxy/share/ament_cmake_core/cmake/ament_cmake_core-extras.cmake:17 (include)
[0.381s]   /opt/ros/foxy/share/ament_cmake_core/cmake/ament_cmake_coreConfig.cmake:41 (include)
[0.381s]   /opt/ros/foxy/share/geometry_msgs/cmake/ament_cmake_export_dependencies-extras.cmake:15 (find_package)
[0.381s]   /opt/ros/foxy/share/geometry_msgs/cmake/geometry_msgsConfig.cmake:41 (include)
[0.381s]   CMakeLists.txt:19 (find_package)
[0.381s] This warning is for project developers.  Use -Wno-dev to suppress it.
[0.381s] [0m
[0.392s] -- Found PythonInterp: /home/dale/miniconda3/bin/python3 (found suitable version "3.8.18", minimum required is "3") 
[0.392s] -- Using PYTHON_EXECUTABLE: /home/dale/miniconda3/bin/python3
[0.490s] -- Using all available rosidl_typesupport_c: rosidl_typesupport_fastrtps_c;rosidl_typesupport_introspection_c
[0.494s] -- Found rosidl_adapter: 1.3.1 (/opt/ros/foxy/share/rosidl_adapter/cmake)
[0.529s] -- Found OpenSSL: /usr/lib/x86_64-linux-gnu/libcrypto.so (found version "1.1.1f")  
[0.544s] -- Found FastRTPS: /opt/ros/foxy/include  
[0.584s] -- Using all available rosidl_typesupport_cpp: rosidl_typesupport_fastrtps_cpp;rosidl_typesupport_introspection_cpp
[0.623s] -- Found eufs_msgs: 2.0.0 (/home/dale/Documents/isam2/iSAM2_SLAM/install/eufs_msgs/share/eufs_msgs/cmake)
[0.775s] -- Found rclcpp: 2.4.3 (/opt/ros/foxy/share/rclcpp/cmake)
[0.824s] -- Found rmw_implementation_cmake: 1.0.4 (/opt/ros/foxy/share/rmw_implementation_cmake/cmake)
[0.826s] -- Using RMW implementation 'rmw_fastrtps_cpp' as default
[0.828s] -- Performing Test CMAKE_HAVE_LIBC_PTHREAD
[0.856s] -- Performing Test CMAKE_HAVE_LIBC_PTHREAD - Failed
[0.856s] -- Looking for pthread_create in pthreads
[0.877s] -- Looking for pthread_create in pthreads - not found
[0.877s] -- Looking for pthread_create in pthread
[0.902s] -- Looking for pthread_create in pthread - found
[0.903s] -- Found Threads: TRUE  
[0.990s] -- Found message_filters: 3.2.7 (/opt/ros/foxy/share/message_filters/cmake)
[1.028s] -- Found Boost: /usr/lib/x86_64-linux-gnu/cmake/Boost-1.71.0/BoostConfig.cmake (found suitable version "1.71.0", minimum required is "1.65") found components: serialization system filesystem thread program_options date_time timer chrono regex 
[1.035s] -- GTSAM include directory:  /usr/local/lib/cmake/GTSAM/../../../include
[1.074s] -- Configuring done (0.8s)
[1.094s] -- Generating done (0.0s)
[1.094s] -- Build files have been written to: /home/dale/Documents/isam2/iSAM2_SLAM/build/isam2
[1.100s] Invoked command in '/home/dale/Documents/isam2/iSAM2_SLAM/build/isam2' returned '0': AMENT_PREFIX_PATH=/home/dale/Documents/isam2/iSAM2_SLAM/install/eufs_msgs:${AMENT_PREFIX_PATH} CMAKE_PREFIX_PATH=/home/dale/Documents/isam2/iSAM2_SLAM/install/eufs_msgs:/home/dale/driverless/driverless_ws/install/zed_interfaces:/home/dale/driverless/driverless_ws/install/vision_opencv:/home/dale/driverless/driverless_ws/install/ros2_numpy:/home/dale/driverless/driverless_ws/install/interfaces:/home/dale/driverless/driverless_ws/install/image_geometry:/home/dale/driverless/driverless_ws/install/hesai_ros_driver:/home/dale/driverless/driverless_ws/install/eufs_msgs:/home/dale/driverless/driverless_ws/install/cv_bridge:/home/dale/driverless/driverless_ws/install/common:/home/dale/driverless/driverless_ws/install/actuators:/home/dale/driverless/driverless_ws/install/perceptions:/home/dale/driverless/driverless_ws/install/opencv_tests:/opt/ros/foxy CONDA_PROMPT_MODIFIER=(base) LD_LIBRARY_PATH=/home/dale/Documents/isam2/iSAM2_SLAM/install/eufs_msgs/lib:${LD_LIBRARY_PATH} PYTHONPATH=/home/dale/Documents/isam2/iSAM2_SLAM/install/eufs_msgs/lib/python3.8/site-packages:${PYTHONPATH} /home/dale/miniconda3/bin/cmake /home/dale/Documents/isam2/iSAM2_SLAM/workspace/src/isam2 -DCMAKE_INSTALL_PREFIX=/home/dale/Documents/isam2/iSAM2_SLAM/install/isam2
[1.102s] Invoking command in '/home/dale/Documents/isam2/iSAM2_SLAM/build/isam2': AMENT_PREFIX_PATH=/home/dale/Documents/isam2/iSAM2_SLAM/install/eufs_msgs:${AMENT_PREFIX_PATH} CMAKE_PREFIX_PATH=/home/dale/Documents/isam2/iSAM2_SLAM/install/eufs_msgs:/home/dale/driverless/driverless_ws/install/zed_interfaces:/home/dale/driverless/driverless_ws/install/vision_opencv:/home/dale/driverless/driverless_ws/install/ros2_numpy:/home/dale/driverless/driverless_ws/install/interfaces:/home/dale/driverless/driverless_ws/install/image_geometry:/home/dale/driverless/driverless_ws/install/hesai_ros_driver:/home/dale/driverless/driverless_ws/install/eufs_msgs:/home/dale/driverless/driverless_ws/install/cv_bridge:/home/dale/driverless/driverless_ws/install/common:/home/dale/driverless/driverless_ws/install/actuators:/home/dale/driverless/driverless_ws/install/perceptions:/home/dale/driverless/driverless_ws/install/opencv_tests:/opt/ros/foxy CONDA_PROMPT_MODIFIER=(base) LD_LIBRARY_PATH=/home/dale/Documents/isam2/iSAM2_SLAM/install/eufs_msgs/lib:${LD_LIBRARY_PATH} PYTHONPATH=/home/dale/Documents/isam2/iSAM2_SLAM/install/eufs_msgs/lib/python3.8/site-packages:${PYTHONPATH} /home/dale/miniconda3/bin/cmake --build /home/dale/Documents/isam2/iSAM2_SLAM/build/isam2 -- -j24 -l24
[1.126s] [ 50%] [32mBuilding CXX object CMakeFiles/isam_test.dir/isam2Node.cpp.o[0m
[1.505s] In file included from [01m[K/home/dale/Documents/isam2/iSAM2_SLAM/workspace/src/isam2/isam2.cpp:29[m[K,
[1.505s]                  from [01m[K/home/dale/Documents/isam2/iSAM2_SLAM/workspace/src/isam2/isam2Node.cpp:24[m[K:
[1.505s] [01m[K/usr/local/include/gtsam/slam/BearingRangeFactor.h:18:2:[m[K [01;35m[Kwarning: [m[K#warning "BearingRangeFactor is now an ExpressionFactor in SAM directory" [[01;35m[K-Wcpp[m[K]
[1.505s]    18 | #[01;35m[Kwarning[m[K "BearingRangeFactor is now an ExpressionFactor in SAM directory"
[1.505s]       |  [01;35m[K^~~~~~~[m[K
[3.219s] In file included from [01m[K/home/dale/Documents/isam2/iSAM2_SLAM/workspace/src/isam2/isam2Node.cpp:24[m[K:
[3.219s] [01m[K/home/dale/Documents/isam2/iSAM2_SLAM/workspace/src/isam2/isam2.cpp:[m[K In member function ‘[01m[Kvoid slamISAM::step(gtsam::Pose2, std::vector<Eigen::Matrix<double, 2, 1> >&, std::vector<Eigen::Matrix<double, 2, 1> >&, gtsam::Point2, long int, bool)[m[K’:
[3.219s] [01m[K/home/dale/Documents/isam2/iSAM2_SLAM/workspace/src/isam2/isam2.cpp:148:125:[m[K [01;35m[Kwarning: [m[Kunused parameter ‘[01m[Kvelocity[m[K’ [[01;35m[K-Wunused-parameter[m[K]
[3.219s]   148 | int2> &orange_ref_cones, [01;35m[Kgtsam::Point2 velocity[m[K,long time_ns, bool loopClosure) {
[3.219s]       |                          [01;35m[K~~~~~~~~~~~~~~^~~~~~~~[m[K
[3.219s] 
[3.219s] In file included from [01m[K/home/dale/Documents/isam2/iSAM2_SLAM/workspace/src/isam2/isam2Node.cpp:24[m[K:
[3.219s] [01m[K/home/dale/Documents/isam2/iSAM2_SLAM/workspace/src/isam2/isam2.cpp:148:139:[m[K [01;35m[Kwarning: [m[Kunused parameter ‘[01m[Ktime_ns[m[K’ [[01;35m[K-Wunused-parameter[m[K]
[3.219s]   148 | ref_cones, gtsam::Point2 velocity,[01;35m[Klong time_ns[m[K, bool loopClosure) {
[3.219s]       |                                   [01;35m[K~~~~~^~~~~~~[m[K
[3.219s] 
[8.126s] [100%] [32m[1mLinking CXX executable isam_test[0m
[8.401s] [100%] Built target isam_test
[8.406s] Invoked command in '/home/dale/Documents/isam2/iSAM2_SLAM/build/isam2' returned '0': AMENT_PREFIX_PATH=/home/dale/Documents/isam2/iSAM2_SLAM/install/eufs_msgs:${AMENT_PREFIX_PATH} CMAKE_PREFIX_PATH=/home/dale/Documents/isam2/iSAM2_SLAM/install/eufs_msgs:/home/dale/driverless/driverless_ws/install/zed_interfaces:/home/dale/driverless/driverless_ws/install/vision_opencv:/home/dale/driverless/driverless_ws/install/ros2_numpy:/home/dale/driverless/driverless_ws/install/interfaces:/home/dale/driverless/driverless_ws/install/image_geometry:/home/dale/driverless/driverless_ws/install/hesai_ros_driver:/home/dale/driverless/driverless_ws/install/eufs_msgs:/home/dale/driverless/driverless_ws/install/cv_bridge:/home/dale/driverless/driverless_ws/install/common:/home/dale/driverless/driverless_ws/install/actuators:/home/dale/driverless/driverless_ws/install/perceptions:/home/dale/driverless/driverless_ws/install/opencv_tests:/opt/ros/foxy CONDA_PROMPT_MODIFIER=(base) LD_LIBRARY_PATH=/home/dale/Documents/isam2/iSAM2_SLAM/install/eufs_msgs/lib:${LD_LIBRARY_PATH} PYTHONPATH=/home/dale/Documents/isam2/iSAM2_SLAM/install/eufs_msgs/lib/python3.8/site-packages:${PYTHONPATH} /home/dale/miniconda3/bin/cmake --build /home/dale/Documents/isam2/iSAM2_SLAM/build/isam2 -- -j24 -l24
[8.429s] Invoking command in '/home/dale/Documents/isam2/iSAM2_SLAM/build/isam2': AMENT_PREFIX_PATH=/home/dale/Documents/isam2/iSAM2_SLAM/install/eufs_msgs:${AMENT_PREFIX_PATH} CMAKE_PREFIX_PATH=/home/dale/Documents/isam2/iSAM2_SLAM/install/eufs_msgs:/home/dale/driverless/driverless_ws/install/zed_interfaces:/home/dale/driverless/driverless_ws/install/vision_opencv:/home/dale/driverless/driverless_ws/install/ros2_numpy:/home/dale/driverless/driverless_ws/install/interfaces:/home/dale/driverless/driverless_ws/install/image_geometry:/home/dale/driverless/driverless_ws/install/hesai_ros_driver:/home/dale/driverless/driverless_ws/install/eufs_msgs:/home/dale/driverless/driverless_ws/install/cv_bridge:/home/dale/driverless/driverless_ws/install/common:/home/dale/driverless/driverless_ws/install/actuators:/home/dale/driverless/driverless_ws/install/perceptions:/home/dale/driverless/driverless_ws/install/opencv_tests:/opt/ros/foxy CONDA_PROMPT_MODIFIER=(base) LD_LIBRARY_PATH=/home/dale/Documents/isam2/iSAM2_SLAM/install/eufs_msgs/lib:${LD_LIBRARY_PATH} PYTHONPATH=/home/dale/Documents/isam2/iSAM2_SLAM/install/eufs_msgs/lib/python3.8/site-packages:${PYTHONPATH} /home/dale/miniconda3/bin/cmake --install /home/dale/Documents/isam2/iSAM2_SLAM/build/isam2
[8.444s] -- Install configuration: ""
[8.444s] -- Installing: /home/dale/Documents/isam2/iSAM2_SLAM/install/isam2/lib/isam2/isam_test
[8.445s] -- Set runtime path of "/home/dale/Documents/isam2/iSAM2_SLAM/install/isam2/lib/isam2/isam_test" to ""
[8.446s] -- Installing: /home/dale/Documents/isam2/iSAM2_SLAM/install/isam2/share/ament_index/resource_index/package_run_dependencies/isam2
[8.446s] -- Installing: /home/dale/Documents/isam2/iSAM2_SLAM/install/isam2/share/ament_index/resource_index/parent_prefix_path/isam2
[8.446s] -- Installing: /home/dale/Documents/isam2/iSAM2_SLAM/install/isam2/share/isam2/environment/ament_prefix_path.sh
[8.446s] -- Installing: /home/dale/Documents/isam2/iSAM2_SLAM/install/isam2/share/isam2/environment/ament_prefix_path.dsv
[8.446s] -- Installing: /home/dale/Documents/isam2/iSAM2_SLAM/install/isam2/share/isam2/environment/path.sh
[8.446s] -- Installing: /home/dale/Documents/isam2/iSAM2_SLAM/install/isam2/share/isam2/environment/path.dsv
[8.446s] -- Installing: /home/dale/Documents/isam2/iSAM2_SLAM/install/isam2/share/isam2/local_setup.bash
[8.446s] -- Installing: /home/dale/Documents/isam2/iSAM2_SLAM/install/isam2/share/isam2/local_setup.sh
[8.446s] -- Installing: /home/dale/Documents/isam2/iSAM2_SLAM/install/isam2/share/isam2/local_setup.zsh
[8.446s] -- Installing: /home/dale/Documents/isam2/iSAM2_SLAM/install/isam2/share/isam2/local_setup.dsv
[8.446s] -- Installing: /home/dale/Documents/isam2/iSAM2_SLAM/install/isam2/share/isam2/package.dsv
[8.446s] -- Installing: /home/dale/Documents/isam2/iSAM2_SLAM/install/isam2/share/ament_index/resource_index/packages/isam2
[8.446s] -- Installing: /home/dale/Documents/isam2/iSAM2_SLAM/install/isam2/share/isam2/cmake/ament_cmake_export_include_directories-extras.cmake
[8.446s] -- Installing: /home/dale/Documents/isam2/iSAM2_SLAM/install/isam2/share/isam2/cmake/isam2Config.cmake
[8.446s] -- Installing: /home/dale/Documents/isam2/iSAM2_SLAM/install/isam2/share/isam2/cmake/isam2Config-version.cmake
[8.446s] -- Installing: /home/dale/Documents/isam2/iSAM2_SLAM/install/isam2/share/isam2/package.xml
[8.448s] Invoked command in '/home/dale/Documents/isam2/iSAM2_SLAM/build/isam2' returned '0': AMENT_PREFIX_PATH=/home/dale/Documents/isam2/iSAM2_SLAM/install/eufs_msgs:${AMENT_PREFIX_PATH} CMAKE_PREFIX_PATH=/home/dale/Documents/isam2/iSAM2_SLAM/install/eufs_msgs:/home/dale/driverless/driverless_ws/install/zed_interfaces:/home/dale/driverless/driverless_ws/install/vision_opencv:/home/dale/driverless/driverless_ws/install/ros2_numpy:/home/dale/driverless/driverless_ws/install/interfaces:/home/dale/driverless/driverless_ws/install/image_geometry:/home/dale/driverless/driverless_ws/install/hesai_ros_driver:/home/dale/driverless/driverless_ws/install/eufs_msgs:/home/dale/driverless/driverless_ws/install/cv_bridge:/home/dale/driverless/driverless_ws/install/common:/home/dale/driverless/driverless_ws/install/actuators:/home/dale/driverless/driverless_ws/install/perceptions:/home/dale/driverless/driverless_ws/install/opencv_tests:/opt/ros/foxy CONDA_PROMPT_MODIFIER=(base) LD_LIBRARY_PATH=/home/dale/Documents/isam2/iSAM2_SLAM/install/eufs_msgs/lib:${LD_LIBRARY_PATH} PYTHONPATH=/home/dale/Documents/isam2/iSAM2_SLAM/install/eufs_msgs/lib/python3.8/site-packages:${PYTHONPATH} /home/dale/miniconda3/bin/cmake --install /home/dale/Documents/isam2/iSAM2_SLAM/build/isam2
