[0.904s] Invoking command in '/home/andrewwhong/classes/16833/iSAM2_SLAM/eufs/build/eufs_plugins': AMENT_PREFIX_PATH=/home/andrewwhong/classes/16833/iSAM2_SLAM/eufs/install/eufs_models:/home/andrewwhong/classes/16833/iSAM2_SLAM/eufs/install/eufs_msgs:${AMENT_PREFIX_PATH} CMAKE_PREFIX_PATH=/home/andrewwhong/classes/16833/iSAM2_SLAM/eufs/install/eufs_models:/home/andrewwhong/classes/16833/iSAM2_SLAM/eufs/install/eufs_msgs:/home/andrewwhong/classes/16833/iSAM2_SLAM/workspace/install/isam2:/home/andrewwhong/classes/16833/iSAM2_SLAM/workspace/install/eufs_msgs:/opt/ros/foxy LD_LIBRARY_PATH=/home/andrewwhong/classes/16833/iSAM2_SLAM/eufs/install/eufs_models/lib:/home/andrewwhong/classes/16833/iSAM2_SLAM/eufs/install/eufs_msgs/lib:${LD_LIBRARY_PATH} PYTHONPATH=/home/andrewwhong/classes/16833/iSAM2_SLAM/eufs/install/eufs_msgs/lib/python3.8/site-packages:${PYTHONPATH} /usr/bin/cmake /home/andrewwhong/classes/16833/iSAM2_SLAM/eufs/eufs_sim/eufs_plugins -DCMAKE_INSTALL_PREFIX=/home/andrewwhong/classes/16833/iSAM2_SLAM/eufs/install/eufs_plugins
[1.358s] -- The C compiler identification is GNU 9.4.0
[2.251s] -- The CXX compiler identification is GNU 9.4.0
[2.735s] -- Check for working C compiler: /usr/bin/cc
[3.167s] -- Check for working C compiler: /usr/bin/cc -- works
[3.169s] -- Detecting C compiler ABI info
[3.629s] -- Detecting C compiler ABI info - done
[3.646s] -- Detecting C compile features
[3.647s] -- Detecting C compile features - done
[3.650s] -- Check for working CXX compiler: /usr/bin/c++
[3.986s] -- Check for working CXX compiler: /usr/bin/c++ -- works
[3.989s] -- Detecting CXX compiler ABI info
[4.483s] -- Detecting CXX compiler ABI info - done
[4.527s] -- Detecting CXX compile features
[4.528s] -- Detecting CXX compile features - done
[4.533s] -- Found ament_cmake: 0.9.12 (/opt/ros/foxy/share/ament_cmake/cmake)
[4.591s] -- Found PythonInterp: /usr/local/bin/python3 (found suitable version "3.8.10", minimum required is "3") 
[4.591s] -- Using PYTHON_EXECUTABLE: /usr/local/bin/python3
[8.766s] CMake Error at CMakeLists.txt:25 (find_package):
[8.766s]   By not providing "Findgazebo_dev.cmake" in CMAKE_MODULE_PATH this project
[8.766s]   has asked CMake to find a package configuration file provided by
[8.766s]   "gazebo_dev", but CMake did not find one.
[8.766s] 
[8.766s]   Could not find a package configuration file provided by "gazebo_dev" with
[8.766s]   any of the following names:
[8.767s] 
[8.767s]     gazebo_devConfig.cmake
[8.767s]     gazebo_dev-config.cmake
[8.768s] 
[8.768s]   Add the installation prefix of "gazebo_dev" to CMAKE_PREFIX_PATH or set
[8.768s]   "gazebo_dev_DIR" to a directory containing one of the above files.  If
[8.769s]   "gazebo_dev" provides a separate development package or SDK, be sure it has
[8.769s]   been installed.
[8.769s] 
[8.770s] 
[8.770s] -- Configuring incomplete, errors occurred!
[8.770s] See also "/home/andrewwhong/classes/16833/iSAM2_SLAM/eufs/build/eufs_plugins/CMakeFiles/CMakeOutput.log".
[8.776s] Invoked command in '/home/andrewwhong/classes/16833/iSAM2_SLAM/eufs/build/eufs_plugins' returned '1': AMENT_PREFIX_PATH=/home/andrewwhong/classes/16833/iSAM2_SLAM/eufs/install/eufs_models:/home/andrewwhong/classes/16833/iSAM2_SLAM/eufs/install/eufs_msgs:${AMENT_PREFIX_PATH} CMAKE_PREFIX_PATH=/home/andrewwhong/classes/16833/iSAM2_SLAM/eufs/install/eufs_models:/home/andrewwhong/classes/16833/iSAM2_SLAM/eufs/install/eufs_msgs:/home/andrewwhong/classes/16833/iSAM2_SLAM/workspace/install/isam2:/home/andrewwhong/classes/16833/iSAM2_SLAM/workspace/install/eufs_msgs:/opt/ros/foxy LD_LIBRARY_PATH=/home/andrewwhong/classes/16833/iSAM2_SLAM/eufs/install/eufs_models/lib:/home/andrewwhong/classes/16833/iSAM2_SLAM/eufs/install/eufs_msgs/lib:${LD_LIBRARY_PATH} PYTHONPATH=/home/andrewwhong/classes/16833/iSAM2_SLAM/eufs/install/eufs_msgs/lib/python3.8/site-packages:${PYTHONPATH} /usr/bin/cmake /home/andrewwhong/classes/16833/iSAM2_SLAM/eufs/eufs_sim/eufs_plugins -DCMAKE_INSTALL_PREFIX=/home/andrewwhong/classes/16833/iSAM2_SLAM/eufs/install/eufs_plugins
