[2.443s] Invoking command in '/home/andrewwhong/classes/16833/iSAM2_SLAM/eufs/eufs_sim/eufs_racecar': PYTHONPATH=/home/andrewwhong/classes/16833/iSAM2_SLAM/eufs/build/eufs_racecar/prefix_override:/home/andrewwhong/classes/16833/iSAM2_SLAM/eufs/install/eufs_racecar/lib/python3.8/site-packages:${PYTHONPATH} /usr/bin/python3 setup.py egg_info --egg-base ../../build/eufs_racecar build --build-base /home/andrewwhong/classes/16833/iSAM2_SLAM/eufs/build/eufs_racecar/build install --record /home/andrewwhong/classes/16833/iSAM2_SLAM/eufs/build/eufs_racecar/install.log --single-version-externally-managed
[2.842s] running egg_info
[2.873s] writing ../../build/eufs_racecar/eufs_racecar.egg-info/PKG-INFO
[2.874s] writing dependency_links to ../../build/eufs_racecar/eufs_racecar.egg-info/dependency_links.txt
[2.875s] writing requirements to ../../build/eufs_racecar/eufs_racecar.egg-info/requires.txt
[2.875s] writing top-level names to ../../build/eufs_racecar/eufs_racecar.egg-info/top_level.txt
[3.068s] reading manifest file '../../build/eufs_racecar/eufs_racecar.egg-info/SOURCES.txt'
[3.070s] writing manifest file '../../build/eufs_racecar/eufs_racecar.egg-info/SOURCES.txt'
[3.071s] running build
[3.071s] running install
[3.072s] /home/andrewwhong/.local/lib/python3.8/site-packages/setuptools/_distutils/cmd.py:66: SetuptoolsDeprecationWarning: setup.py install is deprecated.
[3.073s] !!
[3.073s] 
[3.073s]         ********************************************************************************
[3.073s]         Please avoid running ``setup.py`` directly.
[3.073s]         Instead, use pypa/build, pypa/installer or other
[3.074s]         standards-based tools.
[3.074s] 
[3.074s]         See https://blog.ganssle.io/articles/2021/10/setup-py-deprecated.html for details.
[3.074s]         ********************************************************************************
[3.075s] 
[3.075s] !!
[3.075s]   self.initialize_options()
[3.080s] running install_data
[3.111s] copying resource/eufs_racecar -> /home/andrewwhong/classes/16833/iSAM2_SLAM/eufs/install/eufs_racecar/share/ament_index/resource_index/packages
[3.112s] copying package.xml -> /home/andrewwhong/classes/16833/iSAM2_SLAM/eufs/install/eufs_racecar/share/eufs_racecar
[3.112s] copying meshes/ads_wheel_left.dae -> /home/andrewwhong/classes/16833/iSAM2_SLAM/eufs/install/eufs_racecar/share/eufs_racecar/meshes
[3.130s] copying meshes/ads_dv_chassis.dae -> /home/andrewwhong/classes/16833/iSAM2_SLAM/eufs/install/eufs_racecar/share/eufs_racecar/meshes
[3.144s] copying meshes/wheel_left.dae -> /home/andrewwhong/classes/16833/iSAM2_SLAM/eufs/install/eufs_racecar/share/eufs_racecar/meshes
[3.148s] copying meshes/wheel_right.dae -> /home/andrewwhong/classes/16833/iSAM2_SLAM/eufs/install/eufs_racecar/share/eufs_racecar/meshes
[3.149s] copying meshes/sisu-20d.dae -> /home/andrewwhong/classes/16833/iSAM2_SLAM/eufs/install/eufs_racecar/share/eufs_racecar/meshes
[3.195s] copying meshes/ads_wheel_right.dae -> /home/andrewwhong/classes/16833/iSAM2_SLAM/eufs/install/eufs_racecar/share/eufs_racecar/meshes
[3.207s] copying urdf/wheels.urdf.xacro -> /home/andrewwhong/classes/16833/iSAM2_SLAM/eufs/install/eufs_racecar/share/eufs_racecar/urdf
[3.207s] copying urdf/eufs_base.urdf.xacro -> /home/andrewwhong/classes/16833/iSAM2_SLAM/eufs/install/eufs_racecar/share/eufs_racecar/urdf
[3.208s] copying launch/load_car.launch.py -> /home/andrewwhong/classes/16833/iSAM2_SLAM/eufs/install/eufs_racecar/share/eufs_racecar/launch
[3.209s] copying robots/eufs/configDry.yaml -> /home/andrewwhong/classes/16833/iSAM2_SLAM/eufs/install/eufs_racecar/share/eufs_racecar/robots/eufs
[3.209s] copying robots/eufs/configWet.yaml -> /home/andrewwhong/classes/16833/iSAM2_SLAM/eufs/install/eufs_racecar/share/eufs_racecar/robots/eufs
[3.210s] copying robots/eufs/robot.urdf.xacro -> /home/andrewwhong/classes/16833/iSAM2_SLAM/eufs/install/eufs_racecar/share/eufs_racecar/robots/eufs
[3.211s] copying robots/ads-dv/configDry.yaml -> /home/andrewwhong/classes/16833/iSAM2_SLAM/eufs/install/eufs_racecar/share/eufs_racecar/robots/ads-dv
[3.211s] copying robots/ads-dv/configWet.yaml -> /home/andrewwhong/classes/16833/iSAM2_SLAM/eufs/install/eufs_racecar/share/eufs_racecar/robots/ads-dv
[3.211s] copying robots/ads-dv/robot.urdf.xacro -> /home/andrewwhong/classes/16833/iSAM2_SLAM/eufs/install/eufs_racecar/share/eufs_racecar/robots/ads-dv
[3.212s] copying robots/ads-dv/ADS-DV Sensor Position.pdf -> /home/andrewwhong/classes/16833/iSAM2_SLAM/eufs/install/eufs_racecar/share/eufs_racecar/robots/ads-dv
[3.217s] running install_egg_info
[3.302s] removing '/home/andrewwhong/classes/16833/iSAM2_SLAM/eufs/install/eufs_racecar/lib/python3.8/site-packages/eufs_racecar-2.0.0-py3.8.egg-info' (and everything under it)
[3.305s] Copying ../../build/eufs_racecar/eufs_racecar.egg-info to /home/andrewwhong/classes/16833/iSAM2_SLAM/eufs/install/eufs_racecar/lib/python3.8/site-packages/eufs_racecar-2.0.0-py3.8.egg-info
[3.306s] running install_scripts
[3.397s] writing list of installed files to '/home/andrewwhong/classes/16833/iSAM2_SLAM/eufs/build/eufs_racecar/install.log'
[3.821s] Invoked command in '/home/andrewwhong/classes/16833/iSAM2_SLAM/eufs/eufs_sim/eufs_racecar' returned '0': PYTHONPATH=/home/andrewwhong/classes/16833/iSAM2_SLAM/eufs/build/eufs_racecar/prefix_override:/home/andrewwhong/classes/16833/iSAM2_SLAM/eufs/install/eufs_racecar/lib/python3.8/site-packages:${PYTHONPATH} /usr/bin/python3 setup.py egg_info --egg-base ../../build/eufs_racecar build --build-base /home/andrewwhong/classes/16833/iSAM2_SLAM/eufs/build/eufs_racecar/build install --record /home/andrewwhong/classes/16833/iSAM2_SLAM/eufs/build/eufs_racecar/install.log --single-version-externally-managed
