[4.554s] Invoking command in '/home/andrewwhong/classes/16833/iSAM2_SLAM/eufs/eufs_sim/eufs_tracks': PYTHONPATH=/home/andrewwhong/classes/16833/iSAM2_SLAM/eufs/build/eufs_tracks/prefix_override:/home/andrewwhong/classes/16833/iSAM2_SLAM/eufs/install/eufs_tracks/lib/python3.8/site-packages:${PYTHONPATH} /usr/bin/python3 setup.py egg_info --egg-base ../../build/eufs_tracks build --build-base /home/andrewwhong/classes/16833/iSAM2_SLAM/eufs/build/eufs_tracks/build install --record /home/andrewwhong/classes/16833/iSAM2_SLAM/eufs/build/eufs_tracks/install.log --single-version-externally-managed
[5.217s] running egg_info
[5.264s] writing ../../build/eufs_tracks/eufs_tracks.egg-info/PKG-INFO
[5.265s] writing dependency_links to ../../build/eufs_tracks/eufs_tracks.egg-info/dependency_links.txt
[5.266s] writing entry points to ../../build/eufs_tracks/eufs_tracks.egg-info/entry_points.txt
[5.267s] writing requirements to ../../build/eufs_tracks/eufs_tracks.egg-info/requires.txt
[5.267s] writing top-level names to ../../build/eufs_tracks/eufs_tracks.egg-info/top_level.txt
[5.729s] reading manifest file '../../build/eufs_tracks/eufs_tracks.egg-info/SOURCES.txt'
[5.736s] writing manifest file '../../build/eufs_tracks/eufs_tracks.egg-info/SOURCES.txt'
[5.736s] running build
[5.736s] running build_py
[5.737s] copying eufs_tracks/__init__.py -> /home/andrewwhong/classes/16833/iSAM2_SLAM/eufs/build/eufs_tracks/build/lib/eufs_tracks
[5.738s] copying eufs_tracks/cli/main.py -> /home/andrewwhong/classes/16833/iSAM2_SLAM/eufs/build/eufs_tracks/build/lib/eufs_tracks/cli
[5.739s] copying eufs_tracks/cli/create.py -> /home/andrewwhong/classes/16833/iSAM2_SLAM/eufs/build/eufs_tracks/build/lib/eufs_tracks/cli
[5.740s] copying eufs_tracks/cli/convert.py -> /home/andrewwhong/classes/16833/iSAM2_SLAM/eufs/build/eufs_tracks/build/lib/eufs_tracks/cli
[5.741s] copying eufs_tracks/cli/__init__.py -> /home/andrewwhong/classes/16833/iSAM2_SLAM/eufs/build/eufs_tracks/build/lib/eufs_tracks/cli
[5.741s] copying eufs_tracks/converter_tool/converter.py -> /home/andrewwhong/classes/16833/iSAM2_SLAM/eufs/build/eufs_tracks/build/lib/eufs_tracks/converter_tool
[5.744s] copying eufs_tracks/converter_tool/converter_gui.py -> /home/andrewwhong/classes/16833/iSAM2_SLAM/eufs/build/eufs_tracks/build/lib/eufs_tracks/converter_tool
[5.745s] copying eufs_tracks/converter_tool/__init__.py -> /home/andrewwhong/classes/16833/iSAM2_SLAM/eufs/build/eufs_tracks/build/lib/eufs_tracks/converter_tool
[5.748s] copying eufs_tracks/track_generator/track_generator_gui.py -> /home/andrewwhong/classes/16833/iSAM2_SLAM/eufs/build/eufs_tracks/build/lib/eufs_tracks/track_generator
[5.749s] copying eufs_tracks/track_generator/track_generator.py -> /home/andrewwhong/classes/16833/iSAM2_SLAM/eufs/build/eufs_tracks/build/lib/eufs_tracks/track_generator
[5.751s] copying eufs_tracks/track_generator/__init__.py -> /home/andrewwhong/classes/16833/iSAM2_SLAM/eufs/build/eufs_tracks/build/lib/eufs_tracks/track_generator
[5.752s] running build_scripts
[5.753s] running install
[5.754s] /home/andrewwhong/.local/lib/python3.8/site-packages/setuptools/_distutils/cmd.py:66: SetuptoolsDeprecationWarning: setup.py install is deprecated.
[5.755s] !!
[5.755s] 
[5.755s]         ********************************************************************************
[5.755s]         Please avoid running ``setup.py`` directly.
[5.756s]         Instead, use pypa/build, pypa/installer or other
[5.756s]         standards-based tools.
[5.756s] 
[5.756s]         See https://blog.ganssle.io/articles/2021/10/setup-py-deprecated.html for details.
[5.757s]         ********************************************************************************
[5.757s] 
[5.757s] !!
[5.758s]   self.initialize_options()
[5.768s] running install_lib
[5.823s] running install_data
[5.882s] copying package.xml -> /home/andrewwhong/classes/16833/iSAM2_SLAM/eufs/install/eufs_tracks/share/eufs_tracks
[5.884s] copying plugin.xml -> /home/andrewwhong/classes/16833/iSAM2_SLAM/eufs/install/eufs_tracks/share/eufs_tracks
[5.885s] copying resource/eufs_tracks -> /home/andrewwhong/classes/16833/iSAM2_SLAM/eufs/install/eufs_tracks/share/ament_index/resource_index/packages
[5.887s] copying csv/comp_2021.csv -> /home/andrewwhong/classes/16833/iSAM2_SLAM/eufs/install/eufs_tracks/share/eufs_tracks/csv
[5.887s] copying csv/skidpad.csv -> /home/andrewwhong/classes/16833/iSAM2_SLAM/eufs/install/eufs_tracks/share/eufs_tracks/csv
[5.887s] copying csv/its_a_mess.csv -> /home/andrewwhong/classes/16833/iSAM2_SLAM/eufs/install/eufs_tracks/share/eufs_tracks/csv
[5.888s] copying csv/peanut.csv -> /home/andrewwhong/classes/16833/iSAM2_SLAM/eufs/install/eufs_tracks/share/eufs_tracks/csv
[5.888s] copying csv/rectangle.csv -> /home/andrewwhong/classes/16833/iSAM2_SLAM/eufs/install/eufs_tracks/share/eufs_tracks/csv
[5.889s] copying csv/acceleration.csv -> /home/andrewwhong/classes/16833/iSAM2_SLAM/eufs/install/eufs_tracks/share/eufs_tracks/csv
[5.890s] copying csv/rand.csv -> /home/andrewwhong/classes/16833/iSAM2_SLAM/eufs/install/eufs_tracks/share/eufs_tracks/csv
[5.891s] copying csv/garden_light.csv -> /home/andrewwhong/classes/16833/iSAM2_SLAM/eufs/install/eufs_tracks/share/eufs_tracks/csv
[5.893s] copying csv/bone.csv -> /home/andrewwhong/classes/16833/iSAM2_SLAM/eufs/install/eufs_tracks/share/eufs_tracks/csv
[5.893s] copying csv/boa_constrictor.csv -> /home/andrewwhong/classes/16833/iSAM2_SLAM/eufs/install/eufs_tracks/share/eufs_tracks/csv
[5.895s] copying csv/hairpins_increasing_difficulty.csv -> /home/andrewwhong/classes/16833/iSAM2_SLAM/eufs/install/eufs_tracks/share/eufs_tracks/csv
[5.897s] copying csv/small_track.csv -> /home/andrewwhong/classes/16833/iSAM2_SLAM/eufs/install/eufs_tracks/share/eufs_tracks/csv
[5.898s] copying image/comp_2021.png -> /home/andrewwhong/classes/16833/iSAM2_SLAM/eufs/install/eufs_tracks/share/eufs_tracks/image
[5.899s] copying image/skidpad.png -> /home/andrewwhong/classes/16833/iSAM2_SLAM/eufs/install/eufs_tracks/share/eufs_tracks/image
[5.899s] copying launch/empty.launch -> /home/andrewwhong/classes/16833/iSAM2_SLAM/eufs/install/eufs_tracks/share/eufs_tracks/launch
[5.900s] copying launch/skidpad.launch -> /home/andrewwhong/classes/16833/iSAM2_SLAM/eufs/install/eufs_tracks/share/eufs_tracks/launch
[5.901s] copying launch/its_a_mess.launch -> /home/andrewwhong/classes/16833/iSAM2_SLAM/eufs/install/eufs_tracks/share/eufs_tracks/launch
[5.903s] copying launch/rand.launch -> /home/andrewwhong/classes/16833/iSAM2_SLAM/eufs/install/eufs_tracks/share/eufs_tracks/launch
[5.904s] copying launch/peanut.launch -> /home/andrewwhong/classes/16833/iSAM2_SLAM/eufs/install/eufs_tracks/share/eufs_tracks/launch
[5.905s] copying launch/boa_constrictor.launch -> /home/andrewwhong/classes/16833/iSAM2_SLAM/eufs/install/eufs_tracks/share/eufs_tracks/launch
[5.906s] copying launch/garden_light.launch -> /home/andrewwhong/classes/16833/iSAM2_SLAM/eufs/install/eufs_tracks/share/eufs_tracks/launch
[5.907s] copying launch/rectangle.launch -> /home/andrewwhong/classes/16833/iSAM2_SLAM/eufs/install/eufs_tracks/share/eufs_tracks/launch
[5.908s] copying launch/comp_2021.launch -> /home/andrewwhong/classes/16833/iSAM2_SLAM/eufs/install/eufs_tracks/share/eufs_tracks/launch
[5.910s] copying launch/acceleration.launch -> /home/andrewwhong/classes/16833/iSAM2_SLAM/eufs/install/eufs_tracks/share/eufs_tracks/launch
[5.911s] copying launch/hairpins_increasing_difficulty.launch -> /home/andrewwhong/classes/16833/iSAM2_SLAM/eufs/install/eufs_tracks/share/eufs_tracks/launch
[5.911s] copying launch/eufs_track_generator.launch.py -> /home/andrewwhong/classes/16833/iSAM2_SLAM/eufs/install/eufs_tracks/share/eufs_tracks/launch
[5.912s] copying launch/small_track.launch -> /home/andrewwhong/classes/16833/iSAM2_SLAM/eufs/install/eufs_tracks/share/eufs_tracks/launch
[5.913s] copying launch/blacklist.txt -> /home/andrewwhong/classes/16833/iSAM2_SLAM/eufs/install/eufs_tracks/share/eufs_tracks/launch
[5.913s] copying materials/asphalt.jpg -> /home/andrewwhong/classes/16833/iSAM2_SLAM/eufs/install/eufs_tracks/share/eufs_tracks/materials
[5.973s] copying meshes/cone_big.dae -> /home/andrewwhong/classes/16833/iSAM2_SLAM/eufs/install/eufs_tracks/share/eufs_tracks/meshes
[5.976s] copying meshes/cone_blue.dae -> /home/andrewwhong/classes/16833/iSAM2_SLAM/eufs/install/eufs_tracks/share/eufs_tracks/meshes
[5.977s] copying meshes/cone.dae -> /home/andrewwhong/classes/16833/iSAM2_SLAM/eufs/install/eufs_tracks/share/eufs_tracks/meshes
[5.978s] copying meshes/cone_yellow.dae -> /home/andrewwhong/classes/16833/iSAM2_SLAM/eufs/install/eufs_tracks/share/eufs_tracks/meshes
[5.979s] copying meshes/MonkeyNoise.dae -> /home/andrewwhong/classes/16833/iSAM2_SLAM/eufs/install/eufs_tracks/share/eufs_tracks/meshes
[5.981s] copying meshes/NoiseCube.dae -> /home/andrewwhong/classes/16833/iSAM2_SLAM/eufs/install/eufs_tracks/share/eufs_tracks/meshes
[5.982s] copying worlds/boa_constrictor.world -> /home/andrewwhong/classes/16833/iSAM2_SLAM/eufs/install/eufs_tracks/share/eufs_tracks/worlds
[5.984s] copying worlds/hairpins_increasing_difficulty.world -> /home/andrewwhong/classes/16833/iSAM2_SLAM/eufs/install/eufs_tracks/share/eufs_tracks/worlds
[5.985s] copying worlds/rand.world -> /home/andrewwhong/classes/16833/iSAM2_SLAM/eufs/install/eufs_tracks/share/eufs_tracks/worlds
[5.985s] copying worlds/its_a_mess.world -> /home/andrewwhong/classes/16833/iSAM2_SLAM/eufs/install/eufs_tracks/share/eufs_tracks/worlds
[5.986s] copying worlds/peanut.world -> /home/andrewwhong/classes/16833/iSAM2_SLAM/eufs/install/eufs_tracks/share/eufs_tracks/worlds
[5.987s] copying worlds/garden_light.world -> /home/andrewwhong/classes/16833/iSAM2_SLAM/eufs/install/eufs_tracks/share/eufs_tracks/worlds
[5.987s] copying worlds/comp_2021.world -> /home/andrewwhong/classes/16833/iSAM2_SLAM/eufs/install/eufs_tracks/share/eufs_tracks/worlds
[5.988s] copying worlds/rectangle.world -> /home/andrewwhong/classes/16833/iSAM2_SLAM/eufs/install/eufs_tracks/share/eufs_tracks/worlds
[5.989s] copying worlds/acceleration.world -> /home/andrewwhong/classes/16833/iSAM2_SLAM/eufs/install/eufs_tracks/share/eufs_tracks/worlds
[5.990s] copying worlds/small_track.world -> /home/andrewwhong/classes/16833/iSAM2_SLAM/eufs/install/eufs_tracks/share/eufs_tracks/worlds
[5.991s] copying worlds/skidpad.world -> /home/andrewwhong/classes/16833/iSAM2_SLAM/eufs/install/eufs_tracks/share/eufs_tracks/worlds
[5.992s] copying resource/randgen_model_template/model.config -> /home/andrewwhong/classes/16833/iSAM2_SLAM/eufs/install/eufs_tracks/share/eufs_tracks/resource/randgen_model_template
[5.993s] copying resource/randgen_model_template/model.sdf -> /home/andrewwhong/classes/16833/iSAM2_SLAM/eufs/install/eufs_tracks/share/eufs_tracks/resource/randgen_model_template
[5.994s] copying resource/noiseFiles.txt -> /home/andrewwhong/classes/16833/iSAM2_SLAM/eufs/install/eufs_tracks/share/eufs_tracks/resource
[5.996s] copying resource/randgen_launch_template -> /home/andrewwhong/classes/16833/iSAM2_SLAM/eufs/install/eufs_tracks/share/eufs_tracks/resource
[5.997s] copying resource/randgen_world_template -> /home/andrewwhong/classes/16833/iSAM2_SLAM/eufs/install/eufs_tracks/share/eufs_tracks/resource
[5.997s] copying resource/conversion_tool.ui -> /home/andrewwhong/classes/16833/iSAM2_SLAM/eufs/install/eufs_tracks/share/eufs_tracks/resource
[5.998s] copying models/blue_cone/model.config -> /home/andrewwhong/classes/16833/iSAM2_SLAM/eufs/install/eufs_tracks/share/eufs_tracks/models/blue_cone
[5.999s] copying models/blue_cone/model.sdf -> /home/andrewwhong/classes/16833/iSAM2_SLAM/eufs/install/eufs_tracks/share/eufs_tracks/models/blue_cone
[6.000s] copying models/rectangle/model.config -> /home/andrewwhong/classes/16833/iSAM2_SLAM/eufs/install/eufs_tracks/share/eufs_tracks/models/rectangle
[6.001s] copying models/rectangle/model.sdf -> /home/andrewwhong/classes/16833/iSAM2_SLAM/eufs/install/eufs_tracks/share/eufs_tracks/models/rectangle
[6.002s] copying models/skidpad/model.config -> /home/andrewwhong/classes/16833/iSAM2_SLAM/eufs/install/eufs_tracks/share/eufs_tracks/models/skidpad
[6.002s] copying models/skidpad/model.sdf -> /home/andrewwhong/classes/16833/iSAM2_SLAM/eufs/install/eufs_tracks/share/eufs_tracks/models/skidpad
[6.003s] copying models/hairpins_increasing_difficulty/model.config -> /home/andrewwhong/classes/16833/iSAM2_SLAM/eufs/install/eufs_tracks/share/eufs_tracks/models/hairpins_increasing_difficulty
[6.004s] copying models/hairpins_increasing_difficulty/model.sdf -> /home/andrewwhong/classes/16833/iSAM2_SLAM/eufs/install/eufs_tracks/share/eufs_tracks/models/hairpins_increasing_difficulty
[6.008s] copying models/peanut/model.config -> /home/andrewwhong/classes/16833/iSAM2_SLAM/eufs/install/eufs_tracks/share/eufs_tracks/models/peanut
[6.010s] copying models/peanut/model.sdf -> /home/andrewwhong/classes/16833/iSAM2_SLAM/eufs/install/eufs_tracks/share/eufs_tracks/models/peanut
[6.011s] copying models/yellow_cone/model.config -> /home/andrewwhong/classes/16833/iSAM2_SLAM/eufs/install/eufs_tracks/share/eufs_tracks/models/yellow_cone
[6.012s] copying models/yellow_cone/model.sdf -> /home/andrewwhong/classes/16833/iSAM2_SLAM/eufs/install/eufs_tracks/share/eufs_tracks/models/yellow_cone
[6.013s] copying models/comp_2021/model.config -> /home/andrewwhong/classes/16833/iSAM2_SLAM/eufs/install/eufs_tracks/share/eufs_tracks/models/comp_2021
[6.014s] copying models/comp_2021/model.sdf -> /home/andrewwhong/classes/16833/iSAM2_SLAM/eufs/install/eufs_tracks/share/eufs_tracks/models/comp_2021
[6.016s] copying models/rand/model.config -> /home/andrewwhong/classes/16833/iSAM2_SLAM/eufs/install/eufs_tracks/share/eufs_tracks/models/rand
[6.017s] copying models/rand/model.sdf -> /home/andrewwhong/classes/16833/iSAM2_SLAM/eufs/install/eufs_tracks/share/eufs_tracks/models/rand
[6.018s] copying models/garden_light/model.config -> /home/andrewwhong/classes/16833/iSAM2_SLAM/eufs/install/eufs_tracks/share/eufs_tracks/models/garden_light
[6.019s] copying models/garden_light/model.sdf -> /home/andrewwhong/classes/16833/iSAM2_SLAM/eufs/install/eufs_tracks/share/eufs_tracks/models/garden_light
[6.021s] copying models/boa_constrictor/model.config -> /home/andrewwhong/classes/16833/iSAM2_SLAM/eufs/install/eufs_tracks/share/eufs_tracks/models/boa_constrictor
[6.021s] copying models/boa_constrictor/model.sdf -> /home/andrewwhong/classes/16833/iSAM2_SLAM/eufs/install/eufs_tracks/share/eufs_tracks/models/boa_constrictor
[6.022s] copying models/big_cone/model.config -> /home/andrewwhong/classes/16833/iSAM2_SLAM/eufs/install/eufs_tracks/share/eufs_tracks/models/big_cone
[6.024s] copying models/big_cone/model.sdf -> /home/andrewwhong/classes/16833/iSAM2_SLAM/eufs/install/eufs_tracks/share/eufs_tracks/models/big_cone
[6.027s] copying models/acceleration/model.config -> /home/andrewwhong/classes/16833/iSAM2_SLAM/eufs/install/eufs_tracks/share/eufs_tracks/models/acceleration
[6.028s] copying models/acceleration/model.sdf -> /home/andrewwhong/classes/16833/iSAM2_SLAM/eufs/install/eufs_tracks/share/eufs_tracks/models/acceleration
[6.030s] copying models/small_track/model.config -> /home/andrewwhong/classes/16833/iSAM2_SLAM/eufs/install/eufs_tracks/share/eufs_tracks/models/small_track
[6.031s] copying models/small_track/model.sdf -> /home/andrewwhong/classes/16833/iSAM2_SLAM/eufs/install/eufs_tracks/share/eufs_tracks/models/small_track
[6.032s] copying models/its_a_mess/model.config -> /home/andrewwhong/classes/16833/iSAM2_SLAM/eufs/install/eufs_tracks/share/eufs_tracks/models/its_a_mess
[6.032s] copying models/its_a_mess/model.sdf -> /home/andrewwhong/classes/16833/iSAM2_SLAM/eufs/install/eufs_tracks/share/eufs_tracks/models/its_a_mess
[6.033s] copying models/ground_plane/model.config -> /home/andrewwhong/classes/16833/iSAM2_SLAM/eufs/install/eufs_tracks/share/eufs_tracks/models/ground_plane
[6.034s] copying models/ground_plane/model.sdf -> /home/andrewwhong/classes/16833/iSAM2_SLAM/eufs/install/eufs_tracks/share/eufs_tracks/models/ground_plane
[6.035s] copying models/orange_cone/model.config -> /home/andrewwhong/classes/16833/iSAM2_SLAM/eufs/install/eufs_tracks/share/eufs_tracks/models/orange_cone
[6.037s] copying models/orange_cone/model.sdf -> /home/andrewwhong/classes/16833/iSAM2_SLAM/eufs/install/eufs_tracks/share/eufs_tracks/models/orange_cone
[6.037s] running install_egg_info
[6.095s] removing '/home/andrewwhong/classes/16833/iSAM2_SLAM/eufs/install/eufs_tracks/lib/python3.8/site-packages/eufs_tracks-2.0.0-py3.8.egg-info' (and everything under it)
[6.096s] Copying ../../build/eufs_tracks/eufs_tracks.egg-info to /home/andrewwhong/classes/16833/iSAM2_SLAM/eufs/install/eufs_tracks/lib/python3.8/site-packages/eufs_tracks-2.0.0-py3.8.egg-info
[6.099s] running install_scripts
[6.155s] copying /home/andrewwhong/classes/16833/iSAM2_SLAM/eufs/build/eufs_tracks/build/scripts-3.8/eufs_tracks_generator -> /home/andrewwhong/classes/16833/iSAM2_SLAM/eufs/install/eufs_tracks/lib/eufs_tracks
[6.157s] copying /home/andrewwhong/classes/16833/iSAM2_SLAM/eufs/build/eufs_tracks/build/scripts-3.8/eufs_tracks_converter -> /home/andrewwhong/classes/16833/iSAM2_SLAM/eufs/install/eufs_tracks/lib/eufs_tracks
[6.159s] changing mode of /home/andrewwhong/classes/16833/iSAM2_SLAM/eufs/install/eufs_tracks/lib/eufs_tracks/eufs_tracks_generator to 755
[6.160s] changing mode of /home/andrewwhong/classes/16833/iSAM2_SLAM/eufs/install/eufs_tracks/lib/eufs_tracks/eufs_tracks_converter to 755
[6.196s] writing list of installed files to '/home/andrewwhong/classes/16833/iSAM2_SLAM/eufs/build/eufs_tracks/install.log'
[7.043s] Invoked command in '/home/andrewwhong/classes/16833/iSAM2_SLAM/eufs/eufs_sim/eufs_tracks' returned '0': PYTHONPATH=/home/andrewwhong/classes/16833/iSAM2_SLAM/eufs/build/eufs_tracks/prefix_override:/home/andrewwhong/classes/16833/iSAM2_SLAM/eufs/install/eufs_tracks/lib/python3.8/site-packages:${PYTHONPATH} /usr/bin/python3 setup.py egg_info --egg-base ../../build/eufs_tracks build --build-base /home/andrewwhong/classes/16833/iSAM2_SLAM/eufs/build/eufs_tracks/build install --record /home/andrewwhong/classes/16833/iSAM2_SLAM/eufs/build/eufs_tracks/install.log --single-version-externally-managed
