[0.941s] Invoking command in '/home/andrewwhong/classes/16833/iSAM2_SLAM/eufs/build/eufs_plugins': AMENT_PREFIX_PATH=/home/andrewwhong/classes/16833/iSAM2_SLAM/eufs/install/eufs_models:/home/andrewwhong/classes/16833/iSAM2_SLAM/eufs/install/eufs_msgs:${AMENT_PREFIX_PATH} CMAKE_PREFIX_PATH=/home/andrewwhong/classes/16833/iSAM2_SLAM/eufs/install/eufs_models:/home/andrewwhong/classes/16833/iSAM2_SLAM/eufs/install/eufs_msgs:/home/andrewwhong/classes/16833/iSAM2_SLAM/workspace/install/isam2:/home/andrewwhong/classes/16833/iSAM2_SLAM/workspace/install/eufs_msgs:/opt/ros/foxy LD_LIBRARY_PATH=/home/andrewwhong/classes/16833/iSAM2_SLAM/eufs/install/eufs_models/lib:/home/andrewwhong/classes/16833/iSAM2_SLAM/eufs/install/eufs_msgs/lib:${LD_LIBRARY_PATH} PYTHONPATH=/home/andrewwhong/classes/16833/iSAM2_SLAM/eufs/install/eufs_msgs/lib/python3.8/site-packages:${PYTHONPATH} /usr/bin/cmake /home/andrewwhong/classes/16833/iSAM2_SLAM/eufs/eufs_sim/eufs_plugins -DCMAKE_INSTALL_PREFIX=/home/andrewwhong/classes/16833/iSAM2_SLAM/eufs/install/eufs_plugins
[0.987s] -- Found ament_cmake: 0.9.12 (/opt/ros/foxy/share/ament_cmake/cmake)
[1.054s] -- Using PYTHON_EXECUTABLE: /usr/local/bin/python3
[1.530s] -- Found gazebo_dev: 3.5.3 (/opt/ros/foxy/share/gazebo_dev/cmake)
[1.546s] -- Found PkgConfig: /usr/bin/pkg-config (found version "0.29.1") 
[1.554s] -- Checking for module 'bullet>=2.82'
[1.594s] --   Found bullet, version 2.88
[6.356s] -- Found ccd: /usr/include (found suitable version "2.0", minimum required is "2.0") 
[6.662s] -- Found fcl: /usr/include (found suitable version "0.5.0", minimum required is "0.3.2") 
[7.185s] -- Found assimp: /usr/include (found version "5.0.0") 
[7.265s] -- Found DART: /usr/include (Required is at least version "6.6") found components: dart 
[9.886s] -- Found Boost: /usr/lib/x86_64-linux-gnu/cmake/Boost-1.71.0/BoostConfig.cmake (found suitable version "1.71.0", minimum required is "1.40.0") found components: thread system filesystem program_options regex iostreams date_time 
[12.130s] -- Found Protobuf: /usr/lib/x86_64-linux-gnu/libprotobuf.so;-lpthread (found version "3.6.1") 
[12.145s] -- Looking for ignition-math6 -- found version 6.15.0
[12.182s] -- Searching for dependencies of ignition-math6
[12.193s] -- Looking for OGRE...
[12.195s] -- OGRE_PREFIX_WATCH changed.
[12.212s] -- Checking for module 'OGRE'
[12.318s] --   Found OGRE, version 1.9.0
[12.873s] -- Found Ogre Ghadamon (1.9.0)
[17.104s] -- Found OGRE: optimized;/usr/lib/x86_64-linux-gnu/libOgreMain.so;debug;/usr/lib/x86_64-linux-gnu/libOgreMain.so
[17.133s] -- Looking for OGRE_Paging...
[18.972s] -- Found OGRE_Paging: optimized;/usr/lib/x86_64-linux-gnu/libOgrePaging.so;debug;/usr/lib/x86_64-linux-gnu/libOgrePaging.so
[18.972s] -- Looking for OGRE_Terrain...
[20.647s] -- Found OGRE_Terrain: optimized;/usr/lib/x86_64-linux-gnu/libOgreTerrain.so;debug;/usr/lib/x86_64-linux-gnu/libOgreTerrain.so
[20.647s] -- Looking for OGRE_Property...
[22.174s] -- Found OGRE_Property: optimized;/usr/lib/x86_64-linux-gnu/libOgreProperty.so;debug;/usr/lib/x86_64-linux-gnu/libOgreProperty.so
[22.175s] -- Looking for OGRE_RTShaderSystem...
[23.505s] -- Found OGRE_RTShaderSystem: optimized;/usr/lib/x86_64-linux-gnu/libOgreRTShaderSystem.so;debug;/usr/lib/x86_64-linux-gnu/libOgreRTShaderSystem.so
[23.505s] -- Looking for OGRE_Volume...
[24.895s] -- Found OGRE_Volume: optimized;/usr/lib/x86_64-linux-gnu/libOgreVolume.so;debug;/usr/lib/x86_64-linux-gnu/libOgreVolume.so
[24.895s] -- Looking for OGRE_Overlay...
[26.182s] -- Found OGRE_Overlay: optimized;/usr/lib/x86_64-linux-gnu/libOgreOverlay.so;debug;/usr/lib/x86_64-linux-gnu/libOgreOverlay.so
[89.872s] -- Looking for ignition-math6 -- found version 6.15.0
[89.877s] -- Looking for ignition-transport8 -- found version 8.3.0
[89.878s] -- Searching for dependencies of ignition-transport8
[92.523s] -- Found Protobuf: /usr/lib/x86_64-linux-gnu/libprotobuf.so;-lpthread (found suitable version "3.6.1", minimum required is "3") 
[95.019s] -- Config-file not installed for ZeroMQ -- checking for pkg-config
[95.033s] -- Checking for module 'libzmq >= 4'
[95.055s] --   Found libzmq , version 4.3.2
[95.321s] -- Found ZeroMQ: TRUE (Required is at least version "4") 
[95.454s] -- Checking for module 'uuid'
[95.471s] --   Found uuid, version 2.34.0
[95.731s] -- Found UUID: TRUE  
[95.734s] -- Looking for ignition-msgs5 -- found version 5.10.0
[95.735s] -- Searching for dependencies of ignition-msgs5
[98.230s] -- Looking for ignition-math6 -- found version 6.15.0
[98.240s] -- Checking for module 'tinyxml2'
[98.255s] --   Found tinyxml2, version 6.2.0
[98.518s] -- Looking for ignition-msgs5 -- found version 5.10.0
[98.522s] -- Looking for ignition-common3 -- found version 3.14.2
[98.522s] -- Searching for dependencies of ignition-common3
[98.637s] -- Looking for dlfcn.h - found
[98.749s] -- Looking for libdl - found
[98.751s] -- Found DL: TRUE  
[98.988s] -- Searching for <ignition-common3> component [graphics]
[98.990s] -- Looking for ignition-common3-graphics -- found version 3.14.2
[98.991s] -- Searching for dependencies of ignition-common3-graphics
[98.991s] -- Looking for ignition-math6 -- found version 6.15.0
[98.996s] -- Looking for ignition-fuel_tools4 -- found version 4.6.0
[98.996s] -- Searching for dependencies of ignition-fuel_tools4
[99.741s] -- Found CURL: /usr/lib/x86_64-linux-gnu/libcurl.so (found version "7.68.0")  
[99.757s] -- Checking for module 'jsoncpp'
[99.772s] --   Found jsoncpp, version 1.7.4
[100.019s] -- Found JSONCPP: TRUE  
[100.032s] -- Checking for module 'libzip'
[100.048s] --   Found libzip, version 1.5.1
[100.316s] -- Found ZIP: TRUE  
[100.316s] -- Looking for ignition-common3 -- found version 3.14.2
[100.317s] -- Looking for ignition-math6 -- found version 6.15.0
[100.317s] -- Looking for ignition-msgs5 -- found version 5.10.0
[100.324s] -- Gazebo version: 11.11
[100.328s] -- Found gazebo_ros: 3.5.3 (/opt/ros/foxy/share/gazebo_ros/cmake)
[100.534s] -- Using all available rosidl_typesupport_c: rosidl_typesupport_fastrtps_c;rosidl_typesupport_introspection_c
[100.549s] -- Found rosidl_adapter: 1.3.1 (/opt/ros/foxy/share/rosidl_adapter/cmake)
[103.514s] -- Found OpenSSL: /usr/lib/x86_64-linux-gnu/libcrypto.so (found version "1.1.1f")  
[106.664s] -- Found FastRTPS: /opt/ros/foxy/include  
[112.167s] -- Using all available rosidl_typesupport_cpp: rosidl_typesupport_fastrtps_cpp;rosidl_typesupport_introspection_cpp
[112.260s] -- Found rmw_implementation_cmake: 1.0.4 (/opt/ros/foxy/share/rmw_implementation_cmake/cmake)
[112.264s] -- Using RMW implementation 'rmw_fastrtps_cpp' as default
[112.266s] -- Found Threads: TRUE  
[112.489s] -- Found geometry_msgs: 2.0.5 (/opt/ros/foxy/share/geometry_msgs/cmake)
[112.544s] -- Found nav_msgs: 2.0.5 (/opt/ros/foxy/share/nav_msgs/cmake)
[112.644s] -- Found std_srvs: 2.0.5 (/opt/ros/foxy/share/std_srvs/cmake)
[112.669s] -- Found tf2: 0.13.14 (/opt/ros/foxy/share/tf2/cmake)
[112.689s] -- Found tf2_ros: 0.13.14 (/opt/ros/foxy/share/tf2_ros/cmake)
[113.145s] -- Found eufs_msgs: 2.0.0 (/home/andrewwhong/classes/16833/iSAM2_SLAM/eufs/install/eufs_msgs/share/eufs_msgs/cmake)
[113.514s] -- Found eufs_models: 2.0.0 (/home/andrewwhong/classes/16833/iSAM2_SLAM/eufs/install/eufs_models/share/eufs_models/cmake)
[115.869s] CMake Error at CMakeLists.txt:36 (find_package):
[115.869s]   By not providing "Findackermann_msgs.cmake" in CMAKE_MODULE_PATH this
[115.869s]   project has asked CMake to find a package configuration file provided by
[115.869s]   "ackermann_msgs", but CMake did not find one.
[115.870s] 
[115.870s]   Could not find a package configuration file provided by "ackermann_msgs"
[115.870s]   with any of the following names:
[115.870s] 
[115.870s]     ackermann_msgsConfig.cmake
[115.870s]     ackermann_msgs-config.cmake
[115.870s] 
[115.870s]   Add the installation prefix of "ackermann_msgs" to CMAKE_PREFIX_PATH or set
[115.870s]   "ackermann_msgs_DIR" to a directory containing one of the above files.  If
[115.870s]   "ackermann_msgs" provides a separate development package or SDK, be sure it
[115.870s]   has been installed.
[115.870s] 
[115.870s] 
[115.885s] -- Configuring incomplete, errors occurred!
[115.885s] See also "/home/andrewwhong/classes/16833/iSAM2_SLAM/eufs/build/eufs_plugins/CMakeFiles/CMakeOutput.log".
[115.885s] See also "/home/andrewwhong/classes/16833/iSAM2_SLAM/eufs/build/eufs_plugins/CMakeFiles/CMakeError.log".
[115.922s] Invoked command in '/home/andrewwhong/classes/16833/iSAM2_SLAM/eufs/build/eufs_plugins' returned '1': AMENT_PREFIX_PATH=/home/andrewwhong/classes/16833/iSAM2_SLAM/eufs/install/eufs_models:/home/andrewwhong/classes/16833/iSAM2_SLAM/eufs/install/eufs_msgs:${AMENT_PREFIX_PATH} CMAKE_PREFIX_PATH=/home/andrewwhong/classes/16833/iSAM2_SLAM/eufs/install/eufs_models:/home/andrewwhong/classes/16833/iSAM2_SLAM/eufs/install/eufs_msgs:/home/andrewwhong/classes/16833/iSAM2_SLAM/workspace/install/isam2:/home/andrewwhong/classes/16833/iSAM2_SLAM/workspace/install/eufs_msgs:/opt/ros/foxy LD_LIBRARY_PATH=/home/andrewwhong/classes/16833/iSAM2_SLAM/eufs/install/eufs_models/lib:/home/andrewwhong/classes/16833/iSAM2_SLAM/eufs/install/eufs_msgs/lib:${LD_LIBRARY_PATH} PYTHONPATH=/home/andrewwhong/classes/16833/iSAM2_SLAM/eufs/install/eufs_msgs/lib/python3.8/site-packages:${PYTHONPATH} /usr/bin/cmake /home/andrewwhong/classes/16833/iSAM2_SLAM/eufs/eufs_sim/eufs_plugins -DCMAKE_INSTALL_PREFIX=/home/andrewwhong/classes/16833/iSAM2_SLAM/eufs/install/eufs_plugins
