[0.017s] Invoking command in '/home/dale/Documents/isam2/iSAM2_SLAM/workspace/build/isam2': CMAKE_PREFIX_PATH=/opt/ros/foxy CONDA_PROMPT_MODIFIER=(base) /home/dale/miniconda3/bin/cmake /home/dale/Documents/isam2/iSAM2_SLAM/workspace/src/isam2 -DCMAKE_INSTALL_PREFIX=/home/dale/Documents/isam2/iSAM2_SLAM/workspace/install/isam2
[0.236s] -- The C compiler identification is GNU 9.4.0
[0.392s] -- The CXX compiler identification is GNU 9.4.0
[0.410s] -- Detecting C compiler ABI info
[0.445s] -- Detecting C compiler ABI info - done
[0.450s] -- Check for working C compiler: /usr/bin/cc - skipped
[0.451s] -- Detecting C compile features
[0.451s] -- Detecting C compile features - done
[0.457s] -- Detecting CXX compiler ABI info
[0.488s] -- Detecting CXX compiler ABI info - done
[0.494s] -- Check for working CXX compiler: /usr/bin/c++ - skipped
[0.494s] -- Detecting CXX compile features
[0.494s] -- Detecting CXX compile features - done
[0.497s] -- Found ament_cmake: 0.9.12 (/opt/ros/foxy/share/ament_cmake/cmake)
[0.503s] [33mCMake Warning (dev) at /opt/ros/foxy/share/ament_cmake_core/cmake/core/python.cmake:22 (find_package):
[0.503s]   Policy CMP0148 is not set: The FindPythonInterp and FindPythonLibs modules
[0.503s]   are removed.  Run "cmake --help-policy CMP0148" for policy details.  Use
[0.503s]   the cmake_policy command to set the policy and suppress this warning.
[0.503s] 
[0.503s] Call Stack (most recent call first):
[0.503s]   /opt/ros/foxy/share/ament_cmake_core/cmake/core/all.cmake:53 (include)
[0.503s]   /opt/ros/foxy/share/ament_cmake_core/cmake/ament_cmake_core-extras.cmake:17 (include)
[0.503s]   /opt/ros/foxy/share/ament_cmake_core/cmake/ament_cmake_coreConfig.cmake:41 (include)
[0.503s]   /opt/ros/foxy/share/ament_cmake/cmake/ament_cmake_export_dependencies-extras.cmake:15 (find_package)
[0.503s]   /opt/ros/foxy/share/ament_cmake/cmake/ament_cmakeConfig.cmake:41 (include)
[0.503s]   CMakeLists.txt:25 (find_package)
[0.503s] This warning is for project developers.  Use -Wno-dev to suppress it.
[0.503s] [0m
[0.513s] -- Found PythonInterp: /home/dale/miniconda3/bin/python3 (found suitable version "3.8.18", minimum required is "3") 
[0.513s] -- Using PYTHON_EXECUTABLE: /home/dale/miniconda3/bin/python3
[0.614s] -- Found rclcpp: 2.4.3 (/opt/ros/foxy/share/rclcpp/cmake)
[0.655s] -- Using all available rosidl_typesupport_c: rosidl_typesupport_fastrtps_c;rosidl_typesupport_introspection_c
[0.661s] -- Found rosidl_adapter: 1.3.1 (/opt/ros/foxy/share/rosidl_adapter/cmake)
[0.720s] -- Found OpenSSL: /usr/lib/x86_64-linux-gnu/libcrypto.so (found version "1.1.1f")  
[0.736s] -- Found FastRTPS: /opt/ros/foxy/include  
[0.786s] -- Using all available rosidl_typesupport_cpp: rosidl_typesupport_fastrtps_cpp;rosidl_typesupport_introspection_cpp
[0.833s] -- Found rmw_implementation_cmake: 1.0.4 (/opt/ros/foxy/share/rmw_implementation_cmake/cmake)
[0.835s] -- Using RMW implementation 'rmw_fastrtps_cpp' as default
[0.837s] -- Performing Test CMAKE_HAVE_LIBC_PTHREAD
[0.875s] -- Performing Test CMAKE_HAVE_LIBC_PTHREAD - Failed
[0.875s] -- Looking for pthread_create in pthreads
[0.896s] -- Looking for pthread_create in pthreads - not found
[0.896s] -- Looking for pthread_create in pthread
[0.920s] -- Looking for pthread_create in pthread - found
[0.921s] -- Found Threads: TRUE  
[1.014s] -- Found message_filters: 3.2.7 (/opt/ros/foxy/share/message_filters/cmake)
[1.021s] [31mCMake Error at CMakeLists.txt:28 (find_package):
[1.021s]   By not providing "Findeufs_msgs.cmake" in CMAKE_MODULE_PATH this project
[1.021s]   has asked CMake to find a package configuration file provided by
[1.021s]   "eufs_msgs", but CMake did not find one.
[1.021s] 
[1.021s]   Could not find a package configuration file provided by "eufs_msgs" with
[1.021s]   any of the following names:
[1.021s] 
[1.021s]     eufs_msgsConfig.cmake
[1.021s]     eufs_msgs-config.cmake
[1.021s] 
[1.021s]   Add the installation prefix of "eufs_msgs" to CMAKE_PREFIX_PATH or set
[1.021s]   "eufs_msgs_DIR" to a directory containing one of the above files.  If
[1.021s]   "eufs_msgs" provides a separate development package or SDK, be sure it has
[1.021s]   been installed.
[1.021s] 
[1.021s] [0m
[1.021s] -- Configuring incomplete, errors occurred!
[1.027s] Invoked command in '/home/dale/Documents/isam2/iSAM2_SLAM/workspace/build/isam2' returned '1': CMAKE_PREFIX_PATH=/opt/ros/foxy CONDA_PROMPT_MODIFIER=(base) /home/dale/miniconda3/bin/cmake /home/dale/Documents/isam2/iSAM2_SLAM/workspace/src/isam2 -DCMAKE_INSTALL_PREFIX=/home/dale/Documents/isam2/iSAM2_SLAM/workspace/install/isam2
