In file included from [01m[K/home/dale/Documents/isam2/iSAM2_SLAM/workspace/src/isam2/isam2.cpp:29[m[K,
                 from [01m[K/home/dale/Documents/isam2/iSAM2_SLAM/workspace/src/isam2/isam2Node.cpp:24[m[K:
[01m[K/usr/local/include/gtsam/slam/BearingRangeFactor.h:18:2:[m[K [01;35m[Kwarning: [m[K#warning "BearingRangeFactor is now an ExpressionFactor in SAM directory" [[01;35m[K-Wcpp[m[K]
   18 | #[01;35m[Kwarning[m[K "BearingRangeFactor is now an ExpressionFactor in SAM directory"
      |  [01;35m[K^~~~~~~[m[K
In file included from [01m[K/home/dale/Documents/isam2/iSAM2_SLAM/workspace/src/isam2/isam2Node.cpp:24[m[K:
[01m[K/home/dale/Documents/isam2/iSAM2_SLAM/workspace/src/isam2/isam2.cpp:107:28:[m[K [01;35m[Kwarning: [m[Kuse of ‘[01m[Kauto[m[K’ in parameter declaration only available with ‘[01m[K-fconcepts[m[K’
  107 |     double mahalanobisDist([01;35m[Kauto[m[K logger, Pose2 measurement,Pose2 landmark,Symbol landmark_key){
      |                            [01;35m[K^~~~[m[K
[01m[K/home/dale/Documents/isam2/iSAM2_SLAM/workspace/src/isam2/isam2.cpp:138:19:[m[K [01;35m[Kwarning: [m[Kuse of ‘[01m[Kauto[m[K’ in parameter declaration only available with ‘[01m[K-fconcepts[m[K’
  138 |     int associate([01;35m[Kauto[m[K logger, Pose2 measurement) {
      |                   [01;35m[K^~~~[m[K
[01m[K/home/dale/Documents/isam2/iSAM2_SLAM/workspace/src/isam2/isam2.cpp:164:15:[m[K [01;35m[Kwarning: [m[Kuse of ‘[01m[Kauto[m[K’ in parameter declaration only available with ‘[01m[K-fconcepts[m[K’
  164 |     void step([01;35m[Kauto[m[K logger, gtsam::Pose2 global_odom, std::vector<Point2> &cone_obs, std::vector<Point2> &orange_ref_cones, gtsam::Point2 velocity,long time_ns, bool loopClosure) {
      |               [01;35m[K^~~~[m[K
[01m[K/home/dale/Documents/isam2/iSAM2_SLAM/workspace/src/isam2/isam2Node.cpp:[m[K In constructor ‘[01m[KSLAMValidation::SLAMValidation()[m[K’:
[01m[K/home/dale/Documents/isam2/iSAM2_SLAM/workspace/src/isam2/isam2Node.cpp:58:25:[m[K [01;35m[Kwarning: [m[Kvariable ‘[01m[Kbest_effort_qos[m[K’ set but not used [[01;35m[K-Wunused-but-set-variable[m[K]
   58 |       rmw_qos_profile_t [01;35m[Kbest_effort_qos[m[K = rmw_qos_profile_default;
      |                         [01;35m[K^~~~~~~~~~~~~~~[m[K
In file included from [01m[K/home/dale/Documents/isam2/iSAM2_SLAM/workspace/src/isam2/isam2Node.cpp:24[m[K:
/home/dale/Documents/isam2/iSAM2_SLAM/workspace/src/isam2/isam2.cpp: In instantiation of ‘[01m[Kvoid slamISAM::step(auto:35, gtsam::Pose2, std::vector<Eigen::Matrix<double, 2, 1> >&, std::vector<Eigen::Matrix<double, 2, 1> >&, gtsam::Point2, long int, bool) [with auto:35 = rclcpp::Logger; gtsam::Point2 = Eigen::Matrix<double, 2, 1>][m[K’:
[01m[K/home/dale/Documents/isam2/iSAM2_SLAM/workspace/src/isam2/isam2Node.cpp:212:105:[m[K   required from here
[01m[K/home/dale/Documents/isam2/iSAM2_SLAM/workspace/src/isam2/isam2.cpp:164:138:[m[K [01;35m[Kwarning: [m[Kunused parameter ‘[01m[Kvelocity[m[K’ [[01;35m[K-Wunused-parameter[m[K]
  164 | :vector<Point2> &orange_ref_cones, [01;35m[Kgtsam::Point2 velocity[m[K,long time_ns, bool loopClosure) {
      |                                    [01;35m[K~~~~~~~~~~~~~~^~~~~~~~[m[K

[01m[K/home/dale/Documents/isam2/iSAM2_SLAM/workspace/src/isam2/isam2.cpp:164:152:[m[K [01;35m[Kwarning: [m[Kunused parameter ‘[01m[Ktime_ns[m[K’ [[01;35m[K-Wunused-parameter[m[K]
  164 | > &orange_ref_cones, gtsam::Point2 velocity,[01;35m[Klong time_ns[m[K, bool loopClosure) {
      |                                             [01;35m[K~~~~~^~~~~~~[m[K

