[0.241s] Invoking command in '/home/dale/Documents/isam2/iSAM2_SLAM/build/isam2': AMENT_PREFIX_PATH=/home/dale/Documents/isam2/iSAM2_SLAM/install/eufs_msgs:${AMENT_PREFIX_PATH} CMAKE_PREFIX_PATH=/home/dale/Documents/isam2/iSAM2_SLAM/install/eufs_msgs:/home/dale/Documents/isam2/iSAM2_SLAM/workspace/install/isam2:/home/dale/Documents/isam2/iSAM2_SLAM/workspace/install/eufs_msgs:/opt/ros/foxy CONDA_PROMPT_MODIFIER=(base) LD_LIBRARY_PATH=/home/dale/Documents/isam2/iSAM2_SLAM/install/eufs_msgs/lib:${LD_LIBRARY_PATH} PYTHONPATH=/home/dale/Documents/isam2/iSAM2_SLAM/install/eufs_msgs/lib/python3.8/site-packages:${PYTHONPATH} /home/dale/miniconda3/bin/cmake --build /home/dale/Documents/isam2/iSAM2_SLAM/build/isam2 -- -j24 -l24
[0.266s] [ 50%] [32mBuilding CXX object CMakeFiles/isam_test.dir/isam2Node.cpp.o[0m
[0.374s] In file included from [01m[K/home/dale/Documents/isam2/iSAM2_SLAM/workspace/src/isam2/isam2.cpp:29[m[K,
[0.374s]                  from [01m[K/home/dale/Documents/isam2/iSAM2_SLAM/workspace/src/isam2/isam2Node.cpp:24[m[K:
[0.374s] [01m[K/usr/local/include/gtsam/slam/BearingRangeFactor.h:18:2:[m[K [01;35m[Kwarning: [m[K#warning "BearingRangeFactor is now an ExpressionFactor in SAM directory" [[01;35m[K-Wcpp[m[K]
[0.374s]    18 | #[01;35m[Kwarning[m[K "BearingRangeFactor is now an ExpressionFactor in SAM directory"
[0.374s]       |  [01;35m[K^~~~~~~[m[K
[2.128s] In file included from [01m[K/home/dale/Documents/isam2/iSAM2_SLAM/workspace/src/isam2/isam2Node.cpp:24[m[K:
[2.128s] [01m[K/home/dale/Documents/isam2/iSAM2_SLAM/workspace/src/isam2/isam2.cpp:107:28:[m[K [01;35m[Kwarning: [m[Kuse of ‘[01m[Kauto[m[K’ in parameter declaration only available with ‘[01m[K-fconcepts[m[K’
[2.128s]   107 |     double mahalanobisDist([01;35m[Kauto[m[K logger, Pose2 measurement,Pose2 landmark,Symbol landmark_key){
[2.128s]       |                            [01;35m[K^~~~[m[K
[2.128s] [01m[K/home/dale/Documents/isam2/iSAM2_SLAM/workspace/src/isam2/isam2.cpp:138:19:[m[K [01;35m[Kwarning: [m[Kuse of ‘[01m[Kauto[m[K’ in parameter declaration only available with ‘[01m[K-fconcepts[m[K’
[2.128s]   138 |     int associate([01;35m[Kauto[m[K logger, Pose2 measurement) {
[2.128s]       |                   [01;35m[K^~~~[m[K
[2.128s] [01m[K/home/dale/Documents/isam2/iSAM2_SLAM/workspace/src/isam2/isam2.cpp:164:15:[m[K [01;35m[Kwarning: [m[Kuse of ‘[01m[Kauto[m[K’ in parameter declaration only available with ‘[01m[K-fconcepts[m[K’
[2.128s]   164 |     void step([01;35m[Kauto[m[K logger, gtsam::Pose2 global_odom, std::vector<Point2> &cone_obs, std::vector<Point2> &orange_ref_cones, gtsam::Point2 velocity,long time_ns, bool loopClosure) {
[2.128s]       |               [01;35m[K^~~~[m[K
[2.185s] [01m[K/home/dale/Documents/isam2/iSAM2_SLAM/workspace/src/isam2/isam2Node.cpp:[m[K In constructor ‘[01m[KSLAMValidation::SLAMValidation()[m[K’:
[2.186s] [01m[K/home/dale/Documents/isam2/iSAM2_SLAM/workspace/src/isam2/isam2Node.cpp:58:25:[m[K [01;35m[Kwarning: [m[Kvariable ‘[01m[Kbest_effort_qos[m[K’ set but not used [[01;35m[K-Wunused-but-set-variable[m[K]
[2.186s]    58 |       rmw_qos_profile_t [01;35m[Kbest_effort_qos[m[K = rmw_qos_profile_default;
[2.186s]       |                         [01;35m[K^~~~~~~~~~~~~~~[m[K
[2.306s] In file included from [01m[K/home/dale/Documents/isam2/iSAM2_SLAM/workspace/src/isam2/isam2Node.cpp:24[m[K:
[2.306s] /home/dale/Documents/isam2/iSAM2_SLAM/workspace/src/isam2/isam2.cpp: In instantiation of ‘[01m[Kvoid slamISAM::step(auto:35, gtsam::Pose2, std::vector<Eigen::Matrix<double, 2, 1> >&, std::vector<Eigen::Matrix<double, 2, 1> >&, gtsam::Point2, long int, bool) [with auto:35 = rclcpp::Logger; gtsam::Point2 = Eigen::Matrix<double, 2, 1>][m[K’:
[2.307s] [01m[K/home/dale/Documents/isam2/iSAM2_SLAM/workspace/src/isam2/isam2Node.cpp:212:105:[m[K   required from here
[2.307s] [01m[K/home/dale/Documents/isam2/iSAM2_SLAM/workspace/src/isam2/isam2.cpp:164:138:[m[K [01;35m[Kwarning: [m[Kunused parameter ‘[01m[Kvelocity[m[K’ [[01;35m[K-Wunused-parameter[m[K]
[2.307s]   164 | :vector<Point2> &orange_ref_cones, [01;35m[Kgtsam::Point2 velocity[m[K,long time_ns, bool loopClosure) {
[2.307s]       |                                    [01;35m[K~~~~~~~~~~~~~~^~~~~~~~[m[K
[2.307s] 
[2.307s] [01m[K/home/dale/Documents/isam2/iSAM2_SLAM/workspace/src/isam2/isam2.cpp:164:152:[m[K [01;35m[Kwarning: [m[Kunused parameter ‘[01m[Ktime_ns[m[K’ [[01;35m[K-Wunused-parameter[m[K]
[2.307s]   164 | > &orange_ref_cones, gtsam::Point2 velocity,[01;35m[Klong time_ns[m[K, bool loopClosure) {
[2.307s]       |                                             [01;35m[K~~~~~^~~~~~~[m[K
[2.307s] 
[7.288s] [100%] [32m[1mLinking CXX executable isam_test[0m
[7.549s] [100%] Built target isam_test
[7.554s] Invoked command in '/home/dale/Documents/isam2/iSAM2_SLAM/build/isam2' returned '0': AMENT_PREFIX_PATH=/home/dale/Documents/isam2/iSAM2_SLAM/install/eufs_msgs:${AMENT_PREFIX_PATH} CMAKE_PREFIX_PATH=/home/dale/Documents/isam2/iSAM2_SLAM/install/eufs_msgs:/home/dale/Documents/isam2/iSAM2_SLAM/workspace/install/isam2:/home/dale/Documents/isam2/iSAM2_SLAM/workspace/install/eufs_msgs:/opt/ros/foxy CONDA_PROMPT_MODIFIER=(base) LD_LIBRARY_PATH=/home/dale/Documents/isam2/iSAM2_SLAM/install/eufs_msgs/lib:${LD_LIBRARY_PATH} PYTHONPATH=/home/dale/Documents/isam2/iSAM2_SLAM/install/eufs_msgs/lib/python3.8/site-packages:${PYTHONPATH} /home/dale/miniconda3/bin/cmake --build /home/dale/Documents/isam2/iSAM2_SLAM/build/isam2 -- -j24 -l24
[7.574s] Invoking command in '/home/dale/Documents/isam2/iSAM2_SLAM/build/isam2': AMENT_PREFIX_PATH=/home/dale/Documents/isam2/iSAM2_SLAM/install/eufs_msgs:${AMENT_PREFIX_PATH} CMAKE_PREFIX_PATH=/home/dale/Documents/isam2/iSAM2_SLAM/install/eufs_msgs:/home/dale/Documents/isam2/iSAM2_SLAM/workspace/install/isam2:/home/dale/Documents/isam2/iSAM2_SLAM/workspace/install/eufs_msgs:/opt/ros/foxy CONDA_PROMPT_MODIFIER=(base) LD_LIBRARY_PATH=/home/dale/Documents/isam2/iSAM2_SLAM/install/eufs_msgs/lib:${LD_LIBRARY_PATH} PYTHONPATH=/home/dale/Documents/isam2/iSAM2_SLAM/install/eufs_msgs/lib/python3.8/site-packages:${PYTHONPATH} /home/dale/miniconda3/bin/cmake --install /home/dale/Documents/isam2/iSAM2_SLAM/build/isam2
[7.587s] -- Install configuration: ""
[7.587s] -- Installing: /home/dale/Documents/isam2/iSAM2_SLAM/install/isam2/lib/isam2/isam_test
[7.590s] -- Set runtime path of "/home/dale/Documents/isam2/iSAM2_SLAM/install/isam2/lib/isam2/isam_test" to ""
[7.590s] -- Up-to-date: /home/dale/Documents/isam2/iSAM2_SLAM/install/isam2/share/ament_index/resource_index/package_run_dependencies/isam2
[7.590s] -- Up-to-date: /home/dale/Documents/isam2/iSAM2_SLAM/install/isam2/share/ament_index/resource_index/parent_prefix_path/isam2
[7.590s] -- Up-to-date: /home/dale/Documents/isam2/iSAM2_SLAM/install/isam2/share/isam2/environment/ament_prefix_path.sh
[7.590s] -- Up-to-date: /home/dale/Documents/isam2/iSAM2_SLAM/install/isam2/share/isam2/environment/ament_prefix_path.dsv
[7.590s] -- Up-to-date: /home/dale/Documents/isam2/iSAM2_SLAM/install/isam2/share/isam2/environment/path.sh
[7.590s] -- Up-to-date: /home/dale/Documents/isam2/iSAM2_SLAM/install/isam2/share/isam2/environment/path.dsv
[7.590s] -- Up-to-date: /home/dale/Documents/isam2/iSAM2_SLAM/install/isam2/share/isam2/local_setup.bash
[7.590s] -- Up-to-date: /home/dale/Documents/isam2/iSAM2_SLAM/install/isam2/share/isam2/local_setup.sh
[7.590s] -- Up-to-date: /home/dale/Documents/isam2/iSAM2_SLAM/install/isam2/share/isam2/local_setup.zsh
[7.590s] -- Up-to-date: /home/dale/Documents/isam2/iSAM2_SLAM/install/isam2/share/isam2/local_setup.dsv
[7.590s] -- Installing: /home/dale/Documents/isam2/iSAM2_SLAM/install/isam2/share/isam2/package.dsv
[7.590s] -- Up-to-date: /home/dale/Documents/isam2/iSAM2_SLAM/install/isam2/share/ament_index/resource_index/packages/isam2
[7.590s] -- Up-to-date: /home/dale/Documents/isam2/iSAM2_SLAM/install/isam2/share/isam2/cmake/ament_cmake_export_include_directories-extras.cmake
[7.590s] -- Up-to-date: /home/dale/Documents/isam2/iSAM2_SLAM/install/isam2/share/isam2/cmake/isam2Config.cmake
[7.590s] -- Up-to-date: /home/dale/Documents/isam2/iSAM2_SLAM/install/isam2/share/isam2/cmake/isam2Config-version.cmake
[7.590s] -- Up-to-date: /home/dale/Documents/isam2/iSAM2_SLAM/install/isam2/share/isam2/package.xml
[7.592s] Invoked command in '/home/dale/Documents/isam2/iSAM2_SLAM/build/isam2' returned '0': AMENT_PREFIX_PATH=/home/dale/Documents/isam2/iSAM2_SLAM/install/eufs_msgs:${AMENT_PREFIX_PATH} CMAKE_PREFIX_PATH=/home/dale/Documents/isam2/iSAM2_SLAM/install/eufs_msgs:/home/dale/Documents/isam2/iSAM2_SLAM/workspace/install/isam2:/home/dale/Documents/isam2/iSAM2_SLAM/workspace/install/eufs_msgs:/opt/ros/foxy CONDA_PROMPT_MODIFIER=(base) LD_LIBRARY_PATH=/home/dale/Documents/isam2/iSAM2_SLAM/install/eufs_msgs/lib:${LD_LIBRARY_PATH} PYTHONPATH=/home/dale/Documents/isam2/iSAM2_SLAM/install/eufs_msgs/lib/python3.8/site-packages:${PYTHONPATH} /home/dale/miniconda3/bin/cmake --install /home/dale/Documents/isam2/iSAM2_SLAM/build/isam2
