[0.030s] Invoking command in '/home/dale/Documents/isam2/iSAM2_SLAM/workspace/build/isam2': CMAKE_PREFIX_PATH=/home/dale/Documents/isam2/iSAM2_SLAM/workspace/install/eufs_msgs:/home/dale/Documents/isam2/iSAM2_SLAM/workspace/install/isam2:/home/dale/driverless/driverless_ws/install/ros2_numpy_dv:/home/dale/driverless/driverless_ws/install/ros2_numpy:/home/dale/driverless/driverless_ws/install/planning:/home/dale/driverless/driverless_ws/install/interfaces:/home/dale/driverless/driverless_ws/install/eufs_msgs:/home/dale/driverless/driverless_ws/install/controls:/home/dale/driverless/driverless_ws/install/common:/home/dale/driverless/driverless_ws/install/collection:/home/dale/driverless/driverless_ws/install/actuators:/home/dale/driverless/driverless_ws/install/perceptions:/opt/ros/foxy CONDA_PROMPT_MODIFIER=(base) /home/dale/miniconda3/bin/cmake --build /home/dale/Documents/isam2/iSAM2_SLAM/workspace/build/isam2 -- -j24 -l24
[0.058s] [ 50%] [32mBuilding CXX object CMakeFiles/isam_test.dir/isam2Node.cpp.o[0m
[0.167s] In file included from [01m[K/home/dale/Documents/isam2/iSAM2_SLAM/workspace/src/isam2/isam2.cpp:29[m[K,
[0.167s]                  from [01m[K/home/dale/Documents/isam2/iSAM2_SLAM/workspace/src/isam2/isam2Node.cpp:14[m[K:
[0.167s] [01m[K/usr/local/include/gtsam/slam/BearingRangeFactor.h:18:2:[m[K [01;35m[Kwarning: [m[K#warning "BearingRangeFactor is now an ExpressionFactor in SAM directory" [[01;35m[K-Wcpp[m[K]
[0.167s]    18 | #[01;35m[Kwarning[m[K "BearingRangeFactor is now an ExpressionFactor in SAM directory"
[0.167s]       |  [01;35m[K^~~~~~~[m[K
[1.946s] In file included from [01m[K/home/dale/Documents/isam2/iSAM2_SLAM/workspace/src/isam2/isam2Node.cpp:14[m[K:
[1.946s] [01m[K/home/dale/Documents/isam2/iSAM2_SLAM/workspace/src/isam2/isam2.cpp:128:15:[m[K [01;35m[Kwarning: [m[Kuse of ‘[01m[Kauto[m[K’ in parameter declaration only available with ‘[01m[K-fconcepts[m[K’
[1.946s]   128 |     void step([01;35m[Kauto[m[K logger, gtsam::Pose2 global_odom, std::vector<Point2> &cone_obs) {
[1.946s]       |               [01;35m[K^~~~[m[K
[7.208s] [100%] [32m[1mLinking CXX executable isam_test[0m
[7.474s] [100%] Built target isam_test
[7.479s] Invoked command in '/home/dale/Documents/isam2/iSAM2_SLAM/workspace/build/isam2' returned '0': CMAKE_PREFIX_PATH=/home/dale/Documents/isam2/iSAM2_SLAM/workspace/install/eufs_msgs:/home/dale/Documents/isam2/iSAM2_SLAM/workspace/install/isam2:/home/dale/driverless/driverless_ws/install/ros2_numpy_dv:/home/dale/driverless/driverless_ws/install/ros2_numpy:/home/dale/driverless/driverless_ws/install/planning:/home/dale/driverless/driverless_ws/install/interfaces:/home/dale/driverless/driverless_ws/install/eufs_msgs:/home/dale/driverless/driverless_ws/install/controls:/home/dale/driverless/driverless_ws/install/common:/home/dale/driverless/driverless_ws/install/collection:/home/dale/driverless/driverless_ws/install/actuators:/home/dale/driverless/driverless_ws/install/perceptions:/opt/ros/foxy CONDA_PROMPT_MODIFIER=(base) /home/dale/miniconda3/bin/cmake --build /home/dale/Documents/isam2/iSAM2_SLAM/workspace/build/isam2 -- -j24 -l24
[7.501s] Invoking command in '/home/dale/Documents/isam2/iSAM2_SLAM/workspace/build/isam2': CMAKE_PREFIX_PATH=/home/dale/Documents/isam2/iSAM2_SLAM/workspace/install/eufs_msgs:/home/dale/Documents/isam2/iSAM2_SLAM/workspace/install/isam2:/home/dale/driverless/driverless_ws/install/ros2_numpy_dv:/home/dale/driverless/driverless_ws/install/ros2_numpy:/home/dale/driverless/driverless_ws/install/planning:/home/dale/driverless/driverless_ws/install/interfaces:/home/dale/driverless/driverless_ws/install/eufs_msgs:/home/dale/driverless/driverless_ws/install/controls:/home/dale/driverless/driverless_ws/install/common:/home/dale/driverless/driverless_ws/install/collection:/home/dale/driverless/driverless_ws/install/actuators:/home/dale/driverless/driverless_ws/install/perceptions:/opt/ros/foxy CONDA_PROMPT_MODIFIER=(base) /home/dale/miniconda3/bin/cmake --install /home/dale/Documents/isam2/iSAM2_SLAM/workspace/build/isam2
[7.515s] -- Install configuration: ""
[7.515s] -- Installing: /home/dale/Documents/isam2/iSAM2_SLAM/workspace/install/isam2/lib/isam2/isam_test
[7.517s] -- Set runtime path of "/home/dale/Documents/isam2/iSAM2_SLAM/workspace/install/isam2/lib/isam2/isam_test" to ""
[7.517s] -- Up-to-date: /home/dale/Documents/isam2/iSAM2_SLAM/workspace/install/isam2/share/ament_index/resource_index/package_run_dependencies/isam2
[7.517s] -- Up-to-date: /home/dale/Documents/isam2/iSAM2_SLAM/workspace/install/isam2/share/ament_index/resource_index/parent_prefix_path/isam2
[7.518s] -- Up-to-date: /home/dale/Documents/isam2/iSAM2_SLAM/workspace/install/isam2/share/isam2/environment/ament_prefix_path.sh
[7.518s] -- Up-to-date: /home/dale/Documents/isam2/iSAM2_SLAM/workspace/install/isam2/share/isam2/environment/ament_prefix_path.dsv
[7.518s] -- Up-to-date: /home/dale/Documents/isam2/iSAM2_SLAM/workspace/install/isam2/share/isam2/environment/path.sh
[7.518s] -- Up-to-date: /home/dale/Documents/isam2/iSAM2_SLAM/workspace/install/isam2/share/isam2/environment/path.dsv
[7.518s] -- Up-to-date: /home/dale/Documents/isam2/iSAM2_SLAM/workspace/install/isam2/share/isam2/local_setup.bash
[7.518s] -- Up-to-date: /home/dale/Documents/isam2/iSAM2_SLAM/workspace/install/isam2/share/isam2/local_setup.sh
[7.518s] -- Up-to-date: /home/dale/Documents/isam2/iSAM2_SLAM/workspace/install/isam2/share/isam2/local_setup.zsh
[7.518s] -- Up-to-date: /home/dale/Documents/isam2/iSAM2_SLAM/workspace/install/isam2/share/isam2/local_setup.dsv
[7.518s] -- Installing: /home/dale/Documents/isam2/iSAM2_SLAM/workspace/install/isam2/share/isam2/package.dsv
[7.518s] -- Up-to-date: /home/dale/Documents/isam2/iSAM2_SLAM/workspace/install/isam2/share/ament_index/resource_index/packages/isam2
[7.518s] -- Up-to-date: /home/dale/Documents/isam2/iSAM2_SLAM/workspace/install/isam2/share/isam2/cmake/ament_cmake_export_include_directories-extras.cmake
[7.518s] -- Up-to-date: /home/dale/Documents/isam2/iSAM2_SLAM/workspace/install/isam2/share/isam2/cmake/isam2Config.cmake
[7.518s] -- Up-to-date: /home/dale/Documents/isam2/iSAM2_SLAM/workspace/install/isam2/share/isam2/cmake/isam2Config-version.cmake
[7.518s] -- Up-to-date: /home/dale/Documents/isam2/iSAM2_SLAM/workspace/install/isam2/share/isam2/package.xml
[7.520s] Invoked command in '/home/dale/Documents/isam2/iSAM2_SLAM/workspace/build/isam2' returned '0': CMAKE_PREFIX_PATH=/home/dale/Documents/isam2/iSAM2_SLAM/workspace/install/eufs_msgs:/home/dale/Documents/isam2/iSAM2_SLAM/workspace/install/isam2:/home/dale/driverless/driverless_ws/install/ros2_numpy_dv:/home/dale/driverless/driverless_ws/install/ros2_numpy:/home/dale/driverless/driverless_ws/install/planning:/home/dale/driverless/driverless_ws/install/interfaces:/home/dale/driverless/driverless_ws/install/eufs_msgs:/home/dale/driverless/driverless_ws/install/controls:/home/dale/driverless/driverless_ws/install/common:/home/dale/driverless/driverless_ws/install/collection:/home/dale/driverless/driverless_ws/install/actuators:/home/dale/driverless/driverless_ws/install/perceptions:/opt/ros/foxy CONDA_PROMPT_MODIFIER=(base) /home/dale/miniconda3/bin/cmake --install /home/dale/Documents/isam2/iSAM2_SLAM/workspace/build/isam2
