running develop
running egg_info
writing eufs_racecar.egg-info/PKG-INFO
writing dependency_links to eufs_racecar.egg-info/dependency_links.txt
writing requirements to eufs_racecar.egg-info/requires.txt
writing top-level names to eufs_racecar.egg-info/top_level.txt
reading manifest file 'eufs_racecar.egg-info/SOURCES.txt'
writing manifest file 'eufs_racecar.egg-info/SOURCES.txt'
running build_ext
Creating /home/andrewwhong/classes/16833/iSAM2_SLAM/eufs/install/eufs_racecar/lib/python3.8/site-packages/eufs-racecar.egg-link (link to .)

Installed /home/andrewwhong/classes/16833/iSAM2_SLAM/eufs/build/eufs_racecar
running install_data
copying resource/eufs_racecar -> /home/andrewwhong/classes/16833/iSAM2_SLAM/eufs/install/eufs_racecar/share/ament_index/resource_index/packages
copying package.xml -> /home/andrewwhong/classes/16833/iSAM2_SLAM/eufs/install/eufs_racecar/share/eufs_racecar
copying meshes/ads_wheel_left.dae -> /home/andrewwhong/classes/16833/iSAM2_SLAM/eufs/install/eufs_racecar/share/eufs_racecar/meshes
copying meshes/ads_dv_chassis.dae -> /home/andrewwhong/classes/16833/iSAM2_SLAM/eufs/install/eufs_racecar/share/eufs_racecar/meshes
copying meshes/wheel_left.dae -> /home/andrewwhong/classes/16833/iSAM2_SLAM/eufs/install/eufs_racecar/share/eufs_racecar/meshes
copying meshes/wheel_right.dae -> /home/andrewwhong/classes/16833/iSAM2_SLAM/eufs/install/eufs_racecar/share/eufs_racecar/meshes
copying meshes/sisu-20d.dae -> /home/andrewwhong/classes/16833/iSAM2_SLAM/eufs/install/eufs_racecar/share/eufs_racecar/meshes
copying meshes/ads_wheel_right.dae -> /home/andrewwhong/classes/16833/iSAM2_SLAM/eufs/install/eufs_racecar/share/eufs_racecar/meshes
copying urdf/wheels.urdf.xacro -> /home/andrewwhong/classes/16833/iSAM2_SLAM/eufs/install/eufs_racecar/share/eufs_racecar/urdf
copying urdf/eufs_base.urdf.xacro -> /home/andrewwhong/classes/16833/iSAM2_SLAM/eufs/install/eufs_racecar/share/eufs_racecar/urdf
copying launch/load_car.launch.py -> /home/andrewwhong/classes/16833/iSAM2_SLAM/eufs/install/eufs_racecar/share/eufs_racecar/launch
copying robots/eufs/configDry.yaml -> /home/andrewwhong/classes/16833/iSAM2_SLAM/eufs/install/eufs_racecar/share/eufs_racecar/robots/eufs
copying robots/eufs/configWet.yaml -> /home/andrewwhong/classes/16833/iSAM2_SLAM/eufs/install/eufs_racecar/share/eufs_racecar/robots/eufs
copying robots/eufs/robot.urdf.xacro -> /home/andrewwhong/classes/16833/iSAM2_SLAM/eufs/install/eufs_racecar/share/eufs_racecar/robots/eufs
copying robots/ads-dv/configDry.yaml -> /home/andrewwhong/classes/16833/iSAM2_SLAM/eufs/install/eufs_racecar/share/eufs_racecar/robots/ads-dv
copying robots/ads-dv/configWet.yaml -> /home/andrewwhong/classes/16833/iSAM2_SLAM/eufs/install/eufs_racecar/share/eufs_racecar/robots/ads-dv
copying robots/ads-dv/robot.urdf.xacro -> /home/andrewwhong/classes/16833/iSAM2_SLAM/eufs/install/eufs_racecar/share/eufs_racecar/robots/ads-dv
copying robots/ads-dv/ADS-DV Sensor Position.pdf -> /home/andrewwhong/classes/16833/iSAM2_SLAM/eufs/install/eufs_racecar/share/eufs_racecar/robots/ads-dv
