[5.066s] Invoking command in '/home/andrewwhong/classes/16833/iSAM2_SLAM/eufs/build/eufs_racecar': PYTHONPATH=/home/andrewwhong/classes/16833/iSAM2_SLAM/eufs/build/eufs_racecar/prefix_override:/home/andrewwhong/classes/16833/iSAM2_SLAM/eufs/install/eufs_racecar/lib/python3.8/site-packages:${PYTHONPATH} /usr/bin/python3 setup.py develop --editable --build-directory /home/andrewwhong/classes/16833/iSAM2_SLAM/eufs/build/eufs_racecar/build --no-deps install_data
[6.188s] running develop
[6.190s] /home/andrewwhong/.local/lib/python3.8/site-packages/setuptools/command/develop.py:39: EasyInstallDeprecationWarning: easy_install command is deprecated.
[6.190s] !!
[6.190s] 
[6.190s]         ********************************************************************************
[6.190s]         Please avoid running ``setup.py`` and ``easy_install``.
[6.191s]         Instead, use pypa/build, pypa/installer or other
[6.191s]         standards-based tools.
[6.191s] 
[6.191s]         See https://github.com/pypa/setuptools/issues/917 for details.
[6.191s]         ********************************************************************************
[6.192s] 
[6.192s] !!
[6.192s]   easy_install.initialize_options(self)
[6.307s] /home/andrewwhong/.local/lib/python3.8/site-packages/setuptools/_distutils/cmd.py:66: SetuptoolsDeprecationWarning: setup.py install is deprecated.
[6.307s] !!
[6.308s] 
[6.308s]         ********************************************************************************
[6.308s]         Please avoid running ``setup.py`` directly.
[6.308s]         Instead, use pypa/build, pypa/installer or other
[6.309s]         standards-based tools.
[6.309s] 
[6.309s]         See https://blog.ganssle.io/articles/2021/10/setup-py-deprecated.html for details.
[6.310s]         ********************************************************************************
[6.310s] 
[6.310s] !!
[6.311s]   self.initialize_options()
[7.040s] running egg_info
[7.138s] writing eufs_racecar.egg-info/PKG-INFO
[7.139s] writing dependency_links to eufs_racecar.egg-info/dependency_links.txt
[7.140s] writing requirements to eufs_racecar.egg-info/requires.txt
[7.141s] writing top-level names to eufs_racecar.egg-info/top_level.txt
[7.255s] reading manifest file 'eufs_racecar.egg-info/SOURCES.txt'
[7.258s] writing manifest file 'eufs_racecar.egg-info/SOURCES.txt'
[7.525s] running build_ext
[7.579s] Creating /home/andrewwhong/classes/16833/iSAM2_SLAM/eufs/install/eufs_racecar/lib/python3.8/site-packages/eufs-racecar.egg-link (link to .)
[7.581s] 
[7.581s] Installed /home/andrewwhong/classes/16833/iSAM2_SLAM/eufs/build/eufs_racecar
[7.581s] running install_data
[7.581s] copying resource/eufs_racecar -> /home/andrewwhong/classes/16833/iSAM2_SLAM/eufs/install/eufs_racecar/share/ament_index/resource_index/packages
[7.582s] copying package.xml -> /home/andrewwhong/classes/16833/iSAM2_SLAM/eufs/install/eufs_racecar/share/eufs_racecar
[7.582s] copying meshes/ads_wheel_left.dae -> /home/andrewwhong/classes/16833/iSAM2_SLAM/eufs/install/eufs_racecar/share/eufs_racecar/meshes
[7.593s] copying meshes/ads_dv_chassis.dae -> /home/andrewwhong/classes/16833/iSAM2_SLAM/eufs/install/eufs_racecar/share/eufs_racecar/meshes
[7.601s] copying meshes/wheel_left.dae -> /home/andrewwhong/classes/16833/iSAM2_SLAM/eufs/install/eufs_racecar/share/eufs_racecar/meshes
[7.604s] copying meshes/wheel_right.dae -> /home/andrewwhong/classes/16833/iSAM2_SLAM/eufs/install/eufs_racecar/share/eufs_racecar/meshes
[7.605s] copying meshes/sisu-20d.dae -> /home/andrewwhong/classes/16833/iSAM2_SLAM/eufs/install/eufs_racecar/share/eufs_racecar/meshes
[7.646s] copying meshes/ads_wheel_right.dae -> /home/andrewwhong/classes/16833/iSAM2_SLAM/eufs/install/eufs_racecar/share/eufs_racecar/meshes
[7.656s] copying urdf/wheels.urdf.xacro -> /home/andrewwhong/classes/16833/iSAM2_SLAM/eufs/install/eufs_racecar/share/eufs_racecar/urdf
[7.656s] copying urdf/eufs_base.urdf.xacro -> /home/andrewwhong/classes/16833/iSAM2_SLAM/eufs/install/eufs_racecar/share/eufs_racecar/urdf
[7.657s] copying launch/load_car.launch.py -> /home/andrewwhong/classes/16833/iSAM2_SLAM/eufs/install/eufs_racecar/share/eufs_racecar/launch
[7.657s] copying robots/eufs/configDry.yaml -> /home/andrewwhong/classes/16833/iSAM2_SLAM/eufs/install/eufs_racecar/share/eufs_racecar/robots/eufs
[7.658s] copying robots/eufs/configWet.yaml -> /home/andrewwhong/classes/16833/iSAM2_SLAM/eufs/install/eufs_racecar/share/eufs_racecar/robots/eufs
[7.658s] copying robots/eufs/robot.urdf.xacro -> /home/andrewwhong/classes/16833/iSAM2_SLAM/eufs/install/eufs_racecar/share/eufs_racecar/robots/eufs
[7.659s] copying robots/ads-dv/configDry.yaml -> /home/andrewwhong/classes/16833/iSAM2_SLAM/eufs/install/eufs_racecar/share/eufs_racecar/robots/ads-dv
[7.660s] copying robots/ads-dv/configWet.yaml -> /home/andrewwhong/classes/16833/iSAM2_SLAM/eufs/install/eufs_racecar/share/eufs_racecar/robots/ads-dv
[7.662s] copying robots/ads-dv/robot.urdf.xacro -> /home/andrewwhong/classes/16833/iSAM2_SLAM/eufs/install/eufs_racecar/share/eufs_racecar/robots/ads-dv
[7.662s] copying robots/ads-dv/ADS-DV Sensor Position.pdf -> /home/andrewwhong/classes/16833/iSAM2_SLAM/eufs/install/eufs_racecar/share/eufs_racecar/robots/ads-dv
[7.794s] Invoked command in '/home/andrewwhong/classes/16833/iSAM2_SLAM/eufs/build/eufs_racecar' returned '0': PYTHONPATH=/home/andrewwhong/classes/16833/iSAM2_SLAM/eufs/build/eufs_racecar/prefix_override:/home/andrewwhong/classes/16833/iSAM2_SLAM/eufs/install/eufs_racecar/lib/python3.8/site-packages:${PYTHONPATH} /usr/bin/python3 setup.py develop --editable --build-directory /home/andrewwhong/classes/16833/iSAM2_SLAM/eufs/build/eufs_racecar/build --no-deps install_data
