[4.780s] DEBUG:colcon:Command line arguments: ['/usr/bin/colcon', 'build']
[4.780s] DEBUG:colcon:Parsed command line arguments: Namespace(allow_overriding=[], ament_cmake_args=None, base_paths=['.'], build_base='build', catkin_cmake_args=None, catkin_skip_building_tests=False, cmake_args=None, cmake_clean_cache=False, cmake_clean_first=False, cmake_force_configure=False, cmake_target=None, cmake_target_skip_unavailable=False, continue_on_error=False, event_handlers=None, executor='parallel', ignore_user_meta=False, install_base='install', log_base=None, log_level=None, main=<bound method BuildVerb.main of <colcon_core.verb.build.BuildVerb object at 0x7fe915535640>>, merge_install=False, metas=['./colcon.meta'], packages_above=None, packages_above_and_dependencies=None, packages_above_depth=None, packages_end=None, packages_ignore=None, packages_ignore_regex=None, packages_select=None, packages_select_build_failed=False, packages_select_by_dep=None, packages_select_regex=None, packages_select_test_failures=False, packages_skip=None, packages_skip_build_finished=False, packages_skip_by_dep=None, packages_skip_regex=None, packages_skip_test_passed=False, packages_skip_up_to=None, packages_start=None, packages_up_to=None, packages_up_to_regex=None, parallel_workers=12, paths=None, symlink_install=False, test_result_base=None, verb_extension=<colcon_core.verb.build.BuildVerb object at 0x7fe915535640>, verb_name='build', verb_parser=<colcon_defaults.argument_parser.defaults.DefaultArgumentsDecorator object at 0x7fe9151bbaf0>)
[4.952s] Level 1:colcon.colcon_core.package_discovery:discover_packages(colcon_meta) check parameters
[4.952s] Level 1:colcon.colcon_core.package_discovery:discover_packages(recursive) check parameters
[4.952s] Level 1:colcon.colcon_core.package_discovery:discover_packages(ignore) check parameters
[4.952s] Level 1:colcon.colcon_core.package_discovery:discover_packages(path) check parameters
[4.952s] Level 1:colcon.colcon_core.package_discovery:discover_packages(colcon_meta) discover
[4.952s] Level 1:colcon.colcon_core.package_discovery:discover_packages(recursive) discover
[4.952s] INFO:colcon.colcon_core.package_discovery:Crawling recursively for packages in '/home/andrewwhong/classes/16833/iSAM2_SLAM/eufs'
[4.953s] Level 1:colcon.colcon_core.package_identification:_identify(.) by extensions ['ignore', 'ignore_ament_install']
[4.953s] Level 1:colcon.colcon_core.package_identification:_identify(.) by extension 'ignore'
[4.953s] Level 1:colcon.colcon_core.package_identification:_identify(.) by extension 'ignore_ament_install'
[4.953s] Level 1:colcon.colcon_core.package_identification:_identify(.) by extensions ['colcon_pkg']
[4.953s] Level 1:colcon.colcon_core.package_identification:_identify(.) by extension 'colcon_pkg'
[4.953s] Level 1:colcon.colcon_core.package_identification:_identify(.) by extensions ['colcon_meta']
[4.953s] Level 1:colcon.colcon_core.package_identification:_identify(.) by extension 'colcon_meta'
[4.953s] Level 1:colcon.colcon_core.package_identification:_identify(.) by extensions ['ros']
[4.953s] Level 1:colcon.colcon_core.package_identification:_identify(.) by extension 'ros'
[5.056s] Level 1:colcon.colcon_core.package_identification:_identify(.) by extensions ['cmake', 'python']
[5.056s] Level 1:colcon.colcon_core.package_identification:_identify(.) by extension 'cmake'
[5.056s] Level 1:colcon.colcon_core.package_identification:_identify(.) by extension 'python'
[5.056s] Level 1:colcon.colcon_core.package_identification:_identify(.) by extensions ['python_setup_py']
[5.056s] Level 1:colcon.colcon_core.package_identification:_identify(.) by extension 'python_setup_py'
[5.056s] Level 1:colcon.colcon_core.package_identification:_identify(build) by extensions ['ignore', 'ignore_ament_install']
[5.056s] Level 1:colcon.colcon_core.package_identification:_identify(build) by extension 'ignore'
[5.057s] Level 1:colcon.colcon_core.package_identification:_identify(build) ignored
[5.057s] Level 1:colcon.colcon_core.package_identification:_identify(eufs_msgs) by extensions ['ignore', 'ignore_ament_install']
[5.057s] Level 1:colcon.colcon_core.package_identification:_identify(eufs_msgs) by extension 'ignore'
[5.057s] Level 1:colcon.colcon_core.package_identification:_identify(eufs_msgs) by extension 'ignore_ament_install'
[5.057s] Level 1:colcon.colcon_core.package_identification:_identify(eufs_msgs) by extensions ['colcon_pkg']
[5.057s] Level 1:colcon.colcon_core.package_identification:_identify(eufs_msgs) by extension 'colcon_pkg'
[5.057s] Level 1:colcon.colcon_core.package_identification:_identify(eufs_msgs) by extensions ['colcon_meta']
[5.057s] Level 1:colcon.colcon_core.package_identification:_identify(eufs_msgs) by extension 'colcon_meta'
[5.057s] Level 1:colcon.colcon_core.package_identification:_identify(eufs_msgs) by extensions ['ros']
[5.057s] Level 1:colcon.colcon_core.package_identification:_identify(eufs_msgs) by extension 'ros'
[5.062s] DEBUG:colcon.colcon_core.package_identification:Package 'eufs_msgs' with type 'ros.ament_cmake' and name 'eufs_msgs'
[5.063s] Level 1:colcon.colcon_core.package_identification:_identify(eufs_rviz_plugins) by extensions ['ignore', 'ignore_ament_install']
[5.063s] Level 1:colcon.colcon_core.package_identification:_identify(eufs_rviz_plugins) by extension 'ignore'
[5.063s] Level 1:colcon.colcon_core.package_identification:_identify(eufs_rviz_plugins) by extension 'ignore_ament_install'
[5.063s] Level 1:colcon.colcon_core.package_identification:_identify(eufs_rviz_plugins) by extensions ['colcon_pkg']
[5.063s] Level 1:colcon.colcon_core.package_identification:_identify(eufs_rviz_plugins) by extension 'colcon_pkg'
[5.063s] Level 1:colcon.colcon_core.package_identification:_identify(eufs_rviz_plugins) by extensions ['colcon_meta']
[5.063s] Level 1:colcon.colcon_core.package_identification:_identify(eufs_rviz_plugins) by extension 'colcon_meta'
[5.064s] Level 1:colcon.colcon_core.package_identification:_identify(eufs_rviz_plugins) by extensions ['ros']
[5.064s] Level 1:colcon.colcon_core.package_identification:_identify(eufs_rviz_plugins) by extension 'ros'
[5.064s] Level 1:colcon.colcon_core.package_identification:_identify(eufs_rviz_plugins) by extensions ['cmake', 'python']
[5.064s] Level 1:colcon.colcon_core.package_identification:_identify(eufs_rviz_plugins) by extension 'cmake'
[5.064s] Level 1:colcon.colcon_core.package_identification:_identify(eufs_rviz_plugins) by extension 'python'
[5.064s] Level 1:colcon.colcon_core.package_identification:_identify(eufs_rviz_plugins) by extensions ['python_setup_py']
[5.064s] Level 1:colcon.colcon_core.package_identification:_identify(eufs_rviz_plugins) by extension 'python_setup_py'
[5.064s] Level 1:colcon.colcon_core.package_identification:_identify(eufs_rviz_plugins/eufs_rviz_plugins) by extensions ['ignore', 'ignore_ament_install']
[5.064s] Level 1:colcon.colcon_core.package_identification:_identify(eufs_rviz_plugins/eufs_rviz_plugins) by extension 'ignore'
[5.065s] Level 1:colcon.colcon_core.package_identification:_identify(eufs_rviz_plugins/eufs_rviz_plugins) by extension 'ignore_ament_install'
[5.065s] Level 1:colcon.colcon_core.package_identification:_identify(eufs_rviz_plugins/eufs_rviz_plugins) by extensions ['colcon_pkg']
[5.065s] Level 1:colcon.colcon_core.package_identification:_identify(eufs_rviz_plugins/eufs_rviz_plugins) by extension 'colcon_pkg'
[5.065s] Level 1:colcon.colcon_core.package_identification:_identify(eufs_rviz_plugins/eufs_rviz_plugins) by extensions ['colcon_meta']
[5.065s] Level 1:colcon.colcon_core.package_identification:_identify(eufs_rviz_plugins/eufs_rviz_plugins) by extension 'colcon_meta'
[5.065s] Level 1:colcon.colcon_core.package_identification:_identify(eufs_rviz_plugins/eufs_rviz_plugins) by extensions ['ros']
[5.065s] Level 1:colcon.colcon_core.package_identification:_identify(eufs_rviz_plugins/eufs_rviz_plugins) by extension 'ros'
[5.068s] DEBUG:colcon.colcon_core.package_identification:Package 'eufs_rviz_plugins/eufs_rviz_plugins' with type 'ros.ament_cmake' and name 'eufs_rviz_plugins'
[5.068s] Level 1:colcon.colcon_core.package_identification:_identify(eufs_sim) by extensions ['ignore', 'ignore_ament_install']
[5.068s] Level 1:colcon.colcon_core.package_identification:_identify(eufs_sim) by extension 'ignore'
[5.068s] Level 1:colcon.colcon_core.package_identification:_identify(eufs_sim) by extension 'ignore_ament_install'
[5.068s] Level 1:colcon.colcon_core.package_identification:_identify(eufs_sim) by extensions ['colcon_pkg']
[5.069s] Level 1:colcon.colcon_core.package_identification:_identify(eufs_sim) by extension 'colcon_pkg'
[5.069s] Level 1:colcon.colcon_core.package_identification:_identify(eufs_sim) by extensions ['colcon_meta']
[5.069s] Level 1:colcon.colcon_core.package_identification:_identify(eufs_sim) by extension 'colcon_meta'
[5.069s] Level 1:colcon.colcon_core.package_identification:_identify(eufs_sim) by extensions ['ros']
[5.069s] Level 1:colcon.colcon_core.package_identification:_identify(eufs_sim) by extension 'ros'
[5.069s] Level 1:colcon.colcon_core.package_identification:_identify(eufs_sim) by extensions ['cmake', 'python']
[5.069s] Level 1:colcon.colcon_core.package_identification:_identify(eufs_sim) by extension 'cmake'
[5.069s] Level 1:colcon.colcon_core.package_identification:_identify(eufs_sim) by extension 'python'
[5.069s] Level 1:colcon.colcon_core.package_identification:_identify(eufs_sim) by extensions ['python_setup_py']
[5.069s] Level 1:colcon.colcon_core.package_identification:_identify(eufs_sim) by extension 'python_setup_py'
[5.070s] Level 1:colcon.colcon_core.package_identification:_identify(eufs_sim/eufs_launcher) by extensions ['ignore', 'ignore_ament_install']
[5.070s] Level 1:colcon.colcon_core.package_identification:_identify(eufs_sim/eufs_launcher) by extension 'ignore'
[5.070s] Level 1:colcon.colcon_core.package_identification:_identify(eufs_sim/eufs_launcher) by extension 'ignore_ament_install'
[5.070s] Level 1:colcon.colcon_core.package_identification:_identify(eufs_sim/eufs_launcher) by extensions ['colcon_pkg']
[5.070s] Level 1:colcon.colcon_core.package_identification:_identify(eufs_sim/eufs_launcher) by extension 'colcon_pkg'
[5.070s] Level 1:colcon.colcon_core.package_identification:_identify(eufs_sim/eufs_launcher) by extensions ['colcon_meta']
[5.070s] Level 1:colcon.colcon_core.package_identification:_identify(eufs_sim/eufs_launcher) by extension 'colcon_meta'
[5.070s] Level 1:colcon.colcon_core.package_identification:_identify(eufs_sim/eufs_launcher) by extensions ['ros']
[5.070s] Level 1:colcon.colcon_core.package_identification:_identify(eufs_sim/eufs_launcher) by extension 'ros'
[5.073s] DEBUG:colcon.colcon_core.package_identification:Package 'eufs_sim/eufs_launcher' with type 'ros.ament_python' and name 'eufs_launcher'
[5.073s] Level 1:colcon.colcon_core.package_identification:_identify(eufs_sim/eufs_models) by extensions ['ignore', 'ignore_ament_install']
[5.073s] Level 1:colcon.colcon_core.package_identification:_identify(eufs_sim/eufs_models) by extension 'ignore'
[5.073s] Level 1:colcon.colcon_core.package_identification:_identify(eufs_sim/eufs_models) by extension 'ignore_ament_install'
[5.073s] Level 1:colcon.colcon_core.package_identification:_identify(eufs_sim/eufs_models) by extensions ['colcon_pkg']
[5.074s] Level 1:colcon.colcon_core.package_identification:_identify(eufs_sim/eufs_models) by extension 'colcon_pkg'
[5.074s] Level 1:colcon.colcon_core.package_identification:_identify(eufs_sim/eufs_models) by extensions ['colcon_meta']
[5.074s] Level 1:colcon.colcon_core.package_identification:_identify(eufs_sim/eufs_models) by extension 'colcon_meta'
[5.074s] Level 1:colcon.colcon_core.package_identification:_identify(eufs_sim/eufs_models) by extensions ['ros']
[5.074s] Level 1:colcon.colcon_core.package_identification:_identify(eufs_sim/eufs_models) by extension 'ros'
[5.075s] DEBUG:colcon.colcon_core.package_identification:Package 'eufs_sim/eufs_models' with type 'ros.ament_cmake' and name 'eufs_models'
[5.075s] Level 1:colcon.colcon_core.package_identification:_identify(eufs_sim/eufs_plugins) by extensions ['ignore', 'ignore_ament_install']
[5.075s] Level 1:colcon.colcon_core.package_identification:_identify(eufs_sim/eufs_plugins) by extension 'ignore'
[5.076s] Level 1:colcon.colcon_core.package_identification:_identify(eufs_sim/eufs_plugins) by extension 'ignore_ament_install'
[5.076s] Level 1:colcon.colcon_core.package_identification:_identify(eufs_sim/eufs_plugins) by extensions ['colcon_pkg']
[5.076s] Level 1:colcon.colcon_core.package_identification:_identify(eufs_sim/eufs_plugins) by extension 'colcon_pkg'
[5.076s] Level 1:colcon.colcon_core.package_identification:_identify(eufs_sim/eufs_plugins) by extensions ['colcon_meta']
[5.076s] Level 1:colcon.colcon_core.package_identification:_identify(eufs_sim/eufs_plugins) by extension 'colcon_meta'
[5.076s] Level 1:colcon.colcon_core.package_identification:_identify(eufs_sim/eufs_plugins) by extensions ['ros']
[5.076s] Level 1:colcon.colcon_core.package_identification:_identify(eufs_sim/eufs_plugins) by extension 'ros'
[5.078s] DEBUG:colcon.colcon_core.package_identification:Package 'eufs_sim/eufs_plugins' with type 'ros.ament_cmake' and name 'eufs_plugins'
[5.079s] Level 1:colcon.colcon_core.package_identification:_identify(eufs_sim/eufs_racecar) by extensions ['ignore', 'ignore_ament_install']
[5.079s] Level 1:colcon.colcon_core.package_identification:_identify(eufs_sim/eufs_racecar) by extension 'ignore'
[5.079s] Level 1:colcon.colcon_core.package_identification:_identify(eufs_sim/eufs_racecar) by extension 'ignore_ament_install'
[5.079s] Level 1:colcon.colcon_core.package_identification:_identify(eufs_sim/eufs_racecar) by extensions ['colcon_pkg']
[5.079s] Level 1:colcon.colcon_core.package_identification:_identify(eufs_sim/eufs_racecar) by extension 'colcon_pkg'
[5.079s] Level 1:colcon.colcon_core.package_identification:_identify(eufs_sim/eufs_racecar) by extensions ['colcon_meta']
[5.080s] Level 1:colcon.colcon_core.package_identification:_identify(eufs_sim/eufs_racecar) by extension 'colcon_meta'
[5.080s] Level 1:colcon.colcon_core.package_identification:_identify(eufs_sim/eufs_racecar) by extensions ['ros']
[5.080s] Level 1:colcon.colcon_core.package_identification:_identify(eufs_sim/eufs_racecar) by extension 'ros'
[5.082s] DEBUG:colcon.colcon_core.package_identification:Package 'eufs_sim/eufs_racecar' with type 'ros.ament_python' and name 'eufs_racecar'
[5.082s] Level 1:colcon.colcon_core.package_identification:_identify(eufs_sim/eufs_rqt) by extensions ['ignore', 'ignore_ament_install']
[5.082s] Level 1:colcon.colcon_core.package_identification:_identify(eufs_sim/eufs_rqt) by extension 'ignore'
[5.083s] Level 1:colcon.colcon_core.package_identification:_identify(eufs_sim/eufs_rqt) by extension 'ignore_ament_install'
[5.083s] Level 1:colcon.colcon_core.package_identification:_identify(eufs_sim/eufs_rqt) by extensions ['colcon_pkg']
[5.083s] Level 1:colcon.colcon_core.package_identification:_identify(eufs_sim/eufs_rqt) by extension 'colcon_pkg'
[5.083s] Level 1:colcon.colcon_core.package_identification:_identify(eufs_sim/eufs_rqt) by extensions ['colcon_meta']
[5.083s] Level 1:colcon.colcon_core.package_identification:_identify(eufs_sim/eufs_rqt) by extension 'colcon_meta'
[5.083s] Level 1:colcon.colcon_core.package_identification:_identify(eufs_sim/eufs_rqt) by extensions ['ros']
[5.083s] Level 1:colcon.colcon_core.package_identification:_identify(eufs_sim/eufs_rqt) by extension 'ros'
[5.085s] DEBUG:colcon.colcon_core.package_identification:Package 'eufs_sim/eufs_rqt' with type 'ros.ament_python' and name 'eufs_rqt'
[5.086s] Level 1:colcon.colcon_core.package_identification:_identify(eufs_sim/eufs_sensors) by extensions ['ignore', 'ignore_ament_install']
[5.086s] Level 1:colcon.colcon_core.package_identification:_identify(eufs_sim/eufs_sensors) by extension 'ignore'
[5.086s] Level 1:colcon.colcon_core.package_identification:_identify(eufs_sim/eufs_sensors) by extension 'ignore_ament_install'
[5.086s] Level 1:colcon.colcon_core.package_identification:_identify(eufs_sim/eufs_sensors) by extensions ['colcon_pkg']
[5.086s] Level 1:colcon.colcon_core.package_identification:_identify(eufs_sim/eufs_sensors) by extension 'colcon_pkg'
[5.086s] Level 1:colcon.colcon_core.package_identification:_identify(eufs_sim/eufs_sensors) by extensions ['colcon_meta']
[5.086s] Level 1:colcon.colcon_core.package_identification:_identify(eufs_sim/eufs_sensors) by extension 'colcon_meta'
[5.086s] Level 1:colcon.colcon_core.package_identification:_identify(eufs_sim/eufs_sensors) by extensions ['ros']
[5.086s] Level 1:colcon.colcon_core.package_identification:_identify(eufs_sim/eufs_sensors) by extension 'ros'
[5.088s] DEBUG:colcon.colcon_core.package_identification:Package 'eufs_sim/eufs_sensors' with type 'ros.ament_cmake' and name 'eufs_sensors'
[5.088s] Level 1:colcon.colcon_core.package_identification:_identify(eufs_sim/eufs_tracks) by extensions ['ignore', 'ignore_ament_install']
[5.088s] Level 1:colcon.colcon_core.package_identification:_identify(eufs_sim/eufs_tracks) by extension 'ignore'
[5.088s] Level 1:colcon.colcon_core.package_identification:_identify(eufs_sim/eufs_tracks) by extension 'ignore_ament_install'
[5.088s] Level 1:colcon.colcon_core.package_identification:_identify(eufs_sim/eufs_tracks) by extensions ['colcon_pkg']
[5.088s] Level 1:colcon.colcon_core.package_identification:_identify(eufs_sim/eufs_tracks) by extension 'colcon_pkg'
[5.089s] Level 1:colcon.colcon_core.package_identification:_identify(eufs_sim/eufs_tracks) by extensions ['colcon_meta']
[5.089s] Level 1:colcon.colcon_core.package_identification:_identify(eufs_sim/eufs_tracks) by extension 'colcon_meta'
[5.089s] Level 1:colcon.colcon_core.package_identification:_identify(eufs_sim/eufs_tracks) by extensions ['ros']
[5.089s] Level 1:colcon.colcon_core.package_identification:_identify(eufs_sim/eufs_tracks) by extension 'ros'
[5.090s] DEBUG:colcon.colcon_core.package_identification:Package 'eufs_sim/eufs_tracks' with type 'ros.ament_python' and name 'eufs_tracks'
[5.090s] Level 1:colcon.colcon_core.package_identification:_identify(install) by extensions ['ignore', 'ignore_ament_install']
[5.091s] Level 1:colcon.colcon_core.package_identification:_identify(install) by extension 'ignore'
[5.091s] Level 1:colcon.colcon_core.package_identification:_identify(install) ignored
[5.091s] Level 1:colcon.colcon_core.package_identification:_identify(log) by extensions ['ignore', 'ignore_ament_install']
[5.091s] Level 1:colcon.colcon_core.package_identification:_identify(log) by extension 'ignore'
[5.091s] Level 1:colcon.colcon_core.package_identification:_identify(log) ignored
[5.091s] Level 1:colcon.colcon_core.package_discovery:discover_packages(recursive) using defaults
[5.091s] Level 1:colcon.colcon_core.package_discovery:discover_packages(ignore) discover
[5.091s] Level 1:colcon.colcon_core.package_discovery:discover_packages(ignore) using defaults
[5.091s] Level 1:colcon.colcon_core.package_discovery:discover_packages(path) discover
[5.091s] Level 1:colcon.colcon_core.package_discovery:discover_packages(path) using defaults
[5.247s] Level 1:colcon.colcon_core.package_discovery:discover_packages(prefix_path) check parameters
[5.247s] Level 1:colcon.colcon_core.package_discovery:discover_packages(prefix_path) discover
[5.292s] DEBUG:colcon.colcon_installed_package_information.package_discovery:Found 2 installed packages in /home/andrewwhong/classes/16833/iSAM2_SLAM/workspace/install
[5.312s] DEBUG:colcon.colcon_installed_package_information.package_discovery:Found 257 installed packages in /opt/ros/foxy
[5.314s] Level 1:colcon.colcon_core.package_discovery:discover_packages(prefix_path) using defaults
[5.483s] WARNING:colcon.colcon_core.package_selection:Some selected packages are already built in one or more underlay workspaces:
	'eufs_msgs' is in: /home/andrewwhong/classes/16833/iSAM2_SLAM/workspace/install/eufs_msgs
If a package in a merged underlay workspace is overridden and it installs headers, then all packages in the overlay must sort their include directories by workspace order. Failure to do so may result in build failures or undefined behavior at run time.
If the overridden package is used by another package in any underlay, then the overriding package in the overlay must be API and ABI compatible or undefined behavior at run time may occur.

If you understand the risks and want to override a package anyways, add the following to the command line:
	--allow-overriding eufs_msgs

This may be promoted to an error in a future release of colcon-override-check.
[5.504s] Level 5:colcon.colcon_core.verb:set package 'eufs_msgs' build argument 'cmake_args' from command line to 'None'
[5.504s] Level 5:colcon.colcon_core.verb:set package 'eufs_msgs' build argument 'cmake_target' from command line to 'None'
[5.504s] Level 5:colcon.colcon_core.verb:set package 'eufs_msgs' build argument 'cmake_target_skip_unavailable' from command line to 'False'
[5.504s] Level 5:colcon.colcon_core.verb:set package 'eufs_msgs' build argument 'cmake_clean_cache' from command line to 'False'
[5.504s] Level 5:colcon.colcon_core.verb:set package 'eufs_msgs' build argument 'cmake_clean_first' from command line to 'False'
[5.504s] Level 5:colcon.colcon_core.verb:set package 'eufs_msgs' build argument 'cmake_force_configure' from command line to 'False'
[5.504s] Level 5:colcon.colcon_core.verb:set package 'eufs_msgs' build argument 'ament_cmake_args' from command line to 'None'
[5.504s] Level 5:colcon.colcon_core.verb:set package 'eufs_msgs' build argument 'catkin_cmake_args' from command line to 'None'
[5.504s] Level 5:colcon.colcon_core.verb:set package 'eufs_msgs' build argument 'catkin_skip_building_tests' from command line to 'False'
[5.504s] DEBUG:colcon.colcon_core.verb:Building package 'eufs_msgs' with the following arguments: {'ament_cmake_args': None, 'build_base': '/home/andrewwhong/classes/16833/iSAM2_SLAM/eufs/build/eufs_msgs', 'catkin_cmake_args': None, 'catkin_skip_building_tests': False, 'cmake_args': None, 'cmake_clean_cache': False, 'cmake_clean_first': False, 'cmake_force_configure': False, 'cmake_target': None, 'cmake_target_skip_unavailable': False, 'install_base': '/home/andrewwhong/classes/16833/iSAM2_SLAM/eufs/install/eufs_msgs', 'merge_install': False, 'path': '/home/andrewwhong/classes/16833/iSAM2_SLAM/eufs/eufs_msgs', 'symlink_install': False, 'test_result_base': None}
[5.524s] Level 5:colcon.colcon_core.verb:set package 'eufs_racecar' build argument 'cmake_args' from command line to 'None'
[5.524s] Level 5:colcon.colcon_core.verb:set package 'eufs_racecar' build argument 'cmake_target' from command line to 'None'
[5.524s] Level 5:colcon.colcon_core.verb:set package 'eufs_racecar' build argument 'cmake_target_skip_unavailable' from command line to 'False'
[5.524s] Level 5:colcon.colcon_core.verb:set package 'eufs_racecar' build argument 'cmake_clean_cache' from command line to 'False'
[5.524s] Level 5:colcon.colcon_core.verb:set package 'eufs_racecar' build argument 'cmake_clean_first' from command line to 'False'
[5.524s] Level 5:colcon.colcon_core.verb:set package 'eufs_racecar' build argument 'cmake_force_configure' from command line to 'False'
[5.524s] Level 5:colcon.colcon_core.verb:set package 'eufs_racecar' build argument 'ament_cmake_args' from command line to 'None'
[5.524s] Level 5:colcon.colcon_core.verb:set package 'eufs_racecar' build argument 'catkin_cmake_args' from command line to 'None'
[5.524s] Level 5:colcon.colcon_core.verb:set package 'eufs_racecar' build argument 'catkin_skip_building_tests' from command line to 'False'
[5.524s] DEBUG:colcon.colcon_core.verb:Building package 'eufs_racecar' with the following arguments: {'ament_cmake_args': None, 'build_base': '/home/andrewwhong/classes/16833/iSAM2_SLAM/eufs/build/eufs_racecar', 'catkin_cmake_args': None, 'catkin_skip_building_tests': False, 'cmake_args': None, 'cmake_clean_cache': False, 'cmake_clean_first': False, 'cmake_force_configure': False, 'cmake_target': None, 'cmake_target_skip_unavailable': False, 'install_base': '/home/andrewwhong/classes/16833/iSAM2_SLAM/eufs/install/eufs_racecar', 'merge_install': False, 'path': '/home/andrewwhong/classes/16833/iSAM2_SLAM/eufs/eufs_sim/eufs_racecar', 'symlink_install': False, 'test_result_base': None}
[5.544s] Level 5:colcon.colcon_core.verb:set package 'eufs_sensors' build argument 'cmake_args' from command line to 'None'
[5.544s] Level 5:colcon.colcon_core.verb:set package 'eufs_sensors' build argument 'cmake_target' from command line to 'None'
[5.544s] Level 5:colcon.colcon_core.verb:set package 'eufs_sensors' build argument 'cmake_target_skip_unavailable' from command line to 'False'
[5.544s] Level 5:colcon.colcon_core.verb:set package 'eufs_sensors' build argument 'cmake_clean_cache' from command line to 'False'
[5.544s] Level 5:colcon.colcon_core.verb:set package 'eufs_sensors' build argument 'cmake_clean_first' from command line to 'False'
[5.544s] Level 5:colcon.colcon_core.verb:set package 'eufs_sensors' build argument 'cmake_force_configure' from command line to 'False'
[5.544s] Level 5:colcon.colcon_core.verb:set package 'eufs_sensors' build argument 'ament_cmake_args' from command line to 'None'
[5.544s] Level 5:colcon.colcon_core.verb:set package 'eufs_sensors' build argument 'catkin_cmake_args' from command line to 'None'
[5.544s] Level 5:colcon.colcon_core.verb:set package 'eufs_sensors' build argument 'catkin_skip_building_tests' from command line to 'False'
[5.544s] DEBUG:colcon.colcon_core.verb:Building package 'eufs_sensors' with the following arguments: {'ament_cmake_args': None, 'build_base': '/home/andrewwhong/classes/16833/iSAM2_SLAM/eufs/build/eufs_sensors', 'catkin_cmake_args': None, 'catkin_skip_building_tests': False, 'cmake_args': None, 'cmake_clean_cache': False, 'cmake_clean_first': False, 'cmake_force_configure': False, 'cmake_target': None, 'cmake_target_skip_unavailable': False, 'install_base': '/home/andrewwhong/classes/16833/iSAM2_SLAM/eufs/install/eufs_sensors', 'merge_install': False, 'path': '/home/andrewwhong/classes/16833/iSAM2_SLAM/eufs/eufs_sim/eufs_sensors', 'symlink_install': False, 'test_result_base': None}
[5.564s] Level 5:colcon.colcon_core.verb:set package 'eufs_tracks' build argument 'cmake_args' from command line to 'None'
[5.565s] Level 5:colcon.colcon_core.verb:set package 'eufs_tracks' build argument 'cmake_target' from command line to 'None'
[5.565s] Level 5:colcon.colcon_core.verb:set package 'eufs_tracks' build argument 'cmake_target_skip_unavailable' from command line to 'False'
[5.565s] Level 5:colcon.colcon_core.verb:set package 'eufs_tracks' build argument 'cmake_clean_cache' from command line to 'False'
[5.565s] Level 5:colcon.colcon_core.verb:set package 'eufs_tracks' build argument 'cmake_clean_first' from command line to 'False'
[5.565s] Level 5:colcon.colcon_core.verb:set package 'eufs_tracks' build argument 'cmake_force_configure' from command line to 'False'
[5.565s] Level 5:colcon.colcon_core.verb:set package 'eufs_tracks' build argument 'ament_cmake_args' from command line to 'None'
[5.565s] Level 5:colcon.colcon_core.verb:set package 'eufs_tracks' build argument 'catkin_cmake_args' from command line to 'None'
[5.565s] Level 5:colcon.colcon_core.verb:set package 'eufs_tracks' build argument 'catkin_skip_building_tests' from command line to 'False'
[5.565s] DEBUG:colcon.colcon_core.verb:Building package 'eufs_tracks' with the following arguments: {'ament_cmake_args': None, 'build_base': '/home/andrewwhong/classes/16833/iSAM2_SLAM/eufs/build/eufs_tracks', 'catkin_cmake_args': None, 'catkin_skip_building_tests': False, 'cmake_args': None, 'cmake_clean_cache': False, 'cmake_clean_first': False, 'cmake_force_configure': False, 'cmake_target': None, 'cmake_target_skip_unavailable': False, 'install_base': '/home/andrewwhong/classes/16833/iSAM2_SLAM/eufs/install/eufs_tracks', 'merge_install': False, 'path': '/home/andrewwhong/classes/16833/iSAM2_SLAM/eufs/eufs_sim/eufs_tracks', 'symlink_install': False, 'test_result_base': None}
[5.586s] Level 5:colcon.colcon_core.verb:set package 'eufs_launcher' build argument 'cmake_args' from command line to 'None'
[5.586s] Level 5:colcon.colcon_core.verb:set package 'eufs_launcher' build argument 'cmake_target' from command line to 'None'
[5.586s] Level 5:colcon.colcon_core.verb:set package 'eufs_launcher' build argument 'cmake_target_skip_unavailable' from command line to 'False'
[5.586s] Level 5:colcon.colcon_core.verb:set package 'eufs_launcher' build argument 'cmake_clean_cache' from command line to 'False'
[5.586s] Level 5:colcon.colcon_core.verb:set package 'eufs_launcher' build argument 'cmake_clean_first' from command line to 'False'
[5.586s] Level 5:colcon.colcon_core.verb:set package 'eufs_launcher' build argument 'cmake_force_configure' from command line to 'False'
[5.586s] Level 5:colcon.colcon_core.verb:set package 'eufs_launcher' build argument 'ament_cmake_args' from command line to 'None'
[5.586s] Level 5:colcon.colcon_core.verb:set package 'eufs_launcher' build argument 'catkin_cmake_args' from command line to 'None'
[5.586s] Level 5:colcon.colcon_core.verb:set package 'eufs_launcher' build argument 'catkin_skip_building_tests' from command line to 'False'
[5.586s] DEBUG:colcon.colcon_core.verb:Building package 'eufs_launcher' with the following arguments: {'ament_cmake_args': None, 'build_base': '/home/andrewwhong/classes/16833/iSAM2_SLAM/eufs/build/eufs_launcher', 'catkin_cmake_args': None, 'catkin_skip_building_tests': False, 'cmake_args': None, 'cmake_clean_cache': False, 'cmake_clean_first': False, 'cmake_force_configure': False, 'cmake_target': None, 'cmake_target_skip_unavailable': False, 'install_base': '/home/andrewwhong/classes/16833/iSAM2_SLAM/eufs/install/eufs_launcher', 'merge_install': False, 'path': '/home/andrewwhong/classes/16833/iSAM2_SLAM/eufs/eufs_sim/eufs_launcher', 'symlink_install': False, 'test_result_base': None}
[5.619s] Level 5:colcon.colcon_core.verb:set package 'eufs_models' build argument 'cmake_args' from command line to 'None'
[5.619s] Level 5:colcon.colcon_core.verb:set package 'eufs_models' build argument 'cmake_target' from command line to 'None'
[5.619s] Level 5:colcon.colcon_core.verb:set package 'eufs_models' build argument 'cmake_target_skip_unavailable' from command line to 'False'
[5.619s] Level 5:colcon.colcon_core.verb:set package 'eufs_models' build argument 'cmake_clean_cache' from command line to 'False'
[5.619s] Level 5:colcon.colcon_core.verb:set package 'eufs_models' build argument 'cmake_clean_first' from command line to 'False'
[5.619s] Level 5:colcon.colcon_core.verb:set package 'eufs_models' build argument 'cmake_force_configure' from command line to 'False'
[5.619s] Level 5:colcon.colcon_core.verb:set package 'eufs_models' build argument 'ament_cmake_args' from command line to 'None'
[5.619s] Level 5:colcon.colcon_core.verb:set package 'eufs_models' build argument 'catkin_cmake_args' from command line to 'None'
[5.619s] Level 5:colcon.colcon_core.verb:set package 'eufs_models' build argument 'catkin_skip_building_tests' from command line to 'False'
[5.619s] DEBUG:colcon.colcon_core.verb:Building package 'eufs_models' with the following arguments: {'ament_cmake_args': None, 'build_base': '/home/andrewwhong/classes/16833/iSAM2_SLAM/eufs/build/eufs_models', 'catkin_cmake_args': None, 'catkin_skip_building_tests': False, 'cmake_args': None, 'cmake_clean_cache': False, 'cmake_clean_first': False, 'cmake_force_configure': False, 'cmake_target': None, 'cmake_target_skip_unavailable': False, 'install_base': '/home/andrewwhong/classes/16833/iSAM2_SLAM/eufs/install/eufs_models', 'merge_install': False, 'path': '/home/andrewwhong/classes/16833/iSAM2_SLAM/eufs/eufs_sim/eufs_models', 'symlink_install': False, 'test_result_base': None}
[5.638s] Level 5:colcon.colcon_core.verb:set package 'eufs_rqt' build argument 'cmake_args' from command line to 'None'
[5.638s] Level 5:colcon.colcon_core.verb:set package 'eufs_rqt' build argument 'cmake_target' from command line to 'None'
[5.639s] Level 5:colcon.colcon_core.verb:set package 'eufs_rqt' build argument 'cmake_target_skip_unavailable' from command line to 'False'
[5.639s] Level 5:colcon.colcon_core.verb:set package 'eufs_rqt' build argument 'cmake_clean_cache' from command line to 'False'
[5.639s] Level 5:colcon.colcon_core.verb:set package 'eufs_rqt' build argument 'cmake_clean_first' from command line to 'False'
[5.639s] Level 5:colcon.colcon_core.verb:set package 'eufs_rqt' build argument 'cmake_force_configure' from command line to 'False'
[5.639s] Level 5:colcon.colcon_core.verb:set package 'eufs_rqt' build argument 'ament_cmake_args' from command line to 'None'
[5.639s] Level 5:colcon.colcon_core.verb:set package 'eufs_rqt' build argument 'catkin_cmake_args' from command line to 'None'
[5.639s] Level 5:colcon.colcon_core.verb:set package 'eufs_rqt' build argument 'catkin_skip_building_tests' from command line to 'False'
[5.639s] DEBUG:colcon.colcon_core.verb:Building package 'eufs_rqt' with the following arguments: {'ament_cmake_args': None, 'build_base': '/home/andrewwhong/classes/16833/iSAM2_SLAM/eufs/build/eufs_rqt', 'catkin_cmake_args': None, 'catkin_skip_building_tests': False, 'cmake_args': None, 'cmake_clean_cache': False, 'cmake_clean_first': False, 'cmake_force_configure': False, 'cmake_target': None, 'cmake_target_skip_unavailable': False, 'install_base': '/home/andrewwhong/classes/16833/iSAM2_SLAM/eufs/install/eufs_rqt', 'merge_install': False, 'path': '/home/andrewwhong/classes/16833/iSAM2_SLAM/eufs/eufs_sim/eufs_rqt', 'symlink_install': False, 'test_result_base': None}
[5.658s] Level 5:colcon.colcon_core.verb:set package 'eufs_rviz_plugins' build argument 'cmake_args' from command line to 'None'
[5.658s] Level 5:colcon.colcon_core.verb:set package 'eufs_rviz_plugins' build argument 'cmake_target' from command line to 'None'
[5.658s] Level 5:colcon.colcon_core.verb:set package 'eufs_rviz_plugins' build argument 'cmake_target_skip_unavailable' from command line to 'False'
[5.658s] Level 5:colcon.colcon_core.verb:set package 'eufs_rviz_plugins' build argument 'cmake_clean_cache' from command line to 'False'
[5.658s] Level 5:colcon.colcon_core.verb:set package 'eufs_rviz_plugins' build argument 'cmake_clean_first' from command line to 'False'
[5.658s] Level 5:colcon.colcon_core.verb:set package 'eufs_rviz_plugins' build argument 'cmake_force_configure' from command line to 'False'
[5.658s] Level 5:colcon.colcon_core.verb:set package 'eufs_rviz_plugins' build argument 'ament_cmake_args' from command line to 'None'
[5.658s] Level 5:colcon.colcon_core.verb:set package 'eufs_rviz_plugins' build argument 'catkin_cmake_args' from command line to 'None'
[5.658s] Level 5:colcon.colcon_core.verb:set package 'eufs_rviz_plugins' build argument 'catkin_skip_building_tests' from command line to 'False'
[5.658s] DEBUG:colcon.colcon_core.verb:Building package 'eufs_rviz_plugins' with the following arguments: {'ament_cmake_args': None, 'build_base': '/home/andrewwhong/classes/16833/iSAM2_SLAM/eufs/build/eufs_rviz_plugins', 'catkin_cmake_args': None, 'catkin_skip_building_tests': False, 'cmake_args': None, 'cmake_clean_cache': False, 'cmake_clean_first': False, 'cmake_force_configure': False, 'cmake_target': None, 'cmake_target_skip_unavailable': False, 'install_base': '/home/andrewwhong/classes/16833/iSAM2_SLAM/eufs/install/eufs_rviz_plugins', 'merge_install': False, 'path': '/home/andrewwhong/classes/16833/iSAM2_SLAM/eufs/eufs_rviz_plugins/eufs_rviz_plugins', 'symlink_install': False, 'test_result_base': None}
[5.677s] Level 5:colcon.colcon_core.verb:set package 'eufs_plugins' build argument 'cmake_args' from command line to 'None'
[5.677s] Level 5:colcon.colcon_core.verb:set package 'eufs_plugins' build argument 'cmake_target' from command line to 'None'
[5.677s] Level 5:colcon.colcon_core.verb:set package 'eufs_plugins' build argument 'cmake_target_skip_unavailable' from command line to 'False'
[5.677s] Level 5:colcon.colcon_core.verb:set package 'eufs_plugins' build argument 'cmake_clean_cache' from command line to 'False'
[5.677s] Level 5:colcon.colcon_core.verb:set package 'eufs_plugins' build argument 'cmake_clean_first' from command line to 'False'
[5.677s] Level 5:colcon.colcon_core.verb:set package 'eufs_plugins' build argument 'cmake_force_configure' from command line to 'False'
[5.677s] Level 5:colcon.colcon_core.verb:set package 'eufs_plugins' build argument 'ament_cmake_args' from command line to 'None'
[5.677s] Level 5:colcon.colcon_core.verb:set package 'eufs_plugins' build argument 'catkin_cmake_args' from command line to 'None'
[5.677s] Level 5:colcon.colcon_core.verb:set package 'eufs_plugins' build argument 'catkin_skip_building_tests' from command line to 'False'
[5.677s] DEBUG:colcon.colcon_core.verb:Building package 'eufs_plugins' with the following arguments: {'ament_cmake_args': None, 'build_base': '/home/andrewwhong/classes/16833/iSAM2_SLAM/eufs/build/eufs_plugins', 'catkin_cmake_args': None, 'catkin_skip_building_tests': False, 'cmake_args': None, 'cmake_clean_cache': False, 'cmake_clean_first': False, 'cmake_force_configure': False, 'cmake_target': None, 'cmake_target_skip_unavailable': False, 'install_base': '/home/andrewwhong/classes/16833/iSAM2_SLAM/eufs/install/eufs_plugins', 'merge_install': False, 'path': '/home/andrewwhong/classes/16833/iSAM2_SLAM/eufs/eufs_sim/eufs_plugins', 'symlink_install': False, 'test_result_base': None}
[5.696s] INFO:colcon.colcon_core.executor:Executing jobs using 'parallel' executor
[5.723s] DEBUG:colcon.colcon_parallel_executor.executor.parallel:run_until_complete
[5.724s] INFO:colcon.colcon_ros.task.ament_cmake.build:Building ROS package in '/home/andrewwhong/classes/16833/iSAM2_SLAM/eufs/eufs_msgs' with build type 'ament_cmake'
[5.724s] INFO:colcon.colcon_cmake.task.cmake.build:Building CMake package in '/home/andrewwhong/classes/16833/iSAM2_SLAM/eufs/eufs_msgs'
[5.753s] INFO:colcon.colcon_core.plugin_system:Skipping extension 'colcon_core.shell.bat': Not used on non-Windows systems
[5.753s] INFO:colcon.colcon_core.shell:Skip shell extension 'powershell' for command environment: Not usable outside of PowerShell
[5.753s] DEBUG:colcon.colcon_core.shell:Skip shell extension 'dsv' for command environment
[5.819s] INFO:colcon.colcon_ros.task.ament_python.build:Building ROS package in '/home/andrewwhong/classes/16833/iSAM2_SLAM/eufs/eufs_sim/eufs_tracks' with build type 'ament_python'
[5.819s] Level 1:colcon.colcon_core.shell:create_environment_hook('eufs_tracks', 'ament_prefix_path')
[5.842s] INFO:colcon.colcon_core.shell:Creating environment hook '/home/andrewwhong/classes/16833/iSAM2_SLAM/eufs/install/eufs_tracks/share/eufs_tracks/hook/ament_prefix_path.ps1'
[5.844s] INFO:colcon.colcon_core.shell:Creating environment descriptor '/home/andrewwhong/classes/16833/iSAM2_SLAM/eufs/install/eufs_tracks/share/eufs_tracks/hook/ament_prefix_path.dsv'
[5.844s] INFO:colcon.colcon_core.shell:Creating environment hook '/home/andrewwhong/classes/16833/iSAM2_SLAM/eufs/install/eufs_tracks/share/eufs_tracks/hook/ament_prefix_path.sh'
[5.866s] INFO:colcon.colcon_core.shell:Skip shell extension 'powershell' for command environment: Not usable outside of PowerShell
[5.866s] DEBUG:colcon.colcon_core.shell:Skip shell extension 'dsv' for command environment
[5.929s] INFO:colcon.colcon_ros.task.ament_python.build:Building ROS package in '/home/andrewwhong/classes/16833/iSAM2_SLAM/eufs/eufs_sim/eufs_racecar' with build type 'ament_python'
[5.930s] Level 1:colcon.colcon_core.shell:create_environment_hook('eufs_racecar', 'ament_prefix_path')
[5.950s] INFO:colcon.colcon_core.shell:Creating environment hook '/home/andrewwhong/classes/16833/iSAM2_SLAM/eufs/install/eufs_racecar/share/eufs_racecar/hook/ament_prefix_path.ps1'
[5.952s] INFO:colcon.colcon_core.shell:Creating environment descriptor '/home/andrewwhong/classes/16833/iSAM2_SLAM/eufs/install/eufs_racecar/share/eufs_racecar/hook/ament_prefix_path.dsv'
[5.953s] INFO:colcon.colcon_core.shell:Creating environment hook '/home/andrewwhong/classes/16833/iSAM2_SLAM/eufs/install/eufs_racecar/share/eufs_racecar/hook/ament_prefix_path.sh'
[5.972s] INFO:colcon.colcon_core.shell:Skip shell extension 'powershell' for command environment: Not usable outside of PowerShell
[5.972s] DEBUG:colcon.colcon_core.shell:Skip shell extension 'dsv' for command environment
[6.040s] INFO:colcon.colcon_ros.task.ament_cmake.build:Building ROS package in '/home/andrewwhong/classes/16833/iSAM2_SLAM/eufs/eufs_sim/eufs_sensors' with build type 'ament_cmake'
[6.040s] INFO:colcon.colcon_cmake.task.cmake.build:Building CMake package in '/home/andrewwhong/classes/16833/iSAM2_SLAM/eufs/eufs_sim/eufs_sensors'
[6.061s] INFO:colcon.colcon_core.shell:Skip shell extension 'powershell' for command environment: Not usable outside of PowerShell
[6.061s] DEBUG:colcon.colcon_core.shell:Skip shell extension 'dsv' for command environment
[6.134s] DEBUG:colcon.colcon_core.event_handler.log_command:Invoking command in '/home/andrewwhong/classes/16833/iSAM2_SLAM/eufs/build/eufs_msgs': CMAKE_PREFIX_PATH=${CMAKE_PREFIX_PATH}:/opt/ros/foxy /usr/bin/cmake --build /home/andrewwhong/classes/16833/iSAM2_SLAM/eufs/build/eufs_msgs -- -j12 -l12
[6.546s] INFO:colcon.colcon_core.task.python.build:Building Python package in '/home/andrewwhong/classes/16833/iSAM2_SLAM/eufs/eufs_sim/eufs_tracks'
[6.570s] INFO:colcon.colcon_core.shell:Skip shell extension 'powershell' for command environment: Not usable outside of PowerShell
[6.570s] DEBUG:colcon.colcon_core.shell:Skip shell extension 'dsv' for command environment
[6.992s] INFO:colcon.colcon_core.task.python.build:Building Python package in '/home/andrewwhong/classes/16833/iSAM2_SLAM/eufs/eufs_sim/eufs_racecar'
[7.014s] INFO:colcon.colcon_core.shell:Skip shell extension 'powershell' for command environment: Not usable outside of PowerShell
[7.014s] DEBUG:colcon.colcon_core.shell:Skip shell extension 'dsv' for command environment
[7.107s] DEBUG:colcon.colcon_core.event_handler.log_command:Invoking command in '/home/andrewwhong/classes/16833/iSAM2_SLAM/eufs/build/eufs_sensors': CMAKE_PREFIX_PATH=${CMAKE_PREFIX_PATH}:/opt/ros/foxy /usr/bin/cmake --build /home/andrewwhong/classes/16833/iSAM2_SLAM/eufs/build/eufs_sensors -- -j12 -l12
[7.123s] DEBUG:colcon.colcon_core.event_handler.log_command:Invoked command in '/home/andrewwhong/classes/16833/iSAM2_SLAM/eufs/build/eufs_msgs' returned '0': CMAKE_PREFIX_PATH=${CMAKE_PREFIX_PATH}:/opt/ros/foxy /usr/bin/cmake --build /home/andrewwhong/classes/16833/iSAM2_SLAM/eufs/build/eufs_msgs -- -j12 -l12
[7.175s] DEBUG:colcon.colcon_core.event_handler.log_command:Invoked command in '/home/andrewwhong/classes/16833/iSAM2_SLAM/eufs/build/eufs_sensors' returned '0': CMAKE_PREFIX_PATH=${CMAKE_PREFIX_PATH}:/opt/ros/foxy /usr/bin/cmake --build /home/andrewwhong/classes/16833/iSAM2_SLAM/eufs/build/eufs_sensors -- -j12 -l12
[7.223s] DEBUG:colcon.colcon_core.event_handler.log_command:Invoking command in '/home/andrewwhong/classes/16833/iSAM2_SLAM/eufs/build/eufs_sensors': CMAKE_PREFIX_PATH=${CMAKE_PREFIX_PATH}:/opt/ros/foxy /usr/bin/cmake --install /home/andrewwhong/classes/16833/iSAM2_SLAM/eufs/build/eufs_sensors
[7.250s] Level 1:colcon.colcon_core.environment:create_environment_scripts_only(eufs_sensors)
[7.264s] DEBUG:colcon.colcon_core.event_handler.log_command:Invoked command in '/home/andrewwhong/classes/16833/iSAM2_SLAM/eufs/build/eufs_sensors' returned '0': CMAKE_PREFIX_PATH=${CMAKE_PREFIX_PATH}:/opt/ros/foxy /usr/bin/cmake --install /home/andrewwhong/classes/16833/iSAM2_SLAM/eufs/build/eufs_sensors
[7.299s] Level 1:colcon.colcon_core.environment:checking '/home/andrewwhong/classes/16833/iSAM2_SLAM/eufs/install/eufs_sensors' for CMake module files
[7.300s] Level 1:colcon.colcon_core.environment:checking '/home/andrewwhong/classes/16833/iSAM2_SLAM/eufs/install/eufs_sensors' for CMake config files
[7.301s] Level 1:colcon.colcon_core.shell:create_environment_hook('eufs_sensors', 'cmake_prefix_path')
[7.326s] INFO:colcon.colcon_core.shell:Creating environment hook '/home/andrewwhong/classes/16833/iSAM2_SLAM/eufs/install/eufs_sensors/share/eufs_sensors/hook/cmake_prefix_path.ps1'
[7.326s] INFO:colcon.colcon_core.shell:Creating environment descriptor '/home/andrewwhong/classes/16833/iSAM2_SLAM/eufs/install/eufs_sensors/share/eufs_sensors/hook/cmake_prefix_path.dsv'
[7.327s] INFO:colcon.colcon_core.shell:Creating environment hook '/home/andrewwhong/classes/16833/iSAM2_SLAM/eufs/install/eufs_sensors/share/eufs_sensors/hook/cmake_prefix_path.sh'
[7.328s] Level 1:colcon.colcon_core.environment:checking '/home/andrewwhong/classes/16833/iSAM2_SLAM/eufs/install/eufs_sensors/bin'
[7.328s] Level 1:colcon.colcon_core.environment:checking '/home/andrewwhong/classes/16833/iSAM2_SLAM/eufs/install/eufs_sensors/lib/pkgconfig/eufs_sensors.pc'
[7.329s] Level 1:colcon.colcon_core.environment:checking '/home/andrewwhong/classes/16833/iSAM2_SLAM/eufs/install/eufs_sensors/lib/python3.8/site-packages'
[7.329s] Level 1:colcon.colcon_core.environment:checking '/home/andrewwhong/classes/16833/iSAM2_SLAM/eufs/install/eufs_sensors/bin'
[7.360s] INFO:colcon.colcon_core.shell:Creating package script '/home/andrewwhong/classes/16833/iSAM2_SLAM/eufs/install/eufs_sensors/share/eufs_sensors/package.ps1'
[7.362s] INFO:colcon.colcon_core.shell:Creating package descriptor '/home/andrewwhong/classes/16833/iSAM2_SLAM/eufs/install/eufs_sensors/share/eufs_sensors/package.dsv'
[7.364s] INFO:colcon.colcon_core.shell:Creating package script '/home/andrewwhong/classes/16833/iSAM2_SLAM/eufs/install/eufs_sensors/share/eufs_sensors/package.sh'
[7.365s] INFO:colcon.colcon_core.shell:Creating package script '/home/andrewwhong/classes/16833/iSAM2_SLAM/eufs/install/eufs_sensors/share/eufs_sensors/package.bash'
[7.367s] INFO:colcon.colcon_core.shell:Creating package script '/home/andrewwhong/classes/16833/iSAM2_SLAM/eufs/install/eufs_sensors/share/eufs_sensors/package.zsh'
[7.368s] Level 1:colcon.colcon_core.environment:create_file_with_runtime_dependencies(/home/andrewwhong/classes/16833/iSAM2_SLAM/eufs/install/eufs_sensors/share/colcon-core/packages/eufs_sensors)
[7.434s] Level 1:colcon.colcon_core.environment:create_environment_scripts_only(eufs_sensors)
[7.461s] Level 1:colcon.colcon_core.environment:checking '/home/andrewwhong/classes/16833/iSAM2_SLAM/eufs/install/eufs_sensors' for CMake module files
[7.462s] Level 1:colcon.colcon_core.environment:checking '/home/andrewwhong/classes/16833/iSAM2_SLAM/eufs/install/eufs_sensors' for CMake config files
[7.462s] Level 1:colcon.colcon_core.shell:create_environment_hook('eufs_sensors', 'cmake_prefix_path')
[7.496s] INFO:colcon.colcon_core.shell:Creating environment hook '/home/andrewwhong/classes/16833/iSAM2_SLAM/eufs/install/eufs_sensors/share/eufs_sensors/hook/cmake_prefix_path.ps1'
[7.497s] INFO:colcon.colcon_core.shell:Creating environment descriptor '/home/andrewwhong/classes/16833/iSAM2_SLAM/eufs/install/eufs_sensors/share/eufs_sensors/hook/cmake_prefix_path.dsv'
[7.498s] INFO:colcon.colcon_core.shell:Creating environment hook '/home/andrewwhong/classes/16833/iSAM2_SLAM/eufs/install/eufs_sensors/share/eufs_sensors/hook/cmake_prefix_path.sh'
[7.499s] Level 1:colcon.colcon_core.environment:checking '/home/andrewwhong/classes/16833/iSAM2_SLAM/eufs/install/eufs_sensors/bin'
[7.500s] Level 1:colcon.colcon_core.environment:checking '/home/andrewwhong/classes/16833/iSAM2_SLAM/eufs/install/eufs_sensors/lib/pkgconfig/eufs_sensors.pc'
[7.500s] Level 1:colcon.colcon_core.environment:checking '/home/andrewwhong/classes/16833/iSAM2_SLAM/eufs/install/eufs_sensors/lib/python3.8/site-packages'
[7.501s] Level 1:colcon.colcon_core.environment:checking '/home/andrewwhong/classes/16833/iSAM2_SLAM/eufs/install/eufs_sensors/bin'
[7.528s] INFO:colcon.colcon_core.shell:Creating package script '/home/andrewwhong/classes/16833/iSAM2_SLAM/eufs/install/eufs_sensors/share/eufs_sensors/package.ps1'
[7.529s] INFO:colcon.colcon_core.shell:Creating package descriptor '/home/andrewwhong/classes/16833/iSAM2_SLAM/eufs/install/eufs_sensors/share/eufs_sensors/package.dsv'
[7.530s] INFO:colcon.colcon_core.shell:Creating package script '/home/andrewwhong/classes/16833/iSAM2_SLAM/eufs/install/eufs_sensors/share/eufs_sensors/package.sh'
[7.531s] INFO:colcon.colcon_core.shell:Creating package script '/home/andrewwhong/classes/16833/iSAM2_SLAM/eufs/install/eufs_sensors/share/eufs_sensors/package.bash'
[7.532s] INFO:colcon.colcon_core.shell:Creating package script '/home/andrewwhong/classes/16833/iSAM2_SLAM/eufs/install/eufs_sensors/share/eufs_sensors/package.zsh'
[7.533s] Level 1:colcon.colcon_core.environment:create_file_with_runtime_dependencies(/home/andrewwhong/classes/16833/iSAM2_SLAM/eufs/install/eufs_sensors/share/colcon-core/packages/eufs_sensors)
[8.154s] DEBUG:colcon.colcon_core.event_handler.log_command:Invoking command in '/home/andrewwhong/classes/16833/iSAM2_SLAM/eufs/build/eufs_msgs': CMAKE_PREFIX_PATH=${CMAKE_PREFIX_PATH}:/opt/ros/foxy /usr/bin/cmake --install /home/andrewwhong/classes/16833/iSAM2_SLAM/eufs/build/eufs_msgs
[8.366s] Level 1:colcon.colcon_core.environment:create_environment_scripts_only(eufs_msgs)
[8.515s] Level 1:colcon.colcon_core.environment:checking '/home/andrewwhong/classes/16833/iSAM2_SLAM/eufs/install/eufs_msgs' for CMake module files
[8.519s] Level 1:colcon.colcon_core.environment:checking '/home/andrewwhong/classes/16833/iSAM2_SLAM/eufs/install/eufs_msgs' for CMake config files
[8.547s] DEBUG:colcon.colcon_core.event_handler.log_command:Invoked command in '/home/andrewwhong/classes/16833/iSAM2_SLAM/eufs/build/eufs_msgs' returned '0': CMAKE_PREFIX_PATH=${CMAKE_PREFIX_PATH}:/opt/ros/foxy /usr/bin/cmake --install /home/andrewwhong/classes/16833/iSAM2_SLAM/eufs/build/eufs_msgs
[8.550s] Level 1:colcon.colcon_core.shell:create_environment_hook('eufs_msgs', 'cmake_prefix_path')
[8.576s] INFO:colcon.colcon_core.shell:Creating environment hook '/home/andrewwhong/classes/16833/iSAM2_SLAM/eufs/install/eufs_msgs/share/eufs_msgs/hook/cmake_prefix_path.ps1'
[8.577s] INFO:colcon.colcon_core.shell:Creating environment descriptor '/home/andrewwhong/classes/16833/iSAM2_SLAM/eufs/install/eufs_msgs/share/eufs_msgs/hook/cmake_prefix_path.dsv'
[8.578s] INFO:colcon.colcon_core.shell:Creating environment hook '/home/andrewwhong/classes/16833/iSAM2_SLAM/eufs/install/eufs_msgs/share/eufs_msgs/hook/cmake_prefix_path.sh'
[8.579s] Level 1:colcon.colcon_core.environment:checking '/home/andrewwhong/classes/16833/iSAM2_SLAM/eufs/install/eufs_msgs/lib'
[8.580s] Level 1:colcon.colcon_core.shell:create_environment_hook('eufs_msgs', 'ld_library_path_lib')
[8.607s] INFO:colcon.colcon_core.shell:Creating environment hook '/home/andrewwhong/classes/16833/iSAM2_SLAM/eufs/install/eufs_msgs/share/eufs_msgs/hook/ld_library_path_lib.ps1'
[8.607s] INFO:colcon.colcon_core.shell:Creating environment descriptor '/home/andrewwhong/classes/16833/iSAM2_SLAM/eufs/install/eufs_msgs/share/eufs_msgs/hook/ld_library_path_lib.dsv'
[8.608s] INFO:colcon.colcon_core.shell:Creating environment hook '/home/andrewwhong/classes/16833/iSAM2_SLAM/eufs/install/eufs_msgs/share/eufs_msgs/hook/ld_library_path_lib.sh'
[8.608s] Level 1:colcon.colcon_core.environment:checking '/home/andrewwhong/classes/16833/iSAM2_SLAM/eufs/install/eufs_msgs/bin'
[8.608s] Level 1:colcon.colcon_core.environment:checking '/home/andrewwhong/classes/16833/iSAM2_SLAM/eufs/install/eufs_msgs/lib/pkgconfig/eufs_msgs.pc'
[8.609s] Level 1:colcon.colcon_core.environment:checking '/home/andrewwhong/classes/16833/iSAM2_SLAM/eufs/install/eufs_msgs/lib/python3.8/site-packages'
[8.609s] Level 1:colcon.colcon_core.shell:create_environment_hook('eufs_msgs', 'pythonpath')
[8.634s] INFO:colcon.colcon_core.shell:Creating environment hook '/home/andrewwhong/classes/16833/iSAM2_SLAM/eufs/install/eufs_msgs/share/eufs_msgs/hook/pythonpath.ps1'
[8.635s] INFO:colcon.colcon_core.shell:Creating environment descriptor '/home/andrewwhong/classes/16833/iSAM2_SLAM/eufs/install/eufs_msgs/share/eufs_msgs/hook/pythonpath.dsv'
[8.635s] INFO:colcon.colcon_core.shell:Creating environment hook '/home/andrewwhong/classes/16833/iSAM2_SLAM/eufs/install/eufs_msgs/share/eufs_msgs/hook/pythonpath.sh'
[8.636s] Level 1:colcon.colcon_core.environment:checking '/home/andrewwhong/classes/16833/iSAM2_SLAM/eufs/install/eufs_msgs/bin'
[8.668s] INFO:colcon.colcon_core.shell:Creating package script '/home/andrewwhong/classes/16833/iSAM2_SLAM/eufs/install/eufs_msgs/share/eufs_msgs/package.ps1'
[8.669s] INFO:colcon.colcon_core.shell:Creating package descriptor '/home/andrewwhong/classes/16833/iSAM2_SLAM/eufs/install/eufs_msgs/share/eufs_msgs/package.dsv'
[8.670s] INFO:colcon.colcon_core.shell:Creating package script '/home/andrewwhong/classes/16833/iSAM2_SLAM/eufs/install/eufs_msgs/share/eufs_msgs/package.sh'
[8.670s] INFO:colcon.colcon_core.shell:Creating package script '/home/andrewwhong/classes/16833/iSAM2_SLAM/eufs/install/eufs_msgs/share/eufs_msgs/package.bash'
[8.671s] INFO:colcon.colcon_core.shell:Creating package script '/home/andrewwhong/classes/16833/iSAM2_SLAM/eufs/install/eufs_msgs/share/eufs_msgs/package.zsh'
[8.671s] Level 1:colcon.colcon_core.environment:create_file_with_runtime_dependencies(/home/andrewwhong/classes/16833/iSAM2_SLAM/eufs/install/eufs_msgs/share/colcon-core/packages/eufs_msgs)
[8.691s] DEBUG:colcon.colcon_core.event_handler.log_command:Invoking command in '/home/andrewwhong/classes/16833/iSAM2_SLAM/eufs/eufs_sim/eufs_racecar': PYTHONPATH=/home/andrewwhong/classes/16833/iSAM2_SLAM/eufs/build/eufs_racecar/prefix_override:/home/andrewwhong/classes/16833/iSAM2_SLAM/eufs/install/eufs_racecar/lib/python3.8/site-packages:${PYTHONPATH} /usr/bin/python3 setup.py egg_info --egg-base ../../build/eufs_racecar build --build-base /home/andrewwhong/classes/16833/iSAM2_SLAM/eufs/build/eufs_racecar/build install --record /home/andrewwhong/classes/16833/iSAM2_SLAM/eufs/build/eufs_racecar/install.log --single-version-externally-managed
[8.696s] DEBUG:colcon.colcon_core.event_handler.log_command:Invoking command in '/home/andrewwhong/classes/16833/iSAM2_SLAM/eufs/eufs_sim/eufs_tracks': PYTHONPATH=/home/andrewwhong/classes/16833/iSAM2_SLAM/eufs/build/eufs_tracks/prefix_override:/home/andrewwhong/classes/16833/iSAM2_SLAM/eufs/install/eufs_tracks/lib/python3.8/site-packages:${PYTHONPATH} /usr/bin/python3 setup.py egg_info --egg-base ../../build/eufs_tracks build --build-base /home/andrewwhong/classes/16833/iSAM2_SLAM/eufs/build/eufs_tracks/build install --record /home/andrewwhong/classes/16833/iSAM2_SLAM/eufs/build/eufs_tracks/install.log --single-version-externally-managed
[9.821s] Level 1:colcon.colcon_core.environment:create_environment_scripts_only(eufs_msgs)
[9.853s] Level 1:colcon.colcon_core.environment:checking '/home/andrewwhong/classes/16833/iSAM2_SLAM/eufs/install/eufs_msgs' for CMake module files
[9.854s] Level 1:colcon.colcon_core.environment:checking '/home/andrewwhong/classes/16833/iSAM2_SLAM/eufs/install/eufs_msgs' for CMake config files
[9.856s] Level 1:colcon.colcon_core.shell:create_environment_hook('eufs_msgs', 'cmake_prefix_path')
[9.892s] INFO:colcon.colcon_core.shell:Creating environment hook '/home/andrewwhong/classes/16833/iSAM2_SLAM/eufs/install/eufs_msgs/share/eufs_msgs/hook/cmake_prefix_path.ps1'
[9.895s] INFO:colcon.colcon_core.shell:Creating environment descriptor '/home/andrewwhong/classes/16833/iSAM2_SLAM/eufs/install/eufs_msgs/share/eufs_msgs/hook/cmake_prefix_path.dsv'
[9.896s] INFO:colcon.colcon_core.shell:Creating environment hook '/home/andrewwhong/classes/16833/iSAM2_SLAM/eufs/install/eufs_msgs/share/eufs_msgs/hook/cmake_prefix_path.sh'
[9.898s] Level 1:colcon.colcon_core.environment:checking '/home/andrewwhong/classes/16833/iSAM2_SLAM/eufs/install/eufs_msgs/lib'
[9.900s] Level 1:colcon.colcon_core.shell:create_environment_hook('eufs_msgs', 'ld_library_path_lib')
[9.933s] INFO:colcon.colcon_core.shell:Creating environment hook '/home/andrewwhong/classes/16833/iSAM2_SLAM/eufs/install/eufs_msgs/share/eufs_msgs/hook/ld_library_path_lib.ps1'
[9.934s] INFO:colcon.colcon_core.shell:Creating environment descriptor '/home/andrewwhong/classes/16833/iSAM2_SLAM/eufs/install/eufs_msgs/share/eufs_msgs/hook/ld_library_path_lib.dsv'
[9.935s] INFO:colcon.colcon_core.shell:Creating environment hook '/home/andrewwhong/classes/16833/iSAM2_SLAM/eufs/install/eufs_msgs/share/eufs_msgs/hook/ld_library_path_lib.sh'
[9.935s] Level 1:colcon.colcon_core.environment:checking '/home/andrewwhong/classes/16833/iSAM2_SLAM/eufs/install/eufs_msgs/bin'
[9.935s] Level 1:colcon.colcon_core.environment:checking '/home/andrewwhong/classes/16833/iSAM2_SLAM/eufs/install/eufs_msgs/lib/pkgconfig/eufs_msgs.pc'
[9.936s] Level 1:colcon.colcon_core.environment:checking '/home/andrewwhong/classes/16833/iSAM2_SLAM/eufs/install/eufs_msgs/lib/python3.8/site-packages'
[9.936s] Level 1:colcon.colcon_core.shell:create_environment_hook('eufs_msgs', 'pythonpath')
[9.965s] INFO:colcon.colcon_core.shell:Creating environment hook '/home/andrewwhong/classes/16833/iSAM2_SLAM/eufs/install/eufs_msgs/share/eufs_msgs/hook/pythonpath.ps1'
[9.966s] INFO:colcon.colcon_core.shell:Creating environment descriptor '/home/andrewwhong/classes/16833/iSAM2_SLAM/eufs/install/eufs_msgs/share/eufs_msgs/hook/pythonpath.dsv'
[9.968s] INFO:colcon.colcon_core.shell:Creating environment hook '/home/andrewwhong/classes/16833/iSAM2_SLAM/eufs/install/eufs_msgs/share/eufs_msgs/hook/pythonpath.sh'
[9.970s] Level 1:colcon.colcon_core.environment:checking '/home/andrewwhong/classes/16833/iSAM2_SLAM/eufs/install/eufs_msgs/bin'
[10.002s] INFO:colcon.colcon_core.shell:Creating package script '/home/andrewwhong/classes/16833/iSAM2_SLAM/eufs/install/eufs_msgs/share/eufs_msgs/package.ps1'
[10.003s] INFO:colcon.colcon_core.shell:Creating package descriptor '/home/andrewwhong/classes/16833/iSAM2_SLAM/eufs/install/eufs_msgs/share/eufs_msgs/package.dsv'
[10.004s] INFO:colcon.colcon_core.shell:Creating package script '/home/andrewwhong/classes/16833/iSAM2_SLAM/eufs/install/eufs_msgs/share/eufs_msgs/package.sh'
[10.005s] INFO:colcon.colcon_core.shell:Creating package script '/home/andrewwhong/classes/16833/iSAM2_SLAM/eufs/install/eufs_msgs/share/eufs_msgs/package.bash'
[10.006s] INFO:colcon.colcon_core.shell:Creating package script '/home/andrewwhong/classes/16833/iSAM2_SLAM/eufs/install/eufs_msgs/share/eufs_msgs/package.zsh'
[10.006s] Level 1:colcon.colcon_core.environment:create_file_with_runtime_dependencies(/home/andrewwhong/classes/16833/iSAM2_SLAM/eufs/install/eufs_msgs/share/colcon-core/packages/eufs_msgs)
[10.009s] INFO:colcon.colcon_ros.task.ament_cmake.build:Building ROS package in '/home/andrewwhong/classes/16833/iSAM2_SLAM/eufs/eufs_sim/eufs_models' with build type 'ament_cmake'
[10.011s] INFO:colcon.colcon_cmake.task.cmake.build:Building CMake package in '/home/andrewwhong/classes/16833/iSAM2_SLAM/eufs/eufs_sim/eufs_models'
[10.041s] INFO:colcon.colcon_core.shell:Skip shell extension 'powershell' for command environment: Not usable outside of PowerShell
[10.041s] DEBUG:colcon.colcon_core.shell:Skip shell extension 'dsv' for command environment
[10.128s] INFO:colcon.colcon_ros.task.ament_python.build:Building ROS package in '/home/andrewwhong/classes/16833/iSAM2_SLAM/eufs/eufs_sim/eufs_rqt' with build type 'ament_python'
[10.129s] Level 1:colcon.colcon_core.shell:create_environment_hook('eufs_rqt', 'ament_prefix_path')
[10.161s] INFO:colcon.colcon_core.shell:Creating environment hook '/home/andrewwhong/classes/16833/iSAM2_SLAM/eufs/install/eufs_rqt/share/eufs_rqt/hook/ament_prefix_path.ps1'
[10.162s] INFO:colcon.colcon_core.shell:Creating environment descriptor '/home/andrewwhong/classes/16833/iSAM2_SLAM/eufs/install/eufs_rqt/share/eufs_rqt/hook/ament_prefix_path.dsv'
[10.163s] INFO:colcon.colcon_core.shell:Creating environment hook '/home/andrewwhong/classes/16833/iSAM2_SLAM/eufs/install/eufs_rqt/share/eufs_rqt/hook/ament_prefix_path.sh'
[10.191s] INFO:colcon.colcon_core.shell:Skip shell extension 'powershell' for command environment: Not usable outside of PowerShell
[10.191s] DEBUG:colcon.colcon_core.shell:Skip shell extension 'dsv' for command environment
[10.280s] INFO:colcon.colcon_ros.task.ament_cmake.build:Building ROS package in '/home/andrewwhong/classes/16833/iSAM2_SLAM/eufs/eufs_rviz_plugins/eufs_rviz_plugins' with build type 'ament_cmake'
[10.281s] INFO:colcon.colcon_cmake.task.cmake.build:Building CMake package in '/home/andrewwhong/classes/16833/iSAM2_SLAM/eufs/eufs_rviz_plugins/eufs_rviz_plugins'
[10.313s] INFO:colcon.colcon_core.shell:Skip shell extension 'powershell' for command environment: Not usable outside of PowerShell
[10.313s] DEBUG:colcon.colcon_core.shell:Skip shell extension 'dsv' for command environment
[10.415s] DEBUG:colcon.colcon_core.event_handler.log_command:Invoked command in '/home/andrewwhong/classes/16833/iSAM2_SLAM/eufs/eufs_sim/eufs_racecar' returned '0': PYTHONPATH=/home/andrewwhong/classes/16833/iSAM2_SLAM/eufs/build/eufs_racecar/prefix_override:/home/andrewwhong/classes/16833/iSAM2_SLAM/eufs/install/eufs_racecar/lib/python3.8/site-packages:${PYTHONPATH} /usr/bin/python3 setup.py egg_info --egg-base ../../build/eufs_racecar build --build-base /home/andrewwhong/classes/16833/iSAM2_SLAM/eufs/build/eufs_racecar/build install --record /home/andrewwhong/classes/16833/iSAM2_SLAM/eufs/build/eufs_racecar/install.log --single-version-externally-managed
[10.472s] Level 1:colcon.colcon_core.environment:checking '/home/andrewwhong/classes/16833/iSAM2_SLAM/eufs/install/eufs_racecar' for CMake module files
[10.472s] Level 1:colcon.colcon_core.environment:checking '/home/andrewwhong/classes/16833/iSAM2_SLAM/eufs/install/eufs_racecar' for CMake config files
[10.474s] Level 1:colcon.colcon_core.environment:checking '/home/andrewwhong/classes/16833/iSAM2_SLAM/eufs/install/eufs_racecar/lib'
[10.474s] Level 1:colcon.colcon_core.environment:checking '/home/andrewwhong/classes/16833/iSAM2_SLAM/eufs/install/eufs_racecar/bin'
[10.474s] Level 1:colcon.colcon_core.environment:checking '/home/andrewwhong/classes/16833/iSAM2_SLAM/eufs/install/eufs_racecar/lib/pkgconfig/eufs_racecar.pc'
[10.475s] Level 1:colcon.colcon_core.environment:checking '/home/andrewwhong/classes/16833/iSAM2_SLAM/eufs/install/eufs_racecar/lib/python3.8/site-packages'
[10.475s] Level 1:colcon.colcon_core.shell:create_environment_hook('eufs_racecar', 'pythonpath')
[10.507s] INFO:colcon.colcon_core.shell:Creating environment hook '/home/andrewwhong/classes/16833/iSAM2_SLAM/eufs/install/eufs_racecar/share/eufs_racecar/hook/pythonpath.ps1'
[10.508s] INFO:colcon.colcon_core.shell:Creating environment descriptor '/home/andrewwhong/classes/16833/iSAM2_SLAM/eufs/install/eufs_racecar/share/eufs_racecar/hook/pythonpath.dsv'
[10.509s] INFO:colcon.colcon_core.shell:Creating environment hook '/home/andrewwhong/classes/16833/iSAM2_SLAM/eufs/install/eufs_racecar/share/eufs_racecar/hook/pythonpath.sh'
[10.510s] Level 1:colcon.colcon_core.environment:checking '/home/andrewwhong/classes/16833/iSAM2_SLAM/eufs/install/eufs_racecar/bin'
[10.510s] Level 1:colcon.colcon_core.environment:create_environment_scripts_only(eufs_racecar)
[10.544s] INFO:colcon.colcon_core.shell:Creating package script '/home/andrewwhong/classes/16833/iSAM2_SLAM/eufs/install/eufs_racecar/share/eufs_racecar/package.ps1'
[10.545s] INFO:colcon.colcon_core.shell:Creating package descriptor '/home/andrewwhong/classes/16833/iSAM2_SLAM/eufs/install/eufs_racecar/share/eufs_racecar/package.dsv'
[10.547s] INFO:colcon.colcon_core.shell:Creating package script '/home/andrewwhong/classes/16833/iSAM2_SLAM/eufs/install/eufs_racecar/share/eufs_racecar/package.sh'
[10.548s] INFO:colcon.colcon_core.shell:Creating package script '/home/andrewwhong/classes/16833/iSAM2_SLAM/eufs/install/eufs_racecar/share/eufs_racecar/package.bash'
[10.549s] INFO:colcon.colcon_core.shell:Creating package script '/home/andrewwhong/classes/16833/iSAM2_SLAM/eufs/install/eufs_racecar/share/eufs_racecar/package.zsh'
[10.550s] Level 1:colcon.colcon_core.environment:create_file_with_runtime_dependencies(/home/andrewwhong/classes/16833/iSAM2_SLAM/eufs/install/eufs_racecar/share/colcon-core/packages/eufs_racecar)
[10.558s] DEBUG:colcon.colcon_core.event_handler.log_command:Invoked command in '/home/andrewwhong/classes/16833/iSAM2_SLAM/eufs/eufs_sim/eufs_tracks' returned '0': PYTHONPATH=/home/andrewwhong/classes/16833/iSAM2_SLAM/eufs/build/eufs_tracks/prefix_override:/home/andrewwhong/classes/16833/iSAM2_SLAM/eufs/install/eufs_tracks/lib/python3.8/site-packages:${PYTHONPATH} /usr/bin/python3 setup.py egg_info --egg-base ../../build/eufs_tracks build --build-base /home/andrewwhong/classes/16833/iSAM2_SLAM/eufs/build/eufs_tracks/build install --record /home/andrewwhong/classes/16833/iSAM2_SLAM/eufs/build/eufs_tracks/install.log --single-version-externally-managed
[10.591s] Level 1:colcon.colcon_core.environment:checking '/home/andrewwhong/classes/16833/iSAM2_SLAM/eufs/install/eufs_tracks' for CMake module files
[10.592s] Level 1:colcon.colcon_core.environment:checking '/home/andrewwhong/classes/16833/iSAM2_SLAM/eufs/install/eufs_tracks' for CMake config files
[10.596s] Level 1:colcon.colcon_core.environment:checking '/home/andrewwhong/classes/16833/iSAM2_SLAM/eufs/install/eufs_tracks/lib'
[10.596s] Level 1:colcon.colcon_core.environment:checking '/home/andrewwhong/classes/16833/iSAM2_SLAM/eufs/install/eufs_tracks/bin'
[10.597s] Level 1:colcon.colcon_core.environment:checking '/home/andrewwhong/classes/16833/iSAM2_SLAM/eufs/install/eufs_tracks/lib/pkgconfig/eufs_tracks.pc'
[10.597s] Level 1:colcon.colcon_core.environment:checking '/home/andrewwhong/classes/16833/iSAM2_SLAM/eufs/install/eufs_tracks/lib/python3.8/site-packages'
[10.597s] Level 1:colcon.colcon_core.shell:create_environment_hook('eufs_tracks', 'pythonpath')
[10.625s] INFO:colcon.colcon_core.shell:Creating environment hook '/home/andrewwhong/classes/16833/iSAM2_SLAM/eufs/install/eufs_tracks/share/eufs_tracks/hook/pythonpath.ps1'
[10.626s] INFO:colcon.colcon_core.shell:Creating environment descriptor '/home/andrewwhong/classes/16833/iSAM2_SLAM/eufs/install/eufs_tracks/share/eufs_tracks/hook/pythonpath.dsv'
[10.627s] INFO:colcon.colcon_core.shell:Creating environment hook '/home/andrewwhong/classes/16833/iSAM2_SLAM/eufs/install/eufs_tracks/share/eufs_tracks/hook/pythonpath.sh'
[10.629s] Level 1:colcon.colcon_core.environment:checking '/home/andrewwhong/classes/16833/iSAM2_SLAM/eufs/install/eufs_tracks/bin'
[10.629s] Level 1:colcon.colcon_core.environment:create_environment_scripts_only(eufs_tracks)
[10.656s] INFO:colcon.colcon_core.shell:Creating package script '/home/andrewwhong/classes/16833/iSAM2_SLAM/eufs/install/eufs_tracks/share/eufs_tracks/package.ps1'
[10.658s] INFO:colcon.colcon_core.shell:Creating package descriptor '/home/andrewwhong/classes/16833/iSAM2_SLAM/eufs/install/eufs_tracks/share/eufs_tracks/package.dsv'
[10.659s] INFO:colcon.colcon_core.shell:Creating package script '/home/andrewwhong/classes/16833/iSAM2_SLAM/eufs/install/eufs_tracks/share/eufs_tracks/package.sh'
[10.660s] INFO:colcon.colcon_core.shell:Creating package script '/home/andrewwhong/classes/16833/iSAM2_SLAM/eufs/install/eufs_tracks/share/eufs_tracks/package.bash'
[10.661s] INFO:colcon.colcon_core.shell:Creating package script '/home/andrewwhong/classes/16833/iSAM2_SLAM/eufs/install/eufs_tracks/share/eufs_tracks/package.zsh'
[10.662s] Level 1:colcon.colcon_core.environment:create_file_with_runtime_dependencies(/home/andrewwhong/classes/16833/iSAM2_SLAM/eufs/install/eufs_tracks/share/colcon-core/packages/eufs_tracks)
[10.664s] INFO:colcon.colcon_ros.task.ament_python.build:Building ROS package in '/home/andrewwhong/classes/16833/iSAM2_SLAM/eufs/eufs_sim/eufs_launcher' with build type 'ament_python'
[10.665s] Level 1:colcon.colcon_core.shell:create_environment_hook('eufs_launcher', 'ament_prefix_path')
[10.708s] INFO:colcon.colcon_core.shell:Creating environment hook '/home/andrewwhong/classes/16833/iSAM2_SLAM/eufs/install/eufs_launcher/share/eufs_launcher/hook/ament_prefix_path.ps1'
[10.711s] INFO:colcon.colcon_core.shell:Creating environment descriptor '/home/andrewwhong/classes/16833/iSAM2_SLAM/eufs/install/eufs_launcher/share/eufs_launcher/hook/ament_prefix_path.dsv'
[10.712s] INFO:colcon.colcon_core.shell:Creating environment hook '/home/andrewwhong/classes/16833/iSAM2_SLAM/eufs/install/eufs_launcher/share/eufs_launcher/hook/ament_prefix_path.sh'
[10.744s] INFO:colcon.colcon_core.shell:Skip shell extension 'powershell' for command environment: Not usable outside of PowerShell
[10.744s] DEBUG:colcon.colcon_core.shell:Skip shell extension 'dsv' for command environment
[10.857s] DEBUG:colcon.colcon_core.event_handler.log_command:Invoking command in '/home/andrewwhong/classes/16833/iSAM2_SLAM/eufs/build/eufs_models': AMENT_PREFIX_PATH=/home/andrewwhong/classes/16833/iSAM2_SLAM/eufs/install/eufs_msgs:${AMENT_PREFIX_PATH} CMAKE_PREFIX_PATH=/home/andrewwhong/classes/16833/iSAM2_SLAM/eufs/install/eufs_msgs:/home/andrewwhong/classes/16833/iSAM2_SLAM/workspace/install/isam2:/home/andrewwhong/classes/16833/iSAM2_SLAM/workspace/install/eufs_msgs:/opt/ros/foxy LD_LIBRARY_PATH=/home/andrewwhong/classes/16833/iSAM2_SLAM/eufs/install/eufs_msgs/lib:${LD_LIBRARY_PATH} PYTHONPATH=/home/andrewwhong/classes/16833/iSAM2_SLAM/eufs/install/eufs_msgs/lib/python3.8/site-packages:${PYTHONPATH} /usr/bin/cmake /home/andrewwhong/classes/16833/iSAM2_SLAM/eufs/eufs_sim/eufs_models -DCMAKE_INSTALL_PREFIX=/home/andrewwhong/classes/16833/iSAM2_SLAM/eufs/install/eufs_models
[11.427s] INFO:colcon.colcon_core.task.python.build:Building Python package in '/home/andrewwhong/classes/16833/iSAM2_SLAM/eufs/eufs_sim/eufs_rqt'
[11.454s] INFO:colcon.colcon_core.shell:Skip shell extension 'powershell' for command environment: Not usable outside of PowerShell
[11.454s] DEBUG:colcon.colcon_core.shell:Skip shell extension 'dsv' for command environment
[11.557s] DEBUG:colcon.colcon_core.event_handler.log_command:Invoking command in '/home/andrewwhong/classes/16833/iSAM2_SLAM/eufs/build/eufs_rviz_plugins': AMENT_PREFIX_PATH=/home/andrewwhong/classes/16833/iSAM2_SLAM/eufs/install/eufs_msgs:${AMENT_PREFIX_PATH} CMAKE_PREFIX_PATH=/home/andrewwhong/classes/16833/iSAM2_SLAM/eufs/install/eufs_msgs:/home/andrewwhong/classes/16833/iSAM2_SLAM/workspace/install/isam2:/home/andrewwhong/classes/16833/iSAM2_SLAM/workspace/install/eufs_msgs:/opt/ros/foxy LD_LIBRARY_PATH=/home/andrewwhong/classes/16833/iSAM2_SLAM/eufs/install/eufs_msgs/lib:${LD_LIBRARY_PATH} PYTHONPATH=/home/andrewwhong/classes/16833/iSAM2_SLAM/eufs/install/eufs_msgs/lib/python3.8/site-packages:${PYTHONPATH} /usr/bin/cmake /home/andrewwhong/classes/16833/iSAM2_SLAM/eufs/eufs_rviz_plugins/eufs_rviz_plugins -DCMAKE_INSTALL_PREFIX=/home/andrewwhong/classes/16833/iSAM2_SLAM/eufs/install/eufs_rviz_plugins
[12.109s] INFO:colcon.colcon_core.task.python.build:Building Python package in '/home/andrewwhong/classes/16833/iSAM2_SLAM/eufs/eufs_sim/eufs_launcher'
[12.141s] INFO:colcon.colcon_core.shell:Skip shell extension 'powershell' for command environment: Not usable outside of PowerShell
[12.142s] DEBUG:colcon.colcon_core.shell:Skip shell extension 'dsv' for command environment
[14.007s] DEBUG:colcon.colcon_core.event_handler.log_command:Invoking command in '/home/andrewwhong/classes/16833/iSAM2_SLAM/eufs/eufs_sim/eufs_rqt': AMENT_PREFIX_PATH=/home/andrewwhong/classes/16833/iSAM2_SLAM/eufs/install/eufs_msgs:${AMENT_PREFIX_PATH} CMAKE_PREFIX_PATH=/home/andrewwhong/classes/16833/iSAM2_SLAM/eufs/install/eufs_msgs:${CMAKE_PREFIX_PATH} LD_LIBRARY_PATH=/home/andrewwhong/classes/16833/iSAM2_SLAM/eufs/install/eufs_msgs/lib:${LD_LIBRARY_PATH} PYTHONPATH=/home/andrewwhong/classes/16833/iSAM2_SLAM/eufs/build/eufs_rqt/prefix_override:/home/andrewwhong/classes/16833/iSAM2_SLAM/eufs/install/eufs_rqt/lib/python3.8/site-packages:/home/andrewwhong/classes/16833/iSAM2_SLAM/eufs/install/eufs_msgs/lib/python3.8/site-packages:${PYTHONPATH} /usr/bin/python3 setup.py egg_info --egg-base ../../build/eufs_rqt build --build-base /home/andrewwhong/classes/16833/iSAM2_SLAM/eufs/build/eufs_rqt/build install --record /home/andrewwhong/classes/16833/iSAM2_SLAM/eufs/build/eufs_rqt/install.log --single-version-externally-managed
[14.525s] DEBUG:colcon.colcon_core.event_handler.log_command:Invoking command in '/home/andrewwhong/classes/16833/iSAM2_SLAM/eufs/eufs_sim/eufs_launcher': AMENT_PREFIX_PATH=/home/andrewwhong/classes/16833/iSAM2_SLAM/eufs/install/eufs_tracks:${AMENT_PREFIX_PATH} PYTHONPATH=/home/andrewwhong/classes/16833/iSAM2_SLAM/eufs/build/eufs_launcher/prefix_override:/home/andrewwhong/classes/16833/iSAM2_SLAM/eufs/install/eufs_launcher/lib/python3.8/site-packages:/home/andrewwhong/classes/16833/iSAM2_SLAM/eufs/install/eufs_tracks/lib/python3.8/site-packages:${PYTHONPATH} /usr/bin/python3 setup.py egg_info --egg-base ../../build/eufs_launcher build --build-base /home/andrewwhong/classes/16833/iSAM2_SLAM/eufs/build/eufs_launcher/build install --record /home/andrewwhong/classes/16833/iSAM2_SLAM/eufs/build/eufs_launcher/install.log --single-version-externally-managed
[15.578s] DEBUG:colcon.colcon_core.event_handler.log_command:Invoked command in '/home/andrewwhong/classes/16833/iSAM2_SLAM/eufs/eufs_sim/eufs_rqt' returned '0': AMENT_PREFIX_PATH=/home/andrewwhong/classes/16833/iSAM2_SLAM/eufs/install/eufs_msgs:${AMENT_PREFIX_PATH} CMAKE_PREFIX_PATH=/home/andrewwhong/classes/16833/iSAM2_SLAM/eufs/install/eufs_msgs:${CMAKE_PREFIX_PATH} LD_LIBRARY_PATH=/home/andrewwhong/classes/16833/iSAM2_SLAM/eufs/install/eufs_msgs/lib:${LD_LIBRARY_PATH} PYTHONPATH=/home/andrewwhong/classes/16833/iSAM2_SLAM/eufs/build/eufs_rqt/prefix_override:/home/andrewwhong/classes/16833/iSAM2_SLAM/eufs/install/eufs_rqt/lib/python3.8/site-packages:/home/andrewwhong/classes/16833/iSAM2_SLAM/eufs/install/eufs_msgs/lib/python3.8/site-packages:${PYTHONPATH} /usr/bin/python3 setup.py egg_info --egg-base ../../build/eufs_rqt build --build-base /home/andrewwhong/classes/16833/iSAM2_SLAM/eufs/build/eufs_rqt/build install --record /home/andrewwhong/classes/16833/iSAM2_SLAM/eufs/build/eufs_rqt/install.log --single-version-externally-managed
[15.619s] Level 1:colcon.colcon_core.environment:checking '/home/andrewwhong/classes/16833/iSAM2_SLAM/eufs/install/eufs_rqt' for CMake module files
[15.620s] Level 1:colcon.colcon_core.environment:checking '/home/andrewwhong/classes/16833/iSAM2_SLAM/eufs/install/eufs_rqt' for CMake config files
[15.622s] Level 1:colcon.colcon_core.environment:checking '/home/andrewwhong/classes/16833/iSAM2_SLAM/eufs/install/eufs_rqt/lib'
[15.622s] Level 1:colcon.colcon_core.environment:checking '/home/andrewwhong/classes/16833/iSAM2_SLAM/eufs/install/eufs_rqt/bin'
[15.622s] Level 1:colcon.colcon_core.environment:checking '/home/andrewwhong/classes/16833/iSAM2_SLAM/eufs/install/eufs_rqt/lib/pkgconfig/eufs_rqt.pc'
[15.623s] Level 1:colcon.colcon_core.environment:checking '/home/andrewwhong/classes/16833/iSAM2_SLAM/eufs/install/eufs_rqt/lib/python3.8/site-packages'
[15.623s] Level 1:colcon.colcon_core.shell:create_environment_hook('eufs_rqt', 'pythonpath')
[15.660s] INFO:colcon.colcon_core.shell:Creating environment hook '/home/andrewwhong/classes/16833/iSAM2_SLAM/eufs/install/eufs_rqt/share/eufs_rqt/hook/pythonpath.ps1'
[15.661s] INFO:colcon.colcon_core.shell:Creating environment descriptor '/home/andrewwhong/classes/16833/iSAM2_SLAM/eufs/install/eufs_rqt/share/eufs_rqt/hook/pythonpath.dsv'
[15.662s] INFO:colcon.colcon_core.shell:Creating environment hook '/home/andrewwhong/classes/16833/iSAM2_SLAM/eufs/install/eufs_rqt/share/eufs_rqt/hook/pythonpath.sh'
[15.664s] Level 1:colcon.colcon_core.environment:checking '/home/andrewwhong/classes/16833/iSAM2_SLAM/eufs/install/eufs_rqt/bin'
[15.664s] Level 1:colcon.colcon_core.environment:create_environment_scripts_only(eufs_rqt)
[15.744s] INFO:colcon.colcon_core.shell:Creating package script '/home/andrewwhong/classes/16833/iSAM2_SLAM/eufs/install/eufs_rqt/share/eufs_rqt/package.ps1'
[15.746s] INFO:colcon.colcon_core.shell:Creating package descriptor '/home/andrewwhong/classes/16833/iSAM2_SLAM/eufs/install/eufs_rqt/share/eufs_rqt/package.dsv'
[15.749s] INFO:colcon.colcon_core.shell:Creating package script '/home/andrewwhong/classes/16833/iSAM2_SLAM/eufs/install/eufs_rqt/share/eufs_rqt/package.sh'
[15.751s] INFO:colcon.colcon_core.shell:Creating package script '/home/andrewwhong/classes/16833/iSAM2_SLAM/eufs/install/eufs_rqt/share/eufs_rqt/package.bash'
[15.755s] INFO:colcon.colcon_core.shell:Creating package script '/home/andrewwhong/classes/16833/iSAM2_SLAM/eufs/install/eufs_rqt/share/eufs_rqt/package.zsh'
[15.756s] Level 1:colcon.colcon_core.environment:create_file_with_runtime_dependencies(/home/andrewwhong/classes/16833/iSAM2_SLAM/eufs/install/eufs_rqt/share/colcon-core/packages/eufs_rqt)
[16.080s] DEBUG:colcon.colcon_core.event_handler.log_command:Invoked command in '/home/andrewwhong/classes/16833/iSAM2_SLAM/eufs/eufs_sim/eufs_launcher' returned '0': AMENT_PREFIX_PATH=/home/andrewwhong/classes/16833/iSAM2_SLAM/eufs/install/eufs_tracks:${AMENT_PREFIX_PATH} PYTHONPATH=/home/andrewwhong/classes/16833/iSAM2_SLAM/eufs/build/eufs_launcher/prefix_override:/home/andrewwhong/classes/16833/iSAM2_SLAM/eufs/install/eufs_launcher/lib/python3.8/site-packages:/home/andrewwhong/classes/16833/iSAM2_SLAM/eufs/install/eufs_tracks/lib/python3.8/site-packages:${PYTHONPATH} /usr/bin/python3 setup.py egg_info --egg-base ../../build/eufs_launcher build --build-base /home/andrewwhong/classes/16833/iSAM2_SLAM/eufs/build/eufs_launcher/build install --record /home/andrewwhong/classes/16833/iSAM2_SLAM/eufs/build/eufs_launcher/install.log --single-version-externally-managed
[16.116s] Level 1:colcon.colcon_core.environment:checking '/home/andrewwhong/classes/16833/iSAM2_SLAM/eufs/install/eufs_launcher' for CMake module files
[16.117s] Level 1:colcon.colcon_core.environment:checking '/home/andrewwhong/classes/16833/iSAM2_SLAM/eufs/install/eufs_launcher' for CMake config files
[16.118s] Level 1:colcon.colcon_core.environment:checking '/home/andrewwhong/classes/16833/iSAM2_SLAM/eufs/install/eufs_launcher/lib'
[16.119s] Level 1:colcon.colcon_core.environment:checking '/home/andrewwhong/classes/16833/iSAM2_SLAM/eufs/install/eufs_launcher/bin'
[16.119s] Level 1:colcon.colcon_core.environment:checking '/home/andrewwhong/classes/16833/iSAM2_SLAM/eufs/install/eufs_launcher/lib/pkgconfig/eufs_launcher.pc'
[16.119s] Level 1:colcon.colcon_core.environment:checking '/home/andrewwhong/classes/16833/iSAM2_SLAM/eufs/install/eufs_launcher/lib/python3.8/site-packages'
[16.119s] Level 1:colcon.colcon_core.shell:create_environment_hook('eufs_launcher', 'pythonpath')
[16.148s] INFO:colcon.colcon_core.shell:Creating environment hook '/home/andrewwhong/classes/16833/iSAM2_SLAM/eufs/install/eufs_launcher/share/eufs_launcher/hook/pythonpath.ps1'
[16.149s] INFO:colcon.colcon_core.shell:Creating environment descriptor '/home/andrewwhong/classes/16833/iSAM2_SLAM/eufs/install/eufs_launcher/share/eufs_launcher/hook/pythonpath.dsv'
[16.150s] INFO:colcon.colcon_core.shell:Creating environment hook '/home/andrewwhong/classes/16833/iSAM2_SLAM/eufs/install/eufs_launcher/share/eufs_launcher/hook/pythonpath.sh'
[16.151s] Level 1:colcon.colcon_core.environment:checking '/home/andrewwhong/classes/16833/iSAM2_SLAM/eufs/install/eufs_launcher/bin'
[16.151s] Level 1:colcon.colcon_core.environment:create_environment_scripts_only(eufs_launcher)
[16.184s] INFO:colcon.colcon_core.shell:Creating package script '/home/andrewwhong/classes/16833/iSAM2_SLAM/eufs/install/eufs_launcher/share/eufs_launcher/package.ps1'
[16.185s] INFO:colcon.colcon_core.shell:Creating package descriptor '/home/andrewwhong/classes/16833/iSAM2_SLAM/eufs/install/eufs_launcher/share/eufs_launcher/package.dsv'
[16.185s] INFO:colcon.colcon_core.shell:Creating package script '/home/andrewwhong/classes/16833/iSAM2_SLAM/eufs/install/eufs_launcher/share/eufs_launcher/package.sh'
[16.186s] INFO:colcon.colcon_core.shell:Creating package script '/home/andrewwhong/classes/16833/iSAM2_SLAM/eufs/install/eufs_launcher/share/eufs_launcher/package.bash'
[16.187s] INFO:colcon.colcon_core.shell:Creating package script '/home/andrewwhong/classes/16833/iSAM2_SLAM/eufs/install/eufs_launcher/share/eufs_launcher/package.zsh'
[16.187s] Level 1:colcon.colcon_core.environment:create_file_with_runtime_dependencies(/home/andrewwhong/classes/16833/iSAM2_SLAM/eufs/install/eufs_launcher/share/colcon-core/packages/eufs_launcher)
[29.379s] DEBUG:colcon.colcon_core.event_handler.log_command:Invoked command in '/home/andrewwhong/classes/16833/iSAM2_SLAM/eufs/build/eufs_models' returned '0': AMENT_PREFIX_PATH=/home/andrewwhong/classes/16833/iSAM2_SLAM/eufs/install/eufs_msgs:${AMENT_PREFIX_PATH} CMAKE_PREFIX_PATH=/home/andrewwhong/classes/16833/iSAM2_SLAM/eufs/install/eufs_msgs:/home/andrewwhong/classes/16833/iSAM2_SLAM/workspace/install/isam2:/home/andrewwhong/classes/16833/iSAM2_SLAM/workspace/install/eufs_msgs:/opt/ros/foxy LD_LIBRARY_PATH=/home/andrewwhong/classes/16833/iSAM2_SLAM/eufs/install/eufs_msgs/lib:${LD_LIBRARY_PATH} PYTHONPATH=/home/andrewwhong/classes/16833/iSAM2_SLAM/eufs/install/eufs_msgs/lib/python3.8/site-packages:${PYTHONPATH} /usr/bin/cmake /home/andrewwhong/classes/16833/iSAM2_SLAM/eufs/eufs_sim/eufs_models -DCMAKE_INSTALL_PREFIX=/home/andrewwhong/classes/16833/iSAM2_SLAM/eufs/install/eufs_models
[29.386s] DEBUG:colcon.colcon_core.event_handler.log_command:Invoking command in '/home/andrewwhong/classes/16833/iSAM2_SLAM/eufs/build/eufs_models': AMENT_PREFIX_PATH=/home/andrewwhong/classes/16833/iSAM2_SLAM/eufs/install/eufs_msgs:${AMENT_PREFIX_PATH} CMAKE_PREFIX_PATH=/home/andrewwhong/classes/16833/iSAM2_SLAM/eufs/install/eufs_msgs:/home/andrewwhong/classes/16833/iSAM2_SLAM/workspace/install/isam2:/home/andrewwhong/classes/16833/iSAM2_SLAM/workspace/install/eufs_msgs:/opt/ros/foxy LD_LIBRARY_PATH=/home/andrewwhong/classes/16833/iSAM2_SLAM/eufs/install/eufs_msgs/lib:${LD_LIBRARY_PATH} PYTHONPATH=/home/andrewwhong/classes/16833/iSAM2_SLAM/eufs/install/eufs_msgs/lib/python3.8/site-packages:${PYTHONPATH} /usr/bin/cmake --build /home/andrewwhong/classes/16833/iSAM2_SLAM/eufs/build/eufs_models -- -j12 -l12
[31.975s] DEBUG:colcon.colcon_core.event_handler.log_command:Invoked command in '/home/andrewwhong/classes/16833/iSAM2_SLAM/eufs/build/eufs_models' returned '0': AMENT_PREFIX_PATH=/home/andrewwhong/classes/16833/iSAM2_SLAM/eufs/install/eufs_msgs:${AMENT_PREFIX_PATH} CMAKE_PREFIX_PATH=/home/andrewwhong/classes/16833/iSAM2_SLAM/eufs/install/eufs_msgs:/home/andrewwhong/classes/16833/iSAM2_SLAM/workspace/install/isam2:/home/andrewwhong/classes/16833/iSAM2_SLAM/workspace/install/eufs_msgs:/opt/ros/foxy LD_LIBRARY_PATH=/home/andrewwhong/classes/16833/iSAM2_SLAM/eufs/install/eufs_msgs/lib:${LD_LIBRARY_PATH} PYTHONPATH=/home/andrewwhong/classes/16833/iSAM2_SLAM/eufs/install/eufs_msgs/lib/python3.8/site-packages:${PYTHONPATH} /usr/bin/cmake --build /home/andrewwhong/classes/16833/iSAM2_SLAM/eufs/build/eufs_models -- -j12 -l12
[32.027s] DEBUG:colcon.colcon_core.event_handler.log_command:Invoking command in '/home/andrewwhong/classes/16833/iSAM2_SLAM/eufs/build/eufs_models': AMENT_PREFIX_PATH=/home/andrewwhong/classes/16833/iSAM2_SLAM/eufs/install/eufs_msgs:${AMENT_PREFIX_PATH} CMAKE_PREFIX_PATH=/home/andrewwhong/classes/16833/iSAM2_SLAM/eufs/install/eufs_msgs:/home/andrewwhong/classes/16833/iSAM2_SLAM/workspace/install/isam2:/home/andrewwhong/classes/16833/iSAM2_SLAM/workspace/install/eufs_msgs:/opt/ros/foxy LD_LIBRARY_PATH=/home/andrewwhong/classes/16833/iSAM2_SLAM/eufs/install/eufs_msgs/lib:${LD_LIBRARY_PATH} PYTHONPATH=/home/andrewwhong/classes/16833/iSAM2_SLAM/eufs/install/eufs_msgs/lib/python3.8/site-packages:${PYTHONPATH} /usr/bin/cmake --install /home/andrewwhong/classes/16833/iSAM2_SLAM/eufs/build/eufs_models
[32.056s] Level 1:colcon.colcon_core.environment:create_environment_scripts_only(eufs_models)
[32.058s] DEBUG:colcon.colcon_core.event_handler.log_command:Invoked command in '/home/andrewwhong/classes/16833/iSAM2_SLAM/eufs/build/eufs_models' returned '0': AMENT_PREFIX_PATH=/home/andrewwhong/classes/16833/iSAM2_SLAM/eufs/install/eufs_msgs:${AMENT_PREFIX_PATH} CMAKE_PREFIX_PATH=/home/andrewwhong/classes/16833/iSAM2_SLAM/eufs/install/eufs_msgs:/home/andrewwhong/classes/16833/iSAM2_SLAM/workspace/install/isam2:/home/andrewwhong/classes/16833/iSAM2_SLAM/workspace/install/eufs_msgs:/opt/ros/foxy LD_LIBRARY_PATH=/home/andrewwhong/classes/16833/iSAM2_SLAM/eufs/install/eufs_msgs/lib:${LD_LIBRARY_PATH} PYTHONPATH=/home/andrewwhong/classes/16833/iSAM2_SLAM/eufs/install/eufs_msgs/lib/python3.8/site-packages:${PYTHONPATH} /usr/bin/cmake --install /home/andrewwhong/classes/16833/iSAM2_SLAM/eufs/build/eufs_models
[32.093s] Level 1:colcon.colcon_core.environment:checking '/home/andrewwhong/classes/16833/iSAM2_SLAM/eufs/install/eufs_models' for CMake module files
[32.094s] Level 1:colcon.colcon_core.environment:checking '/home/andrewwhong/classes/16833/iSAM2_SLAM/eufs/install/eufs_models' for CMake config files
[32.094s] Level 1:colcon.colcon_core.shell:create_environment_hook('eufs_models', 'cmake_prefix_path')
[32.128s] INFO:colcon.colcon_core.shell:Creating environment hook '/home/andrewwhong/classes/16833/iSAM2_SLAM/eufs/install/eufs_models/share/eufs_models/hook/cmake_prefix_path.ps1'
[32.129s] INFO:colcon.colcon_core.shell:Creating environment descriptor '/home/andrewwhong/classes/16833/iSAM2_SLAM/eufs/install/eufs_models/share/eufs_models/hook/cmake_prefix_path.dsv'
[32.130s] INFO:colcon.colcon_core.shell:Creating environment hook '/home/andrewwhong/classes/16833/iSAM2_SLAM/eufs/install/eufs_models/share/eufs_models/hook/cmake_prefix_path.sh'
[32.131s] Level 1:colcon.colcon_core.environment:checking '/home/andrewwhong/classes/16833/iSAM2_SLAM/eufs/install/eufs_models/lib'
[32.132s] Level 1:colcon.colcon_core.environment:checking '/home/andrewwhong/classes/16833/iSAM2_SLAM/eufs/install/eufs_models/bin'
[32.132s] Level 1:colcon.colcon_core.environment:checking '/home/andrewwhong/classes/16833/iSAM2_SLAM/eufs/install/eufs_models/lib/pkgconfig/eufs_models.pc'
[32.132s] Level 1:colcon.colcon_core.environment:checking '/home/andrewwhong/classes/16833/iSAM2_SLAM/eufs/install/eufs_models/lib/python3.8/site-packages'
[32.133s] Level 1:colcon.colcon_core.environment:checking '/home/andrewwhong/classes/16833/iSAM2_SLAM/eufs/install/eufs_models/bin'
[32.156s] INFO:colcon.colcon_core.shell:Creating package script '/home/andrewwhong/classes/16833/iSAM2_SLAM/eufs/install/eufs_models/share/eufs_models/package.ps1'
[32.157s] INFO:colcon.colcon_core.shell:Creating package descriptor '/home/andrewwhong/classes/16833/iSAM2_SLAM/eufs/install/eufs_models/share/eufs_models/package.dsv'
[32.158s] INFO:colcon.colcon_core.shell:Creating package script '/home/andrewwhong/classes/16833/iSAM2_SLAM/eufs/install/eufs_models/share/eufs_models/package.sh'
[32.159s] INFO:colcon.colcon_core.shell:Creating package script '/home/andrewwhong/classes/16833/iSAM2_SLAM/eufs/install/eufs_models/share/eufs_models/package.bash'
[32.159s] INFO:colcon.colcon_core.shell:Creating package script '/home/andrewwhong/classes/16833/iSAM2_SLAM/eufs/install/eufs_models/share/eufs_models/package.zsh'
[32.160s] Level 1:colcon.colcon_core.environment:create_file_with_runtime_dependencies(/home/andrewwhong/classes/16833/iSAM2_SLAM/eufs/install/eufs_models/share/colcon-core/packages/eufs_models)
[32.253s] Level 1:colcon.colcon_core.environment:create_environment_scripts_only(eufs_models)
[32.306s] Level 1:colcon.colcon_core.environment:checking '/home/andrewwhong/classes/16833/iSAM2_SLAM/eufs/install/eufs_models' for CMake module files
[32.307s] Level 1:colcon.colcon_core.environment:checking '/home/andrewwhong/classes/16833/iSAM2_SLAM/eufs/install/eufs_models' for CMake config files
[32.308s] Level 1:colcon.colcon_core.shell:create_environment_hook('eufs_models', 'cmake_prefix_path')
[32.370s] INFO:colcon.colcon_core.shell:Creating environment hook '/home/andrewwhong/classes/16833/iSAM2_SLAM/eufs/install/eufs_models/share/eufs_models/hook/cmake_prefix_path.ps1'
[32.372s] INFO:colcon.colcon_core.shell:Creating environment descriptor '/home/andrewwhong/classes/16833/iSAM2_SLAM/eufs/install/eufs_models/share/eufs_models/hook/cmake_prefix_path.dsv'
[32.373s] INFO:colcon.colcon_core.shell:Creating environment hook '/home/andrewwhong/classes/16833/iSAM2_SLAM/eufs/install/eufs_models/share/eufs_models/hook/cmake_prefix_path.sh'
[32.375s] Level 1:colcon.colcon_core.environment:checking '/home/andrewwhong/classes/16833/iSAM2_SLAM/eufs/install/eufs_models/lib'
[32.376s] Level 1:colcon.colcon_core.environment:checking '/home/andrewwhong/classes/16833/iSAM2_SLAM/eufs/install/eufs_models/bin'
[32.376s] Level 1:colcon.colcon_core.environment:checking '/home/andrewwhong/classes/16833/iSAM2_SLAM/eufs/install/eufs_models/lib/pkgconfig/eufs_models.pc'
[32.376s] Level 1:colcon.colcon_core.environment:checking '/home/andrewwhong/classes/16833/iSAM2_SLAM/eufs/install/eufs_models/lib/python3.8/site-packages'
[32.377s] Level 1:colcon.colcon_core.environment:checking '/home/andrewwhong/classes/16833/iSAM2_SLAM/eufs/install/eufs_models/bin'
[32.424s] INFO:colcon.colcon_core.shell:Creating package script '/home/andrewwhong/classes/16833/iSAM2_SLAM/eufs/install/eufs_models/share/eufs_models/package.ps1'
[32.426s] INFO:colcon.colcon_core.shell:Creating package descriptor '/home/andrewwhong/classes/16833/iSAM2_SLAM/eufs/install/eufs_models/share/eufs_models/package.dsv'
[32.428s] INFO:colcon.colcon_core.shell:Creating package script '/home/andrewwhong/classes/16833/iSAM2_SLAM/eufs/install/eufs_models/share/eufs_models/package.sh'
[32.430s] INFO:colcon.colcon_core.shell:Creating package script '/home/andrewwhong/classes/16833/iSAM2_SLAM/eufs/install/eufs_models/share/eufs_models/package.bash'
[32.432s] INFO:colcon.colcon_core.shell:Creating package script '/home/andrewwhong/classes/16833/iSAM2_SLAM/eufs/install/eufs_models/share/eufs_models/package.zsh'
[32.434s] Level 1:colcon.colcon_core.environment:create_file_with_runtime_dependencies(/home/andrewwhong/classes/16833/iSAM2_SLAM/eufs/install/eufs_models/share/colcon-core/packages/eufs_models)
[32.436s] INFO:colcon.colcon_ros.task.ament_cmake.build:Building ROS package in '/home/andrewwhong/classes/16833/iSAM2_SLAM/eufs/eufs_sim/eufs_plugins' with build type 'ament_cmake'
[32.437s] INFO:colcon.colcon_cmake.task.cmake.build:Building CMake package in '/home/andrewwhong/classes/16833/iSAM2_SLAM/eufs/eufs_sim/eufs_plugins'
[32.494s] INFO:colcon.colcon_core.shell:Skip shell extension 'powershell' for command environment: Not usable outside of PowerShell
[32.494s] DEBUG:colcon.colcon_core.shell:Skip shell extension 'dsv' for command environment
[33.343s] DEBUG:colcon.colcon_core.event_handler.log_command:Invoking command in '/home/andrewwhong/classes/16833/iSAM2_SLAM/eufs/build/eufs_plugins': AMENT_PREFIX_PATH=/home/andrewwhong/classes/16833/iSAM2_SLAM/eufs/install/eufs_models:/home/andrewwhong/classes/16833/iSAM2_SLAM/eufs/install/eufs_msgs:${AMENT_PREFIX_PATH} CMAKE_PREFIX_PATH=/home/andrewwhong/classes/16833/iSAM2_SLAM/eufs/install/eufs_models:/home/andrewwhong/classes/16833/iSAM2_SLAM/eufs/install/eufs_msgs:/home/andrewwhong/classes/16833/iSAM2_SLAM/workspace/install/isam2:/home/andrewwhong/classes/16833/iSAM2_SLAM/workspace/install/eufs_msgs:/opt/ros/foxy LD_LIBRARY_PATH=/home/andrewwhong/classes/16833/iSAM2_SLAM/eufs/install/eufs_models/lib:/home/andrewwhong/classes/16833/iSAM2_SLAM/eufs/install/eufs_msgs/lib:${LD_LIBRARY_PATH} PYTHONPATH=/home/andrewwhong/classes/16833/iSAM2_SLAM/eufs/install/eufs_msgs/lib/python3.8/site-packages:${PYTHONPATH} /usr/bin/cmake /home/andrewwhong/classes/16833/iSAM2_SLAM/eufs/eufs_sim/eufs_plugins -DCMAKE_INSTALL_PREFIX=/home/andrewwhong/classes/16833/iSAM2_SLAM/eufs/install/eufs_plugins
[41.216s] DEBUG:colcon.colcon_core.event_handler.log_command:Invoked command in '/home/andrewwhong/classes/16833/iSAM2_SLAM/eufs/build/eufs_plugins' returned '1': AMENT_PREFIX_PATH=/home/andrewwhong/classes/16833/iSAM2_SLAM/eufs/install/eufs_models:/home/andrewwhong/classes/16833/iSAM2_SLAM/eufs/install/eufs_msgs:${AMENT_PREFIX_PATH} CMAKE_PREFIX_PATH=/home/andrewwhong/classes/16833/iSAM2_SLAM/eufs/install/eufs_models:/home/andrewwhong/classes/16833/iSAM2_SLAM/eufs/install/eufs_msgs:/home/andrewwhong/classes/16833/iSAM2_SLAM/workspace/install/isam2:/home/andrewwhong/classes/16833/iSAM2_SLAM/workspace/install/eufs_msgs:/opt/ros/foxy LD_LIBRARY_PATH=/home/andrewwhong/classes/16833/iSAM2_SLAM/eufs/install/eufs_models/lib:/home/andrewwhong/classes/16833/iSAM2_SLAM/eufs/install/eufs_msgs/lib:${LD_LIBRARY_PATH} PYTHONPATH=/home/andrewwhong/classes/16833/iSAM2_SLAM/eufs/install/eufs_msgs/lib/python3.8/site-packages:${PYTHONPATH} /usr/bin/cmake /home/andrewwhong/classes/16833/iSAM2_SLAM/eufs/eufs_sim/eufs_plugins -DCMAKE_INSTALL_PREFIX=/home/andrewwhong/classes/16833/iSAM2_SLAM/eufs/install/eufs_plugins
[41.236s] Level 1:colcon.colcon_core.environment:create_environment_scripts_only(eufs_plugins)
[41.263s] Level 1:colcon.colcon_core.environment:checking '/home/andrewwhong/classes/16833/iSAM2_SLAM/eufs/install/eufs_plugins' for CMake module files
[41.263s] Level 1:colcon.colcon_core.environment:checking '/home/andrewwhong/classes/16833/iSAM2_SLAM/eufs/install/eufs_plugins' for CMake config files
[41.264s] Level 1:colcon.colcon_core.environment:checking '/home/andrewwhong/classes/16833/iSAM2_SLAM/eufs/install/eufs_plugins/bin'
[41.264s] Level 1:colcon.colcon_core.environment:checking '/home/andrewwhong/classes/16833/iSAM2_SLAM/eufs/install/eufs_plugins/lib/pkgconfig/eufs_plugins.pc'
[41.264s] Level 1:colcon.colcon_core.environment:checking '/home/andrewwhong/classes/16833/iSAM2_SLAM/eufs/install/eufs_plugins/lib/python3.8/site-packages'
[41.264s] Level 1:colcon.colcon_core.environment:checking '/home/andrewwhong/classes/16833/iSAM2_SLAM/eufs/install/eufs_plugins/bin'
[41.287s] INFO:colcon.colcon_core.shell:Creating package script '/home/andrewwhong/classes/16833/iSAM2_SLAM/eufs/install/eufs_plugins/share/eufs_plugins/package.ps1'
[41.288s] INFO:colcon.colcon_core.shell:Creating package descriptor '/home/andrewwhong/classes/16833/iSAM2_SLAM/eufs/install/eufs_plugins/share/eufs_plugins/package.dsv'
[41.289s] INFO:colcon.colcon_core.shell:Creating package script '/home/andrewwhong/classes/16833/iSAM2_SLAM/eufs/install/eufs_plugins/share/eufs_plugins/package.sh'
[41.289s] INFO:colcon.colcon_core.shell:Creating package script '/home/andrewwhong/classes/16833/iSAM2_SLAM/eufs/install/eufs_plugins/share/eufs_plugins/package.bash'
[41.290s] INFO:colcon.colcon_core.shell:Creating package script '/home/andrewwhong/classes/16833/iSAM2_SLAM/eufs/install/eufs_plugins/share/eufs_plugins/package.zsh'
[41.291s] Level 1:colcon.colcon_core.environment:create_file_with_runtime_dependencies(/home/andrewwhong/classes/16833/iSAM2_SLAM/eufs/install/eufs_plugins/share/colcon-core/packages/eufs_plugins)
[65.811s] DEBUG:colcon.colcon_parallel_executor.executor.parallel:closing loop
[65.811s] DEBUG:colcon.colcon_parallel_executor.executor.parallel:loop closed
[65.812s] DEBUG:colcon.colcon_parallel_executor.executor.parallel:run_until_complete finished with '1'
[65.812s] DEBUG:colcon.colcon_core.event_reactor:joining thread
[66.002s] INFO:colcon.colcon_core.plugin_system:Skipping extension 'colcon_notification.desktop_notification.notify_send': Could not find 'notify-send'
[66.003s] INFO:colcon.colcon_core.plugin_system:Skipping extension 'colcon_notification.desktop_notification.terminal_notifier': Not used on non-Darwin systems
[66.003s] INFO:colcon.colcon_core.plugin_system:Skipping extension 'colcon_notification.desktop_notification.win32': Not used on non-Windows systems
[66.003s] INFO:colcon.colcon_notification.desktop_notification:Sending desktop notification using 'notify2'
[66.004s] DEBUG:colcon.colcon_notification.desktop_notification.notify2:Failed to initialize notify2: org.freedesktop.DBus.Error.ServiceUnknown: The name org.freedesktop.Notifications was not provided by any .service files
[66.004s] DEBUG:colcon.colcon_core.event_reactor:joined thread
[66.027s] INFO:colcon.colcon_core.shell:Creating prefix script '/home/andrewwhong/classes/16833/iSAM2_SLAM/eufs/install/local_setup.ps1'
[66.029s] INFO:colcon.colcon_core.shell:Creating prefix util module '/home/andrewwhong/classes/16833/iSAM2_SLAM/eufs/install/_local_setup_util_ps1.py'
[66.031s] INFO:colcon.colcon_core.shell:Creating prefix chain script '/home/andrewwhong/classes/16833/iSAM2_SLAM/eufs/install/setup.ps1'
[66.053s] INFO:colcon.colcon_core.shell:Creating prefix script '/home/andrewwhong/classes/16833/iSAM2_SLAM/eufs/install/local_setup.sh'
[66.054s] INFO:colcon.colcon_core.shell:Creating prefix util module '/home/andrewwhong/classes/16833/iSAM2_SLAM/eufs/install/_local_setup_util_sh.py'
[66.055s] INFO:colcon.colcon_core.shell:Creating prefix chain script '/home/andrewwhong/classes/16833/iSAM2_SLAM/eufs/install/setup.sh'
[66.079s] INFO:colcon.colcon_core.shell:Creating prefix script '/home/andrewwhong/classes/16833/iSAM2_SLAM/eufs/install/local_setup.bash'
[66.080s] INFO:colcon.colcon_core.shell:Creating prefix chain script '/home/andrewwhong/classes/16833/iSAM2_SLAM/eufs/install/setup.bash'
[66.101s] INFO:colcon.colcon_core.shell:Creating prefix script '/home/andrewwhong/classes/16833/iSAM2_SLAM/eufs/install/local_setup.zsh'
[66.102s] INFO:colcon.colcon_core.shell:Creating prefix chain script '/home/andrewwhong/classes/16833/iSAM2_SLAM/eufs/install/setup.zsh'
