[6.041s] DEBUG:colcon:Command line arguments: ['/usr/bin/colcon', 'build']
[6.041s] DEBUG:colcon:Parsed command line arguments: Namespace(allow_overriding=[], ament_cmake_args=None, base_paths=['.'], build_base='build', catkin_cmake_args=None, catkin_skip_building_tests=False, cmake_args=None, cmake_clean_cache=False, cmake_clean_first=False, cmake_force_configure=False, cmake_target=None, cmake_target_skip_unavailable=False, continue_on_error=False, event_handlers=None, executor='parallel', ignore_user_meta=False, install_base='install', log_base=None, log_level=None, main=<bound method BuildVerb.main of <colcon_core.verb.build.BuildVerb object at 0x7f04da31ad30>>, merge_install=False, metas=['./colcon.meta'], packages_above=None, packages_above_and_dependencies=None, packages_above_depth=None, packages_end=None, packages_ignore=None, packages_ignore_regex=None, packages_select=None, packages_select_build_failed=False, packages_select_by_dep=None, packages_select_regex=None, packages_select_test_failures=False, packages_skip=None, packages_skip_build_finished=False, packages_skip_by_dep=None, packages_skip_regex=None, packages_skip_test_passed=False, packages_skip_up_to=None, packages_start=None, packages_up_to=None, packages_up_to_regex=None, parallel_workers=12, paths=None, symlink_install=False, test_result_base=None, verb_extension=<colcon_core.verb.build.BuildVerb object at 0x7f04da31ad30>, verb_name='build', verb_parser=<colcon_defaults.argument_parser.defaults.DefaultArgumentsDecorator object at 0x7f04d9f371c0>)
[6.355s] Level 1:colcon.colcon_core.package_discovery:discover_packages(colcon_meta) check parameters
[6.356s] Level 1:colcon.colcon_core.package_discovery:discover_packages(recursive) check parameters
[6.356s] Level 1:colcon.colcon_core.package_discovery:discover_packages(ignore) check parameters
[6.356s] Level 1:colcon.colcon_core.package_discovery:discover_packages(path) check parameters
[6.356s] Level 1:colcon.colcon_core.package_discovery:discover_packages(colcon_meta) discover
[6.356s] Level 1:colcon.colcon_core.package_discovery:discover_packages(recursive) discover
[6.356s] INFO:colcon.colcon_core.package_discovery:Crawling recursively for packages in '/home/andrewwhong/classes/16833/iSAM2_SLAM/workspace'
[6.356s] Level 1:colcon.colcon_core.package_identification:_identify(.) by extensions ['ignore', 'ignore_ament_install']
[6.356s] Level 1:colcon.colcon_core.package_identification:_identify(.) by extension 'ignore'
[6.357s] Level 1:colcon.colcon_core.package_identification:_identify(.) by extension 'ignore_ament_install'
[6.357s] Level 1:colcon.colcon_core.package_identification:_identify(.) by extensions ['colcon_pkg']
[6.357s] Level 1:colcon.colcon_core.package_identification:_identify(.) by extension 'colcon_pkg'
[6.357s] Level 1:colcon.colcon_core.package_identification:_identify(.) by extensions ['colcon_meta']
[6.357s] Level 1:colcon.colcon_core.package_identification:_identify(.) by extension 'colcon_meta'
[6.357s] Level 1:colcon.colcon_core.package_identification:_identify(.) by extensions ['ros']
[6.357s] Level 1:colcon.colcon_core.package_identification:_identify(.) by extension 'ros'
[6.469s] Level 1:colcon.colcon_core.package_identification:_identify(.) by extensions ['cmake', 'python']
[6.470s] Level 1:colcon.colcon_core.package_identification:_identify(.) by extension 'cmake'
[6.470s] Level 1:colcon.colcon_core.package_identification:_identify(.) by extension 'python'
[6.470s] Level 1:colcon.colcon_core.package_identification:_identify(.) by extensions ['python_setup_py']
[6.470s] Level 1:colcon.colcon_core.package_identification:_identify(.) by extension 'python_setup_py'
[6.470s] Level 1:colcon.colcon_core.package_identification:_identify(build) by extensions ['ignore', 'ignore_ament_install']
[6.470s] Level 1:colcon.colcon_core.package_identification:_identify(build) by extension 'ignore'
[6.470s] Level 1:colcon.colcon_core.package_identification:_identify(build) ignored
[6.470s] Level 1:colcon.colcon_core.package_identification:_identify(install) by extensions ['ignore', 'ignore_ament_install']
[6.471s] Level 1:colcon.colcon_core.package_identification:_identify(install) by extension 'ignore'
[6.471s] Level 1:colcon.colcon_core.package_identification:_identify(install) ignored
[6.471s] Level 1:colcon.colcon_core.package_identification:_identify(log) by extensions ['ignore', 'ignore_ament_install']
[6.471s] Level 1:colcon.colcon_core.package_identification:_identify(log) by extension 'ignore'
[6.471s] Level 1:colcon.colcon_core.package_identification:_identify(log) ignored
[6.471s] Level 1:colcon.colcon_core.package_identification:_identify(src) by extensions ['ignore', 'ignore_ament_install']
[6.471s] Level 1:colcon.colcon_core.package_identification:_identify(src) by extension 'ignore'
[6.471s] Level 1:colcon.colcon_core.package_identification:_identify(src) by extension 'ignore_ament_install'
[6.471s] Level 1:colcon.colcon_core.package_identification:_identify(src) by extensions ['colcon_pkg']
[6.471s] Level 1:colcon.colcon_core.package_identification:_identify(src) by extension 'colcon_pkg'
[6.472s] Level 1:colcon.colcon_core.package_identification:_identify(src) by extensions ['colcon_meta']
[6.472s] Level 1:colcon.colcon_core.package_identification:_identify(src) by extension 'colcon_meta'
[6.472s] Level 1:colcon.colcon_core.package_identification:_identify(src) by extensions ['ros']
[6.472s] Level 1:colcon.colcon_core.package_identification:_identify(src) by extension 'ros'
[6.472s] Level 1:colcon.colcon_core.package_identification:_identify(src) by extensions ['cmake', 'python']
[6.472s] Level 1:colcon.colcon_core.package_identification:_identify(src) by extension 'cmake'
[6.472s] Level 1:colcon.colcon_core.package_identification:_identify(src) by extension 'python'
[6.472s] Level 1:colcon.colcon_core.package_identification:_identify(src) by extensions ['python_setup_py']
[6.472s] Level 1:colcon.colcon_core.package_identification:_identify(src) by extension 'python_setup_py'
[6.472s] Level 1:colcon.colcon_core.package_identification:_identify(src/build) by extensions ['ignore', 'ignore_ament_install']
[6.472s] Level 1:colcon.colcon_core.package_identification:_identify(src/build) by extension 'ignore'
[6.472s] Level 1:colcon.colcon_core.package_identification:_identify(src/build) ignored
[6.472s] Level 1:colcon.colcon_core.package_identification:_identify(src/eufs_msgs) by extensions ['ignore', 'ignore_ament_install']
[6.473s] Level 1:colcon.colcon_core.package_identification:_identify(src/eufs_msgs) by extension 'ignore'
[6.473s] Level 1:colcon.colcon_core.package_identification:_identify(src/eufs_msgs) by extension 'ignore_ament_install'
[6.473s] Level 1:colcon.colcon_core.package_identification:_identify(src/eufs_msgs) by extensions ['colcon_pkg']
[6.473s] Level 1:colcon.colcon_core.package_identification:_identify(src/eufs_msgs) by extension 'colcon_pkg'
[6.473s] Level 1:colcon.colcon_core.package_identification:_identify(src/eufs_msgs) by extensions ['colcon_meta']
[6.473s] Level 1:colcon.colcon_core.package_identification:_identify(src/eufs_msgs) by extension 'colcon_meta'
[6.473s] Level 1:colcon.colcon_core.package_identification:_identify(src/eufs_msgs) by extensions ['ros']
[6.473s] Level 1:colcon.colcon_core.package_identification:_identify(src/eufs_msgs) by extension 'ros'
[6.480s] DEBUG:colcon.colcon_core.package_identification:Package 'src/eufs_msgs' with type 'ros.ament_cmake' and name 'eufs_msgs'
[6.480s] Level 1:colcon.colcon_core.package_identification:_identify(src/install) by extensions ['ignore', 'ignore_ament_install']
[6.480s] Level 1:colcon.colcon_core.package_identification:_identify(src/install) by extension 'ignore'
[6.481s] Level 1:colcon.colcon_core.package_identification:_identify(src/install) ignored
[6.481s] Level 1:colcon.colcon_core.package_identification:_identify(src/isam2) by extensions ['ignore', 'ignore_ament_install']
[6.481s] Level 1:colcon.colcon_core.package_identification:_identify(src/isam2) by extension 'ignore'
[6.481s] Level 1:colcon.colcon_core.package_identification:_identify(src/isam2) by extension 'ignore_ament_install'
[6.481s] Level 1:colcon.colcon_core.package_identification:_identify(src/isam2) by extensions ['colcon_pkg']
[6.481s] Level 1:colcon.colcon_core.package_identification:_identify(src/isam2) by extension 'colcon_pkg'
[6.482s] Level 1:colcon.colcon_core.package_identification:_identify(src/isam2) by extensions ['colcon_meta']
[6.482s] Level 1:colcon.colcon_core.package_identification:_identify(src/isam2) by extension 'colcon_meta'
[6.482s] Level 1:colcon.colcon_core.package_identification:_identify(src/isam2) by extensions ['ros']
[6.482s] Level 1:colcon.colcon_core.package_identification:_identify(src/isam2) by extension 'ros'
[6.484s] DEBUG:colcon.colcon_core.package_identification:Package 'src/isam2' with type 'ros.ament_cmake' and name 'isam2'
[6.484s] Level 1:colcon.colcon_core.package_identification:_identify(src/log) by extensions ['ignore', 'ignore_ament_install']
[6.484s] Level 1:colcon.colcon_core.package_identification:_identify(src/log) by extension 'ignore'
[6.484s] Level 1:colcon.colcon_core.package_identification:_identify(src/log) ignored
[6.485s] Level 1:colcon.colcon_core.package_discovery:discover_packages(recursive) using defaults
[6.485s] Level 1:colcon.colcon_core.package_discovery:discover_packages(ignore) discover
[6.485s] Level 1:colcon.colcon_core.package_discovery:discover_packages(ignore) using defaults
[6.485s] Level 1:colcon.colcon_core.package_discovery:discover_packages(path) discover
[6.485s] Level 1:colcon.colcon_core.package_discovery:discover_packages(path) using defaults
[6.659s] Level 1:colcon.colcon_core.package_discovery:discover_packages(prefix_path) check parameters
[6.660s] Level 1:colcon.colcon_core.package_discovery:discover_packages(prefix_path) discover
[6.726s] DEBUG:colcon.colcon_installed_package_information.package_discovery:Found 2 installed packages in /home/andrewwhong/classes/16833/iSAM2_SLAM/workspace/install
[6.756s] DEBUG:colcon.colcon_installed_package_information.package_discovery:Found 267 installed packages in /opt/ros/foxy
[6.758s] Level 1:colcon.colcon_core.package_discovery:discover_packages(prefix_path) using defaults
[7.017s] Level 5:colcon.colcon_core.verb:set package 'eufs_msgs' build argument 'cmake_args' from command line to 'None'
[7.018s] Level 5:colcon.colcon_core.verb:set package 'eufs_msgs' build argument 'cmake_target' from command line to 'None'
[7.018s] Level 5:colcon.colcon_core.verb:set package 'eufs_msgs' build argument 'cmake_target_skip_unavailable' from command line to 'False'
[7.018s] Level 5:colcon.colcon_core.verb:set package 'eufs_msgs' build argument 'cmake_clean_cache' from command line to 'False'
[7.018s] Level 5:colcon.colcon_core.verb:set package 'eufs_msgs' build argument 'cmake_clean_first' from command line to 'False'
[7.018s] Level 5:colcon.colcon_core.verb:set package 'eufs_msgs' build argument 'cmake_force_configure' from command line to 'False'
[7.018s] Level 5:colcon.colcon_core.verb:set package 'eufs_msgs' build argument 'ament_cmake_args' from command line to 'None'
[7.018s] Level 5:colcon.colcon_core.verb:set package 'eufs_msgs' build argument 'catkin_cmake_args' from command line to 'None'
[7.018s] Level 5:colcon.colcon_core.verb:set package 'eufs_msgs' build argument 'catkin_skip_building_tests' from command line to 'False'
[7.018s] DEBUG:colcon.colcon_core.verb:Building package 'eufs_msgs' with the following arguments: {'ament_cmake_args': None, 'build_base': '/home/andrewwhong/classes/16833/iSAM2_SLAM/workspace/build/eufs_msgs', 'catkin_cmake_args': None, 'catkin_skip_building_tests': False, 'cmake_args': None, 'cmake_clean_cache': False, 'cmake_clean_first': False, 'cmake_force_configure': False, 'cmake_target': None, 'cmake_target_skip_unavailable': False, 'install_base': '/home/andrewwhong/classes/16833/iSAM2_SLAM/workspace/install/eufs_msgs', 'merge_install': False, 'path': '/home/andrewwhong/classes/16833/iSAM2_SLAM/workspace/src/eufs_msgs', 'symlink_install': False, 'test_result_base': None}
[7.042s] Level 5:colcon.colcon_core.verb:set package 'isam2' build argument 'cmake_args' from command line to 'None'
[7.042s] Level 5:colcon.colcon_core.verb:set package 'isam2' build argument 'cmake_target' from command line to 'None'
[7.042s] Level 5:colcon.colcon_core.verb:set package 'isam2' build argument 'cmake_target_skip_unavailable' from command line to 'False'
[7.042s] Level 5:colcon.colcon_core.verb:set package 'isam2' build argument 'cmake_clean_cache' from command line to 'False'
[7.042s] Level 5:colcon.colcon_core.verb:set package 'isam2' build argument 'cmake_clean_first' from command line to 'False'
[7.042s] Level 5:colcon.colcon_core.verb:set package 'isam2' build argument 'cmake_force_configure' from command line to 'False'
[7.042s] Level 5:colcon.colcon_core.verb:set package 'isam2' build argument 'ament_cmake_args' from command line to 'None'
[7.042s] Level 5:colcon.colcon_core.verb:set package 'isam2' build argument 'catkin_cmake_args' from command line to 'None'
[7.042s] Level 5:colcon.colcon_core.verb:set package 'isam2' build argument 'catkin_skip_building_tests' from command line to 'False'
[7.043s] DEBUG:colcon.colcon_core.verb:Building package 'isam2' with the following arguments: {'ament_cmake_args': None, 'build_base': '/home/andrewwhong/classes/16833/iSAM2_SLAM/workspace/build/isam2', 'catkin_cmake_args': None, 'catkin_skip_building_tests': False, 'cmake_args': None, 'cmake_clean_cache': False, 'cmake_clean_first': False, 'cmake_force_configure': False, 'cmake_target': None, 'cmake_target_skip_unavailable': False, 'install_base': '/home/andrewwhong/classes/16833/iSAM2_SLAM/workspace/install/isam2', 'merge_install': False, 'path': '/home/andrewwhong/classes/16833/iSAM2_SLAM/workspace/src/isam2', 'symlink_install': False, 'test_result_base': None}
[7.068s] INFO:colcon.colcon_core.executor:Executing jobs using 'parallel' executor
[7.094s] DEBUG:colcon.colcon_parallel_executor.executor.parallel:run_until_complete
[7.095s] INFO:colcon.colcon_ros.task.ament_cmake.build:Building ROS package in '/home/andrewwhong/classes/16833/iSAM2_SLAM/workspace/src/eufs_msgs' with build type 'ament_cmake'
[7.096s] INFO:colcon.colcon_cmake.task.cmake.build:Building CMake package in '/home/andrewwhong/classes/16833/iSAM2_SLAM/workspace/src/eufs_msgs'
[7.140s] INFO:colcon.colcon_core.plugin_system:Skipping extension 'colcon_core.shell.bat': Not used on non-Windows systems
[7.140s] INFO:colcon.colcon_core.shell:Skip shell extension 'powershell' for command environment: Not usable outside of PowerShell
[7.140s] DEBUG:colcon.colcon_core.shell:Skip shell extension 'dsv' for command environment
[7.249s] DEBUG:colcon.colcon_core.event_handler.log_command:Invoking command in '/home/andrewwhong/classes/16833/iSAM2_SLAM/workspace/build/eufs_msgs': CMAKE_PREFIX_PATH=${CMAKE_PREFIX_PATH}:/opt/ros/foxy /usr/bin/cmake --build /home/andrewwhong/classes/16833/iSAM2_SLAM/workspace/build/eufs_msgs -- -j12 -l12
[8.082s] DEBUG:colcon.colcon_core.event_handler.log_command:Invoked command in '/home/andrewwhong/classes/16833/iSAM2_SLAM/workspace/build/eufs_msgs' returned '0': CMAKE_PREFIX_PATH=${CMAKE_PREFIX_PATH}:/opt/ros/foxy /usr/bin/cmake --build /home/andrewwhong/classes/16833/iSAM2_SLAM/workspace/build/eufs_msgs -- -j12 -l12
[9.428s] DEBUG:colcon.colcon_core.event_handler.log_command:Invoking command in '/home/andrewwhong/classes/16833/iSAM2_SLAM/workspace/build/eufs_msgs': CMAKE_PREFIX_PATH=${CMAKE_PREFIX_PATH}:/opt/ros/foxy /usr/bin/cmake --install /home/andrewwhong/classes/16833/iSAM2_SLAM/workspace/build/eufs_msgs
[10.190s] Level 1:colcon.colcon_core.environment:create_environment_scripts_only(eufs_msgs)
[10.192s] DEBUG:colcon.colcon_core.event_handler.log_command:Invoked command in '/home/andrewwhong/classes/16833/iSAM2_SLAM/workspace/build/eufs_msgs' returned '0': CMAKE_PREFIX_PATH=${CMAKE_PREFIX_PATH}:/opt/ros/foxy /usr/bin/cmake --install /home/andrewwhong/classes/16833/iSAM2_SLAM/workspace/build/eufs_msgs
[10.263s] Level 1:colcon.colcon_core.environment:checking '/home/andrewwhong/classes/16833/iSAM2_SLAM/workspace/install/eufs_msgs' for CMake module files
[10.265s] Level 1:colcon.colcon_core.environment:checking '/home/andrewwhong/classes/16833/iSAM2_SLAM/workspace/install/eufs_msgs' for CMake config files
[10.271s] Level 1:colcon.colcon_core.shell:create_environment_hook('eufs_msgs', 'cmake_prefix_path')
[10.306s] INFO:colcon.colcon_core.shell:Creating environment hook '/home/andrewwhong/classes/16833/iSAM2_SLAM/workspace/install/eufs_msgs/share/eufs_msgs/hook/cmake_prefix_path.ps1'
[10.307s] INFO:colcon.colcon_core.shell:Creating environment descriptor '/home/andrewwhong/classes/16833/iSAM2_SLAM/workspace/install/eufs_msgs/share/eufs_msgs/hook/cmake_prefix_path.dsv'
[10.308s] INFO:colcon.colcon_core.shell:Creating environment hook '/home/andrewwhong/classes/16833/iSAM2_SLAM/workspace/install/eufs_msgs/share/eufs_msgs/hook/cmake_prefix_path.sh'
[10.310s] Level 1:colcon.colcon_core.environment:checking '/home/andrewwhong/classes/16833/iSAM2_SLAM/workspace/install/eufs_msgs/lib'
[10.310s] Level 1:colcon.colcon_core.shell:create_environment_hook('eufs_msgs', 'ld_library_path_lib')
[10.342s] INFO:colcon.colcon_core.shell:Creating environment hook '/home/andrewwhong/classes/16833/iSAM2_SLAM/workspace/install/eufs_msgs/share/eufs_msgs/hook/ld_library_path_lib.ps1'
[10.343s] INFO:colcon.colcon_core.shell:Creating environment descriptor '/home/andrewwhong/classes/16833/iSAM2_SLAM/workspace/install/eufs_msgs/share/eufs_msgs/hook/ld_library_path_lib.dsv'
[10.344s] INFO:colcon.colcon_core.shell:Creating environment hook '/home/andrewwhong/classes/16833/iSAM2_SLAM/workspace/install/eufs_msgs/share/eufs_msgs/hook/ld_library_path_lib.sh'
[10.345s] Level 1:colcon.colcon_core.environment:checking '/home/andrewwhong/classes/16833/iSAM2_SLAM/workspace/install/eufs_msgs/bin'
[10.346s] Level 1:colcon.colcon_core.environment:checking '/home/andrewwhong/classes/16833/iSAM2_SLAM/workspace/install/eufs_msgs/lib/pkgconfig/eufs_msgs.pc'
[10.346s] Level 1:colcon.colcon_core.environment:checking '/home/andrewwhong/classes/16833/iSAM2_SLAM/workspace/install/eufs_msgs/lib/python3.8/site-packages'
[10.346s] Level 1:colcon.colcon_core.shell:create_environment_hook('eufs_msgs', 'pythonpath')
[10.375s] INFO:colcon.colcon_core.shell:Creating environment hook '/home/andrewwhong/classes/16833/iSAM2_SLAM/workspace/install/eufs_msgs/share/eufs_msgs/hook/pythonpath.ps1'
[10.377s] INFO:colcon.colcon_core.shell:Creating environment descriptor '/home/andrewwhong/classes/16833/iSAM2_SLAM/workspace/install/eufs_msgs/share/eufs_msgs/hook/pythonpath.dsv'
[10.377s] INFO:colcon.colcon_core.shell:Creating environment hook '/home/andrewwhong/classes/16833/iSAM2_SLAM/workspace/install/eufs_msgs/share/eufs_msgs/hook/pythonpath.sh'
[10.378s] Level 1:colcon.colcon_core.environment:checking '/home/andrewwhong/classes/16833/iSAM2_SLAM/workspace/install/eufs_msgs/bin'
[10.405s] INFO:colcon.colcon_core.shell:Creating package script '/home/andrewwhong/classes/16833/iSAM2_SLAM/workspace/install/eufs_msgs/share/eufs_msgs/package.ps1'
[10.407s] INFO:colcon.colcon_core.shell:Creating package descriptor '/home/andrewwhong/classes/16833/iSAM2_SLAM/workspace/install/eufs_msgs/share/eufs_msgs/package.dsv'
[10.408s] INFO:colcon.colcon_core.shell:Creating package script '/home/andrewwhong/classes/16833/iSAM2_SLAM/workspace/install/eufs_msgs/share/eufs_msgs/package.sh'
[10.410s] INFO:colcon.colcon_core.shell:Creating package script '/home/andrewwhong/classes/16833/iSAM2_SLAM/workspace/install/eufs_msgs/share/eufs_msgs/package.bash'
[10.412s] INFO:colcon.colcon_core.shell:Creating package script '/home/andrewwhong/classes/16833/iSAM2_SLAM/workspace/install/eufs_msgs/share/eufs_msgs/package.zsh'
[10.415s] Level 1:colcon.colcon_core.environment:create_file_with_runtime_dependencies(/home/andrewwhong/classes/16833/iSAM2_SLAM/workspace/install/eufs_msgs/share/colcon-core/packages/eufs_msgs)
[11.752s] Level 1:colcon.colcon_core.environment:create_environment_scripts_only(eufs_msgs)
[11.783s] Level 1:colcon.colcon_core.environment:checking '/home/andrewwhong/classes/16833/iSAM2_SLAM/workspace/install/eufs_msgs' for CMake module files
[11.784s] Level 1:colcon.colcon_core.environment:checking '/home/andrewwhong/classes/16833/iSAM2_SLAM/workspace/install/eufs_msgs' for CMake config files
[11.789s] Level 1:colcon.colcon_core.shell:create_environment_hook('eufs_msgs', 'cmake_prefix_path')
[11.820s] INFO:colcon.colcon_core.shell:Creating environment hook '/home/andrewwhong/classes/16833/iSAM2_SLAM/workspace/install/eufs_msgs/share/eufs_msgs/hook/cmake_prefix_path.ps1'
[11.820s] INFO:colcon.colcon_core.shell:Creating environment descriptor '/home/andrewwhong/classes/16833/iSAM2_SLAM/workspace/install/eufs_msgs/share/eufs_msgs/hook/cmake_prefix_path.dsv'
[11.821s] INFO:colcon.colcon_core.shell:Creating environment hook '/home/andrewwhong/classes/16833/iSAM2_SLAM/workspace/install/eufs_msgs/share/eufs_msgs/hook/cmake_prefix_path.sh'
[11.822s] Level 1:colcon.colcon_core.environment:checking '/home/andrewwhong/classes/16833/iSAM2_SLAM/workspace/install/eufs_msgs/lib'
[11.822s] Level 1:colcon.colcon_core.shell:create_environment_hook('eufs_msgs', 'ld_library_path_lib')
[11.853s] INFO:colcon.colcon_core.shell:Creating environment hook '/home/andrewwhong/classes/16833/iSAM2_SLAM/workspace/install/eufs_msgs/share/eufs_msgs/hook/ld_library_path_lib.ps1'
[11.853s] INFO:colcon.colcon_core.shell:Creating environment descriptor '/home/andrewwhong/classes/16833/iSAM2_SLAM/workspace/install/eufs_msgs/share/eufs_msgs/hook/ld_library_path_lib.dsv'
[11.854s] INFO:colcon.colcon_core.shell:Creating environment hook '/home/andrewwhong/classes/16833/iSAM2_SLAM/workspace/install/eufs_msgs/share/eufs_msgs/hook/ld_library_path_lib.sh'
[11.854s] Level 1:colcon.colcon_core.environment:checking '/home/andrewwhong/classes/16833/iSAM2_SLAM/workspace/install/eufs_msgs/bin'
[11.854s] Level 1:colcon.colcon_core.environment:checking '/home/andrewwhong/classes/16833/iSAM2_SLAM/workspace/install/eufs_msgs/lib/pkgconfig/eufs_msgs.pc'
[11.855s] Level 1:colcon.colcon_core.environment:checking '/home/andrewwhong/classes/16833/iSAM2_SLAM/workspace/install/eufs_msgs/lib/python3.8/site-packages'
[11.855s] Level 1:colcon.colcon_core.shell:create_environment_hook('eufs_msgs', 'pythonpath')
[11.883s] INFO:colcon.colcon_core.shell:Creating environment hook '/home/andrewwhong/classes/16833/iSAM2_SLAM/workspace/install/eufs_msgs/share/eufs_msgs/hook/pythonpath.ps1'
[11.883s] INFO:colcon.colcon_core.shell:Creating environment descriptor '/home/andrewwhong/classes/16833/iSAM2_SLAM/workspace/install/eufs_msgs/share/eufs_msgs/hook/pythonpath.dsv'
[11.884s] INFO:colcon.colcon_core.shell:Creating environment hook '/home/andrewwhong/classes/16833/iSAM2_SLAM/workspace/install/eufs_msgs/share/eufs_msgs/hook/pythonpath.sh'
[11.885s] Level 1:colcon.colcon_core.environment:checking '/home/andrewwhong/classes/16833/iSAM2_SLAM/workspace/install/eufs_msgs/bin'
[11.911s] INFO:colcon.colcon_core.shell:Creating package script '/home/andrewwhong/classes/16833/iSAM2_SLAM/workspace/install/eufs_msgs/share/eufs_msgs/package.ps1'
[11.912s] INFO:colcon.colcon_core.shell:Creating package descriptor '/home/andrewwhong/classes/16833/iSAM2_SLAM/workspace/install/eufs_msgs/share/eufs_msgs/package.dsv'
[11.913s] INFO:colcon.colcon_core.shell:Creating package script '/home/andrewwhong/classes/16833/iSAM2_SLAM/workspace/install/eufs_msgs/share/eufs_msgs/package.sh'
[11.914s] INFO:colcon.colcon_core.shell:Creating package script '/home/andrewwhong/classes/16833/iSAM2_SLAM/workspace/install/eufs_msgs/share/eufs_msgs/package.bash'
[11.915s] INFO:colcon.colcon_core.shell:Creating package script '/home/andrewwhong/classes/16833/iSAM2_SLAM/workspace/install/eufs_msgs/share/eufs_msgs/package.zsh'
[11.915s] Level 1:colcon.colcon_core.environment:create_file_with_runtime_dependencies(/home/andrewwhong/classes/16833/iSAM2_SLAM/workspace/install/eufs_msgs/share/colcon-core/packages/eufs_msgs)
[11.916s] INFO:colcon.colcon_ros.task.ament_cmake.build:Building ROS package in '/home/andrewwhong/classes/16833/iSAM2_SLAM/workspace/src/isam2' with build type 'ament_cmake'
[11.917s] INFO:colcon.colcon_cmake.task.cmake.build:Building CMake package in '/home/andrewwhong/classes/16833/iSAM2_SLAM/workspace/src/isam2'
[11.949s] INFO:colcon.colcon_core.shell:Skip shell extension 'powershell' for command environment: Not usable outside of PowerShell
[11.949s] DEBUG:colcon.colcon_core.shell:Skip shell extension 'dsv' for command environment
[12.595s] DEBUG:colcon.colcon_core.event_handler.log_command:Invoking command in '/home/andrewwhong/classes/16833/iSAM2_SLAM/workspace/build/isam2': CMAKE_PREFIX_PATH=/home/andrewwhong/classes/16833/iSAM2_SLAM/workspace/install/eufs_msgs:/home/andrewwhong/classes/16833/iSAM2_SLAM/workspace/install/isam2:/opt/ros/foxy /usr/bin/cmake --build /home/andrewwhong/classes/16833/iSAM2_SLAM/workspace/build/isam2 -- -j12 -l12
[92.425s] DEBUG:colcon.colcon_core.event_handler.log_command:Invoked command in '/home/andrewwhong/classes/16833/iSAM2_SLAM/workspace/build/isam2' returned '0': CMAKE_PREFIX_PATH=/home/andrewwhong/classes/16833/iSAM2_SLAM/workspace/install/eufs_msgs:/home/andrewwhong/classes/16833/iSAM2_SLAM/workspace/install/isam2:/opt/ros/foxy /usr/bin/cmake --build /home/andrewwhong/classes/16833/iSAM2_SLAM/workspace/build/isam2 -- -j12 -l12
[92.469s] DEBUG:colcon.colcon_core.event_handler.log_command:Invoking command in '/home/andrewwhong/classes/16833/iSAM2_SLAM/workspace/build/isam2': CMAKE_PREFIX_PATH=/home/andrewwhong/classes/16833/iSAM2_SLAM/workspace/install/eufs_msgs:/home/andrewwhong/classes/16833/iSAM2_SLAM/workspace/install/isam2:/opt/ros/foxy /usr/bin/cmake --install /home/andrewwhong/classes/16833/iSAM2_SLAM/workspace/build/isam2
[92.534s] Level 1:colcon.colcon_core.environment:create_environment_scripts_only(isam2)
[92.535s] DEBUG:colcon.colcon_core.event_handler.log_command:Invoked command in '/home/andrewwhong/classes/16833/iSAM2_SLAM/workspace/build/isam2' returned '0': CMAKE_PREFIX_PATH=/home/andrewwhong/classes/16833/iSAM2_SLAM/workspace/install/eufs_msgs:/home/andrewwhong/classes/16833/iSAM2_SLAM/workspace/install/isam2:/opt/ros/foxy /usr/bin/cmake --install /home/andrewwhong/classes/16833/iSAM2_SLAM/workspace/build/isam2
[92.955s] Level 1:colcon.colcon_core.environment:checking '/home/andrewwhong/classes/16833/iSAM2_SLAM/workspace/install/isam2' for CMake module files
[92.956s] Level 1:colcon.colcon_core.environment:checking '/home/andrewwhong/classes/16833/iSAM2_SLAM/workspace/install/isam2' for CMake config files
[92.957s] Level 1:colcon.colcon_core.shell:create_environment_hook('isam2', 'cmake_prefix_path')
[92.980s] INFO:colcon.colcon_core.shell:Creating environment hook '/home/andrewwhong/classes/16833/iSAM2_SLAM/workspace/install/isam2/share/isam2/hook/cmake_prefix_path.ps1'
[92.986s] INFO:colcon.colcon_core.shell:Creating environment descriptor '/home/andrewwhong/classes/16833/iSAM2_SLAM/workspace/install/isam2/share/isam2/hook/cmake_prefix_path.dsv'
[92.989s] INFO:colcon.colcon_core.shell:Creating environment hook '/home/andrewwhong/classes/16833/iSAM2_SLAM/workspace/install/isam2/share/isam2/hook/cmake_prefix_path.sh'
[92.992s] Level 1:colcon.colcon_core.environment:checking '/home/andrewwhong/classes/16833/iSAM2_SLAM/workspace/install/isam2/lib'
[92.992s] Level 1:colcon.colcon_core.environment:checking '/home/andrewwhong/classes/16833/iSAM2_SLAM/workspace/install/isam2/bin'
[92.992s] Level 1:colcon.colcon_core.environment:checking '/home/andrewwhong/classes/16833/iSAM2_SLAM/workspace/install/isam2/lib/pkgconfig/isam2.pc'
[92.993s] Level 1:colcon.colcon_core.environment:checking '/home/andrewwhong/classes/16833/iSAM2_SLAM/workspace/install/isam2/lib/python3.8/site-packages'
[92.993s] Level 1:colcon.colcon_core.environment:checking '/home/andrewwhong/classes/16833/iSAM2_SLAM/workspace/install/isam2/bin'
[93.019s] INFO:colcon.colcon_core.shell:Creating package script '/home/andrewwhong/classes/16833/iSAM2_SLAM/workspace/install/isam2/share/isam2/package.ps1'
[93.022s] INFO:colcon.colcon_core.shell:Creating package descriptor '/home/andrewwhong/classes/16833/iSAM2_SLAM/workspace/install/isam2/share/isam2/package.dsv'
[93.023s] INFO:colcon.colcon_core.shell:Creating package script '/home/andrewwhong/classes/16833/iSAM2_SLAM/workspace/install/isam2/share/isam2/package.sh'
[93.025s] INFO:colcon.colcon_core.shell:Creating package script '/home/andrewwhong/classes/16833/iSAM2_SLAM/workspace/install/isam2/share/isam2/package.bash'
[93.028s] INFO:colcon.colcon_core.shell:Creating package script '/home/andrewwhong/classes/16833/iSAM2_SLAM/workspace/install/isam2/share/isam2/package.zsh'
[93.029s] Level 1:colcon.colcon_core.environment:create_file_with_runtime_dependencies(/home/andrewwhong/classes/16833/iSAM2_SLAM/workspace/install/isam2/share/colcon-core/packages/isam2)
[93.099s] Level 1:colcon.colcon_core.environment:create_environment_scripts_only(isam2)
[93.130s] Level 1:colcon.colcon_core.environment:checking '/home/andrewwhong/classes/16833/iSAM2_SLAM/workspace/install/isam2' for CMake module files
[93.130s] Level 1:colcon.colcon_core.environment:checking '/home/andrewwhong/classes/16833/iSAM2_SLAM/workspace/install/isam2' for CMake config files
[93.131s] Level 1:colcon.colcon_core.shell:create_environment_hook('isam2', 'cmake_prefix_path')
[93.161s] INFO:colcon.colcon_core.shell:Creating environment hook '/home/andrewwhong/classes/16833/iSAM2_SLAM/workspace/install/isam2/share/isam2/hook/cmake_prefix_path.ps1'
[93.167s] INFO:colcon.colcon_core.shell:Creating environment descriptor '/home/andrewwhong/classes/16833/iSAM2_SLAM/workspace/install/isam2/share/isam2/hook/cmake_prefix_path.dsv'
[93.168s] INFO:colcon.colcon_core.shell:Creating environment hook '/home/andrewwhong/classes/16833/iSAM2_SLAM/workspace/install/isam2/share/isam2/hook/cmake_prefix_path.sh'
[93.170s] Level 1:colcon.colcon_core.environment:checking '/home/andrewwhong/classes/16833/iSAM2_SLAM/workspace/install/isam2/lib'
[93.170s] Level 1:colcon.colcon_core.environment:checking '/home/andrewwhong/classes/16833/iSAM2_SLAM/workspace/install/isam2/bin'
[93.170s] Level 1:colcon.colcon_core.environment:checking '/home/andrewwhong/classes/16833/iSAM2_SLAM/workspace/install/isam2/lib/pkgconfig/isam2.pc'
[93.171s] Level 1:colcon.colcon_core.environment:checking '/home/andrewwhong/classes/16833/iSAM2_SLAM/workspace/install/isam2/lib/python3.8/site-packages'
[93.171s] Level 1:colcon.colcon_core.environment:checking '/home/andrewwhong/classes/16833/iSAM2_SLAM/workspace/install/isam2/bin'
[93.207s] INFO:colcon.colcon_core.shell:Creating package script '/home/andrewwhong/classes/16833/iSAM2_SLAM/workspace/install/isam2/share/isam2/package.ps1'
[93.209s] INFO:colcon.colcon_core.shell:Creating package descriptor '/home/andrewwhong/classes/16833/iSAM2_SLAM/workspace/install/isam2/share/isam2/package.dsv'
[93.210s] INFO:colcon.colcon_core.shell:Creating package script '/home/andrewwhong/classes/16833/iSAM2_SLAM/workspace/install/isam2/share/isam2/package.sh'
[93.210s] INFO:colcon.colcon_core.shell:Creating package script '/home/andrewwhong/classes/16833/iSAM2_SLAM/workspace/install/isam2/share/isam2/package.bash'
[93.211s] INFO:colcon.colcon_core.shell:Creating package script '/home/andrewwhong/classes/16833/iSAM2_SLAM/workspace/install/isam2/share/isam2/package.zsh'
[93.212s] Level 1:colcon.colcon_core.environment:create_file_with_runtime_dependencies(/home/andrewwhong/classes/16833/iSAM2_SLAM/workspace/install/isam2/share/colcon-core/packages/isam2)
[93.213s] DEBUG:colcon.colcon_parallel_executor.executor.parallel:closing loop
[93.213s] DEBUG:colcon.colcon_parallel_executor.executor.parallel:loop closed
[93.214s] DEBUG:colcon.colcon_parallel_executor.executor.parallel:run_until_complete finished with '0'
[93.214s] DEBUG:colcon.colcon_core.event_reactor:joining thread
[93.454s] INFO:colcon.colcon_core.plugin_system:Skipping extension 'colcon_notification.desktop_notification.notify_send': Could not find 'notify-send'
[93.454s] INFO:colcon.colcon_core.plugin_system:Skipping extension 'colcon_notification.desktop_notification.terminal_notifier': Not used on non-Darwin systems
[93.455s] INFO:colcon.colcon_core.plugin_system:Skipping extension 'colcon_notification.desktop_notification.win32': Not used on non-Windows systems
[93.455s] INFO:colcon.colcon_notification.desktop_notification:Sending desktop notification using 'notify2'
[93.462s] DEBUG:colcon.colcon_notification.desktop_notification.notify2:Failed to initialize notify2: org.freedesktop.DBus.Error.ServiceUnknown: The name org.freedesktop.Notifications was not provided by any .service files
[93.463s] DEBUG:colcon.colcon_core.event_reactor:joined thread
[93.487s] INFO:colcon.colcon_core.shell:Creating prefix script '/home/andrewwhong/classes/16833/iSAM2_SLAM/workspace/install/local_setup.ps1'
[93.489s] INFO:colcon.colcon_core.shell:Creating prefix util module '/home/andrewwhong/classes/16833/iSAM2_SLAM/workspace/install/_local_setup_util_ps1.py'
[93.493s] INFO:colcon.colcon_core.shell:Creating prefix chain script '/home/andrewwhong/classes/16833/iSAM2_SLAM/workspace/install/setup.ps1'
[93.518s] INFO:colcon.colcon_core.shell:Creating prefix script '/home/andrewwhong/classes/16833/iSAM2_SLAM/workspace/install/local_setup.sh'
[93.519s] INFO:colcon.colcon_core.shell:Creating prefix util module '/home/andrewwhong/classes/16833/iSAM2_SLAM/workspace/install/_local_setup_util_sh.py'
[93.520s] INFO:colcon.colcon_core.shell:Creating prefix chain script '/home/andrewwhong/classes/16833/iSAM2_SLAM/workspace/install/setup.sh'
[93.543s] INFO:colcon.colcon_core.shell:Creating prefix script '/home/andrewwhong/classes/16833/iSAM2_SLAM/workspace/install/local_setup.bash'
[93.544s] INFO:colcon.colcon_core.shell:Creating prefix chain script '/home/andrewwhong/classes/16833/iSAM2_SLAM/workspace/install/setup.bash'
[93.569s] INFO:colcon.colcon_core.shell:Creating prefix script '/home/andrewwhong/classes/16833/iSAM2_SLAM/workspace/install/local_setup.zsh'
[93.570s] INFO:colcon.colcon_core.shell:Creating prefix chain script '/home/andrewwhong/classes/16833/iSAM2_SLAM/workspace/install/setup.zsh'
