[0.927s] Invoking command in '/home/andrewwhong/classes/16833/iSAM2_SLAM/eufs/build/eufs_rviz_plugins': AMENT_PREFIX_PATH=/home/andrewwhong/classes/16833/iSAM2_SLAM/eufs/install/eufs_msgs:${AMENT_PREFIX_PATH} CMAKE_PREFIX_PATH=/home/andrewwhong/classes/16833/iSAM2_SLAM/eufs/install/eufs_msgs:/home/andrewwhong/classes/16833/iSAM2_SLAM/workspace/install/isam2:/home/andrewwhong/classes/16833/iSAM2_SLAM/workspace/install/eufs_msgs:/opt/ros/foxy LD_LIBRARY_PATH=/home/andrewwhong/classes/16833/iSAM2_SLAM/eufs/install/eufs_msgs/lib:${LD_LIBRARY_PATH} PYTHONPATH=/home/andrewwhong/classes/16833/iSAM2_SLAM/eufs/install/eufs_msgs/lib/python3.8/site-packages:${PYTHONPATH} /usr/bin/cmake /home/andrewwhong/classes/16833/iSAM2_SLAM/eufs/eufs_rviz_plugins/eufs_rviz_plugins -DCMAKE_INSTALL_PREFIX=/home/andrewwhong/classes/16833/iSAM2_SLAM/eufs/install/eufs_rviz_plugins
[1.568s] -- The C compiler identification is GNU 9.4.0
[2.570s] -- The CXX compiler identification is GNU 9.4.0
[3.125s] -- Check for working C compiler: /usr/bin/cc
[3.607s] -- Check for working C compiler: /usr/bin/cc -- works
[3.609s] -- Detecting C compiler ABI info
[4.097s] -- Detecting C compiler ABI info - done
[4.127s] -- Detecting C compile features
[4.130s] -- Detecting C compile features - done
[4.136s] -- Check for working CXX compiler: /usr/bin/c++
[4.632s] -- Check for working CXX compiler: /usr/bin/c++ -- works
[4.634s] -- Detecting CXX compiler ABI info
[5.078s] -- Detecting CXX compiler ABI info - done
[5.111s] -- Detecting CXX compile features
[5.113s] -- Detecting CXX compile features - done
[5.117s] -- Found ament_cmake: 0.9.12 (/opt/ros/foxy/share/ament_cmake/cmake)
[5.158s] -- Found PythonInterp: /usr/local/bin/python3 (found suitable version "3.8.10", minimum required is "3") 
[5.159s] -- Using PYTHON_EXECUTABLE: /usr/local/bin/python3
[5.525s] -- Found eigen3_cmake_module: 0.1.1 (/opt/ros/foxy/share/eigen3_cmake_module/cmake)
[5.530s] -- Found pluginlib: 2.5.4 (/opt/ros/foxy/share/pluginlib/cmake)
[9.911s] -- Found rviz_common: 8.2.8 (/opt/ros/foxy/share/rviz_common/cmake)
[9.963s] -- Setting OGRE_DIR to: '/opt/ros/foxy/share/rviz_ogre_vendor/cmake/../../../opt/rviz_ogre_vendor/lib/OGRE/cmake'
[9.970s] -- Found OGRE
[9.970s] --   static     : OFF
[9.970s] --   components : HLMS;MeshLodGenerator;Overlay;Paging;Property;RTShaderSystem;Terrain;Volume
[9.971s] --   plugins    : Plugin_BSPSceneManager;Plugin_OctreeSceneManager;Plugin_PCZSceneManager;Plugin_ParticleFX;RenderSystem_GL;RenderSystem_GL3Plus;Codec_STBI
[9.971s] --   media      : /opt/ros/foxy/opt/rviz_ogre_vendor/share/OGRE/Media
[9.971s] -- OGRE_LIBRARIES: OgreHLMS;OgreMeshLodGenerator;OgreOverlay;OgrePaging;OgreProperty;OgreRTShaderSystem;OgreTerrain;OgreVolume;OgreMain
[9.972s] -- OGRE_LIBRARY_DIRS: /opt/ros/foxy/opt/rviz_ogre_vendor/lib
[9.972s] -- OGRE_PLUGINS: Plugin_BSPSceneManager;Plugin_OctreeSceneManager;Plugin_PCZSceneManager;Plugin_ParticleFX;RenderSystem_GL;RenderSystem_GL3Plus;Codec_STBI
[9.972s] -- OGRE_PLUGIN_DIR: /opt/ros/foxy/opt/rviz_ogre_vendor/lib/OGRE
[9.973s] -- rviz_ogre_vendor::OgreOverlay for IMPORTED_LOCATION_RELEASE: /opt/ros/foxy/opt/rviz_ogre_vendor/lib/libOgreOverlay.so
[9.973s] -- rviz_ogre_vendor::OgreOverlay for IMPORTED_LOCATION_DEBUG: /opt/ros/foxy/opt/rviz_ogre_vendor/lib/libOgreOverlay.so
[9.973s] -- rviz_ogre_vendor::OgreMain for IMPORTED_LOCATION_RELEASE: /opt/ros/foxy/opt/rviz_ogre_vendor/lib/libOgreMain.so
[9.973s] -- rviz_ogre_vendor::OgreMain for IMPORTED_LOCATION_DEBUG: /opt/ros/foxy/opt/rviz_ogre_vendor/lib/libOgreMain.so
[10.127s] -- Could not find freeimage library
[15.836s] -- Found ZLIB: /usr/lib/x86_64-linux-gnu/libz.so (found version "1.2.11") 
[17.271s] -- Found OpenGL: /usr/lib/x86_64-linux-gnu/libOpenGL.so   
