[6.864s] DEBUG:colcon:Command line arguments: ['/usr/bin/colcon', 'build', '--symlink-install', '--cmake-args', '-DCMAKE_BUILD_TYPE=RelWithDebInfo']
[6.864s] DEBUG:colcon:Parsed command line arguments: Namespace(allow_overriding=[], ament_cmake_args=None, base_paths=['.'], build_base='build', catkin_cmake_args=None, catkin_skip_building_tests=False, cmake_args=['-DCMAKE_BUILD_TYPE=RelWithDebInfo'], cmake_clean_cache=False, cmake_clean_first=False, cmake_force_configure=False, cmake_target=None, cmake_target_skip_unavailable=False, continue_on_error=False, event_handlers=None, executor='parallel', ignore_user_meta=False, install_base='install', log_base=None, log_level=None, main=<bound method BuildVerb.main of <colcon_core.verb.build.BuildVerb object at 0x7f43a34f0eb0>>, merge_install=False, metas=['./colcon.meta'], packages_above=None, packages_above_and_dependencies=None, packages_above_depth=None, packages_end=None, packages_ignore=None, packages_ignore_regex=None, packages_select=None, packages_select_build_failed=False, packages_select_by_dep=None, packages_select_regex=None, packages_select_test_failures=False, packages_skip=None, packages_skip_build_finished=False, packages_skip_by_dep=None, packages_skip_regex=None, packages_skip_test_passed=False, packages_skip_up_to=None, packages_start=None, packages_up_to=None, packages_up_to_regex=None, parallel_workers=12, paths=None, symlink_install=True, test_result_base=None, verb_extension=<colcon_core.verb.build.BuildVerb object at 0x7f43a34f0eb0>, verb_name='build', verb_parser=<colcon_defaults.argument_parser.defaults.DefaultArgumentsDecorator object at 0x7f43a3110df0>)
[7.136s] Level 1:colcon.colcon_core.package_discovery:discover_packages(colcon_meta) check parameters
[7.137s] Level 1:colcon.colcon_core.package_discovery:discover_packages(recursive) check parameters
[7.137s] Level 1:colcon.colcon_core.package_discovery:discover_packages(ignore) check parameters
[7.137s] Level 1:colcon.colcon_core.package_discovery:discover_packages(path) check parameters
[7.137s] Level 1:colcon.colcon_core.package_discovery:discover_packages(colcon_meta) discover
[7.137s] Level 1:colcon.colcon_core.package_discovery:discover_packages(recursive) discover
[7.137s] INFO:colcon.colcon_core.package_discovery:Crawling recursively for packages in '/home/andrewwhong/classes/16833/iSAM2_SLAM/workspace'
[7.137s] Level 1:colcon.colcon_core.package_identification:_identify(.) by extensions ['ignore', 'ignore_ament_install']
[7.137s] Level 1:colcon.colcon_core.package_identification:_identify(.) by extension 'ignore'
[7.138s] Level 1:colcon.colcon_core.package_identification:_identify(.) by extension 'ignore_ament_install'
[7.138s] Level 1:colcon.colcon_core.package_identification:_identify(.) by extensions ['colcon_pkg']
[7.138s] Level 1:colcon.colcon_core.package_identification:_identify(.) by extension 'colcon_pkg'
[7.138s] Level 1:colcon.colcon_core.package_identification:_identify(.) by extensions ['colcon_meta']
[7.138s] Level 1:colcon.colcon_core.package_identification:_identify(.) by extension 'colcon_meta'
[7.138s] Level 1:colcon.colcon_core.package_identification:_identify(.) by extensions ['ros']
[7.138s] Level 1:colcon.colcon_core.package_identification:_identify(.) by extension 'ros'
[7.254s] Level 1:colcon.colcon_core.package_identification:_identify(.) by extensions ['cmake', 'python']
[7.254s] Level 1:colcon.colcon_core.package_identification:_identify(.) by extension 'cmake'
[7.255s] Level 1:colcon.colcon_core.package_identification:_identify(.) by extension 'python'
[7.255s] Level 1:colcon.colcon_core.package_identification:_identify(.) by extensions ['python_setup_py']
[7.255s] Level 1:colcon.colcon_core.package_identification:_identify(.) by extension 'python_setup_py'
[7.255s] Level 1:colcon.colcon_core.package_identification:_identify(build) by extensions ['ignore', 'ignore_ament_install']
[7.255s] Level 1:colcon.colcon_core.package_identification:_identify(build) by extension 'ignore'
[7.255s] Level 1:colcon.colcon_core.package_identification:_identify(build) ignored
[7.256s] Level 1:colcon.colcon_core.package_identification:_identify(install) by extensions ['ignore', 'ignore_ament_install']
[7.256s] Level 1:colcon.colcon_core.package_identification:_identify(install) by extension 'ignore'
[7.256s] Level 1:colcon.colcon_core.package_identification:_identify(install) ignored
[7.256s] Level 1:colcon.colcon_core.package_identification:_identify(log) by extensions ['ignore', 'ignore_ament_install']
[7.256s] Level 1:colcon.colcon_core.package_identification:_identify(log) by extension 'ignore'
[7.256s] Level 1:colcon.colcon_core.package_identification:_identify(log) ignored
[7.256s] Level 1:colcon.colcon_core.package_identification:_identify(src) by extensions ['ignore', 'ignore_ament_install']
[7.257s] Level 1:colcon.colcon_core.package_identification:_identify(src) by extension 'ignore'
[7.257s] Level 1:colcon.colcon_core.package_identification:_identify(src) by extension 'ignore_ament_install'
[7.257s] Level 1:colcon.colcon_core.package_identification:_identify(src) by extensions ['colcon_pkg']
[7.257s] Level 1:colcon.colcon_core.package_identification:_identify(src) by extension 'colcon_pkg'
[7.257s] Level 1:colcon.colcon_core.package_identification:_identify(src) by extensions ['colcon_meta']
[7.257s] Level 1:colcon.colcon_core.package_identification:_identify(src) by extension 'colcon_meta'
[7.257s] Level 1:colcon.colcon_core.package_identification:_identify(src) by extensions ['ros']
[7.257s] Level 1:colcon.colcon_core.package_identification:_identify(src) by extension 'ros'
[7.257s] Level 1:colcon.colcon_core.package_identification:_identify(src) by extensions ['cmake', 'python']
[7.258s] Level 1:colcon.colcon_core.package_identification:_identify(src) by extension 'cmake'
[7.258s] Level 1:colcon.colcon_core.package_identification:_identify(src) by extension 'python'
[7.258s] Level 1:colcon.colcon_core.package_identification:_identify(src) by extensions ['python_setup_py']
[7.258s] Level 1:colcon.colcon_core.package_identification:_identify(src) by extension 'python_setup_py'
[7.258s] Level 1:colcon.colcon_core.package_identification:_identify(src/eufs_msgs) by extensions ['ignore', 'ignore_ament_install']
[7.258s] Level 1:colcon.colcon_core.package_identification:_identify(src/eufs_msgs) by extension 'ignore'
[7.258s] Level 1:colcon.colcon_core.package_identification:_identify(src/eufs_msgs) by extension 'ignore_ament_install'
[7.259s] Level 1:colcon.colcon_core.package_identification:_identify(src/eufs_msgs) by extensions ['colcon_pkg']
[7.259s] Level 1:colcon.colcon_core.package_identification:_identify(src/eufs_msgs) by extension 'colcon_pkg'
[7.259s] Level 1:colcon.colcon_core.package_identification:_identify(src/eufs_msgs) by extensions ['colcon_meta']
[7.259s] Level 1:colcon.colcon_core.package_identification:_identify(src/eufs_msgs) by extension 'colcon_meta'
[7.259s] Level 1:colcon.colcon_core.package_identification:_identify(src/eufs_msgs) by extensions ['ros']
[7.259s] Level 1:colcon.colcon_core.package_identification:_identify(src/eufs_msgs) by extension 'ros'
[7.266s] DEBUG:colcon.colcon_core.package_identification:Package 'src/eufs_msgs' with type 'ros.ament_cmake' and name 'eufs_msgs'
[7.266s] Level 1:colcon.colcon_core.package_identification:_identify(src/isam2) by extensions ['ignore', 'ignore_ament_install']
[7.266s] Level 1:colcon.colcon_core.package_identification:_identify(src/isam2) by extension 'ignore'
[7.266s] Level 1:colcon.colcon_core.package_identification:_identify(src/isam2) by extension 'ignore_ament_install'
[7.266s] Level 1:colcon.colcon_core.package_identification:_identify(src/isam2) by extensions ['colcon_pkg']
[7.267s] Level 1:colcon.colcon_core.package_identification:_identify(src/isam2) by extension 'colcon_pkg'
[7.267s] Level 1:colcon.colcon_core.package_identification:_identify(src/isam2) by extensions ['colcon_meta']
[7.267s] Level 1:colcon.colcon_core.package_identification:_identify(src/isam2) by extension 'colcon_meta'
[7.267s] Level 1:colcon.colcon_core.package_identification:_identify(src/isam2) by extensions ['ros']
[7.267s] Level 1:colcon.colcon_core.package_identification:_identify(src/isam2) by extension 'ros'
[7.269s] DEBUG:colcon.colcon_core.package_identification:Package 'src/isam2' with type 'ros.ament_cmake' and name 'isam2'
[7.269s] Level 1:colcon.colcon_core.package_discovery:discover_packages(recursive) using defaults
[7.269s] Level 1:colcon.colcon_core.package_discovery:discover_packages(ignore) discover
[7.270s] Level 1:colcon.colcon_core.package_discovery:discover_packages(ignore) using defaults
[7.270s] Level 1:colcon.colcon_core.package_discovery:discover_packages(path) discover
[7.270s] Level 1:colcon.colcon_core.package_discovery:discover_packages(path) using defaults
[7.456s] Level 1:colcon.colcon_core.package_discovery:discover_packages(prefix_path) check parameters
[7.456s] Level 1:colcon.colcon_core.package_discovery:discover_packages(prefix_path) discover
[7.510s] DEBUG:colcon.colcon_installed_package_information.package_discovery:Found 2 installed packages in /home/andrewwhong/classes/16833/iSAM2_SLAM/workspace/install
[7.543s] DEBUG:colcon.colcon_installed_package_information.package_discovery:Found 267 installed packages in /opt/ros/foxy
[7.546s] Level 1:colcon.colcon_core.package_discovery:discover_packages(prefix_path) using defaults
[7.841s] Level 5:colcon.colcon_core.verb:set package 'eufs_msgs' build argument 'cmake_args' from command line to '['-DCMAKE_BUILD_TYPE=RelWithDebInfo']'
[7.841s] Level 5:colcon.colcon_core.verb:set package 'eufs_msgs' build argument 'cmake_target' from command line to 'None'
[7.841s] Level 5:colcon.colcon_core.verb:set package 'eufs_msgs' build argument 'cmake_target_skip_unavailable' from command line to 'False'
[7.841s] Level 5:colcon.colcon_core.verb:set package 'eufs_msgs' build argument 'cmake_clean_cache' from command line to 'False'
[7.841s] Level 5:colcon.colcon_core.verb:set package 'eufs_msgs' build argument 'cmake_clean_first' from command line to 'False'
[7.841s] Level 5:colcon.colcon_core.verb:set package 'eufs_msgs' build argument 'cmake_force_configure' from command line to 'False'
[7.841s] Level 5:colcon.colcon_core.verb:set package 'eufs_msgs' build argument 'ament_cmake_args' from command line to 'None'
[7.841s] Level 5:colcon.colcon_core.verb:set package 'eufs_msgs' build argument 'catkin_cmake_args' from command line to 'None'
[7.841s] Level 5:colcon.colcon_core.verb:set package 'eufs_msgs' build argument 'catkin_skip_building_tests' from command line to 'False'
[7.841s] DEBUG:colcon.colcon_core.verb:Building package 'eufs_msgs' with the following arguments: {'ament_cmake_args': None, 'build_base': '/home/andrewwhong/classes/16833/iSAM2_SLAM/workspace/build/eufs_msgs', 'catkin_cmake_args': None, 'catkin_skip_building_tests': False, 'cmake_args': ['-DCMAKE_BUILD_TYPE=RelWithDebInfo'], 'cmake_clean_cache': False, 'cmake_clean_first': False, 'cmake_force_configure': False, 'cmake_target': None, 'cmake_target_skip_unavailable': False, 'install_base': '/home/andrewwhong/classes/16833/iSAM2_SLAM/workspace/install/eufs_msgs', 'merge_install': False, 'path': '/home/andrewwhong/classes/16833/iSAM2_SLAM/workspace/src/eufs_msgs', 'symlink_install': True, 'test_result_base': None}
[7.866s] Level 5:colcon.colcon_core.verb:set package 'isam2' build argument 'cmake_args' from command line to '['-DCMAKE_BUILD_TYPE=RelWithDebInfo']'
[7.866s] Level 5:colcon.colcon_core.verb:set package 'isam2' build argument 'cmake_target' from command line to 'None'
[7.866s] Level 5:colcon.colcon_core.verb:set package 'isam2' build argument 'cmake_target_skip_unavailable' from command line to 'False'
[7.866s] Level 5:colcon.colcon_core.verb:set package 'isam2' build argument 'cmake_clean_cache' from command line to 'False'
[7.866s] Level 5:colcon.colcon_core.verb:set package 'isam2' build argument 'cmake_clean_first' from command line to 'False'
[7.866s] Level 5:colcon.colcon_core.verb:set package 'isam2' build argument 'cmake_force_configure' from command line to 'False'
[7.866s] Level 5:colcon.colcon_core.verb:set package 'isam2' build argument 'ament_cmake_args' from command line to 'None'
[7.866s] Level 5:colcon.colcon_core.verb:set package 'isam2' build argument 'catkin_cmake_args' from command line to 'None'
[7.866s] Level 5:colcon.colcon_core.verb:set package 'isam2' build argument 'catkin_skip_building_tests' from command line to 'False'
[7.866s] DEBUG:colcon.colcon_core.verb:Building package 'isam2' with the following arguments: {'ament_cmake_args': None, 'build_base': '/home/andrewwhong/classes/16833/iSAM2_SLAM/workspace/build/isam2', 'catkin_cmake_args': None, 'catkin_skip_building_tests': False, 'cmake_args': ['-DCMAKE_BUILD_TYPE=RelWithDebInfo'], 'cmake_clean_cache': False, 'cmake_clean_first': False, 'cmake_force_configure': False, 'cmake_target': None, 'cmake_target_skip_unavailable': False, 'install_base': '/home/andrewwhong/classes/16833/iSAM2_SLAM/workspace/install/isam2', 'merge_install': False, 'path': '/home/andrewwhong/classes/16833/iSAM2_SLAM/workspace/src/isam2', 'symlink_install': True, 'test_result_base': None}
[7.890s] INFO:colcon.colcon_core.executor:Executing jobs using 'parallel' executor
[7.916s] DEBUG:colcon.colcon_parallel_executor.executor.parallel:run_until_complete
[7.916s] INFO:colcon.colcon_ros.task.ament_cmake.build:Building ROS package in '/home/andrewwhong/classes/16833/iSAM2_SLAM/workspace/src/eufs_msgs' with build type 'ament_cmake'
[7.917s] INFO:colcon.colcon_cmake.task.cmake.build:Building CMake package in '/home/andrewwhong/classes/16833/iSAM2_SLAM/workspace/src/eufs_msgs'
[7.957s] INFO:colcon.colcon_core.plugin_system:Skipping extension 'colcon_core.shell.bat': Not used on non-Windows systems
[7.957s] INFO:colcon.colcon_core.shell:Skip shell extension 'powershell' for command environment: Not usable outside of PowerShell
[7.958s] DEBUG:colcon.colcon_core.shell:Skip shell extension 'dsv' for command environment
[8.094s] DEBUG:colcon.colcon_core.event_handler.log_command:Invoking command in '/home/andrewwhong/classes/16833/iSAM2_SLAM/workspace/build/eufs_msgs': CMAKE_PREFIX_PATH=${CMAKE_PREFIX_PATH}:/opt/ros/foxy WSLENV=ELECTRON_RUN_AS_NODE/w: /usr/bin/cmake --build /home/andrewwhong/classes/16833/iSAM2_SLAM/workspace/build/eufs_msgs -- -j12 -l12
[9.045s] DEBUG:colcon.colcon_core.event_handler.log_command:Invoked command in '/home/andrewwhong/classes/16833/iSAM2_SLAM/workspace/build/eufs_msgs' returned '0': CMAKE_PREFIX_PATH=${CMAKE_PREFIX_PATH}:/opt/ros/foxy WSLENV=ELECTRON_RUN_AS_NODE/w: /usr/bin/cmake --build /home/andrewwhong/classes/16833/iSAM2_SLAM/workspace/build/eufs_msgs -- -j12 -l12
[10.634s] DEBUG:colcon.colcon_core.event_handler.log_command:Invoking command in '/home/andrewwhong/classes/16833/iSAM2_SLAM/workspace/build/eufs_msgs': CMAKE_PREFIX_PATH=${CMAKE_PREFIX_PATH}:/opt/ros/foxy WSLENV=ELECTRON_RUN_AS_NODE/w: /usr/bin/cmake --install /home/andrewwhong/classes/16833/iSAM2_SLAM/workspace/build/eufs_msgs
[11.857s] Level 1:colcon.colcon_core.environment:create_environment_scripts_only(eufs_msgs)
[11.859s] DEBUG:colcon.colcon_core.event_handler.log_command:Invoked command in '/home/andrewwhong/classes/16833/iSAM2_SLAM/workspace/build/eufs_msgs' returned '0': CMAKE_PREFIX_PATH=${CMAKE_PREFIX_PATH}:/opt/ros/foxy WSLENV=ELECTRON_RUN_AS_NODE/w: /usr/bin/cmake --install /home/andrewwhong/classes/16833/iSAM2_SLAM/workspace/build/eufs_msgs
[11.922s] Level 1:colcon.colcon_core.environment:checking '/home/andrewwhong/classes/16833/iSAM2_SLAM/workspace/install/eufs_msgs' for CMake module files
[11.924s] Level 1:colcon.colcon_core.environment:checking '/home/andrewwhong/classes/16833/iSAM2_SLAM/workspace/install/eufs_msgs' for CMake config files
[11.932s] Level 1:colcon.colcon_core.shell:create_environment_hook('eufs_msgs', 'cmake_prefix_path')
[11.977s] INFO:colcon.colcon_core.shell:Creating environment hook '/home/andrewwhong/classes/16833/iSAM2_SLAM/workspace/install/eufs_msgs/share/eufs_msgs/hook/cmake_prefix_path.ps1'
[11.980s] INFO:colcon.colcon_core.shell:Creating environment descriptor '/home/andrewwhong/classes/16833/iSAM2_SLAM/workspace/install/eufs_msgs/share/eufs_msgs/hook/cmake_prefix_path.dsv'
[11.983s] INFO:colcon.colcon_core.shell:Creating environment hook '/home/andrewwhong/classes/16833/iSAM2_SLAM/workspace/install/eufs_msgs/share/eufs_msgs/hook/cmake_prefix_path.sh'
[11.986s] Level 1:colcon.colcon_core.environment:checking '/home/andrewwhong/classes/16833/iSAM2_SLAM/workspace/install/eufs_msgs/lib'
[11.986s] Level 1:colcon.colcon_core.shell:create_environment_hook('eufs_msgs', 'ld_library_path_lib')
[12.031s] INFO:colcon.colcon_core.shell:Creating environment hook '/home/andrewwhong/classes/16833/iSAM2_SLAM/workspace/install/eufs_msgs/share/eufs_msgs/hook/ld_library_path_lib.ps1'
[12.032s] INFO:colcon.colcon_core.shell:Creating environment descriptor '/home/andrewwhong/classes/16833/iSAM2_SLAM/workspace/install/eufs_msgs/share/eufs_msgs/hook/ld_library_path_lib.dsv'
[12.033s] INFO:colcon.colcon_core.shell:Creating environment hook '/home/andrewwhong/classes/16833/iSAM2_SLAM/workspace/install/eufs_msgs/share/eufs_msgs/hook/ld_library_path_lib.sh'
[12.034s] Level 1:colcon.colcon_core.environment:checking '/home/andrewwhong/classes/16833/iSAM2_SLAM/workspace/install/eufs_msgs/bin'
[12.035s] Level 1:colcon.colcon_core.environment:checking '/home/andrewwhong/classes/16833/iSAM2_SLAM/workspace/install/eufs_msgs/lib/pkgconfig/eufs_msgs.pc'
[12.035s] Level 1:colcon.colcon_core.environment:checking '/home/andrewwhong/classes/16833/iSAM2_SLAM/workspace/install/eufs_msgs/lib/python3.8/site-packages'
[12.035s] Level 1:colcon.colcon_core.shell:create_environment_hook('eufs_msgs', 'pythonpath')
[12.077s] INFO:colcon.colcon_core.shell:Creating environment hook '/home/andrewwhong/classes/16833/iSAM2_SLAM/workspace/install/eufs_msgs/share/eufs_msgs/hook/pythonpath.ps1'
[12.079s] INFO:colcon.colcon_core.shell:Creating environment descriptor '/home/andrewwhong/classes/16833/iSAM2_SLAM/workspace/install/eufs_msgs/share/eufs_msgs/hook/pythonpath.dsv'
[12.080s] INFO:colcon.colcon_core.shell:Creating environment hook '/home/andrewwhong/classes/16833/iSAM2_SLAM/workspace/install/eufs_msgs/share/eufs_msgs/hook/pythonpath.sh'
[12.082s] Level 1:colcon.colcon_core.environment:checking '/home/andrewwhong/classes/16833/iSAM2_SLAM/workspace/install/eufs_msgs/bin'
[12.132s] INFO:colcon.colcon_core.shell:Creating package script '/home/andrewwhong/classes/16833/iSAM2_SLAM/workspace/install/eufs_msgs/share/eufs_msgs/package.ps1'
[12.135s] INFO:colcon.colcon_core.shell:Creating package descriptor '/home/andrewwhong/classes/16833/iSAM2_SLAM/workspace/install/eufs_msgs/share/eufs_msgs/package.dsv'
[12.138s] INFO:colcon.colcon_core.shell:Creating package script '/home/andrewwhong/classes/16833/iSAM2_SLAM/workspace/install/eufs_msgs/share/eufs_msgs/package.sh'
[12.141s] INFO:colcon.colcon_core.shell:Creating package script '/home/andrewwhong/classes/16833/iSAM2_SLAM/workspace/install/eufs_msgs/share/eufs_msgs/package.bash'
[12.145s] INFO:colcon.colcon_core.shell:Creating package script '/home/andrewwhong/classes/16833/iSAM2_SLAM/workspace/install/eufs_msgs/share/eufs_msgs/package.zsh'
[12.149s] Level 1:colcon.colcon_core.environment:create_file_with_runtime_dependencies(/home/andrewwhong/classes/16833/iSAM2_SLAM/workspace/install/eufs_msgs/share/colcon-core/packages/eufs_msgs)
[13.793s] Level 1:colcon.colcon_core.environment:create_environment_scripts_only(eufs_msgs)
[13.823s] Level 1:colcon.colcon_core.environment:checking '/home/andrewwhong/classes/16833/iSAM2_SLAM/workspace/install/eufs_msgs' for CMake module files
[13.824s] Level 1:colcon.colcon_core.environment:checking '/home/andrewwhong/classes/16833/iSAM2_SLAM/workspace/install/eufs_msgs' for CMake config files
[13.832s] Level 1:colcon.colcon_core.shell:create_environment_hook('eufs_msgs', 'cmake_prefix_path')
[13.866s] INFO:colcon.colcon_core.shell:Creating environment hook '/home/andrewwhong/classes/16833/iSAM2_SLAM/workspace/install/eufs_msgs/share/eufs_msgs/hook/cmake_prefix_path.ps1'
[13.867s] INFO:colcon.colcon_core.shell:Creating environment descriptor '/home/andrewwhong/classes/16833/iSAM2_SLAM/workspace/install/eufs_msgs/share/eufs_msgs/hook/cmake_prefix_path.dsv'
[13.869s] INFO:colcon.colcon_core.shell:Creating environment hook '/home/andrewwhong/classes/16833/iSAM2_SLAM/workspace/install/eufs_msgs/share/eufs_msgs/hook/cmake_prefix_path.sh'
[13.870s] Level 1:colcon.colcon_core.environment:checking '/home/andrewwhong/classes/16833/iSAM2_SLAM/workspace/install/eufs_msgs/lib'
[13.871s] Level 1:colcon.colcon_core.shell:create_environment_hook('eufs_msgs', 'ld_library_path_lib')
[13.902s] INFO:colcon.colcon_core.shell:Creating environment hook '/home/andrewwhong/classes/16833/iSAM2_SLAM/workspace/install/eufs_msgs/share/eufs_msgs/hook/ld_library_path_lib.ps1'
[13.903s] INFO:colcon.colcon_core.shell:Creating environment descriptor '/home/andrewwhong/classes/16833/iSAM2_SLAM/workspace/install/eufs_msgs/share/eufs_msgs/hook/ld_library_path_lib.dsv'
[13.904s] INFO:colcon.colcon_core.shell:Creating environment hook '/home/andrewwhong/classes/16833/iSAM2_SLAM/workspace/install/eufs_msgs/share/eufs_msgs/hook/ld_library_path_lib.sh'
[13.905s] Level 1:colcon.colcon_core.environment:checking '/home/andrewwhong/classes/16833/iSAM2_SLAM/workspace/install/eufs_msgs/bin'
[13.905s] Level 1:colcon.colcon_core.environment:checking '/home/andrewwhong/classes/16833/iSAM2_SLAM/workspace/install/eufs_msgs/lib/pkgconfig/eufs_msgs.pc'
[13.905s] Level 1:colcon.colcon_core.environment:checking '/home/andrewwhong/classes/16833/iSAM2_SLAM/workspace/install/eufs_msgs/lib/python3.8/site-packages'
[13.906s] Level 1:colcon.colcon_core.shell:create_environment_hook('eufs_msgs', 'pythonpath')
[13.942s] INFO:colcon.colcon_core.shell:Creating environment hook '/home/andrewwhong/classes/16833/iSAM2_SLAM/workspace/install/eufs_msgs/share/eufs_msgs/hook/pythonpath.ps1'
[13.946s] INFO:colcon.colcon_core.shell:Creating environment descriptor '/home/andrewwhong/classes/16833/iSAM2_SLAM/workspace/install/eufs_msgs/share/eufs_msgs/hook/pythonpath.dsv'
[13.947s] INFO:colcon.colcon_core.shell:Creating environment hook '/home/andrewwhong/classes/16833/iSAM2_SLAM/workspace/install/eufs_msgs/share/eufs_msgs/hook/pythonpath.sh'
[13.949s] Level 1:colcon.colcon_core.environment:checking '/home/andrewwhong/classes/16833/iSAM2_SLAM/workspace/install/eufs_msgs/bin'
[13.992s] INFO:colcon.colcon_core.shell:Creating package script '/home/andrewwhong/classes/16833/iSAM2_SLAM/workspace/install/eufs_msgs/share/eufs_msgs/package.ps1'
[13.995s] INFO:colcon.colcon_core.shell:Creating package descriptor '/home/andrewwhong/classes/16833/iSAM2_SLAM/workspace/install/eufs_msgs/share/eufs_msgs/package.dsv'
[13.997s] INFO:colcon.colcon_core.shell:Creating package script '/home/andrewwhong/classes/16833/iSAM2_SLAM/workspace/install/eufs_msgs/share/eufs_msgs/package.sh'
[13.999s] INFO:colcon.colcon_core.shell:Creating package script '/home/andrewwhong/classes/16833/iSAM2_SLAM/workspace/install/eufs_msgs/share/eufs_msgs/package.bash'
[14.000s] INFO:colcon.colcon_core.shell:Creating package script '/home/andrewwhong/classes/16833/iSAM2_SLAM/workspace/install/eufs_msgs/share/eufs_msgs/package.zsh'
[14.000s] Level 1:colcon.colcon_core.environment:create_file_with_runtime_dependencies(/home/andrewwhong/classes/16833/iSAM2_SLAM/workspace/install/eufs_msgs/share/colcon-core/packages/eufs_msgs)
[14.001s] INFO:colcon.colcon_ros.task.ament_cmake.build:Building ROS package in '/home/andrewwhong/classes/16833/iSAM2_SLAM/workspace/src/isam2' with build type 'ament_cmake'
[14.002s] INFO:colcon.colcon_cmake.task.cmake.build:Building CMake package in '/home/andrewwhong/classes/16833/iSAM2_SLAM/workspace/src/isam2'
[14.041s] INFO:colcon.colcon_core.shell:Skip shell extension 'powershell' for command environment: Not usable outside of PowerShell
[14.041s] DEBUG:colcon.colcon_core.shell:Skip shell extension 'dsv' for command environment
[14.899s] DEBUG:colcon.colcon_core.event_handler.log_command:Invoking command in '/home/andrewwhong/classes/16833/iSAM2_SLAM/workspace/build/isam2': CMAKE_PREFIX_PATH=/home/andrewwhong/classes/16833/iSAM2_SLAM/workspace/install/eufs_msgs:/home/andrewwhong/classes/16833/iSAM2_SLAM/workspace/install/isam2:/opt/ros/foxy LD_LIBRARY_PATH=/home/andrewwhong/classes/16833/iSAM2_SLAM/workspace/install/eufs_msgs/lib:/usr/lib/x86_64-linux-gnu/gazebo-11/plugins:/opt/ros/foxy/opt/yaml_cpp_vendor/lib:/opt/ros/foxy/opt/rviz_ogre_vendor/lib:/opt/ros/foxy/lib/x86_64-linux-gnu:/opt/ros/foxy/lib WSLENV=ELECTRON_RUN_AS_NODE/w: /usr/bin/cmake --build /home/andrewwhong/classes/16833/iSAM2_SLAM/workspace/build/isam2 -- -j12 -l12
[98.913s] DEBUG:colcon.colcon_core.event_handler.log_command:Invoked command in '/home/andrewwhong/classes/16833/iSAM2_SLAM/workspace/build/isam2' returned '0': CMAKE_PREFIX_PATH=/home/andrewwhong/classes/16833/iSAM2_SLAM/workspace/install/eufs_msgs:/home/andrewwhong/classes/16833/iSAM2_SLAM/workspace/install/isam2:/opt/ros/foxy LD_LIBRARY_PATH=/home/andrewwhong/classes/16833/iSAM2_SLAM/workspace/install/eufs_msgs/lib:/usr/lib/x86_64-linux-gnu/gazebo-11/plugins:/opt/ros/foxy/opt/yaml_cpp_vendor/lib:/opt/ros/foxy/opt/rviz_ogre_vendor/lib:/opt/ros/foxy/lib/x86_64-linux-gnu:/opt/ros/foxy/lib WSLENV=ELECTRON_RUN_AS_NODE/w: /usr/bin/cmake --build /home/andrewwhong/classes/16833/iSAM2_SLAM/workspace/build/isam2 -- -j12 -l12
[99.064s] DEBUG:colcon.colcon_core.event_handler.log_command:Invoking command in '/home/andrewwhong/classes/16833/iSAM2_SLAM/workspace/build/isam2': CMAKE_PREFIX_PATH=/home/andrewwhong/classes/16833/iSAM2_SLAM/workspace/install/eufs_msgs:/home/andrewwhong/classes/16833/iSAM2_SLAM/workspace/install/isam2:/opt/ros/foxy LD_LIBRARY_PATH=/home/andrewwhong/classes/16833/iSAM2_SLAM/workspace/install/eufs_msgs/lib:/usr/lib/x86_64-linux-gnu/gazebo-11/plugins:/opt/ros/foxy/opt/yaml_cpp_vendor/lib:/opt/ros/foxy/opt/rviz_ogre_vendor/lib:/opt/ros/foxy/lib/x86_64-linux-gnu:/opt/ros/foxy/lib WSLENV=ELECTRON_RUN_AS_NODE/w: /usr/bin/cmake --install /home/andrewwhong/classes/16833/iSAM2_SLAM/workspace/build/isam2
[99.162s] Level 1:colcon.colcon_core.environment:create_environment_scripts_only(isam2)
[99.172s] DEBUG:colcon.colcon_core.event_handler.log_command:Invoked command in '/home/andrewwhong/classes/16833/iSAM2_SLAM/workspace/build/isam2' returned '0': CMAKE_PREFIX_PATH=/home/andrewwhong/classes/16833/iSAM2_SLAM/workspace/install/eufs_msgs:/home/andrewwhong/classes/16833/iSAM2_SLAM/workspace/install/isam2:/opt/ros/foxy LD_LIBRARY_PATH=/home/andrewwhong/classes/16833/iSAM2_SLAM/workspace/install/eufs_msgs/lib:/usr/lib/x86_64-linux-gnu/gazebo-11/plugins:/opt/ros/foxy/opt/yaml_cpp_vendor/lib:/opt/ros/foxy/opt/rviz_ogre_vendor/lib:/opt/ros/foxy/lib/x86_64-linux-gnu:/opt/ros/foxy/lib WSLENV=ELECTRON_RUN_AS_NODE/w: /usr/bin/cmake --install /home/andrewwhong/classes/16833/iSAM2_SLAM/workspace/build/isam2
[99.672s] Level 1:colcon.colcon_core.environment:checking '/home/andrewwhong/classes/16833/iSAM2_SLAM/workspace/install/isam2' for CMake module files
[99.678s] Level 1:colcon.colcon_core.environment:checking '/home/andrewwhong/classes/16833/iSAM2_SLAM/workspace/install/isam2' for CMake config files
[99.682s] Level 1:colcon.colcon_core.shell:create_environment_hook('isam2', 'cmake_prefix_path')
[99.746s] INFO:colcon.colcon_core.shell:Creating environment hook '/home/andrewwhong/classes/16833/iSAM2_SLAM/workspace/install/isam2/share/isam2/hook/cmake_prefix_path.ps1'
[99.790s] INFO:colcon.colcon_core.shell:Creating environment descriptor '/home/andrewwhong/classes/16833/iSAM2_SLAM/workspace/install/isam2/share/isam2/hook/cmake_prefix_path.dsv'
[99.798s] INFO:colcon.colcon_core.shell:Creating environment hook '/home/andrewwhong/classes/16833/iSAM2_SLAM/workspace/install/isam2/share/isam2/hook/cmake_prefix_path.sh'
[99.823s] Level 1:colcon.colcon_core.environment:checking '/home/andrewwhong/classes/16833/iSAM2_SLAM/workspace/install/isam2/lib'
[99.825s] Level 1:colcon.colcon_core.environment:checking '/home/andrewwhong/classes/16833/iSAM2_SLAM/workspace/install/isam2/bin'
[99.825s] Level 1:colcon.colcon_core.environment:checking '/home/andrewwhong/classes/16833/iSAM2_SLAM/workspace/install/isam2/lib/pkgconfig/isam2.pc'
[99.856s] Level 1:colcon.colcon_core.environment:checking '/home/andrewwhong/classes/16833/iSAM2_SLAM/workspace/install/isam2/lib/python3.8/site-packages'
[99.857s] Level 1:colcon.colcon_core.environment:checking '/home/andrewwhong/classes/16833/iSAM2_SLAM/workspace/install/isam2/bin'
[99.912s] INFO:colcon.colcon_core.shell:Creating package script '/home/andrewwhong/classes/16833/iSAM2_SLAM/workspace/install/isam2/share/isam2/package.ps1'
[99.916s] INFO:colcon.colcon_core.shell:Creating package descriptor '/home/andrewwhong/classes/16833/iSAM2_SLAM/workspace/install/isam2/share/isam2/package.dsv'
[99.918s] INFO:colcon.colcon_core.shell:Creating package script '/home/andrewwhong/classes/16833/iSAM2_SLAM/workspace/install/isam2/share/isam2/package.sh'
[99.921s] INFO:colcon.colcon_core.shell:Creating package script '/home/andrewwhong/classes/16833/iSAM2_SLAM/workspace/install/isam2/share/isam2/package.bash'
[99.930s] INFO:colcon.colcon_core.shell:Creating package script '/home/andrewwhong/classes/16833/iSAM2_SLAM/workspace/install/isam2/share/isam2/package.zsh'
[99.937s] Level 1:colcon.colcon_core.environment:create_file_with_runtime_dependencies(/home/andrewwhong/classes/16833/iSAM2_SLAM/workspace/install/isam2/share/colcon-core/packages/isam2)
[100.037s] Level 1:colcon.colcon_core.environment:create_environment_scripts_only(isam2)
[100.073s] Level 1:colcon.colcon_core.environment:checking '/home/andrewwhong/classes/16833/iSAM2_SLAM/workspace/install/isam2' for CMake module files
[100.075s] Level 1:colcon.colcon_core.environment:checking '/home/andrewwhong/classes/16833/iSAM2_SLAM/workspace/install/isam2' for CMake config files
[100.075s] Level 1:colcon.colcon_core.shell:create_environment_hook('isam2', 'cmake_prefix_path')
[100.120s] INFO:colcon.colcon_core.shell:Creating environment hook '/home/andrewwhong/classes/16833/iSAM2_SLAM/workspace/install/isam2/share/isam2/hook/cmake_prefix_path.ps1'
[100.124s] INFO:colcon.colcon_core.shell:Creating environment descriptor '/home/andrewwhong/classes/16833/iSAM2_SLAM/workspace/install/isam2/share/isam2/hook/cmake_prefix_path.dsv'
[100.125s] INFO:colcon.colcon_core.shell:Creating environment hook '/home/andrewwhong/classes/16833/iSAM2_SLAM/workspace/install/isam2/share/isam2/hook/cmake_prefix_path.sh'
[100.127s] Level 1:colcon.colcon_core.environment:checking '/home/andrewwhong/classes/16833/iSAM2_SLAM/workspace/install/isam2/lib'
[100.130s] Level 1:colcon.colcon_core.environment:checking '/home/andrewwhong/classes/16833/iSAM2_SLAM/workspace/install/isam2/bin'
[100.131s] Level 1:colcon.colcon_core.environment:checking '/home/andrewwhong/classes/16833/iSAM2_SLAM/workspace/install/isam2/lib/pkgconfig/isam2.pc'
[100.132s] Level 1:colcon.colcon_core.environment:checking '/home/andrewwhong/classes/16833/iSAM2_SLAM/workspace/install/isam2/lib/python3.8/site-packages'
[100.133s] Level 1:colcon.colcon_core.environment:checking '/home/andrewwhong/classes/16833/iSAM2_SLAM/workspace/install/isam2/bin'
[100.182s] INFO:colcon.colcon_core.shell:Creating package script '/home/andrewwhong/classes/16833/iSAM2_SLAM/workspace/install/isam2/share/isam2/package.ps1'
[100.184s] INFO:colcon.colcon_core.shell:Creating package descriptor '/home/andrewwhong/classes/16833/iSAM2_SLAM/workspace/install/isam2/share/isam2/package.dsv'
[100.185s] INFO:colcon.colcon_core.shell:Creating package script '/home/andrewwhong/classes/16833/iSAM2_SLAM/workspace/install/isam2/share/isam2/package.sh'
[100.186s] INFO:colcon.colcon_core.shell:Creating package script '/home/andrewwhong/classes/16833/iSAM2_SLAM/workspace/install/isam2/share/isam2/package.bash'
[100.187s] INFO:colcon.colcon_core.shell:Creating package script '/home/andrewwhong/classes/16833/iSAM2_SLAM/workspace/install/isam2/share/isam2/package.zsh'
[100.189s] Level 1:colcon.colcon_core.environment:create_file_with_runtime_dependencies(/home/andrewwhong/classes/16833/iSAM2_SLAM/workspace/install/isam2/share/colcon-core/packages/isam2)
[100.196s] DEBUG:colcon.colcon_parallel_executor.executor.parallel:closing loop
[100.204s] DEBUG:colcon.colcon_parallel_executor.executor.parallel:loop closed
[100.210s] DEBUG:colcon.colcon_parallel_executor.executor.parallel:run_until_complete finished with '0'
[100.212s] DEBUG:colcon.colcon_core.event_reactor:joining thread
[100.631s] INFO:colcon.colcon_core.plugin_system:Skipping extension 'colcon_notification.desktop_notification.notify_send': Could not find 'notify-send'
[100.631s] INFO:colcon.colcon_core.plugin_system:Skipping extension 'colcon_notification.desktop_notification.terminal_notifier': Not used on non-Darwin systems
[100.631s] INFO:colcon.colcon_core.plugin_system:Skipping extension 'colcon_notification.desktop_notification.win32': Not used on non-Windows systems
[100.632s] INFO:colcon.colcon_notification.desktop_notification:Sending desktop notification using 'notify2'
[100.641s] DEBUG:colcon.colcon_notification.desktop_notification.notify2:Failed to initialize notify2: org.freedesktop.DBus.Error.ServiceUnknown: The name org.freedesktop.Notifications was not provided by any .service files
[100.642s] DEBUG:colcon.colcon_core.event_reactor:joined thread
[100.679s] INFO:colcon.colcon_core.shell:Creating prefix script '/home/andrewwhong/classes/16833/iSAM2_SLAM/workspace/install/local_setup.ps1'
[100.684s] INFO:colcon.colcon_core.shell:Creating prefix util module '/home/andrewwhong/classes/16833/iSAM2_SLAM/workspace/install/_local_setup_util_ps1.py'
[100.690s] INFO:colcon.colcon_core.shell:Creating prefix chain script '/home/andrewwhong/classes/16833/iSAM2_SLAM/workspace/install/setup.ps1'
[100.726s] INFO:colcon.colcon_core.shell:Creating prefix script '/home/andrewwhong/classes/16833/iSAM2_SLAM/workspace/install/local_setup.sh'
[100.729s] INFO:colcon.colcon_core.shell:Creating prefix util module '/home/andrewwhong/classes/16833/iSAM2_SLAM/workspace/install/_local_setup_util_sh.py'
[100.732s] INFO:colcon.colcon_core.shell:Creating prefix chain script '/home/andrewwhong/classes/16833/iSAM2_SLAM/workspace/install/setup.sh'
[100.772s] INFO:colcon.colcon_core.shell:Creating prefix script '/home/andrewwhong/classes/16833/iSAM2_SLAM/workspace/install/local_setup.bash'
[100.774s] INFO:colcon.colcon_core.shell:Creating prefix chain script '/home/andrewwhong/classes/16833/iSAM2_SLAM/workspace/install/setup.bash'
[100.809s] INFO:colcon.colcon_core.shell:Creating prefix script '/home/andrewwhong/classes/16833/iSAM2_SLAM/workspace/install/local_setup.zsh'
[100.811s] INFO:colcon.colcon_core.shell:Creating prefix chain script '/home/andrewwhong/classes/16833/iSAM2_SLAM/workspace/install/setup.zsh'
