[3.129s] Invoking command in '/home/andrewwhong/classes/16833/iSAM2_SLAM/eufs/eufs_sim/eufs_rqt': CMAKE_PREFIX_PATH=/home/andrewwhong/classes/16833/iSAM2_SLAM/eufs/install/eufs_msgs:/home/andrewwhong/classes/16833/iSAM2_SLAM/eufs/install/eufs_sensors:/home/andrewwhong/classes/16833/iSAM2_SLAM/eufs/install/eufs_rviz_plugins:/home/andrewwhong/classes/16833/iSAM2_SLAM/eufs/install/eufs_plugins:/home/andrewwhong/classes/16833/iSAM2_SLAM/eufs/install/eufs_models:/home/andrewwhong/classes/16833/iSAM2_SLAM/workspace/install/isam2:/home/andrewwhong/classes/16833/iSAM2_SLAM/workspace/install/eufs_msgs LD_LIBRARY_PATH=/home/andrewwhong/classes/16833/iSAM2_SLAM/eufs/install/eufs_msgs/lib:/home/andrewwhong/classes/16833/iSAM2_SLAM/eufs/install/eufs_rviz_plugins/lib:/home/andrewwhong/classes/16833/iSAM2_SLAM/eufs/install/eufs_plugins/lib:/home/andrewwhong/classes/16833/iSAM2_SLAM/eufs/install/eufs_models/lib:/usr/lib/x86_64-linux-gnu/gazebo-11/plugins:/home/andrewwhong/classes/16833/iSAM2_SLAM/workspace/install/eufs_msgs/lib:/opt/ros/foxy/opt/yaml_cpp_vendor/lib:/opt/ros/foxy/opt/rviz_ogre_vendor/lib:/opt/ros/foxy/lib/x86_64-linux-gnu:/opt/ros/foxy/lib PYTHONPATH=/home/andrewwhong/classes/16833/iSAM2_SLAM/eufs/build/eufs_rqt/prefix_override:/home/andrewwhong/classes/16833/iSAM2_SLAM/eufs/install/eufs_rqt/lib/python3.8/site-packages:/home/andrewwhong/classes/16833/iSAM2_SLAM/eufs/install/eufs_msgs/lib/python3.8/site-packages:/home/andrewwhong/classes/16833/iSAM2_SLAM/eufs/install/eufs_launcher/lib/python3.8/site-packages:/home/andrewwhong/classes/16833/iSAM2_SLAM/eufs/install/eufs_tracks/lib/python3.8/site-packages:/home/andrewwhong/classes/16833/iSAM2_SLAM/eufs/install/eufs_rqt/lib/python3.8/site-packages:/home/andrewwhong/classes/16833/iSAM2_SLAM/eufs/install/eufs_racecar/lib/python3.8/site-packages:/home/andrewwhong/classes/16833/iSAM2_SLAM/workspace/install/eufs_msgs/lib/python3.8/site-packages:/opt/ros/foxy/lib/python3.8/site-packages /usr/bin/python3 setup.py egg_info --egg-base ../../build/eufs_rqt build --build-base /home/andrewwhong/classes/16833/iSAM2_SLAM/eufs/build/eufs_rqt/build install --record /home/andrewwhong/classes/16833/iSAM2_SLAM/eufs/build/eufs_rqt/install.log --single-version-externally-managed
[3.578s] running egg_info
[3.617s] writing ../../build/eufs_rqt/eufs_rqt.egg-info/PKG-INFO
[3.619s] writing dependency_links to ../../build/eufs_rqt/eufs_rqt.egg-info/dependency_links.txt
[3.619s] writing requirements to ../../build/eufs_rqt/eufs_rqt.egg-info/requires.txt
[3.619s] writing top-level names to ../../build/eufs_rqt/eufs_rqt.egg-info/top_level.txt
[3.904s] reading manifest file '../../build/eufs_rqt/eufs_rqt.egg-info/SOURCES.txt'
[3.905s] adding license file 'LICENSE'
[3.906s] writing manifest file '../../build/eufs_rqt/eufs_rqt.egg-info/SOURCES.txt'
[3.906s] running build
[3.907s] running build_py
[3.908s] copying src/eufs_rqt/EUFSRobotSteeringGUI.py -> /home/andrewwhong/classes/16833/iSAM2_SLAM/eufs/build/eufs_rqt/build/lib/eufs_rqt
[3.908s] copying src/eufs_rqt/MissionControlGUI.py -> /home/andrewwhong/classes/16833/iSAM2_SLAM/eufs/build/eufs_rqt/build/lib/eufs_rqt
[3.909s] copying src/eufs_rqt/__init__.py -> /home/andrewwhong/classes/16833/iSAM2_SLAM/eufs/build/eufs_rqt/build/lib/eufs_rqt
[3.909s] running build_scripts
[3.910s] running install
[3.910s] /home/andrewwhong/.local/lib/python3.8/site-packages/setuptools/_distutils/cmd.py:66: SetuptoolsDeprecationWarning: setup.py install is deprecated.
[3.910s] !!
[3.911s] 
[3.911s]         ********************************************************************************
[3.911s]         Please avoid running ``setup.py`` directly.
[3.911s]         Instead, use pypa/build, pypa/installer or other
[3.911s]         standards-based tools.
[3.911s] 
[3.911s]         See https://blog.ganssle.io/articles/2021/10/setup-py-deprecated.html for details.
[3.911s]         ********************************************************************************
[3.911s] 
[3.911s] !!
[3.911s]   self.initialize_options()
[3.919s] running install_lib
[3.949s] running install_data
[3.978s] copying config/eufs_sim.perspective -> /home/andrewwhong/classes/16833/iSAM2_SLAM/eufs/install/eufs_rqt/share/eufs_rqt/config
[3.979s] copying resource/EUFSRobotSteeringGUI.ui -> /home/andrewwhong/classes/16833/iSAM2_SLAM/eufs/install/eufs_rqt/share/eufs_rqt/resource
[3.980s] copying resource/MissionControlGUI.ui -> /home/andrewwhong/classes/16833/iSAM2_SLAM/eufs/install/eufs_rqt/share/eufs_rqt/resource
[3.981s] copying plugin.xml -> /home/andrewwhong/classes/16833/iSAM2_SLAM/eufs/install/eufs_rqt/share/eufs_rqt
[3.982s] copying resource/eufs_rqt -> /home/andrewwhong/classes/16833/iSAM2_SLAM/eufs/install/eufs_rqt/share/ament_index/resource_index/packages
[3.982s] copying package.xml -> /home/andrewwhong/classes/16833/iSAM2_SLAM/eufs/install/eufs_rqt/share/eufs_rqt
[3.982s] running install_egg_info
[4.014s] removing '/home/andrewwhong/classes/16833/iSAM2_SLAM/eufs/install/eufs_rqt/lib/python3.8/site-packages/eufs_rqt-2.0.0-py3.8.egg-info' (and everything under it)
[4.014s] Copying ../../build/eufs_rqt/eufs_rqt.egg-info to /home/andrewwhong/classes/16833/iSAM2_SLAM/eufs/install/eufs_rqt/lib/python3.8/site-packages/eufs_rqt-2.0.0-py3.8.egg-info
[4.016s] running install_scripts
[4.048s] copying /home/andrewwhong/classes/16833/iSAM2_SLAM/eufs/build/eufs_rqt/build/scripts-3.8/mission_control_gui -> /home/andrewwhong/classes/16833/iSAM2_SLAM/eufs/install/eufs_rqt/lib/eufs_rqt
[4.049s] copying /home/andrewwhong/classes/16833/iSAM2_SLAM/eufs/build/eufs_rqt/build/scripts-3.8/eufs_robot_steering_gui -> /home/andrewwhong/classes/16833/iSAM2_SLAM/eufs/install/eufs_rqt/lib/eufs_rqt
[4.050s] changing mode of /home/andrewwhong/classes/16833/iSAM2_SLAM/eufs/install/eufs_rqt/lib/eufs_rqt/mission_control_gui to 755
[4.050s] changing mode of /home/andrewwhong/classes/16833/iSAM2_SLAM/eufs/install/eufs_rqt/lib/eufs_rqt/eufs_robot_steering_gui to 755
[4.072s] writing list of installed files to '/home/andrewwhong/classes/16833/iSAM2_SLAM/eufs/build/eufs_rqt/install.log'
[4.116s] Invoked command in '/home/andrewwhong/classes/16833/iSAM2_SLAM/eufs/eufs_sim/eufs_rqt' returned '0': CMAKE_PREFIX_PATH=/home/andrewwhong/classes/16833/iSAM2_SLAM/eufs/install/eufs_msgs:/home/andrewwhong/classes/16833/iSAM2_SLAM/eufs/install/eufs_sensors:/home/andrewwhong/classes/16833/iSAM2_SLAM/eufs/install/eufs_rviz_plugins:/home/andrewwhong/classes/16833/iSAM2_SLAM/eufs/install/eufs_plugins:/home/andrewwhong/classes/16833/iSAM2_SLAM/eufs/install/eufs_models:/home/andrewwhong/classes/16833/iSAM2_SLAM/workspace/install/isam2:/home/andrewwhong/classes/16833/iSAM2_SLAM/workspace/install/eufs_msgs LD_LIBRARY_PATH=/home/andrewwhong/classes/16833/iSAM2_SLAM/eufs/install/eufs_msgs/lib:/home/andrewwhong/classes/16833/iSAM2_SLAM/eufs/install/eufs_rviz_plugins/lib:/home/andrewwhong/classes/16833/iSAM2_SLAM/eufs/install/eufs_plugins/lib:/home/andrewwhong/classes/16833/iSAM2_SLAM/eufs/install/eufs_models/lib:/usr/lib/x86_64-linux-gnu/gazebo-11/plugins:/home/andrewwhong/classes/16833/iSAM2_SLAM/workspace/install/eufs_msgs/lib:/opt/ros/foxy/opt/yaml_cpp_vendor/lib:/opt/ros/foxy/opt/rviz_ogre_vendor/lib:/opt/ros/foxy/lib/x86_64-linux-gnu:/opt/ros/foxy/lib PYTHONPATH=/home/andrewwhong/classes/16833/iSAM2_SLAM/eufs/build/eufs_rqt/prefix_override:/home/andrewwhong/classes/16833/iSAM2_SLAM/eufs/install/eufs_rqt/lib/python3.8/site-packages:/home/andrewwhong/classes/16833/iSAM2_SLAM/eufs/install/eufs_msgs/lib/python3.8/site-packages:/home/andrewwhong/classes/16833/iSAM2_SLAM/eufs/install/eufs_launcher/lib/python3.8/site-packages:/home/andrewwhong/classes/16833/iSAM2_SLAM/eufs/install/eufs_tracks/lib/python3.8/site-packages:/home/andrewwhong/classes/16833/iSAM2_SLAM/eufs/install/eufs_rqt/lib/python3.8/site-packages:/home/andrewwhong/classes/16833/iSAM2_SLAM/eufs/install/eufs_racecar/lib/python3.8/site-packages:/home/andrewwhong/classes/16833/iSAM2_SLAM/workspace/install/eufs_msgs/lib/python3.8/site-packages:/opt/ros/foxy/lib/python3.8/site-packages /usr/bin/python3 setup.py egg_info --egg-base ../../build/eufs_rqt build --build-base /home/andrewwhong/classes/16833/iSAM2_SLAM/eufs/build/eufs_rqt/build install --record /home/andrewwhong/classes/16833/iSAM2_SLAM/eufs/build/eufs_rqt/install.log --single-version-externally-managed
